[ 2017-02-21T07:51:54+08:00 ] 113.57.183.139 /zky/
INFO: [ app_begin ] --START--
INFO: Run Behavior\ReadHtmlCache [ RunTime:0.001040s ]
INFO: [ app_begin ] --END-- [ RunTime:0.001813s ]
SQL: SHOW COLUMNS FROM `tp_maincontent` [ RunTime:0.022823s ]
SQL: SELECT `content` FROM `tp_maincontent` WHERE ( id=1 ) LIMIT 1   [ RunTime:0.013765s ]
SQL: SHOW COLUMNS FROM `tp_link` [ RunTime:0.008701s ]
SQL: SELECT * FROM `tp_link` WHERE ( class = 0 )  [ RunTime:0.000568s ]
SQL: SELECT * FROM `tp_link` WHERE ( class = 1 )  [ RunTime:0.000567s ]
SQL: SELECT * FROM `tp_link` WHERE ( class = 2 )  [ RunTime:0.000318s ]
SQL: SELECT * FROM `tp_link` WHERE ( class = 3 )  [ RunTime:0.000294s ]
SQL: SHOW COLUMNS FROM `tp_information` [ RunTime:0.024765s ]
SQL: SELECT * FROM `tp_information` ORDER BY id desc  [ RunTime:0.150268s ]
SQL: SHOW COLUMNS FROM `tp_file` [ RunTime:0.019670s ]
SQL: SELECT * FROM `tp_file` ORDER BY id desc  [ RunTime:0.004542s ]
INFO: [ view_parse ] --START--
INFO: [ template_filter ] --START--
INFO: Run Behavior\ContentReplace [ RunTime:0.000315s ]
INFO: [ template_filter ] --END-- [ RunTime:0.000710s ]
NOTIC: [8] Undefined index: username C:\wamp\www\zky\Application\Runtime\Cache\Home\2a94b8bda04ff446dcedd42276fc99ee.php 第 188 行.
INFO: Run Behavior\ParseTemplate [ RunTime:0.039873s ]
INFO: [ view_parse ] --END-- [ RunTime:0.040250s ]
INFO: [ view_filter ] --START--
INFO: Run Behavior\WriteHtmlCache [ RunTime:0.000742s ]
INFO: [ view_filter ] --END-- [ RunTime:0.001096s ]
INFO: [ app_end ] --START--
INFO: Run Behavior\ShowPageTrace [ RunTime:0.001034s ]
INFO: [ app_end ] --END-- [ RunTime:0.001378s ]

[ 2017-02-21T07:51:55+08:00 ] 113.57.183.139 /zky/index.php/Home/Public/code
INFO: [ app_begin ] --START--
INFO: Run Behavior\ReadHtmlCache [ RunTime:0.000887s ]
INFO: [ app_begin ] --END-- [ RunTime:0.001862s ]
INFO: [ app_end ] --START--
INFO: Run Behavior\ShowPageTrace [ RunTime:0.000908s ]
INFO: [ app_end ] --END-- [ RunTime:0.001298s ]

