[ 2017-02-16T18:30:08+08:00 ] 220.249.99.170 /zky/
INFO: [ app_begin ] --START--
INFO: Run Behavior\ReadHtmlCache [ RunTime:0.036211s ]
INFO: [ app_begin ] --END-- [ RunTime:0.077381s ]
SQL: SHOW COLUMNS FROM `tp_maincontent` [ RunTime:0.157734s ]
SQL: SELECT `content` FROM `tp_maincontent` WHERE ( id=1 ) LIMIT 1   [ RunTime:0.034094s ]
SQL: SHOW COLUMNS FROM `tp_link` [ RunTime:0.076147s ]
SQL: SELECT * FROM `tp_link` WHERE ( class = 0 )  [ RunTime:0.000731s ]
SQL: SELECT * FROM `tp_link` WHERE ( class = 1 )  [ RunTime:0.000294s ]
SQL: SELECT * FROM `tp_link` WHERE ( class = 2 )  [ RunTime:0.000294s ]
SQL: SELECT * FROM `tp_link` WHERE ( class = 3 )  [ RunTime:0.001088s ]
SQL: SHOW COLUMNS FROM `tp_information` [ RunTime:0.037057s ]
SQL: SELECT * FROM `tp_information` ORDER BY id desc  [ RunTime:0.052600s ]
SQL: SHOW COLUMNS FROM `tp_file` [ RunTime:0.034054s ]
SQL: SELECT * FROM `tp_file` ORDER BY id desc  [ RunTime:0.005375s ]
INFO: [ view_parse ] --START--
INFO: [ template_filter ] --START--
INFO: Run Behavior\ContentReplace [ RunTime:0.000302s ]
INFO: [ template_filter ] --END-- [ RunTime:0.000732s ]
NOTIC: [8] Undefined index: username C:\wamp\www\zky\Application\Runtime\Cache\Home\2a94b8bda04ff446dcedd42276fc99ee.php 第 188 行.
INFO: Run Behavior\ParseTemplate [ RunTime:0.712334s ]
INFO: [ view_parse ] --END-- [ RunTime:0.712755s ]
INFO: [ view_filter ] --START--
INFO: Run Behavior\WriteHtmlCache [ RunTime:0.030674s ]
INFO: [ view_filter ] --END-- [ RunTime:0.031342s ]
INFO: [ app_end ] --START--
INFO: Run Behavior\ShowPageTrace [ RunTime:0.056200s ]
INFO: [ app_end ] --END-- [ RunTime:0.056615s ]

[ 2017-02-16T18:30:11+08:00 ] 220.249.99.170 /zky/index.php/Home/Public/code
INFO: [ app_begin ] --START--
INFO: Run Behavior\ReadHtmlCache [ RunTime:0.002343s ]
INFO: [ app_begin ] --END-- [ RunTime:0.004171s ]
INFO: [ app_end ] --START--
INFO: Run Behavior\ShowPageTrace [ RunTime:0.002110s ]
INFO: [ app_end ] --END-- [ RunTime:0.002547s ]

[ 2017-02-16T18:30:56+08:00 ] 220.249.99.170 /zky/index.php/Home/Inform/news
INFO: [ app_begin ] --START--
INFO: Run Behavior\ReadHtmlCache [ RunTime:0.002109s ]
INFO: [ app_begin ] --END-- [ RunTime:0.004072s ]
SQL: SHOW COLUMNS FROM `tp_information` [ RunTime:0.003848s ]
SQL: SELECT * FROM `tp_information` ORDER BY id desc  [ RunTime:0.000598s ]
INFO: [ view_parse ] --START--
INFO: [ template_filter ] --START--
INFO: Run Behavior\ContentReplace [ RunTime:0.000224s ]
INFO: [ template_filter ] --END-- [ RunTime:0.000603s ]
NOTIC: [8] Undefined index: username C:\wamp\www\zky\Application\Runtime\Cache\Home\a054483b59c6dad8cd579f620efb59e4.php 第 116 行.
INFO: Run Behavior\ParseTemplate [ RunTime:0.067763s ]
INFO: [ view_parse ] --END-- [ RunTime:0.068142s ]
INFO: [ view_filter ] --START--
INFO: Run Behavior\WriteHtmlCache [ RunTime:0.001913s ]
INFO: [ view_filter ] --END-- [ RunTime:0.002339s ]
INFO: [ app_end ] --START--
INFO: Run Behavior\ShowPageTrace [ RunTime:0.002302s ]
INFO: [ app_end ] --END-- [ RunTime:0.002689s ]

