[ 2017-02-26T16:03:33+08:00 ] 220.249.99.172 /zky/
INFO: [ app_begin ] --START--
INFO: Run Behavior\ReadHtmlCache [ RunTime:0.079953s ]
INFO: [ app_begin ] --END-- [ RunTime:0.140874s ]
SQL: SHOW COLUMNS FROM `tp_maincontent` [ RunTime:0.166005s ]
SQL: SELECT `content` FROM `tp_maincontent` WHERE ( id=1 ) LIMIT 1   [ RunTime:0.022598s ]
SQL: SHOW COLUMNS FROM `tp_link` [ RunTime:0.051263s ]
SQL: SELECT * FROM `tp_link` WHERE ( class = 0 )  [ RunTime:0.000471s ]
SQL: SELECT * FROM `tp_link` WHERE ( class = 1 )  [ RunTime:0.000290s ]
SQL: SELECT * FROM `tp_link` WHERE ( class = 2 )  [ RunTime:0.000339s ]
SQL: SELECT * FROM `tp_link` WHERE ( class = 3 )  [ RunTime:0.000300s ]
SQL: SHOW COLUMNS FROM `tp_information` [ RunTime:0.052744s ]
SQL: SELECT * FROM `tp_information` ORDER BY id desc  [ RunTime:0.017873s ]
SQL: SHOW COLUMNS FROM `tp_file` [ RunTime:0.037182s ]
SQL: SELECT * FROM `tp_file` ORDER BY id desc  [ RunTime:0.011486s ]
INFO: [ view_parse ] --START--
INFO: [ template_filter ] --START--
INFO: Run Behavior\ContentReplace [ RunTime:0.000311s ]
INFO: [ template_filter ] --END-- [ RunTime:0.000697s ]
NOTIC: [8] Undefined index: username C:\wamp\www\zky\Application\Runtime\Cache\Home\2a94b8bda04ff446dcedd42276fc99ee.php 第 188 行.
INFO: Run Behavior\ParseTemplate [ RunTime:0.208906s ]
INFO: [ view_parse ] --END-- [ RunTime:0.209410s ]
INFO: [ view_filter ] --START--
INFO: Run Behavior\WriteHtmlCache [ RunTime:0.032258s ]
INFO: [ view_filter ] --END-- [ RunTime:0.032653s ]
INFO: [ app_end ] --START--
INFO: Run Behavior\ShowPageTrace [ RunTime:0.030618s ]
INFO: [ app_end ] --END-- [ RunTime:0.031093s ]

[ 2017-02-26T16:03:33+08:00 ] 220.249.99.172 /zky/index.php/Home/Public/code
INFO: [ app_begin ] --START--
INFO: Run Behavior\ReadHtmlCache [ RunTime:0.000951s ]
INFO: [ app_begin ] --END-- [ RunTime:0.001735s ]
INFO: [ app_end ] --START--
INFO: Run Behavior\ShowPageTrace [ RunTime:0.001197s ]
INFO: [ app_end ] --END-- [ RunTime:0.001619s ]

[ 2017-02-26T16:03:39+08:00 ] 220.249.99.172 /zky/index.php/Home/Regulation/regulation
INFO: [ app_begin ] --START--
INFO: Run Behavior\ReadHtmlCache [ RunTime:0.001046s ]
INFO: [ app_begin ] --END-- [ RunTime:0.001867s ]
SQL: SHOW COLUMNS FROM `tp_regulation` [ RunTime:0.030168s ]
SQL: SELECT COUNT(*) AS tp_count FROM `tp_regulation` LIMIT 1   [ RunTime:0.031283s ]
SQL: SELECT * FROM `tp_regulation` ORDER BY id LIMIT 0,20   [ RunTime:0.008928s ]
INFO: [ view_parse ] --START--
INFO: [ template_filter ] --START--
INFO: Run Behavior\ContentReplace [ RunTime:0.000215s ]
INFO: [ template_filter ] --END-- [ RunTime:0.000604s ]
NOTIC: [8] Undefined index: username C:\wamp\www\zky\Application\Runtime\Cache\Home\11b09d2d6d83e696111763d4cdee86c9.php 第 118 行.
INFO: Run Behavior\ParseTemplate [ RunTime:0.034595s ]
INFO: [ view_parse ] --END-- [ RunTime:0.035008s ]
INFO: [ view_filter ] --START--
INFO: Run Behavior\WriteHtmlCache [ RunTime:0.000542s ]
INFO: [ view_filter ] --END-- [ RunTime:0.000891s ]
INFO: [ app_end ] --START--
INFO: Run Behavior\ShowPageTrace [ RunTime:0.000927s ]
INFO: [ app_end ] --END-- [ RunTime:0.001260s ]

[ 2017-02-26T16:04:43+08:00 ] 220.249.99.172 /zky/index.php/Home/Regulation/regulation
INFO: [ app_begin ] --START--
INFO: Run Behavior\ReadHtmlCache [ RunTime:0.001859s ]
INFO: [ app_begin ] --END-- [ RunTime:0.004483s ]
SQL: SHOW COLUMNS FROM `tp_regulation` [ RunTime:0.015246s ]
SQL: SELECT COUNT(*) AS tp_count FROM `tp_regulation` LIMIT 1   [ RunTime:0.000297s ]
SQL: SELECT * FROM `tp_regulation` ORDER BY id LIMIT 0,20   [ RunTime:0.000382s ]
INFO: [ view_parse ] --START--
INFO: [ template_filter ] --START--
INFO: Run Behavior\ContentReplace [ RunTime:0.000230s ]
INFO: [ template_filter ] --END-- [ RunTime:0.000607s ]
NOTIC: [8] Undefined index: username C:\wamp\www\zky\Application\Runtime\Cache\Home\11b09d2d6d83e696111763d4cdee86c9.php 第 118 行.
INFO: Run Behavior\ParseTemplate [ RunTime:0.024853s ]
INFO: [ view_parse ] --END-- [ RunTime:0.025248s ]
INFO: [ view_filter ] --START--
INFO: Run Behavior\WriteHtmlCache [ RunTime:0.003478s ]
INFO: [ view_filter ] --END-- [ RunTime:0.003818s ]
INFO: [ app_end ] --START--
INFO: Run Behavior\ShowPageTrace [ RunTime:0.002490s ]
INFO: [ app_end ] --END-- [ RunTime:0.002880s ]

[ 2017-02-26T16:04:49+08:00 ] 220.249.99.172 /zky/index.php/Home/Index/main
INFO: [ app_begin ] --START--
INFO: Run Behavior\ReadHtmlCache [ RunTime:0.002388s ]
INFO: [ app_begin ] --END-- [ RunTime:0.004708s ]
SQL: SHOW COLUMNS FROM `tp_maincontent` [ RunTime:0.003774s ]
SQL: SELECT `content` FROM `tp_maincontent` WHERE ( id=1 ) LIMIT 1   [ RunTime:0.001909s ]
SQL: SHOW COLUMNS FROM `tp_link` [ RunTime:0.002405s ]
SQL: SELECT * FROM `tp_link` WHERE ( class = 0 )  [ RunTime:0.001245s ]
SQL: SELECT * FROM `tp_link` WHERE ( class = 1 )  [ RunTime:0.001260s ]
SQL: SELECT * FROM `tp_link` WHERE ( class = 2 )  [ RunTime:0.000778s ]
SQL: SELECT * FROM `tp_link` WHERE ( class = 3 )  [ RunTime:0.002203s ]
SQL: SHOW COLUMNS FROM `tp_information` [ RunTime:0.001971s ]
SQL: SELECT * FROM `tp_information` ORDER BY id desc  [ RunTime:0.004477s ]
SQL: SHOW COLUMNS FROM `tp_file` [ RunTime:0.004047s ]
SQL: SELECT * FROM `tp_file` ORDER BY id desc  [ RunTime:0.001313s ]
INFO: [ view_parse ] --START--
INFO: [ template_filter ] --START--
INFO: Run Behavior\ContentReplace [ RunTime:0.000286s ]
INFO: [ template_filter ] --END-- [ RunTime:0.000673s ]
NOTIC: [8] Undefined index: username C:\wamp\www\zky\Application\Runtime\Cache\Home\4462707c48390994935bf3e366c221aa.php 第 188 行.
INFO: Run Behavior\ParseTemplate [ RunTime:0.080415s ]
INFO: [ view_parse ] --END-- [ RunTime:0.080777s ]
INFO: [ view_filter ] --START--
INFO: Run Behavior\WriteHtmlCache [ RunTime:0.001442s ]
INFO: [ view_filter ] --END-- [ RunTime:0.001779s ]
INFO: [ app_end ] --START--
INFO: Run Behavior\ShowPageTrace [ RunTime:0.001780s ]
INFO: [ app_end ] --END-- [ RunTime:0.002107s ]

[ 2017-02-26T16:04:50+08:00 ] 220.249.99.172 /zky/index.php/Home/Index/main
INFO: [ app_begin ] --START--
INFO: Run Behavior\ReadHtmlCache [ RunTime:0.001831s ]
INFO: [ app_begin ] --END-- [ RunTime:0.003887s ]
SQL: SHOW COLUMNS FROM `tp_maincontent` [ RunTime:0.002067s ]
SQL: SELECT `content` FROM `tp_maincontent` WHERE ( id=1 ) LIMIT 1   [ RunTime:0.000338s ]
SQL: SHOW COLUMNS FROM `tp_link` [ RunTime:0.001707s ]
SQL: SELECT * FROM `tp_link` WHERE ( class = 0 )  [ RunTime:0.000301s ]
SQL: SELECT * FROM `tp_link` WHERE ( class = 1 )  [ RunTime:0.000280s ]
SQL: SELECT * FROM `tp_link` WHERE ( class = 2 )  [ RunTime:0.000280s ]
SQL: SELECT * FROM `tp_link` WHERE ( class = 3 )  [ RunTime:0.000289s ]
SQL: SHOW COLUMNS FROM `tp_information` [ RunTime:0.002031s ]
SQL: SELECT * FROM `tp_information` ORDER BY id desc  [ RunTime:0.000451s ]
SQL: SHOW COLUMNS FROM `tp_file` [ RunTime:0.002520s ]
SQL: SELECT * FROM `tp_file` ORDER BY id desc  [ RunTime:0.000416s ]
INFO: [ view_parse ] --START--
INFO: [ template_filter ] --START--
INFO: Run Behavior\ContentReplace [ RunTime:0.000275s ]
INFO: [ template_filter ] --END-- [ RunTime:0.000653s ]
NOTIC: [8] Undefined index: username C:\wamp\www\zky\Application\Runtime\Cache\Home\4462707c48390994935bf3e366c221aa.php 第 188 行.
INFO: Run Behavior\ParseTemplate [ RunTime:0.041518s ]
INFO: [ view_parse ] --END-- [ RunTime:0.041877s ]
INFO: [ view_filter ] --START--
INFO: Run Behavior\WriteHtmlCache [ RunTime:0.001959s ]
INFO: [ view_filter ] --END-- [ RunTime:0.002291s ]
INFO: [ app_end ] --START--
INFO: Run Behavior\ShowPageTrace [ RunTime:0.001907s ]
INFO: [ app_end ] --END-- [ RunTime:0.002247s ]

[ 2017-02-26T16:04:51+08:00 ] 220.249.99.172 /zky/index.php/Home/Public/code
INFO: [ app_begin ] --START--
INFO: Run Behavior\ReadHtmlCache [ RunTime:0.001797s ]
INFO: [ app_begin ] --END-- [ RunTime:0.003882s ]
INFO: [ app_end ] --START--
INFO: Run Behavior\ShowPageTrace [ RunTime:0.002137s ]
INFO: [ app_end ] --END-- [ RunTime:0.002522s ]

