[ 2017-05-09T19:41:57+08:00 ] ::1 /zky/zky/
INFO: [ app_begin ] --START--
INFO: Run Behavior\ReadHtmlCache [ RunTime:0.035940s ]
INFO: [ app_begin ] --END-- [ RunTime:0.059452s ]
NOTIC: [8192] mysql_connect(): The mysql extension is deprecated and will be removed in the future: use mysqli or PDO instead E:\wamp\www\zky\zky\ThinkPHP\Library\Think\Db\Driver\Mysql.class.php 第 52 行.
SQL: SHOW COLUMNS FROM `tp_maincontent` [ RunTime:0.107056s ]
SQL: SELECT `content` FROM `tp_maincontent` WHERE ( id=1 ) LIMIT 1   [ RunTime:0.015459s ]
SQL: SHOW COLUMNS FROM `tp_link` [ RunTime:0.044966s ]
SQL: SELECT * FROM `tp_link` WHERE ( class = 0 )  [ RunTime:0.000588s ]
SQL: SELECT * FROM `tp_link` WHERE ( class = 1 )  [ RunTime:0.000462s ]
SQL: SELECT * FROM `tp_link` WHERE ( class = 2 )  [ RunTime:0.000399s ]
SQL: SELECT * FROM `tp_link` WHERE ( class = 3 )  [ RunTime:0.000441s ]
SQL: SHOW COLUMNS FROM `tp_information` [ RunTime:0.019100s ]
SQL: SELECT * FROM `tp_information` ORDER BY id desc  [ RunTime:0.043817s ]
SQL: SHOW COLUMNS FROM `tp_file` [ RunTime:0.037781s ]
SQL: SELECT * FROM `tp_file` ORDER BY id desc  [ RunTime:0.012653s ]
INFO: [ view_parse ] --START--
INFO: [ template_filter ] --START--
INFO: Run Behavior\ContentReplace [ RunTime:0.000274s ]
INFO: [ template_filter ] --END-- [ RunTime:0.000611s ]
INFO: Run Behavior\ParseTemplate [ RunTime:0.499968s ]
INFO: [ view_parse ] --END-- [ RunTime:0.500352s ]
INFO: [ view_filter ] --START--
INFO: Run Behavior\WriteHtmlCache [ RunTime:0.043180s ]
INFO: [ view_filter ] --END-- [ RunTime:0.043530s ]
INFO: [ app_end ] --START--
INFO: Run Behavior\ShowPageTrace [ RunTime:0.040564s ]
INFO: [ app_end ] --END-- [ RunTime:0.041189s ]

[ 2017-05-09T19:41:58+08:00 ] ::1 /zky/zky/index.php/Home/Public/code
INFO: [ app_begin ] --START--
INFO: Run Behavior\ReadHtmlCache [ RunTime:0.001115s ]
INFO: [ app_begin ] --END-- [ RunTime:0.002092s ]
INFO: [ app_end ] --START--
INFO: Run Behavior\ShowPageTrace [ RunTime:0.001376s ]
INFO: [ app_end ] --END-- [ RunTime:0.001738s ]

[ 2017-05-09T19:42:03+08:00 ] ::1 /zky/zky/index.php/Home/Index/about_us
INFO: [ app_begin ] --START--
INFO: Run Behavior\ReadHtmlCache [ RunTime:0.001301s ]
INFO: [ app_begin ] --END-- [ RunTime:0.002221s ]
NOTIC: [8192] mysql_connect(): The mysql extension is deprecated and will be removed in the future: use mysqli or PDO instead E:\wamp\www\zky\zky\ThinkPHP\Library\Think\Db\Driver\Mysql.class.php 第 52 行.
SQL: SHOW COLUMNS FROM `tp_person` [ RunTime:0.048299s ]
SQL: SHOW COLUMNS FROM `tp_others` [ RunTime:0.039565s ]
SQL: SELECT * FROM `tp_person` ORDER BY id asc  [ RunTime:0.004417s ]
SQL: SELECT * FROM `tp_others` ORDER BY id asc  [ RunTime:0.000557s ]
INFO: [ view_parse ] --START--
INFO: [ template_filter ] --START--
INFO: Run Behavior\ContentReplace [ RunTime:0.000205s ]
INFO: [ template_filter ] --END-- [ RunTime:0.000546s ]
INFO: Run Behavior\ParseTemplate [ RunTime:0.154328s ]
INFO: [ view_parse ] --END-- [ RunTime:0.154676s ]
INFO: [ view_filter ] --START--
INFO: Run Behavior\WriteHtmlCache [ RunTime:0.000734s ]
INFO: [ view_filter ] --END-- [ RunTime:0.001036s ]
INFO: [ app_end ] --START--
INFO: Run Behavior\ShowPageTrace [ RunTime:0.001485s ]
INFO: [ app_end ] --END-- [ RunTime:0.001798s ]

[ 2017-05-09T19:42:04+08:00 ] ::1 /zky/zky/index.php/Home/Message/conmunication
INFO: [ app_begin ] --START--
INFO: Run Behavior\ReadHtmlCache [ RunTime:0.001110s ]
INFO: [ app_begin ] --END-- [ RunTime:0.002077s ]
NOTIC: [8192] mysql_connect(): The mysql extension is deprecated and will be removed in the future: use mysqli or PDO instead E:\wamp\www\zky\zky\ThinkPHP\Library\Think\Db\Driver\Mysql.class.php 第 52 行.
SQL: SHOW COLUMNS FROM `tp_user` [ RunTime:0.001435s ]
NOTIC: [8] Undefined index: id E:\wamp\www\zky\zky\Application\Home\Controller\MessageController.class.php 第 8 行.
SQL: SELECT `say` FROM `tp_user` WHERE ( id =   ) LIMIT 1   [ RunTime:0.119492s ]
ERR: 1064:You have an error in your SQL syntax; check the manual that corresponds to your MySQL server version for the right syntax to use near ') LIMIT 1' at line 1
 [ SQL语句 ] : SELECT `say` FROM `tp_user` WHERE ( id =   ) LIMIT 1  
SQL: SHOW COLUMNS FROM `tp_message` [ RunTime:0.001215s ]
SQL: SELECT COUNT(*) AS tp_count FROM `tp_message` LIMIT 1   [ RunTime:0.037122s ]
SQL: SELECT * FROM `tp_message` ORDER BY id desc LIMIT 0,13   [ RunTime:0.011053s ]
INFO: [ view_parse ] --START--
INFO: [ template_filter ] --START--
INFO: Run Behavior\ContentReplace [ RunTime:0.000222s ]
INFO: [ template_filter ] --END-- [ RunTime:0.000562s ]
INFO: Run Behavior\ParseTemplate [ RunTime:0.131668s ]
INFO: [ view_parse ] --END-- [ RunTime:0.132043s ]
INFO: [ view_filter ] --START--
INFO: Run Behavior\WriteHtmlCache [ RunTime:0.000770s ]
INFO: [ view_filter ] --END-- [ RunTime:0.001361s ]
INFO: [ app_end ] --START--
INFO: Run Behavior\ShowPageTrace [ RunTime:0.003976s ]
INFO: [ app_end ] --END-- [ RunTime:0.004346s ]

[ 2017-05-09T19:42:05+08:00 ] ::1 /zky/zky/index.php/Home/Public/code
INFO: [ app_begin ] --START--
INFO: Run Behavior\ReadHtmlCache [ RunTime:0.001110s ]
INFO: [ app_begin ] --END-- [ RunTime:0.002052s ]
INFO: [ app_end ] --START--
INFO: Run Behavior\ShowPageTrace [ RunTime:0.001459s ]
INFO: [ app_end ] --END-- [ RunTime:0.001832s ]

[ 2017-05-09T19:42:07+08:00 ] ::1 /zky/zky/index.php/Home/File/document
INFO: [ app_begin ] --START--
INFO: Run Behavior\ReadHtmlCache [ RunTime:0.002253s ]
INFO: [ app_begin ] --END-- [ RunTime:0.003147s ]
NOTIC: [8192] mysql_connect(): The mysql extension is deprecated and will be removed in the future: use mysqli or PDO instead E:\wamp\www\zky\zky\ThinkPHP\Library\Think\Db\Driver\Mysql.class.php 第 52 行.
SQL: SHOW COLUMNS FROM `tp_file` [ RunTime:0.001111s ]
SQL: SELECT COUNT(*) AS tp_count FROM `tp_file` LIMIT 1   [ RunTime:0.000422s ]
SQL: SELECT * FROM `tp_file` ORDER BY id desc LIMIT 0,10   [ RunTime:0.000632s ]
INFO: [ view_parse ] --START--
INFO: [ template_filter ] --START--
INFO: Run Behavior\ContentReplace [ RunTime:0.000189s ]
INFO: [ template_filter ] --END-- [ RunTime:0.000527s ]
INFO: Run Behavior\ParseTemplate [ RunTime:0.805103s ]
INFO: [ view_parse ] --END-- [ RunTime:0.805841s ]
INFO: [ view_filter ] --START--
INFO: Run Behavior\WriteHtmlCache [ RunTime:0.000991s ]
INFO: [ view_filter ] --END-- [ RunTime:0.001308s ]
INFO: [ app_end ] --START--
INFO: Run Behavior\ShowPageTrace [ RunTime:0.001109s ]
INFO: [ app_end ] --END-- [ RunTime:0.001445s ]

[ 2017-05-09T19:42:11+08:00 ] ::1 /zky/zky/index.php/Home/Regulation/regulation
INFO: [ app_begin ] --START--
INFO: Run Behavior\ReadHtmlCache [ RunTime:0.001237s ]
INFO: [ app_begin ] --END-- [ RunTime:0.002125s ]
NOTIC: [8192] mysql_connect(): The mysql extension is deprecated and will be removed in the future: use mysqli or PDO instead E:\wamp\www\zky\zky\ThinkPHP\Library\Think\Db\Driver\Mysql.class.php 第 52 行.
SQL: SHOW COLUMNS FROM `tp_regulation` [ RunTime:0.061879s ]
SQL: SELECT COUNT(*) AS tp_count FROM `tp_regulation` LIMIT 1   [ RunTime:0.000378s ]
SQL: SELECT * FROM `tp_regulation` ORDER BY id desc LIMIT 0,20   [ RunTime:0.525802s ]
INFO: [ view_parse ] --START--
INFO: [ template_filter ] --START--
INFO: Run Behavior\ContentReplace [ RunTime:0.000309s ]
INFO: [ template_filter ] --END-- [ RunTime:0.000826s ]
INFO: Run Behavior\ParseTemplate [ RunTime:1.220161s ]
INFO: [ view_parse ] --END-- [ RunTime:1.220512s ]
INFO: [ view_filter ] --START--
INFO: Run Behavior\WriteHtmlCache [ RunTime:0.000746s ]
INFO: [ view_filter ] --END-- [ RunTime:0.001047s ]
INFO: [ app_end ] --START--
INFO: Run Behavior\ShowPageTrace [ RunTime:0.001061s ]
INFO: [ app_end ] --END-- [ RunTime:0.001373s ]

[ 2017-05-09T19:42:13+08:00 ] ::1 /zky/zky/index.php/Home/Equipment/equipment
INFO: [ app_begin ] --START--
INFO: Run Behavior\ReadHtmlCache [ RunTime:0.001338s ]
INFO: [ app_begin ] --END-- [ RunTime:0.002356s ]
NOTIC: [8192] mysql_connect(): The mysql extension is deprecated and will be removed in the future: use mysqli or PDO instead E:\wamp\www\zky\zky\ThinkPHP\Library\Think\Db\Driver\Mysql.class.php 第 52 行.
SQL: SHOW COLUMNS FROM `tp_equipment` [ RunTime:0.589528s ]
SQL: SELECT COUNT(*) AS tp_count FROM `tp_equipment` LIMIT 1   [ RunTime:0.000508s ]
SQL: SELECT * FROM `tp_equipment` LIMIT 0,9   [ RunTime:0.000759s ]
INFO: [ view_parse ] --START--
INFO: [ template_filter ] --START--
INFO: Run Behavior\ContentReplace [ RunTime:0.000225s ]
INFO: [ template_filter ] --END-- [ RunTime:0.000568s ]
INFO: Run Behavior\ParseTemplate [ RunTime:0.162772s ]
INFO: [ view_parse ] --END-- [ RunTime:0.163175s ]
INFO: [ view_filter ] --START--
INFO: Run Behavior\WriteHtmlCache [ RunTime:0.000895s ]
INFO: [ view_filter ] --END-- [ RunTime:0.001205s ]
INFO: [ app_end ] --START--
INFO: Run Behavior\ShowPageTrace [ RunTime:0.001090s ]
INFO: [ app_end ] --END-- [ RunTime:0.001426s ]

[ 2017-05-09T19:42:13+08:00 ] ::1 /zky/zky/index.php/Home/Inform/news
INFO: [ app_begin ] --START--
INFO: Run Behavior\ReadHtmlCache [ RunTime:0.001119s ]
INFO: [ app_begin ] --END-- [ RunTime:0.002403s ]
NOTIC: [8192] mysql_connect(): The mysql extension is deprecated and will be removed in the future: use mysqli or PDO instead E:\wamp\www\zky\zky\ThinkPHP\Library\Think\Db\Driver\Mysql.class.php 第 52 行.
SQL: SHOW COLUMNS FROM `tp_information` [ RunTime:0.010368s ]
SQL: SELECT * FROM `tp_information` ORDER BY id desc  [ RunTime:0.000727s ]
INFO: [ view_parse ] --START--
INFO: [ template_filter ] --START--
INFO: Run Behavior\ContentReplace [ RunTime:0.000202s ]
INFO: [ template_filter ] --END-- [ RunTime:0.000604s ]
INFO: Run Behavior\ParseTemplate [ RunTime:0.121863s ]
INFO: [ view_parse ] --END-- [ RunTime:0.122223s ]
INFO: [ view_filter ] --START--
INFO: Run Behavior\WriteHtmlCache [ RunTime:0.000744s ]
INFO: [ view_filter ] --END-- [ RunTime:0.001048s ]
INFO: [ app_end ] --START--
INFO: Run Behavior\ShowPageTrace [ RunTime:0.002588s ]
INFO: [ app_end ] --END-- [ RunTime:0.003486s ]

[ 2017-05-09T19:42:15+08:00 ] ::1 /zky/zky/index.php/Home/Inform/showitems/id/66
INFO: [ app_begin ] --START--
INFO: Run Behavior\ReadHtmlCache [ RunTime:0.001103s ]
INFO: [ app_begin ] --END-- [ RunTime:0.002096s ]
NOTIC: [8192] mysql_connect(): The mysql extension is deprecated and will be removed in the future: use mysqli or PDO instead E:\wamp\www\zky\zky\ThinkPHP\Library\Think\Db\Driver\Mysql.class.php 第 52 行.
SQL: SHOW COLUMNS FROM `tp_information` [ RunTime:0.001289s ]
SQL: SELECT * FROM `tp_information` WHERE ( id = 66 ) ORDER BY id desc LIMIT 1   [ RunTime:0.000670s ]
INFO: [ view_parse ] --START--
INFO: [ template_filter ] --START--
INFO: Run Behavior\ContentReplace [ RunTime:0.000199s ]
INFO: [ template_filter ] --END-- [ RunTime:0.000537s ]
INFO: Run Behavior\ParseTemplate [ RunTime:0.140846s ]
INFO: [ view_parse ] --END-- [ RunTime:0.141205s ]
INFO: [ view_filter ] --START--
INFO: Run Behavior\WriteHtmlCache [ RunTime:0.000728s ]
INFO: [ view_filter ] --END-- [ RunTime:0.001036s ]
INFO: [ app_end ] --START--
INFO: Run Behavior\ShowPageTrace [ RunTime:0.002642s ]
INFO: [ app_end ] --END-- [ RunTime:0.003027s ]

[ 2017-05-09T19:50:33+08:00 ] ::1 /zky/zky/index.php/Home/Inform/showitems/id/66
INFO: [ app_begin ] --START--
INFO: Run Behavior\ReadHtmlCache [ RunTime:0.001128s ]
INFO: [ app_begin ] --END-- [ RunTime:0.002050s ]
NOTIC: [8192] mysql_connect(): The mysql extension is deprecated and will be removed in the future: use mysqli or PDO instead E:\wamp\www\zky\zky\ThinkPHP\Library\Think\Db\Driver\Mysql.class.php 第 52 行.
SQL: SHOW COLUMNS FROM `tp_information` [ RunTime:0.031334s ]
SQL: SELECT * FROM `tp_information` WHERE ( id = 66 ) ORDER BY id desc LIMIT 1   [ RunTime:0.000847s ]
INFO: [ view_parse ] --START--
INFO: [ template_filter ] --START--
INFO: Run Behavior\ContentReplace [ RunTime:0.000182s ]
INFO: [ template_filter ] --END-- [ RunTime:0.000511s ]
INFO: Run Behavior\ParseTemplate [ RunTime:0.017607s ]
INFO: [ view_parse ] --END-- [ RunTime:0.017959s ]
INFO: [ view_filter ] --START--
INFO: Run Behavior\WriteHtmlCache [ RunTime:0.000763s ]
INFO: [ view_filter ] --END-- [ RunTime:0.001065s ]
INFO: [ app_end ] --START--
INFO: Run Behavior\ShowPageTrace [ RunTime:0.001071s ]
INFO: [ app_end ] --END-- [ RunTime:0.001379s ]

[ 2017-05-09T19:52:23+08:00 ] ::1 /zky/zky/index.php/Home/Inform/showitems/id/66
INFO: [ app_begin ] --START--
INFO: Run Behavior\ReadHtmlCache [ RunTime:0.001027s ]
INFO: [ app_begin ] --END-- [ RunTime:0.001908s ]
NOTIC: [8192] mysql_connect(): The mysql extension is deprecated and will be removed in the future: use mysqli or PDO instead E:\wamp\www\zky\zky\ThinkPHP\Library\Think\Db\Driver\Mysql.class.php 第 52 行.
SQL: SHOW COLUMNS FROM `tp_information` [ RunTime:0.015843s ]
SQL: SELECT * FROM `tp_information` WHERE ( id = 66 ) ORDER BY id desc LIMIT 1   [ RunTime:0.000688s ]
INFO: [ view_parse ] --START--
INFO: [ template_filter ] --START--
INFO: Run Behavior\ContentReplace [ RunTime:0.000182s ]
INFO: [ template_filter ] --END-- [ RunTime:0.000517s ]
INFO: Run Behavior\ParseTemplate [ RunTime:0.018122s ]
INFO: [ view_parse ] --END-- [ RunTime:0.018479s ]
INFO: [ view_filter ] --START--
INFO: Run Behavior\WriteHtmlCache [ RunTime:0.002487s ]
INFO: [ view_filter ] --END-- [ RunTime:0.002827s ]
INFO: [ app_end ] --START--
INFO: Run Behavior\ShowPageTrace [ RunTime:0.001101s ]
INFO: [ app_end ] --END-- [ RunTime:0.001410s ]

[ 2017-05-09T19:54:10+08:00 ] ::1 /zky/zky/index.php/Home/Inform/showitems/id/65
INFO: [ app_begin ] --START--
INFO: Run Behavior\ReadHtmlCache [ RunTime:0.002935s ]
INFO: [ app_begin ] --END-- [ RunTime:0.003843s ]
NOTIC: [8192] mysql_connect(): The mysql extension is deprecated and will be removed in the future: use mysqli or PDO instead E:\wamp\www\zky\zky\ThinkPHP\Library\Think\Db\Driver\Mysql.class.php 第 52 行.
SQL: SHOW COLUMNS FROM `tp_information` [ RunTime:0.001278s ]
SQL: SELECT * FROM `tp_information` WHERE ( id = 65 ) ORDER BY id desc LIMIT 1   [ RunTime:0.000440s ]
INFO: [ view_parse ] --START--
INFO: [ template_filter ] --START--
INFO: Run Behavior\ContentReplace [ RunTime:0.000189s ]
INFO: [ template_filter ] --END-- [ RunTime:0.003853s ]
INFO: Run Behavior\ParseTemplate [ RunTime:0.031295s ]
INFO: [ view_parse ] --END-- [ RunTime:0.031783s ]
INFO: [ view_filter ] --START--
INFO: Run Behavior\WriteHtmlCache [ RunTime:0.000872s ]
INFO: [ view_filter ] --END-- [ RunTime:0.001308s ]
INFO: [ app_end ] --START--
INFO: Run Behavior\ShowPageTrace [ RunTime:0.001384s ]
INFO: [ app_end ] --END-- [ RunTime:0.001747s ]

[ 2017-05-09T20:09:12+08:00 ] ::1 /zky/zky/index.php/Home/Index/about_us
INFO: [ app_begin ] --START--
INFO: Run Behavior\ReadHtmlCache [ RunTime:0.001224s ]
INFO: [ app_begin ] --END-- [ RunTime:0.002141s ]
NOTIC: [8192] mysql_connect(): The mysql extension is deprecated and will be removed in the future: use mysqli or PDO instead E:\wamp\www\zky\zky\ThinkPHP\Library\Think\Db\Driver\Mysql.class.php 第 52 行.
SQL: SHOW COLUMNS FROM `tp_person` [ RunTime:0.004424s ]
SQL: SHOW COLUMNS FROM `tp_others` [ RunTime:0.001874s ]
SQL: SELECT * FROM `tp_person` ORDER BY id asc  [ RunTime:0.000568s ]
SQL: SELECT * FROM `tp_others` ORDER BY id asc  [ RunTime:0.000325s ]
INFO: [ view_parse ] --START--
INFO: [ template_filter ] --START--
INFO: Run Behavior\ContentReplace [ RunTime:0.000224s ]
INFO: [ template_filter ] --END-- [ RunTime:0.000555s ]
INFO: Run Behavior\ParseTemplate [ RunTime:0.027945s ]
INFO: [ view_parse ] --END-- [ RunTime:0.028304s ]
INFO: [ view_filter ] --START--
INFO: Run Behavior\WriteHtmlCache [ RunTime:0.000788s ]
INFO: [ view_filter ] --END-- [ RunTime:0.001147s ]
INFO: [ app_end ] --START--
INFO: Run Behavior\ShowPageTrace [ RunTime:0.001046s ]
INFO: [ app_end ] --END-- [ RunTime:0.001352s ]

[ 2017-05-09T21:00:41+08:00 ] ::1 /zky/zky/index.php/Home/Regulation/regulation
INFO: [ app_begin ] --START--
INFO: Run Behavior\ReadHtmlCache [ RunTime:0.004179s ]
INFO: [ app_begin ] --END-- [ RunTime:0.076861s ]
NOTIC: [8192] mysql_connect(): The mysql extension is deprecated and will be removed in the future: use mysqli or PDO instead E:\wamp\www\zky\zky\ThinkPHP\Library\Think\Db\Driver\Mysql.class.php 第 52 行.
SQL: SHOW COLUMNS FROM `tp_regulation` [ RunTime:0.030001s ]
SQL: SELECT COUNT(*) AS tp_count FROM `tp_regulation` LIMIT 1   [ RunTime:0.000383s ]
SQL: SELECT * FROM `tp_regulation` ORDER BY id desc LIMIT 0,20   [ RunTime:0.000715s ]
INFO: [ view_parse ] --START--
INFO: [ template_filter ] --START--
INFO: Run Behavior\ContentReplace [ RunTime:0.000200s ]
INFO: [ template_filter ] --END-- [ RunTime:0.000534s ]
INFO: Run Behavior\ParseTemplate [ RunTime:0.466303s ]
INFO: [ view_parse ] --END-- [ RunTime:0.466923s ]
INFO: [ view_filter ] --START--
INFO: Run Behavior\WriteHtmlCache [ RunTime:0.027332s ]
INFO: [ view_filter ] --END-- [ RunTime:0.027845s ]
INFO: [ app_end ] --START--
INFO: Run Behavior\ShowPageTrace [ RunTime:0.020381s ]
INFO: [ app_end ] --END-- [ RunTime:0.020732s ]

[ 2017-05-09T21:00:54+08:00 ] ::1 /zky/zky/index.php/Home/Equipment/equipment
INFO: [ app_begin ] --START--
INFO: Run Behavior\ReadHtmlCache [ RunTime:0.001253s ]
INFO: [ app_begin ] --END-- [ RunTime:0.002507s ]
NOTIC: [8192] mysql_connect(): The mysql extension is deprecated and will be removed in the future: use mysqli or PDO instead E:\wamp\www\zky\zky\ThinkPHP\Library\Think\Db\Driver\Mysql.class.php 第 52 行.
SQL: SHOW COLUMNS FROM `tp_equipment` [ RunTime:0.041007s ]
SQL: SELECT COUNT(*) AS tp_count FROM `tp_equipment` LIMIT 1   [ RunTime:0.000422s ]
SQL: SELECT * FROM `tp_equipment` LIMIT 0,9   [ RunTime:0.000756s ]
INFO: [ view_parse ] --START--
INFO: [ template_filter ] --START--
INFO: Run Behavior\ContentReplace [ RunTime:0.000212s ]
INFO: [ template_filter ] --END-- [ RunTime:0.000549s ]
INFO: Run Behavior\ParseTemplate [ RunTime:0.118293s ]
INFO: [ view_parse ] --END-- [ RunTime:0.118661s ]
INFO: [ view_filter ] --START--
INFO: Run Behavior\WriteHtmlCache [ RunTime:0.000821s ]
INFO: [ view_filter ] --END-- [ RunTime:0.001128s ]
INFO: [ app_end ] --START--
INFO: Run Behavior\ShowPageTrace [ RunTime:0.007745s ]
INFO: [ app_end ] --END-- [ RunTime:0.008176s ]

[ 2017-05-09T21:00:56+08:00 ] ::1 /zky/zky/index.php/Home/Inform/news
INFO: [ app_begin ] --START--
INFO: Run Behavior\ReadHtmlCache [ RunTime:0.001073s ]
INFO: [ app_begin ] --END-- [ RunTime:0.002061s ]
NOTIC: [8192] mysql_connect(): The mysql extension is deprecated and will be removed in the future: use mysqli or PDO instead E:\wamp\www\zky\zky\ThinkPHP\Library\Think\Db\Driver\Mysql.class.php 第 52 行.
SQL: SHOW COLUMNS FROM `tp_information` [ RunTime:0.001762s ]
SQL: SELECT * FROM `tp_information` ORDER BY id desc  [ RunTime:0.000893s ]
INFO: [ view_parse ] --START--
INFO: [ template_filter ] --START--
INFO: Run Behavior\ContentReplace [ RunTime:0.000203s ]
INFO: [ template_filter ] --END-- [ RunTime:0.000963s ]
INFO: Run Behavior\ParseTemplate [ RunTime:0.148930s ]
INFO: [ view_parse ] --END-- [ RunTime:0.149484s ]
INFO: [ view_filter ] --START--
INFO: Run Behavior\WriteHtmlCache [ RunTime:0.002013s ]
INFO: [ view_filter ] --END-- [ RunTime:0.002344s ]
INFO: [ app_end ] --START--
INFO: Run Behavior\ShowPageTrace [ RunTime:0.002675s ]
INFO: [ app_end ] --END-- [ RunTime:0.003002s ]

[ 2017-05-09T21:06:00+08:00 ] ::1 /zky/zky/index.php/Home/Inform/news
INFO: [ app_begin ] --START--
INFO: Run Behavior\ReadHtmlCache [ RunTime:0.001218s ]
INFO: [ app_begin ] --END-- [ RunTime:0.002363s ]
NOTIC: [8192] mysql_connect(): The mysql extension is deprecated and will be removed in the future: use mysqli or PDO instead E:\wamp\www\zky\zky\ThinkPHP\Library\Think\Db\Driver\Mysql.class.php 第 52 行.
SQL: SHOW COLUMNS FROM `tp_information` [ RunTime:0.001389s ]
SQL: SELECT * FROM `tp_information` ORDER BY id desc  [ RunTime:0.000822s ]
INFO: [ view_parse ] --START--
INFO: [ template_filter ] --START--
INFO: Run Behavior\ContentReplace [ RunTime:0.000201s ]
INFO: [ template_filter ] --END-- [ RunTime:0.000600s ]
INFO: Run Behavior\ParseTemplate [ RunTime:0.022830s ]
INFO: [ view_parse ] --END-- [ RunTime:0.023180s ]
INFO: [ view_filter ] --START--
INFO: Run Behavior\WriteHtmlCache [ RunTime:0.001956s ]
INFO: [ view_filter ] --END-- [ RunTime:0.002691s ]
INFO: [ app_end ] --START--
INFO: Run Behavior\ShowPageTrace [ RunTime:0.001357s ]
INFO: [ app_end ] --END-- [ RunTime:0.001698s ]

