[ 2017-02-20T10:26:52+08:00 ] 220.249.99.139 /zky/
INFO: [ app_begin ] --START--
INFO: Run Behavior\ReadHtmlCache [ RunTime:0.001036s ]
INFO: [ app_begin ] --END-- [ RunTime:0.001815s ]
SQL: SHOW COLUMNS FROM `tp_maincontent` [ RunTime:0.023622s ]
SQL: SELECT `content` FROM `tp_maincontent` WHERE ( id=1 ) LIMIT 1   [ RunTime:0.021196s ]
SQL: SHOW COLUMNS FROM `tp_link` [ RunTime:0.008581s ]
SQL: SELECT * FROM `tp_link` WHERE ( class = 0 )  [ RunTime:0.000398s ]
SQL: SELECT * FROM `tp_link` WHERE ( class = 1 )  [ RunTime:0.000316s ]
SQL: SELECT * FROM `tp_link` WHERE ( class = 2 )  [ RunTime:0.000299s ]
SQL: SELECT * FROM `tp_link` WHERE ( class = 3 )  [ RunTime:0.000324s ]
SQL: SHOW COLUMNS FROM `tp_information` [ RunTime:0.026783s ]
SQL: SELECT * FROM `tp_information` ORDER BY id desc  [ RunTime:0.037041s ]
SQL: SHOW COLUMNS FROM `tp_file` [ RunTime:0.020551s ]
SQL: SELECT * FROM `tp_file` ORDER BY id desc  [ RunTime:0.003574s ]
INFO: [ view_parse ] --START--
INFO: [ template_filter ] --START--
INFO: Run Behavior\ContentReplace [ RunTime:0.000309s ]
INFO: [ template_filter ] --END-- [ RunTime:0.000700s ]
NOTIC: [8] Undefined index: username C:\wamp\www\zky\Application\Runtime\Cache\Home\2a94b8bda04ff446dcedd42276fc99ee.php 第 188 行.
INFO: Run Behavior\ParseTemplate [ RunTime:0.036752s ]
INFO: [ view_parse ] --END-- [ RunTime:0.037139s ]
INFO: [ view_filter ] --START--
INFO: Run Behavior\WriteHtmlCache [ RunTime:0.000762s ]
INFO: [ view_filter ] --END-- [ RunTime:0.001109s ]
INFO: [ app_end ] --START--
INFO: Run Behavior\ShowPageTrace [ RunTime:0.001063s ]
INFO: [ app_end ] --END-- [ RunTime:0.001407s ]

[ 2017-02-20T10:26:52+08:00 ] 220.249.99.139 /zky/index.php/Home/Public/code
INFO: [ app_begin ] --START--
INFO: Run Behavior\ReadHtmlCache [ RunTime:0.001300s ]
INFO: [ app_begin ] --END-- [ RunTime:0.002151s ]
INFO: [ app_end ] --START--
INFO: Run Behavior\ShowPageTrace [ RunTime:0.001400s ]
INFO: [ app_end ] --END-- [ RunTime:0.002055s ]

[ 2017-02-20T10:27:01+08:00 ] 180.153.163.190 /zky/
INFO: [ app_begin ] --START--
INFO: Run Behavior\ReadHtmlCache [ RunTime:0.000915s ]
INFO: [ app_begin ] --END-- [ RunTime:0.001764s ]
SQL: SHOW COLUMNS FROM `tp_maincontent` [ RunTime:0.002949s ]
SQL: SELECT `content` FROM `tp_maincontent` WHERE ( id=1 ) LIMIT 1   [ RunTime:0.000394s ]
SQL: SHOW COLUMNS FROM `tp_link` [ RunTime:0.001906s ]
SQL: SELECT * FROM `tp_link` WHERE ( class = 0 )  [ RunTime:0.000317s ]
SQL: SELECT * FROM `tp_link` WHERE ( class = 1 )  [ RunTime:0.000291s ]
SQL: SELECT * FROM `tp_link` WHERE ( class = 2 )  [ RunTime:0.000294s ]
SQL: SELECT * FROM `tp_link` WHERE ( class = 3 )  [ RunTime:0.000301s ]
SQL: SHOW COLUMNS FROM `tp_information` [ RunTime:0.002186s ]
SQL: SELECT * FROM `tp_information` ORDER BY id desc  [ RunTime:0.000392s ]
SQL: SHOW COLUMNS FROM `tp_file` [ RunTime:0.001933s ]
SQL: SELECT * FROM `tp_file` ORDER BY id desc  [ RunTime:0.000310s ]
INFO: [ view_parse ] --START--
INFO: [ template_filter ] --START--
INFO: Run Behavior\ContentReplace [ RunTime:0.000306s ]
INFO: [ template_filter ] --END-- [ RunTime:0.000704s ]
NOTIC: [8] Undefined index: username C:\wamp\www\zky\Application\Runtime\Cache\Home\2a94b8bda04ff446dcedd42276fc99ee.php 第 188 行.
INFO: Run Behavior\ParseTemplate [ RunTime:0.035533s ]
INFO: [ view_parse ] --END-- [ RunTime:0.035903s ]
INFO: [ view_filter ] --START--
INFO: Run Behavior\WriteHtmlCache [ RunTime:0.000543s ]
INFO: [ view_filter ] --END-- [ RunTime:0.000883s ]
INFO: [ app_end ] --START--
INFO: Run Behavior\ShowPageTrace [ RunTime:0.000818s ]
INFO: [ app_end ] --END-- [ RunTime:0.001165s ]

