[ 2017-03-17T17:06:07+08:00 ] 220.249.99.139 /zky/
INFO: [ app_begin ] --START--
INFO: Run Behavior\ReadHtmlCache [ RunTime:0.029347s ]
INFO: [ app_begin ] --END-- [ RunTime:0.057896s ]
SQL: SHOW COLUMNS FROM `tp_maincontent` [ RunTime:0.022125s ]
SQL: SELECT `content` FROM `tp_maincontent` WHERE ( id=1 ) LIMIT 1   [ RunTime:0.008748s ]
SQL: SHOW COLUMNS FROM `tp_link` [ RunTime:0.013969s ]
SQL: SELECT * FROM `tp_link` WHERE ( class = 0 )  [ RunTime:0.000446s ]
SQL: SELECT * FROM `tp_link` WHERE ( class = 1 )  [ RunTime:0.000281s ]
SQL: SELECT * FROM `tp_link` WHERE ( class = 2 )  [ RunTime:0.000283s ]
SQL: SELECT * FROM `tp_link` WHERE ( class = 3 )  [ RunTime:0.000289s ]
SQL: SHOW COLUMNS FROM `tp_information` [ RunTime:0.020017s ]
SQL: SELECT * FROM `tp_information` ORDER BY id desc  [ RunTime:0.024891s ]
SQL: SHOW COLUMNS FROM `tp_file` [ RunTime:0.018926s ]
SQL: SELECT * FROM `tp_file` ORDER BY id desc  [ RunTime:0.005583s ]
INFO: [ view_parse ] --START--
INFO: [ template_filter ] --START--
INFO: Run Behavior\ContentReplace [ RunTime:0.000310s ]
INFO: [ template_filter ] --END-- [ RunTime:0.000693s ]
NOTIC: [8] Undefined index: username C:\wamp\www\zky\Application\Runtime\Cache\Home\2a94b8bda04ff446dcedd42276fc99ee.php 第 188 行.
INFO: Run Behavior\ParseTemplate [ RunTime:0.108415s ]
INFO: [ view_parse ] --END-- [ RunTime:0.108783s ]
INFO: [ view_filter ] --START--
INFO: Run Behavior\WriteHtmlCache [ RunTime:0.014996s ]
INFO: [ view_filter ] --END-- [ RunTime:0.015344s ]
INFO: [ app_end ] --START--
INFO: Run Behavior\ShowPageTrace [ RunTime:0.007419s ]
INFO: [ app_end ] --END-- [ RunTime:0.007789s ]

[ 2017-03-17T17:06:08+08:00 ] 220.249.99.139 /zky/index.php/Home/Public/code
INFO: [ app_begin ] --START--
INFO: Run Behavior\ReadHtmlCache [ RunTime:0.000982s ]
INFO: [ app_begin ] --END-- [ RunTime:0.001826s ]
INFO: [ app_end ] --START--
INFO: Run Behavior\ShowPageTrace [ RunTime:0.001058s ]
INFO: [ app_end ] --END-- [ RunTime:0.001448s ]

[ 2017-03-17T17:07:55+08:00 ] 220.181.132.218 /zky/
INFO: [ app_begin ] --START--
INFO: Run Behavior\ReadHtmlCache [ RunTime:0.000974s ]
INFO: [ app_begin ] --END-- [ RunTime:0.001777s ]
SQL: SHOW COLUMNS FROM `tp_maincontent` [ RunTime:0.002750s ]
SQL: SELECT `content` FROM `tp_maincontent` WHERE ( id=1 ) LIMIT 1   [ RunTime:0.000332s ]
SQL: SHOW COLUMNS FROM `tp_link` [ RunTime:0.001825s ]
SQL: SELECT * FROM `tp_link` WHERE ( class = 0 )  [ RunTime:0.000394s ]
SQL: SELECT * FROM `tp_link` WHERE ( class = 1 )  [ RunTime:0.000294s ]
SQL: SELECT * FROM `tp_link` WHERE ( class = 2 )  [ RunTime:0.000281s ]
SQL: SELECT * FROM `tp_link` WHERE ( class = 3 )  [ RunTime:0.000283s ]
SQL: SHOW COLUMNS FROM `tp_information` [ RunTime:0.002644s ]
SQL: SELECT * FROM `tp_information` ORDER BY id desc  [ RunTime:0.000430s ]
SQL: SHOW COLUMNS FROM `tp_file` [ RunTime:0.002027s ]
SQL: SELECT * FROM `tp_file` ORDER BY id desc  [ RunTime:0.000377s ]
INFO: [ view_parse ] --START--
INFO: [ template_filter ] --START--
INFO: Run Behavior\ContentReplace [ RunTime:0.000310s ]
INFO: [ template_filter ] --END-- [ RunTime:0.000679s ]
NOTIC: [8] Undefined index: username C:\wamp\www\zky\Application\Runtime\Cache\Home\2a94b8bda04ff446dcedd42276fc99ee.php 第 188 行.
INFO: Run Behavior\ParseTemplate [ RunTime:0.037249s ]
INFO: [ view_parse ] --END-- [ RunTime:0.037733s ]
INFO: [ view_filter ] --START--
INFO: Run Behavior\WriteHtmlCache [ RunTime:0.000761s ]
INFO: [ view_filter ] --END-- [ RunTime:0.001095s ]
INFO: [ app_end ] --START--
INFO: Run Behavior\ShowPageTrace [ RunTime:0.000942s ]
INFO: [ app_end ] --END-- [ RunTime:0.001279s ]

[ 2017-03-17T17:08:15+08:00 ] 101.199.112.53 /zky/
INFO: [ app_begin ] --START--
INFO: Run Behavior\ReadHtmlCache [ RunTime:0.000936s ]
INFO: [ app_begin ] --END-- [ RunTime:0.001740s ]
SQL: SHOW COLUMNS FROM `tp_maincontent` [ RunTime:0.002925s ]
SQL: SELECT `content` FROM `tp_maincontent` WHERE ( id=1 ) LIMIT 1   [ RunTime:0.000332s ]
SQL: SHOW COLUMNS FROM `tp_link` [ RunTime:0.001736s ]
SQL: SELECT * FROM `tp_link` WHERE ( class = 0 )  [ RunTime:0.000304s ]
SQL: SELECT * FROM `tp_link` WHERE ( class = 1 )  [ RunTime:0.000279s ]
SQL: SELECT * FROM `tp_link` WHERE ( class = 2 )  [ RunTime:0.000281s ]
SQL: SELECT * FROM `tp_link` WHERE ( class = 3 )  [ RunTime:0.000512s ]
SQL: SHOW COLUMNS FROM `tp_information` [ RunTime:0.002167s ]
SQL: SELECT * FROM `tp_information` ORDER BY id desc  [ RunTime:0.000376s ]
SQL: SHOW COLUMNS FROM `tp_file` [ RunTime:0.002163s ]
SQL: SELECT * FROM `tp_file` ORDER BY id desc  [ RunTime:0.000303s ]
INFO: [ view_parse ] --START--
INFO: [ template_filter ] --START--
INFO: Run Behavior\ContentReplace [ RunTime:0.000298s ]
INFO: [ template_filter ] --END-- [ RunTime:0.000673s ]
NOTIC: [8] Undefined index: username C:\wamp\www\zky\Application\Runtime\Cache\Home\2a94b8bda04ff446dcedd42276fc99ee.php 第 188 行.
INFO: Run Behavior\ParseTemplate [ RunTime:0.035208s ]
INFO: [ view_parse ] --END-- [ RunTime:0.035643s ]
INFO: [ view_filter ] --START--
INFO: Run Behavior\WriteHtmlCache [ RunTime:0.000630s ]
INFO: [ view_filter ] --END-- [ RunTime:0.000976s ]
INFO: [ app_end ] --START--
INFO: Run Behavior\ShowPageTrace [ RunTime:0.000919s ]
INFO: [ app_end ] --END-- [ RunTime:0.001253s ]

[ 2017-03-17T17:08:28+08:00 ] 220.249.99.139 /zky/index.php/Home/Equipment/equipment
INFO: [ app_begin ] --START--
INFO: Run Behavior\ReadHtmlCache [ RunTime:0.000965s ]
INFO: [ app_begin ] --END-- [ RunTime:0.001865s ]
SQL: SHOW COLUMNS FROM `tp_equipment` [ RunTime:0.024506s ]
SQL: SELECT COUNT(*) AS tp_count FROM `tp_equipment` LIMIT 1   [ RunTime:0.000317s ]
SQL: SELECT * FROM `tp_equipment` LIMIT 0,9   [ RunTime:0.011928s ]
INFO: [ view_parse ] --START--
INFO: [ template_filter ] --START--
INFO: Run Behavior\ContentReplace [ RunTime:0.000240s ]
INFO: [ template_filter ] --END-- [ RunTime:0.000616s ]
NOTIC: [8] Undefined index: username C:\wamp\www\zky\Application\Runtime\Cache\Home\356e1af77c9db117a44a52331a30d673.php 第 109 行.
INFO: Run Behavior\ParseTemplate [ RunTime:0.040661s ]
INFO: [ view_parse ] --END-- [ RunTime:0.041021s ]
INFO: [ view_filter ] --START--
INFO: Run Behavior\WriteHtmlCache [ RunTime:0.000585s ]
INFO: [ view_filter ] --END-- [ RunTime:0.000920s ]
INFO: [ app_end ] --START--
INFO: Run Behavior\ShowPageTrace [ RunTime:0.000905s ]
INFO: [ app_end ] --END-- [ RunTime:0.001247s ]

[ 2017-03-17T17:08:32+08:00 ] 220.249.99.139 /zky/index.php/Home/File/document
INFO: [ app_begin ] --START--
INFO: Run Behavior\ReadHtmlCache [ RunTime:0.001060s ]
INFO: [ app_begin ] --END-- [ RunTime:0.002112s ]
SQL: SHOW COLUMNS FROM `tp_file` [ RunTime:0.003041s ]
SQL: SELECT COUNT(*) AS tp_count FROM `tp_file` LIMIT 1   [ RunTime:0.000305s ]
SQL: SELECT * FROM `tp_file` LIMIT 0,10   [ RunTime:0.000411s ]
INFO: [ view_parse ] --START--
INFO: [ template_filter ] --START--
INFO: Run Behavior\ContentReplace [ RunTime:0.000349s ]
INFO: [ template_filter ] --END-- [ RunTime:0.000737s ]
NOTIC: [8] Undefined index: username C:\wamp\www\zky\Application\Runtime\Cache\Home\e4387c5e386cd9dbd17b22b1d22fe707.php 第 112 行.
INFO: Run Behavior\ParseTemplate [ RunTime:0.058590s ]
INFO: [ view_parse ] --END-- [ RunTime:0.058966s ]
INFO: [ view_filter ] --START--
INFO: Run Behavior\WriteHtmlCache [ RunTime:0.000755s ]
INFO: [ view_filter ] --END-- [ RunTime:0.001094s ]
INFO: [ app_end ] --START--
INFO: Run Behavior\ShowPageTrace [ RunTime:0.001106s ]
INFO: [ app_end ] --END-- [ RunTime:0.001449s ]

[ 2017-03-17T17:08:35+08:00 ] 220.249.99.139 /zky/index.php/Home/Index/about_us
INFO: [ app_begin ] --START--
INFO: Run Behavior\ReadHtmlCache [ RunTime:0.001058s ]
INFO: [ app_begin ] --END-- [ RunTime:0.001900s ]
SQL: SHOW COLUMNS FROM `tp_person` [ RunTime:0.018924s ]
SQL: SHOW COLUMNS FROM `tp_others` [ RunTime:0.025909s ]
SQL: SELECT * FROM `tp_person` ORDER BY id asc  [ RunTime:0.000597s ]
SQL: SELECT * FROM `tp_others` ORDER BY id asc  [ RunTime:0.000352s ]
INFO: [ view_parse ] --START--
INFO: [ template_filter ] --START--
INFO: Run Behavior\ContentReplace [ RunTime:0.000222s ]
INFO: [ template_filter ] --END-- [ RunTime:0.000635s ]
NOTIC: [8] Undefined index: username C:\wamp\www\zky\Application\Runtime\Cache\Home\40888aa7df382378d83fe78c28728374.php 第 112 行.
INFO: Run Behavior\ParseTemplate [ RunTime:0.036429s ]
INFO: [ view_parse ] --END-- [ RunTime:0.036813s ]
INFO: [ view_filter ] --START--
INFO: Run Behavior\WriteHtmlCache [ RunTime:0.000756s ]
INFO: [ view_filter ] --END-- [ RunTime:0.001093s ]
INFO: [ app_end ] --START--
INFO: Run Behavior\ShowPageTrace [ RunTime:0.001464s ]
INFO: [ app_end ] --END-- [ RunTime:0.001806s ]

[ 2017-03-17T17:08:38+08:00 ] 220.249.99.139 /zky/index.php/Home/Index/main
INFO: [ app_begin ] --START--
INFO: Run Behavior\ReadHtmlCache [ RunTime:0.000900s ]
INFO: [ app_begin ] --END-- [ RunTime:0.001677s ]
SQL: SHOW COLUMNS FROM `tp_maincontent` [ RunTime:0.002792s ]
SQL: SELECT `content` FROM `tp_maincontent` WHERE ( id=1 ) LIMIT 1   [ RunTime:0.000334s ]
SQL: SHOW COLUMNS FROM `tp_link` [ RunTime:0.001770s ]
SQL: SELECT * FROM `tp_link` WHERE ( class = 0 )  [ RunTime:0.000301s ]
SQL: SELECT * FROM `tp_link` WHERE ( class = 1 )  [ RunTime:0.000283s ]
SQL: SELECT * FROM `tp_link` WHERE ( class = 2 )  [ RunTime:0.000287s ]
SQL: SELECT * FROM `tp_link` WHERE ( class = 3 )  [ RunTime:0.000294s ]
SQL: SHOW COLUMNS FROM `tp_information` [ RunTime:0.001859s ]
SQL: SELECT * FROM `tp_information` ORDER BY id desc  [ RunTime:0.000351s ]
SQL: SHOW COLUMNS FROM `tp_file` [ RunTime:0.001819s ]
SQL: SELECT * FROM `tp_file` ORDER BY id desc  [ RunTime:0.000292s ]
INFO: [ view_parse ] --START--
INFO: [ template_filter ] --START--
INFO: Run Behavior\ContentReplace [ RunTime:0.000280s ]
INFO: [ template_filter ] --END-- [ RunTime:0.000664s ]
NOTIC: [8] Undefined index: username C:\wamp\www\zky\Application\Runtime\Cache\Home\4462707c48390994935bf3e366c221aa.php 第 188 行.
INFO: Run Behavior\ParseTemplate [ RunTime:0.049568s ]
INFO: [ view_parse ] --END-- [ RunTime:0.049921s ]
INFO: [ view_filter ] --START--
INFO: Run Behavior\WriteHtmlCache [ RunTime:0.000603s ]
INFO: [ view_filter ] --END-- [ RunTime:0.000951s ]
INFO: [ app_end ] --START--
INFO: Run Behavior\ShowPageTrace [ RunTime:0.000868s ]
INFO: [ app_end ] --END-- [ RunTime:0.001199s ]

[ 2017-03-17T17:08:38+08:00 ] 220.249.99.139 /zky/index.php/Home/Public/code
INFO: [ app_begin ] --START--
INFO: Run Behavior\ReadHtmlCache [ RunTime:0.000902s ]
INFO: [ app_begin ] --END-- [ RunTime:0.001649s ]
INFO: [ app_end ] --START--
INFO: Run Behavior\ShowPageTrace [ RunTime:0.001054s ]
INFO: [ app_end ] --END-- [ RunTime:0.001434s ]

[ 2017-03-17T17:10:08+08:00 ] 220.181.132.218 /zky/index.php/Home/Equipment/equipment
INFO: [ app_begin ] --START--
INFO: Run Behavior\ReadHtmlCache [ RunTime:0.001015s ]
INFO: [ app_begin ] --END-- [ RunTime:0.001771s ]
SQL: SHOW COLUMNS FROM `tp_equipment` [ RunTime:0.003742s ]
SQL: SELECT COUNT(*) AS tp_count FROM `tp_equipment` LIMIT 1   [ RunTime:0.000267s ]
SQL: SELECT * FROM `tp_equipment` LIMIT 0,9   [ RunTime:0.000414s ]
INFO: [ view_parse ] --START--
INFO: [ template_filter ] --START--
INFO: Run Behavior\ContentReplace [ RunTime:0.000261s ]
INFO: [ template_filter ] --END-- [ RunTime:0.000640s ]
NOTIC: [8] Undefined index: username C:\wamp\www\zky\Application\Runtime\Cache\Home\356e1af77c9db117a44a52331a30d673.php 第 109 行.
INFO: Run Behavior\ParseTemplate [ RunTime:0.020501s ]
INFO: [ view_parse ] --END-- [ RunTime:0.020875s ]
INFO: [ view_filter ] --START--
INFO: Run Behavior\WriteHtmlCache [ RunTime:0.000709s ]
INFO: [ view_filter ] --END-- [ RunTime:0.001035s ]
INFO: [ app_end ] --START--
INFO: Run Behavior\ShowPageTrace [ RunTime:0.001056s ]
INFO: [ app_end ] --END-- [ RunTime:0.001400s ]

[ 2017-03-17T17:10:08+08:00 ] 220.249.99.139 /zky/index.php/Home/Index/main
INFO: [ app_begin ] --START--
INFO: Run Behavior\ReadHtmlCache [ RunTime:0.001177s ]
INFO: [ app_begin ] --END-- [ RunTime:0.002054s ]
SQL: SHOW COLUMNS FROM `tp_maincontent` [ RunTime:0.003061s ]
SQL: SELECT `content` FROM `tp_maincontent` WHERE ( id=1 ) LIMIT 1   [ RunTime:0.000333s ]
SQL: SHOW COLUMNS FROM `tp_link` [ RunTime:0.001778s ]
SQL: SELECT * FROM `tp_link` WHERE ( class = 0 )  [ RunTime:0.000295s ]
SQL: SELECT * FROM `tp_link` WHERE ( class = 1 )  [ RunTime:0.000288s ]
SQL: SELECT * FROM `tp_link` WHERE ( class = 2 )  [ RunTime:0.000280s ]
SQL: SELECT * FROM `tp_link` WHERE ( class = 3 )  [ RunTime:0.000285s ]
SQL: SHOW COLUMNS FROM `tp_information` [ RunTime:0.001882s ]
SQL: SELECT * FROM `tp_information` ORDER BY id desc  [ RunTime:0.000348s ]
SQL: SHOW COLUMNS FROM `tp_file` [ RunTime:0.001979s ]
SQL: SELECT * FROM `tp_file` ORDER BY id desc  [ RunTime:0.000292s ]
INFO: [ view_parse ] --START--
INFO: [ template_filter ] --START--
INFO: Run Behavior\ContentReplace [ RunTime:0.000282s ]
INFO: [ template_filter ] --END-- [ RunTime:0.000672s ]
NOTIC: [8] Undefined index: username C:\wamp\www\zky\Application\Runtime\Cache\Home\4462707c48390994935bf3e366c221aa.php 第 188 行.
INFO: Run Behavior\ParseTemplate [ RunTime:0.036889s ]
INFO: [ view_parse ] --END-- [ RunTime:0.037236s ]
INFO: [ view_filter ] --START--
INFO: Run Behavior\WriteHtmlCache [ RunTime:0.000723s ]
INFO: [ view_filter ] --END-- [ RunTime:0.001054s ]
INFO: [ app_end ] --START--
INFO: Run Behavior\ShowPageTrace [ RunTime:0.001359s ]
INFO: [ app_end ] --END-- [ RunTime:0.001733s ]

[ 2017-03-17T17:10:08+08:00 ] 220.249.99.139 /zky/index.php/Home/Public/code
INFO: [ app_begin ] --START--
INFO: Run Behavior\ReadHtmlCache [ RunTime:0.001111s ]
INFO: [ app_begin ] --END-- [ RunTime:0.001996s ]
INFO: [ app_end ] --START--
INFO: Run Behavior\ShowPageTrace [ RunTime:0.001194s ]
INFO: [ app_end ] --END-- [ RunTime:0.001566s ]

[ 2017-03-17T17:10:12+08:00 ] 220.181.132.218 /zky/index.php/Home/File/document
INFO: [ app_begin ] --START--
INFO: Run Behavior\ReadHtmlCache [ RunTime:0.001631s ]
INFO: [ app_begin ] --END-- [ RunTime:0.002486s ]
SQL: SHOW COLUMNS FROM `tp_file` [ RunTime:0.003256s ]
SQL: SELECT COUNT(*) AS tp_count FROM `tp_file` LIMIT 1   [ RunTime:0.000272s ]
SQL: SELECT * FROM `tp_file` LIMIT 0,10   [ RunTime:0.000311s ]
INFO: [ view_parse ] --START--
INFO: [ template_filter ] --START--
INFO: Run Behavior\ContentReplace [ RunTime:0.000212s ]
INFO: [ template_filter ] --END-- [ RunTime:0.000585s ]
NOTIC: [8] Undefined index: username C:\wamp\www\zky\Application\Runtime\Cache\Home\e4387c5e386cd9dbd17b22b1d22fe707.php 第 112 行.
INFO: Run Behavior\ParseTemplate [ RunTime:0.017350s ]
INFO: [ view_parse ] --END-- [ RunTime:0.017703s ]
INFO: [ view_filter ] --START--
INFO: Run Behavior\WriteHtmlCache [ RunTime:0.000712s ]
INFO: [ view_filter ] --END-- [ RunTime:0.001041s ]
INFO: [ app_end ] --START--
INFO: Run Behavior\ShowPageTrace [ RunTime:0.001073s ]
INFO: [ app_end ] --END-- [ RunTime:0.001416s ]

[ 2017-03-17T17:10:17+08:00 ] 220.181.132.218 /zky/index.php/Home/Index/about_us
INFO: [ app_begin ] --START--
INFO: Run Behavior\ReadHtmlCache [ RunTime:0.001020s ]
INFO: [ app_begin ] --END-- [ RunTime:0.001800s ]
SQL: SHOW COLUMNS FROM `tp_person` [ RunTime:0.003039s ]
SQL: SHOW COLUMNS FROM `tp_others` [ RunTime:0.002125s ]
SQL: SELECT * FROM `tp_person` ORDER BY id asc  [ RunTime:0.000378s ]
SQL: SELECT * FROM `tp_others` ORDER BY id asc  [ RunTime:0.000285s ]
INFO: [ view_parse ] --START--
INFO: [ template_filter ] --START--
INFO: Run Behavior\ContentReplace [ RunTime:0.000218s ]
INFO: [ template_filter ] --END-- [ RunTime:0.000571s ]
NOTIC: [8] Undefined index: username C:\wamp\www\zky\Application\Runtime\Cache\Home\40888aa7df382378d83fe78c28728374.php 第 112 行.
INFO: Run Behavior\ParseTemplate [ RunTime:0.022063s ]
INFO: [ view_parse ] --END-- [ RunTime:0.022414s ]
INFO: [ view_filter ] --START--
INFO: Run Behavior\WriteHtmlCache [ RunTime:0.000709s ]
INFO: [ view_filter ] --END-- [ RunTime:0.001048s ]
INFO: [ app_end ] --START--
INFO: Run Behavior\ShowPageTrace [ RunTime:0.000991s ]
INFO: [ app_end ] --END-- [ RunTime:0.001330s ]

[ 2017-03-17T17:10:23+08:00 ] 101.199.108.51 /zky/index.php/Home/Index/about_us
INFO: [ app_begin ] --START--
INFO: Run Behavior\ReadHtmlCache [ RunTime:0.000996s ]
INFO: [ app_begin ] --END-- [ RunTime:0.001826s ]
SQL: SHOW COLUMNS FROM `tp_person` [ RunTime:0.002241s ]
SQL: SHOW COLUMNS FROM `tp_others` [ RunTime:0.001866s ]
SQL: SELECT * FROM `tp_person` ORDER BY id asc  [ RunTime:0.000441s ]
SQL: SELECT * FROM `tp_others` ORDER BY id asc  [ RunTime:0.000361s ]
INFO: [ view_parse ] --START--
INFO: [ template_filter ] --START--
INFO: Run Behavior\ContentReplace [ RunTime:0.000219s ]
INFO: [ template_filter ] --END-- [ RunTime:0.001078s ]
NOTIC: [8] Undefined index: username C:\wamp\www\zky\Application\Runtime\Cache\Home\40888aa7df382378d83fe78c28728374.php 第 112 行.
INFO: Run Behavior\ParseTemplate [ RunTime:0.027083s ]
INFO: [ view_parse ] --END-- [ RunTime:0.027445s ]
INFO: [ view_filter ] --START--
INFO: Run Behavior\WriteHtmlCache [ RunTime:0.000743s ]
INFO: [ view_filter ] --END-- [ RunTime:0.001176s ]
INFO: [ app_end ] --START--
INFO: Run Behavior\ShowPageTrace [ RunTime:0.001269s ]
INFO: [ app_end ] --END-- [ RunTime:0.001701s ]

[ 2017-03-17T17:10:24+08:00 ] 101.199.108.55 /zky/index.php/Home/Equipment/equipment
INFO: [ app_begin ] --START--
INFO: Run Behavior\ReadHtmlCache [ RunTime:0.001099s ]
INFO: [ app_begin ] --END-- [ RunTime:0.001945s ]
SQL: SHOW COLUMNS FROM `tp_equipment` [ RunTime:0.003571s ]
SQL: SELECT COUNT(*) AS tp_count FROM `tp_equipment` LIMIT 1   [ RunTime:0.000329s ]
SQL: SELECT * FROM `tp_equipment` LIMIT 0,9   [ RunTime:0.000435s ]
INFO: [ view_parse ] --START--
INFO: [ template_filter ] --START--
INFO: Run Behavior\ContentReplace [ RunTime:0.000240s ]
INFO: [ template_filter ] --END-- [ RunTime:0.000606s ]
NOTIC: [8] Undefined index: username C:\wamp\www\zky\Application\Runtime\Cache\Home\356e1af77c9db117a44a52331a30d673.php 第 109 行.
INFO: Run Behavior\ParseTemplate [ RunTime:0.020491s ]
INFO: [ view_parse ] --END-- [ RunTime:0.020849s ]
INFO: [ view_filter ] --START--
INFO: Run Behavior\WriteHtmlCache [ RunTime:0.000739s ]
INFO: [ view_filter ] --END-- [ RunTime:0.001069s ]
INFO: [ app_end ] --START--
INFO: Run Behavior\ShowPageTrace [ RunTime:0.001011s ]
INFO: [ app_end ] --END-- [ RunTime:0.001407s ]

[ 2017-03-17T17:10:29+08:00 ] 101.199.108.118 /zky/index.php/Home/File/document
INFO: [ app_begin ] --START--
INFO: Run Behavior\ReadHtmlCache [ RunTime:0.001038s ]
INFO: [ app_begin ] --END-- [ RunTime:0.001883s ]
SQL: SHOW COLUMNS FROM `tp_file` [ RunTime:0.003801s ]
SQL: SELECT COUNT(*) AS tp_count FROM `tp_file` LIMIT 1   [ RunTime:0.000327s ]
SQL: SELECT * FROM `tp_file` LIMIT 0,10   [ RunTime:0.000345s ]
INFO: [ view_parse ] --START--
INFO: [ template_filter ] --START--
INFO: Run Behavior\ContentReplace [ RunTime:0.000198s ]
INFO: [ template_filter ] --END-- [ RunTime:0.000565s ]
NOTIC: [8] Undefined index: username C:\wamp\www\zky\Application\Runtime\Cache\Home\e4387c5e386cd9dbd17b22b1d22fe707.php 第 112 行.
INFO: Run Behavior\ParseTemplate [ RunTime:0.017073s ]
INFO: [ view_parse ] --END-- [ RunTime:0.017440s ]
INFO: [ view_filter ] --START--
INFO: Run Behavior\WriteHtmlCache [ RunTime:0.000711s ]
INFO: [ view_filter ] --END-- [ RunTime:0.001045s ]
INFO: [ app_end ] --START--
INFO: Run Behavior\ShowPageTrace [ RunTime:0.001160s ]
INFO: [ app_end ] --END-- [ RunTime:0.001550s ]

[ 2017-03-17T17:15:10+08:00 ] 220.249.99.139 /zky/index.php/Home/Message/conmunication
INFO: [ app_begin ] --START--
INFO: Run Behavior\ReadHtmlCache [ RunTime:0.002075s ]
INFO: [ app_begin ] --END-- [ RunTime:0.003873s ]
SQL: SHOW COLUMNS FROM `tp_user` [ RunTime:0.021397s ]
NOTIC: [8] Undefined index: id C:\wamp\www\zky\Application\Home\Controller\MessageController.class.php 第 8 行.
SQL: SELECT `say` FROM `tp_user` WHERE ( id =   ) LIMIT 1   [ RunTime:0.000251s ]
ERR: 1064:You have an error in your SQL syntax; check the manual that corresponds to your MySQL server version for the right syntax to use near ') LIMIT 1' at line 1
 [ SQL语句 ] : SELECT `say` FROM `tp_user` WHERE ( id =   ) LIMIT 1  
SQL: SHOW COLUMNS FROM `tp_message` [ RunTime:0.026802s ]
SQL: SELECT COUNT(*) AS tp_count FROM `tp_message` LIMIT 1   [ RunTime:0.000311s ]
SQL: SELECT * FROM `tp_message` ORDER BY id desc LIMIT 0,13   [ RunTime:0.018537s ]
INFO: [ view_parse ] --START--
INFO: [ template_filter ] --START--
INFO: Run Behavior\ContentReplace [ RunTime:0.000245s ]
INFO: [ template_filter ] --END-- [ RunTime:0.000637s ]
NOTIC: [8] Undefined index: username C:\wamp\www\zky\Application\Runtime\Cache\Home\afb02c676964e0f94d9da57105704626.php 第 174 行.
INFO: Run Behavior\ParseTemplate [ RunTime:0.036565s ]
INFO: [ view_parse ] --END-- [ RunTime:0.036931s ]
INFO: [ view_filter ] --START--
INFO: Run Behavior\WriteHtmlCache [ RunTime:0.001918s ]
INFO: [ view_filter ] --END-- [ RunTime:0.002252s ]
INFO: [ app_end ] --START--
INFO: Run Behavior\ShowPageTrace [ RunTime:0.002046s ]
INFO: [ app_end ] --END-- [ RunTime:0.002384s ]

[ 2017-03-17T17:15:10+08:00 ] 220.249.99.139 /zky/index.php/Home/Public/code
INFO: [ app_begin ] --START--
INFO: Run Behavior\ReadHtmlCache [ RunTime:0.000956s ]
INFO: [ app_begin ] --END-- [ RunTime:0.001778s ]
INFO: [ app_end ] --START--
INFO: Run Behavior\ShowPageTrace [ RunTime:0.001151s ]
INFO: [ app_end ] --END-- [ RunTime:0.001529s ]

[ 2017-03-17T17:15:15+08:00 ] 220.249.99.139 /zky/index.php/Home/Inform/news
INFO: [ app_begin ] --START--
INFO: Run Behavior\ReadHtmlCache [ RunTime:0.000925s ]
INFO: [ app_begin ] --END-- [ RunTime:0.001751s ]
SQL: SHOW COLUMNS FROM `tp_information` [ RunTime:0.002924s ]
SQL: SELECT * FROM `tp_information` ORDER BY id desc  [ RunTime:0.000429s ]
INFO: [ view_parse ] --START--
INFO: [ template_filter ] --START--
INFO: Run Behavior\ContentReplace [ RunTime:0.000222s ]
INFO: [ template_filter ] --END-- [ RunTime:0.000611s ]
NOTIC: [8] Undefined index: username C:\wamp\www\zky\Application\Runtime\Cache\Home\a054483b59c6dad8cd579f620efb59e4.php 第 116 行.
INFO: Run Behavior\ParseTemplate [ RunTime:0.032731s ]
INFO: [ view_parse ] --END-- [ RunTime:0.033109s ]
INFO: [ view_filter ] --START--
INFO: Run Behavior\WriteHtmlCache [ RunTime:0.000639s ]
INFO: [ view_filter ] --END-- [ RunTime:0.000979s ]
INFO: [ app_end ] --START--
INFO: Run Behavior\ShowPageTrace [ RunTime:0.001314s ]
INFO: [ app_end ] --END-- [ RunTime:0.001649s ]

[ 2017-03-17T17:15:16+08:00 ] 220.249.99.139 /zky/index.php/Home/Index/main
INFO: [ app_begin ] --START--
INFO: Run Behavior\ReadHtmlCache [ RunTime:0.000928s ]
INFO: [ app_begin ] --END-- [ RunTime:0.001705s ]
SQL: SHOW COLUMNS FROM `tp_maincontent` [ RunTime:0.002954s ]
SQL: SELECT `content` FROM `tp_maincontent` WHERE ( id=1 ) LIMIT 1   [ RunTime:0.000342s ]
SQL: SHOW COLUMNS FROM `tp_link` [ RunTime:0.001863s ]
SQL: SELECT * FROM `tp_link` WHERE ( class = 0 )  [ RunTime:0.000304s ]
SQL: SELECT * FROM `tp_link` WHERE ( class = 1 )  [ RunTime:0.000283s ]
SQL: SELECT * FROM `tp_link` WHERE ( class = 2 )  [ RunTime:0.000285s ]
SQL: SELECT * FROM `tp_link` WHERE ( class = 3 )  [ RunTime:0.000286s ]
SQL: SHOW COLUMNS FROM `tp_information` [ RunTime:0.001942s ]
SQL: SELECT * FROM `tp_information` ORDER BY id desc  [ RunTime:0.000353s ]
SQL: SHOW COLUMNS FROM `tp_file` [ RunTime:0.002301s ]
SQL: SELECT * FROM `tp_file` ORDER BY id desc  [ RunTime:0.000312s ]
INFO: [ view_parse ] --START--
INFO: [ template_filter ] --START--
INFO: Run Behavior\ContentReplace [ RunTime:0.000299s ]
INFO: [ template_filter ] --END-- [ RunTime:0.000751s ]
NOTIC: [8] Undefined index: username C:\wamp\www\zky\Application\Runtime\Cache\Home\4462707c48390994935bf3e366c221aa.php 第 188 行.
INFO: Run Behavior\ParseTemplate [ RunTime:0.041341s ]
INFO: [ view_parse ] --END-- [ RunTime:0.041690s ]
INFO: [ view_filter ] --START--
INFO: Run Behavior\WriteHtmlCache [ RunTime:0.000641s ]
INFO: [ view_filter ] --END-- [ RunTime:0.001012s ]
INFO: [ app_end ] --START--
INFO: Run Behavior\ShowPageTrace [ RunTime:0.001310s ]
INFO: [ app_end ] --END-- [ RunTime:0.001736s ]

[ 2017-03-17T17:15:16+08:00 ] 220.249.99.139 /zky/index.php/Home/Public/code
INFO: [ app_begin ] --START--
INFO: Run Behavior\ReadHtmlCache [ RunTime:0.000986s ]
INFO: [ app_begin ] --END-- [ RunTime:0.001874s ]
INFO: [ app_end ] --START--
INFO: Run Behavior\ShowPageTrace [ RunTime:0.001502s ]
INFO: [ app_end ] --END-- [ RunTime:0.001964s ]

[ 2017-03-17T17:16:41+08:00 ] 220.249.99.139 /zky/index.php/Home/Inform/news
INFO: [ app_begin ] --START--
INFO: Run Behavior\ReadHtmlCache [ RunTime:0.001553s ]
INFO: [ app_begin ] --END-- [ RunTime:0.002802s ]
SQL: SHOW COLUMNS FROM `tp_information` [ RunTime:0.002573s ]
SQL: SELECT * FROM `tp_information` ORDER BY id desc  [ RunTime:0.000460s ]
INFO: [ view_parse ] --START--
INFO: [ template_filter ] --START--
INFO: Run Behavior\ContentReplace [ RunTime:0.000218s ]
INFO: [ template_filter ] --END-- [ RunTime:0.000589s ]
NOTIC: [8] Undefined index: username C:\wamp\www\zky\Application\Runtime\Cache\Home\a054483b59c6dad8cd579f620efb59e4.php 第 116 行.
INFO: Run Behavior\ParseTemplate [ RunTime:0.017503s ]
INFO: [ view_parse ] --END-- [ RunTime:0.017871s ]
INFO: [ view_filter ] --START--
INFO: Run Behavior\WriteHtmlCache [ RunTime:0.000619s ]
INFO: [ view_filter ] --END-- [ RunTime:0.000953s ]
INFO: [ app_end ] --START--
INFO: Run Behavior\ShowPageTrace [ RunTime:0.000970s ]
INFO: [ app_end ] --END-- [ RunTime:0.001300s ]

[ 2017-03-17T17:16:52+08:00 ] 220.181.132.218 /zky/index.php/Home/Inform/news
INFO: [ app_begin ] --START--
INFO: Run Behavior\ReadHtmlCache [ RunTime:0.001370s ]
INFO: [ app_begin ] --END-- [ RunTime:0.002307s ]
SQL: SHOW COLUMNS FROM `tp_information` [ RunTime:0.002950s ]
SQL: SELECT * FROM `tp_information` ORDER BY id desc  [ RunTime:0.000389s ]
INFO: [ view_parse ] --START--
INFO: [ template_filter ] --START--
INFO: Run Behavior\ContentReplace [ RunTime:0.000237s ]
INFO: [ template_filter ] --END-- [ RunTime:0.000608s ]
NOTIC: [8] Undefined index: username C:\wamp\www\zky\Application\Runtime\Cache\Home\a054483b59c6dad8cd579f620efb59e4.php 第 116 行.
INFO: Run Behavior\ParseTemplate [ RunTime:0.018428s ]
INFO: [ view_parse ] --END-- [ RunTime:0.018792s ]
INFO: [ view_filter ] --START--
INFO: Run Behavior\WriteHtmlCache [ RunTime:0.000605s ]
INFO: [ view_filter ] --END-- [ RunTime:0.000937s ]
INFO: [ app_end ] --START--
INFO: Run Behavior\ShowPageTrace [ RunTime:0.000966s ]
INFO: [ app_end ] --END-- [ RunTime:0.001294s ]

[ 2017-03-17T17:16:54+08:00 ] 220.181.132.218 /zky/index.php/Home/Message/conmunication
INFO: [ app_begin ] --START--
INFO: Run Behavior\ReadHtmlCache [ RunTime:0.001003s ]
INFO: [ app_begin ] --END-- [ RunTime:0.001898s ]
SQL: SHOW COLUMNS FROM `tp_user` [ RunTime:0.002962s ]
NOTIC: [8] Undefined index: id C:\wamp\www\zky\Application\Home\Controller\MessageController.class.php 第 8 行.
SQL: SELECT `say` FROM `tp_user` WHERE ( id =   ) LIMIT 1   [ RunTime:0.000220s ]
ERR: 1064:You have an error in your SQL syntax; check the manual that corresponds to your MySQL server version for the right syntax to use near ') LIMIT 1' at line 1
 [ SQL语句 ] : SELECT `say` FROM `tp_user` WHERE ( id =   ) LIMIT 1  
SQL: SHOW COLUMNS FROM `tp_message` [ RunTime:0.001818s ]
SQL: SELECT COUNT(*) AS tp_count FROM `tp_message` LIMIT 1   [ RunTime:0.000252s ]
SQL: SELECT * FROM `tp_message` ORDER BY id desc LIMIT 0,13   [ RunTime:0.000352s ]
INFO: [ view_parse ] --START--
INFO: [ template_filter ] --START--
INFO: Run Behavior\ContentReplace [ RunTime:0.000261s ]
INFO: [ template_filter ] --END-- [ RunTime:0.000609s ]
NOTIC: [8] Undefined index: username C:\wamp\www\zky\Application\Runtime\Cache\Home\afb02c676964e0f94d9da57105704626.php 第 174 行.
INFO: Run Behavior\ParseTemplate [ RunTime:0.020784s ]
INFO: [ view_parse ] --END-- [ RunTime:0.021148s ]
INFO: [ view_filter ] --START--
INFO: Run Behavior\WriteHtmlCache [ RunTime:0.000670s ]
INFO: [ view_filter ] --END-- [ RunTime:0.001075s ]
INFO: [ app_end ] --START--
INFO: Run Behavior\ShowPageTrace [ RunTime:0.001086s ]
INFO: [ app_end ] --END-- [ RunTime:0.001431s ]

[ 2017-03-17T17:16:58+08:00 ] 220.249.99.139 /zky/index.php/Home/Inform/showitems/id/72
INFO: [ app_begin ] --START--
INFO: Run Behavior\ReadHtmlCache [ RunTime:0.001096s ]
INFO: [ app_begin ] --END-- [ RunTime:0.001952s ]
SQL: SHOW COLUMNS FROM `tp_information` [ RunTime:0.002850s ]
SQL: SELECT * FROM `tp_information` WHERE ( id = 72 ) ORDER BY id desc LIMIT 1   [ RunTime:0.000377s ]
INFO: [ view_parse ] --START--
INFO: [ template_filter ] --START--
INFO: Run Behavior\ContentReplace [ RunTime:0.000206s ]
INFO: [ template_filter ] --END-- [ RunTime:0.000588s ]
NOTIC: [8] Undefined index: username C:\wamp\www\zky\Application\Runtime\Cache\Home\5151452449fe54a7e1143da4c8cdc00c.php 第 116 行.
INFO: Run Behavior\ParseTemplate [ RunTime:0.038230s ]
INFO: [ view_parse ] --END-- [ RunTime:0.038626s ]
INFO: [ view_filter ] --START--
INFO: Run Behavior\WriteHtmlCache [ RunTime:0.000664s ]
INFO: [ view_filter ] --END-- [ RunTime:0.000995s ]
INFO: [ app_end ] --START--
INFO: Run Behavior\ShowPageTrace [ RunTime:0.000955s ]
INFO: [ app_end ] --END-- [ RunTime:0.001295s ]

[ 2017-03-17T17:17:05+08:00 ] 220.181.132.197 /zky/index.php/Home/Inform/news
INFO: [ app_begin ] --START--
INFO: Run Behavior\ReadHtmlCache [ RunTime:0.001064s ]
INFO: [ app_begin ] --END-- [ RunTime:0.001979s ]
SQL: SHOW COLUMNS FROM `tp_information` [ RunTime:0.002977s ]
SQL: SELECT * FROM `tp_information` ORDER BY id desc  [ RunTime:0.000439s ]
INFO: [ view_parse ] --START--
INFO: [ template_filter ] --START--
INFO: Run Behavior\ContentReplace [ RunTime:0.000225s ]
INFO: [ template_filter ] --END-- [ RunTime:0.000611s ]
NOTIC: [8] Undefined index: username C:\wamp\www\zky\Application\Runtime\Cache\Home\a054483b59c6dad8cd579f620efb59e4.php 第 116 行.
INFO: Run Behavior\ParseTemplate [ RunTime:0.019171s ]
INFO: [ view_parse ] --END-- [ RunTime:0.019545s ]
INFO: [ view_filter ] --START--
INFO: Run Behavior\WriteHtmlCache [ RunTime:0.000723s ]
INFO: [ view_filter ] --END-- [ RunTime:0.001055s ]
INFO: [ app_end ] --START--
INFO: Run Behavior\ShowPageTrace [ RunTime:0.001108s ]
INFO: [ app_end ] --END-- [ RunTime:0.001439s ]

[ 2017-03-17T17:17:06+08:00 ] 101.199.108.118 /zky/index.php/Home/Message/conmunication
INFO: [ app_begin ] --START--
INFO: Run Behavior\ReadHtmlCache [ RunTime:0.001520s ]
INFO: [ app_begin ] --END-- [ RunTime:0.002575s ]
SQL: SHOW COLUMNS FROM `tp_user` [ RunTime:0.002886s ]
NOTIC: [8] Undefined index: id C:\wamp\www\zky\Application\Home\Controller\MessageController.class.php 第 8 行.
SQL: SELECT `say` FROM `tp_user` WHERE ( id =   ) LIMIT 1   [ RunTime:0.000243s ]
ERR: 1064:You have an error in your SQL syntax; check the manual that corresponds to your MySQL server version for the right syntax to use near ') LIMIT 1' at line 1
 [ SQL语句 ] : SELECT `say` FROM `tp_user` WHERE ( id =   ) LIMIT 1  
SQL: SHOW COLUMNS FROM `tp_message` [ RunTime:0.002075s ]
SQL: SELECT COUNT(*) AS tp_count FROM `tp_message` LIMIT 1   [ RunTime:0.000253s ]
SQL: SELECT * FROM `tp_message` ORDER BY id desc LIMIT 0,13   [ RunTime:0.000404s ]
INFO: [ view_parse ] --START--
INFO: [ template_filter ] --START--
INFO: Run Behavior\ContentReplace [ RunTime:0.000327s ]
INFO: [ template_filter ] --END-- [ RunTime:0.000773s ]
NOTIC: [8] Undefined index: username C:\wamp\www\zky\Application\Runtime\Cache\Home\afb02c676964e0f94d9da57105704626.php 第 174 行.
INFO: Run Behavior\ParseTemplate [ RunTime:0.020775s ]
INFO: [ view_parse ] --END-- [ RunTime:0.021155s ]
INFO: [ view_filter ] --START--
INFO: Run Behavior\WriteHtmlCache [ RunTime:0.000681s ]
INFO: [ view_filter ] --END-- [ RunTime:0.001006s ]
INFO: [ app_end ] --START--
INFO: Run Behavior\ShowPageTrace [ RunTime:0.001095s ]
INFO: [ app_end ] --END-- [ RunTime:0.001434s ]

[ 2017-03-17T17:17:12+08:00 ] 220.181.132.218 /zky/index.php/Home/Index/main
INFO: [ app_begin ] --START--
INFO: Run Behavior\ReadHtmlCache [ RunTime:0.001082s ]
INFO: [ app_begin ] --END-- [ RunTime:0.002090s ]
SQL: SHOW COLUMNS FROM `tp_maincontent` [ RunTime:0.002722s ]
SQL: SELECT `content` FROM `tp_maincontent` WHERE ( id=1 ) LIMIT 1   [ RunTime:0.000344s ]
SQL: SHOW COLUMNS FROM `tp_link` [ RunTime:0.002120s ]
SQL: SELECT * FROM `tp_link` WHERE ( class = 0 )  [ RunTime:0.000301s ]
SQL: SELECT * FROM `tp_link` WHERE ( class = 1 )  [ RunTime:0.000280s ]
SQL: SELECT * FROM `tp_link` WHERE ( class = 2 )  [ RunTime:0.000280s ]
SQL: SELECT * FROM `tp_link` WHERE ( class = 3 )  [ RunTime:0.000282s ]
SQL: SHOW COLUMNS FROM `tp_information` [ RunTime:0.001913s ]
SQL: SELECT * FROM `tp_information` ORDER BY id desc  [ RunTime:0.000357s ]
SQL: SHOW COLUMNS FROM `tp_file` [ RunTime:0.001819s ]
SQL: SELECT * FROM `tp_file` ORDER BY id desc  [ RunTime:0.000291s ]
INFO: [ view_parse ] --START--
INFO: [ template_filter ] --START--
INFO: Run Behavior\ContentReplace [ RunTime:0.000287s ]
INFO: [ template_filter ] --END-- [ RunTime:0.000685s ]
NOTIC: [8] Undefined index: username C:\wamp\www\zky\Application\Runtime\Cache\Home\4462707c48390994935bf3e366c221aa.php 第 188 行.
INFO: Run Behavior\ParseTemplate [ RunTime:0.034791s ]
INFO: [ view_parse ] --END-- [ RunTime:0.035174s ]
INFO: [ view_filter ] --START--
INFO: Run Behavior\WriteHtmlCache [ RunTime:0.000871s ]
INFO: [ view_filter ] --END-- [ RunTime:0.001275s ]
INFO: [ app_end ] --START--
INFO: Run Behavior\ShowPageTrace [ RunTime:0.001136s ]
INFO: [ app_end ] --END-- [ RunTime:0.001647s ]

[ 2017-03-17T17:17:15+08:00 ] 220.249.99.139 /zky/index.php/Home/File/document
INFO: [ app_begin ] --START--
INFO: Run Behavior\ReadHtmlCache [ RunTime:0.000985s ]
INFO: [ app_begin ] --END-- [ RunTime:0.001851s ]
SQL: SHOW COLUMNS FROM `tp_file` [ RunTime:0.003041s ]
SQL: SELECT COUNT(*) AS tp_count FROM `tp_file` LIMIT 1   [ RunTime:0.000271s ]
SQL: SELECT * FROM `tp_file` LIMIT 0,10   [ RunTime:0.000346s ]
INFO: [ view_parse ] --START--
INFO: [ template_filter ] --START--
INFO: Run Behavior\ContentReplace [ RunTime:0.000200s ]
INFO: [ template_filter ] --END-- [ RunTime:0.000607s ]
NOTIC: [8] Undefined index: username C:\wamp\www\zky\Application\Runtime\Cache\Home\e4387c5e386cd9dbd17b22b1d22fe707.php 第 112 行.
INFO: Run Behavior\ParseTemplate [ RunTime:0.019582s ]
INFO: [ view_parse ] --END-- [ RunTime:0.019938s ]
INFO: [ view_filter ] --START--
INFO: Run Behavior\WriteHtmlCache [ RunTime:0.000693s ]
INFO: [ view_filter ] --END-- [ RunTime:0.001024s ]
INFO: [ app_end ] --START--
INFO: Run Behavior\ShowPageTrace [ RunTime:0.001015s ]
INFO: [ app_end ] --END-- [ RunTime:0.001375s ]

[ 2017-03-17T17:17:16+08:00 ] 220.249.99.139 /zky/index.php/Home/Regulation/regulation
INFO: [ app_begin ] --START--
INFO: Run Behavior\ReadHtmlCache [ RunTime:0.000957s ]
INFO: [ app_begin ] --END-- [ RunTime:0.001822s ]
SQL: SHOW COLUMNS FROM `tp_regulation` [ RunTime:0.027377s ]
SQL: SELECT COUNT(*) AS tp_count FROM `tp_regulation` LIMIT 1   [ RunTime:0.000319s ]
SQL: SELECT * FROM `tp_regulation` ORDER BY id LIMIT 0,20   [ RunTime:0.020719s ]
INFO: [ view_parse ] --START--
INFO: [ template_filter ] --START--
INFO: Run Behavior\ContentReplace [ RunTime:0.000209s ]
INFO: [ template_filter ] --END-- [ RunTime:0.000580s ]
NOTIC: [8] Undefined index: username C:\wamp\www\zky\Application\Runtime\Cache\Home\11b09d2d6d83e696111763d4cdee86c9.php 第 118 行.
INFO: Run Behavior\ParseTemplate [ RunTime:0.031230s ]
INFO: [ view_parse ] --END-- [ RunTime:0.031620s ]
INFO: [ view_filter ] --START--
INFO: Run Behavior\WriteHtmlCache [ RunTime:0.000763s ]
INFO: [ view_filter ] --END-- [ RunTime:0.001100s ]
INFO: [ app_end ] --START--
INFO: Run Behavior\ShowPageTrace [ RunTime:0.001044s ]
INFO: [ app_end ] --END-- [ RunTime:0.001390s ]

[ 2017-03-17T17:17:27+08:00 ] 101.199.112.45 /zky/index.php/Home/Index/main
INFO: [ app_begin ] --START--
INFO: Run Behavior\ReadHtmlCache [ RunTime:0.000968s ]
INFO: [ app_begin ] --END-- [ RunTime:0.001848s ]
SQL: SHOW COLUMNS FROM `tp_maincontent` [ RunTime:0.002891s ]
SQL: SELECT `content` FROM `tp_maincontent` WHERE ( id=1 ) LIMIT 1   [ RunTime:0.000400s ]
SQL: SHOW COLUMNS FROM `tp_link` [ RunTime:0.002367s ]
SQL: SELECT * FROM `tp_link` WHERE ( class = 0 )  [ RunTime:0.000372s ]
SQL: SELECT * FROM `tp_link` WHERE ( class = 1 )  [ RunTime:0.000345s ]
SQL: SELECT * FROM `tp_link` WHERE ( class = 2 )  [ RunTime:0.000390s ]
SQL: SELECT * FROM `tp_link` WHERE ( class = 3 )  [ RunTime:0.000386s ]
SQL: SHOW COLUMNS FROM `tp_information` [ RunTime:0.002516s ]
SQL: SELECT * FROM `tp_information` ORDER BY id desc  [ RunTime:0.000402s ]
SQL: SHOW COLUMNS FROM `tp_file` [ RunTime:0.001908s ]
SQL: SELECT * FROM `tp_file` ORDER BY id desc  [ RunTime:0.000287s ]
INFO: [ view_parse ] --START--
INFO: [ template_filter ] --START--
INFO: Run Behavior\ContentReplace [ RunTime:0.000299s ]
INFO: [ template_filter ] --END-- [ RunTime:0.000730s ]
NOTIC: [8] Undefined index: username C:\wamp\www\zky\Application\Runtime\Cache\Home\4462707c48390994935bf3e366c221aa.php 第 188 行.
INFO: Run Behavior\ParseTemplate [ RunTime:0.038015s ]
INFO: [ view_parse ] --END-- [ RunTime:0.038369s ]
INFO: [ view_filter ] --START--
INFO: Run Behavior\WriteHtmlCache [ RunTime:0.000639s ]
INFO: [ view_filter ] --END-- [ RunTime:0.000970s ]
INFO: [ app_end ] --START--
INFO: Run Behavior\ShowPageTrace [ RunTime:0.000969s ]
INFO: [ app_end ] --END-- [ RunTime:0.001303s ]

[ 2017-03-17T17:17:57+08:00 ] 220.181.132.218 /zky/index.php/Home/Inform/showitems/id/72
INFO: [ app_begin ] --START--
INFO: Run Behavior\ReadHtmlCache [ RunTime:0.001063s ]
INFO: [ app_begin ] --END-- [ RunTime:0.001963s ]
SQL: SHOW COLUMNS FROM `tp_information` [ RunTime:0.002794s ]
SQL: SELECT * FROM `tp_information` WHERE ( id = 72 ) ORDER BY id desc LIMIT 1   [ RunTime:0.000423s ]
INFO: [ view_parse ] --START--
INFO: [ template_filter ] --START--
INFO: Run Behavior\ContentReplace [ RunTime:0.000209s ]
INFO: [ template_filter ] --END-- [ RunTime:0.000653s ]
NOTIC: [8] Undefined index: username C:\wamp\www\zky\Application\Runtime\Cache\Home\5151452449fe54a7e1143da4c8cdc00c.php 第 116 行.
INFO: Run Behavior\ParseTemplate [ RunTime:0.015758s ]
INFO: [ view_parse ] --END-- [ RunTime:0.016141s ]
INFO: [ view_filter ] --START--
INFO: Run Behavior\WriteHtmlCache [ RunTime:0.000737s ]
INFO: [ view_filter ] --END-- [ RunTime:0.001082s ]
INFO: [ app_end ] --START--
INFO: Run Behavior\ShowPageTrace [ RunTime:0.001066s ]
INFO: [ app_end ] --END-- [ RunTime:0.001409s ]

[ 2017-03-17T17:18:08+08:00 ] 220.181.132.199 /zky/index.php/Home/Inform/showitems/id/72
INFO: [ app_begin ] --START--
INFO: Run Behavior\ReadHtmlCache [ RunTime:0.001005s ]
INFO: [ app_begin ] --END-- [ RunTime:0.001815s ]
SQL: SHOW COLUMNS FROM `tp_information` [ RunTime:0.003669s ]
SQL: SELECT * FROM `tp_information` WHERE ( id = 72 ) ORDER BY id desc LIMIT 1   [ RunTime:0.000456s ]
INFO: [ view_parse ] --START--
INFO: [ template_filter ] --START--
INFO: Run Behavior\ContentReplace [ RunTime:0.000216s ]
INFO: [ template_filter ] --END-- [ RunTime:0.000595s ]
NOTIC: [8] Undefined index: username C:\wamp\www\zky\Application\Runtime\Cache\Home\5151452449fe54a7e1143da4c8cdc00c.php 第 116 行.
INFO: Run Behavior\ParseTemplate [ RunTime:0.016597s ]
INFO: [ view_parse ] --END-- [ RunTime:0.016960s ]
INFO: [ view_filter ] --START--
INFO: Run Behavior\WriteHtmlCache [ RunTime:0.000689s ]
INFO: [ view_filter ] --END-- [ RunTime:0.001033s ]
INFO: [ app_end ] --START--
INFO: Run Behavior\ShowPageTrace [ RunTime:0.001174s ]
INFO: [ app_end ] --END-- [ RunTime:0.001573s ]

[ 2017-03-17T17:19:00+08:00 ] 220.181.132.218 /zky/index.php/Home/Regulation/regulation
INFO: [ app_begin ] --START--
INFO: Run Behavior\ReadHtmlCache [ RunTime:0.001035s ]
INFO: [ app_begin ] --END-- [ RunTime:0.001865s ]
SQL: SHOW COLUMNS FROM `tp_regulation` [ RunTime:0.003976s ]
SQL: SELECT COUNT(*) AS tp_count FROM `tp_regulation` LIMIT 1   [ RunTime:0.000287s ]
SQL: SELECT * FROM `tp_regulation` ORDER BY id LIMIT 0,20   [ RunTime:0.000373s ]
INFO: [ view_parse ] --START--
INFO: [ template_filter ] --START--
INFO: Run Behavior\ContentReplace [ RunTime:0.000203s ]
INFO: [ template_filter ] --END-- [ RunTime:0.000572s ]
NOTIC: [8] Undefined index: username C:\wamp\www\zky\Application\Runtime\Cache\Home\11b09d2d6d83e696111763d4cdee86c9.php 第 118 行.
INFO: Run Behavior\ParseTemplate [ RunTime:0.018706s ]
INFO: [ view_parse ] --END-- [ RunTime:0.019122s ]
INFO: [ view_filter ] --START--
INFO: Run Behavior\WriteHtmlCache [ RunTime:0.000913s ]
INFO: [ view_filter ] --END-- [ RunTime:0.001339s ]
INFO: [ app_end ] --START--
INFO: Run Behavior\ShowPageTrace [ RunTime:0.001140s ]
INFO: [ app_end ] --END-- [ RunTime:0.001499s ]

[ 2017-03-17T17:19:07+08:00 ] 101.199.108.59 /zky/index.php/Home/Regulation/regulation
INFO: [ app_begin ] --START--
INFO: Run Behavior\ReadHtmlCache [ RunTime:0.001055s ]
INFO: [ app_begin ] --END-- [ RunTime:0.001966s ]
SQL: SHOW COLUMNS FROM `tp_regulation` [ RunTime:0.003290s ]
SQL: SELECT COUNT(*) AS tp_count FROM `tp_regulation` LIMIT 1   [ RunTime:0.000343s ]
SQL: SELECT * FROM `tp_regulation` ORDER BY id LIMIT 0,20   [ RunTime:0.000636s ]
INFO: [ view_parse ] --START--
INFO: [ template_filter ] --START--
INFO: Run Behavior\ContentReplace [ RunTime:0.000219s ]
INFO: [ template_filter ] --END-- [ RunTime:0.000620s ]
NOTIC: [8] Undefined index: username C:\wamp\www\zky\Application\Runtime\Cache\Home\11b09d2d6d83e696111763d4cdee86c9.php 第 118 行.
INFO: Run Behavior\ParseTemplate [ RunTime:0.018473s ]
INFO: [ view_parse ] --END-- [ RunTime:0.018829s ]
INFO: [ view_filter ] --START--
INFO: Run Behavior\WriteHtmlCache [ RunTime:0.000674s ]
INFO: [ view_filter ] --END-- [ RunTime:0.001088s ]
INFO: [ app_end ] --START--
INFO: Run Behavior\ShowPageTrace [ RunTime:0.001149s ]
INFO: [ app_end ] --END-- [ RunTime:0.001488s ]

[ 2017-03-17T17:26:59+08:00 ] 220.249.99.139 /zky/index.php/Home/Regulation/regulation
INFO: [ app_begin ] --START--
INFO: Run Behavior\ReadHtmlCache [ RunTime:0.001045s ]
INFO: [ app_begin ] --END-- [ RunTime:0.001860s ]
SQL: SHOW COLUMNS FROM `tp_regulation` [ RunTime:0.002667s ]
SQL: SELECT COUNT(*) AS tp_count FROM `tp_regulation` LIMIT 1   [ RunTime:0.000268s ]
SQL: SELECT * FROM `tp_regulation` ORDER BY id LIMIT 0,20   [ RunTime:0.000376s ]
INFO: [ view_parse ] --START--
INFO: [ template_filter ] --START--
INFO: Run Behavior\ContentReplace [ RunTime:0.000208s ]
INFO: [ template_filter ] --END-- [ RunTime:0.000588s ]
NOTIC: [8] Undefined index: username C:\wamp\www\zky\Application\Runtime\Cache\Home\11b09d2d6d83e696111763d4cdee86c9.php 第 118 行.
INFO: Run Behavior\ParseTemplate [ RunTime:0.017884s ]
INFO: [ view_parse ] --END-- [ RunTime:0.018506s ]
INFO: [ view_filter ] --START--
INFO: Run Behavior\WriteHtmlCache [ RunTime:0.000742s ]
INFO: [ view_filter ] --END-- [ RunTime:0.001222s ]
INFO: [ app_end ] --START--
INFO: Run Behavior\ShowPageTrace [ RunTime:0.001382s ]
INFO: [ app_end ] --END-- [ RunTime:0.001726s ]

[ 2017-03-17T17:27:02+08:00 ] 220.249.99.139 /zky/index.php/Home/Index/main
INFO: [ app_begin ] --START--
INFO: Run Behavior\ReadHtmlCache [ RunTime:0.001006s ]
INFO: [ app_begin ] --END-- [ RunTime:0.001849s ]
SQL: SHOW COLUMNS FROM `tp_maincontent` [ RunTime:0.002288s ]
SQL: SELECT `content` FROM `tp_maincontent` WHERE ( id=1 ) LIMIT 1   [ RunTime:0.000340s ]
SQL: SHOW COLUMNS FROM `tp_link` [ RunTime:0.001871s ]
SQL: SELECT * FROM `tp_link` WHERE ( class = 0 )  [ RunTime:0.000315s ]
SQL: SELECT * FROM `tp_link` WHERE ( class = 1 )  [ RunTime:0.000285s ]
SQL: SELECT * FROM `tp_link` WHERE ( class = 2 )  [ RunTime:0.000294s ]
SQL: SELECT * FROM `tp_link` WHERE ( class = 3 )  [ RunTime:0.000301s ]
SQL: SHOW COLUMNS FROM `tp_information` [ RunTime:0.001896s ]
SQL: SELECT * FROM `tp_information` ORDER BY id desc  [ RunTime:0.000357s ]
SQL: SHOW COLUMNS FROM `tp_file` [ RunTime:0.002309s ]
SQL: SELECT * FROM `tp_file` ORDER BY id desc  [ RunTime:0.000297s ]
INFO: [ view_parse ] --START--
INFO: [ template_filter ] --START--
INFO: Run Behavior\ContentReplace [ RunTime:0.000288s ]
INFO: [ template_filter ] --END-- [ RunTime:0.000678s ]
NOTIC: [8] Undefined index: username C:\wamp\www\zky\Application\Runtime\Cache\Home\4462707c48390994935bf3e366c221aa.php 第 188 行.
INFO: Run Behavior\ParseTemplate [ RunTime:0.036538s ]
INFO: [ view_parse ] --END-- [ RunTime:0.036891s ]
INFO: [ view_filter ] --START--
INFO: Run Behavior\WriteHtmlCache [ RunTime:0.000727s ]
INFO: [ view_filter ] --END-- [ RunTime:0.001068s ]
INFO: [ app_end ] --START--
INFO: Run Behavior\ShowPageTrace [ RunTime:0.001409s ]
INFO: [ app_end ] --END-- [ RunTime:0.001753s ]

[ 2017-03-17T17:27:02+08:00 ] 220.249.99.139 /zky/index.php/Home/Public/code
INFO: [ app_begin ] --START--
INFO: Run Behavior\ReadHtmlCache [ RunTime:0.001335s ]
INFO: [ app_begin ] --END-- [ RunTime:0.002213s ]
INFO: [ app_end ] --START--
INFO: Run Behavior\ShowPageTrace [ RunTime:0.001183s ]
INFO: [ app_end ] --END-- [ RunTime:0.001562s ]

[ 2017-03-17T18:09:11+08:00 ] 218.199.68.251 /zky/
INFO: [ app_begin ] --START--
INFO: Run Behavior\ReadHtmlCache [ RunTime:0.001035s ]
INFO: [ app_begin ] --END-- [ RunTime:0.001833s ]
SQL: SHOW COLUMNS FROM `tp_maincontent` [ RunTime:0.003778s ]
SQL: SELECT `content` FROM `tp_maincontent` WHERE ( id=1 ) LIMIT 1   [ RunTime:0.000389s ]
SQL: SHOW COLUMNS FROM `tp_link` [ RunTime:0.002118s ]
SQL: SELECT * FROM `tp_link` WHERE ( class = 0 )  [ RunTime:0.000332s ]
SQL: SELECT * FROM `tp_link` WHERE ( class = 1 )  [ RunTime:0.000295s ]
SQL: SELECT * FROM `tp_link` WHERE ( class = 2 )  [ RunTime:0.000286s ]
SQL: SELECT * FROM `tp_link` WHERE ( class = 3 )  [ RunTime:0.000303s ]
SQL: SHOW COLUMNS FROM `tp_information` [ RunTime:0.002685s ]
SQL: SELECT * FROM `tp_information` ORDER BY id desc  [ RunTime:0.000439s ]
SQL: SHOW COLUMNS FROM `tp_file` [ RunTime:0.002459s ]
SQL: SELECT * FROM `tp_file` ORDER BY id desc  [ RunTime:0.000312s ]
INFO: [ view_parse ] --START--
INFO: [ template_filter ] --START--
INFO: Run Behavior\ContentReplace [ RunTime:0.000301s ]
INFO: [ template_filter ] --END-- [ RunTime:0.000700s ]
NOTIC: [8] Undefined index: username C:\wamp\www\zky\Application\Runtime\Cache\Home\2a94b8bda04ff446dcedd42276fc99ee.php 第 188 行.
INFO: Run Behavior\ParseTemplate [ RunTime:0.046396s ]
INFO: [ view_parse ] --END-- [ RunTime:0.046754s ]
INFO: [ view_filter ] --START--
INFO: Run Behavior\WriteHtmlCache [ RunTime:0.000720s ]
INFO: [ view_filter ] --END-- [ RunTime:0.001052s ]
INFO: [ app_end ] --START--
INFO: Run Behavior\ShowPageTrace [ RunTime:0.001044s ]
INFO: [ app_end ] --END-- [ RunTime:0.001432s ]

[ 2017-03-17T18:09:11+08:00 ] 218.199.68.251 /zky/index.php/Home/Public/code
INFO: [ app_begin ] --START--
INFO: Run Behavior\ReadHtmlCache [ RunTime:0.001015s ]
INFO: [ app_begin ] --END-- [ RunTime:0.001810s ]
INFO: [ app_end ] --START--
INFO: Run Behavior\ShowPageTrace [ RunTime:0.001157s ]
INFO: [ app_end ] --END-- [ RunTime:0.001545s ]

[ 2017-03-17T18:09:15+08:00 ] 218.199.68.251 /zky/index.php/Home/Index/main
INFO: [ app_begin ] --START--
INFO: Run Behavior\ReadHtmlCache [ RunTime:0.001046s ]
INFO: [ app_begin ] --END-- [ RunTime:0.001881s ]
SQL: SHOW COLUMNS FROM `tp_maincontent` [ RunTime:0.002775s ]
SQL: SELECT `content` FROM `tp_maincontent` WHERE ( id=1 ) LIMIT 1   [ RunTime:0.000333s ]
SQL: SHOW COLUMNS FROM `tp_link` [ RunTime:0.001847s ]
SQL: SELECT * FROM `tp_link` WHERE ( class = 0 )  [ RunTime:0.000302s ]
SQL: SELECT * FROM `tp_link` WHERE ( class = 1 )  [ RunTime:0.000281s ]
SQL: SELECT * FROM `tp_link` WHERE ( class = 2 )  [ RunTime:0.000281s ]
SQL: SELECT * FROM `tp_link` WHERE ( class = 3 )  [ RunTime:0.000281s ]
SQL: SHOW COLUMNS FROM `tp_information` [ RunTime:0.001802s ]
SQL: SELECT * FROM `tp_information` ORDER BY id desc  [ RunTime:0.000350s ]
SQL: SHOW COLUMNS FROM `tp_file` [ RunTime:0.002508s ]
SQL: SELECT * FROM `tp_file` ORDER BY id desc  [ RunTime:0.000327s ]
INFO: [ view_parse ] --START--
INFO: [ template_filter ] --START--
INFO: Run Behavior\ContentReplace [ RunTime:0.000319s ]
INFO: [ template_filter ] --END-- [ RunTime:0.000696s ]
NOTIC: [8] Undefined index: username C:\wamp\www\zky\Application\Runtime\Cache\Home\4462707c48390994935bf3e366c221aa.php 第 188 行.
INFO: Run Behavior\ParseTemplate [ RunTime:0.036358s ]
INFO: [ view_parse ] --END-- [ RunTime:0.036707s ]
INFO: [ view_filter ] --START--
INFO: Run Behavior\WriteHtmlCache [ RunTime:0.000726s ]
INFO: [ view_filter ] --END-- [ RunTime:0.001054s ]
INFO: [ app_end ] --START--
INFO: Run Behavior\ShowPageTrace [ RunTime:0.001017s ]
INFO: [ app_end ] --END-- [ RunTime:0.001652s ]

[ 2017-03-17T18:09:15+08:00 ] 218.199.68.251 /zky/index.php/Home/Public/code
INFO: [ app_begin ] --START--
INFO: Run Behavior\ReadHtmlCache [ RunTime:0.001048s ]
INFO: [ app_begin ] --END-- [ RunTime:0.001874s ]
INFO: [ app_end ] --START--
INFO: Run Behavior\ShowPageTrace [ RunTime:0.001105s ]
INFO: [ app_end ] --END-- [ RunTime:0.001491s ]

[ 2017-03-17T18:09:18+08:00 ] 218.199.68.251 /zky/index.php/Home/Index/main
INFO: [ app_begin ] --START--
INFO: Run Behavior\ReadHtmlCache [ RunTime:0.001119s ]
INFO: [ app_begin ] --END-- [ RunTime:0.001988s ]
SQL: SHOW COLUMNS FROM `tp_maincontent` [ RunTime:0.002861s ]
SQL: SELECT `content` FROM `tp_maincontent` WHERE ( id=1 ) LIMIT 1   [ RunTime:0.000373s ]
SQL: SHOW COLUMNS FROM `tp_link` [ RunTime:0.001839s ]
SQL: SELECT * FROM `tp_link` WHERE ( class = 0 )  [ RunTime:0.000331s ]
SQL: SELECT * FROM `tp_link` WHERE ( class = 1 )  [ RunTime:0.000334s ]
SQL: SELECT * FROM `tp_link` WHERE ( class = 2 )  [ RunTime:0.000497s ]
SQL: SELECT * FROM `tp_link` WHERE ( class = 3 )  [ RunTime:0.000289s ]
SQL: SHOW COLUMNS FROM `tp_information` [ RunTime:0.002234s ]
SQL: SELECT * FROM `tp_information` ORDER BY id desc  [ RunTime:0.000360s ]
SQL: SHOW COLUMNS FROM `tp_file` [ RunTime:0.002508s ]
SQL: SELECT * FROM `tp_file` ORDER BY id desc  [ RunTime:0.000369s ]
INFO: [ view_parse ] --START--
INFO: [ template_filter ] --START--
INFO: Run Behavior\ContentReplace [ RunTime:0.000287s ]
INFO: [ template_filter ] --END-- [ RunTime:0.000681s ]
NOTIC: [8] Undefined index: username C:\wamp\www\zky\Application\Runtime\Cache\Home\4462707c48390994935bf3e366c221aa.php 第 188 行.
INFO: Run Behavior\ParseTemplate [ RunTime:0.035449s ]
INFO: [ view_parse ] --END-- [ RunTime:0.035813s ]
INFO: [ view_filter ] --START--
INFO: Run Behavior\WriteHtmlCache [ RunTime:0.000652s ]
INFO: [ view_filter ] --END-- [ RunTime:0.000984s ]
INFO: [ app_end ] --START--
INFO: Run Behavior\ShowPageTrace [ RunTime:0.000951s ]
INFO: [ app_end ] --END-- [ RunTime:0.001290s ]

[ 2017-03-17T18:09:18+08:00 ] 218.199.68.251 /zky/index.php/Home/Public/code
INFO: [ app_begin ] --START--
INFO: Run Behavior\ReadHtmlCache [ RunTime:0.001078s ]
INFO: [ app_begin ] --END-- [ RunTime:0.001859s ]
INFO: [ app_end ] --START--
INFO: Run Behavior\ShowPageTrace [ RunTime:0.001237s ]
INFO: [ app_end ] --END-- [ RunTime:0.001638s ]

[ 2017-03-17T18:09:20+08:00 ] 218.199.68.251 /zky/index.php/Home/Equipment/equipment
INFO: [ app_begin ] --START--
INFO: Run Behavior\ReadHtmlCache [ RunTime:0.000940s ]
INFO: [ app_begin ] --END-- [ RunTime:0.001791s ]
SQL: SHOW COLUMNS FROM `tp_equipment` [ RunTime:0.003486s ]
SQL: SELECT COUNT(*) AS tp_count FROM `tp_equipment` LIMIT 1   [ RunTime:0.000269s ]
SQL: SELECT * FROM `tp_equipment` LIMIT 0,9   [ RunTime:0.000419s ]
INFO: [ view_parse ] --START--
INFO: [ template_filter ] --START--
INFO: Run Behavior\ContentReplace [ RunTime:0.000238s ]
INFO: [ template_filter ] --END-- [ RunTime:0.000615s ]
NOTIC: [8] Undefined index: username C:\wamp\www\zky\Application\Runtime\Cache\Home\356e1af77c9db117a44a52331a30d673.php 第 109 行.
INFO: Run Behavior\ParseTemplate [ RunTime:0.032825s ]
INFO: [ view_parse ] --END-- [ RunTime:0.033200s ]
INFO: [ view_filter ] --START--
INFO: Run Behavior\WriteHtmlCache [ RunTime:0.000613s ]
INFO: [ view_filter ] --END-- [ RunTime:0.001004s ]
INFO: [ app_end ] --START--
INFO: Run Behavior\ShowPageTrace [ RunTime:0.000956s ]
INFO: [ app_end ] --END-- [ RunTime:0.001401s ]

[ 2017-03-17T18:09:22+08:00 ] 218.199.68.251 /zky/index.php/Home/Regulation/regulation
INFO: [ app_begin ] --START--
INFO: Run Behavior\ReadHtmlCache [ RunTime:0.001034s ]
INFO: [ app_begin ] --END-- [ RunTime:0.001818s ]
SQL: SHOW COLUMNS FROM `tp_regulation` [ RunTime:0.003466s ]
SQL: SELECT COUNT(*) AS tp_count FROM `tp_regulation` LIMIT 1   [ RunTime:0.000268s ]
SQL: SELECT * FROM `tp_regulation` ORDER BY id LIMIT 0,20   [ RunTime:0.000406s ]
INFO: [ view_parse ] --START--
INFO: [ template_filter ] --START--
INFO: Run Behavior\ContentReplace [ RunTime:0.000207s ]
INFO: [ template_filter ] --END-- [ RunTime:0.000577s ]
NOTIC: [8] Undefined index: username C:\wamp\www\zky\Application\Runtime\Cache\Home\11b09d2d6d83e696111763d4cdee86c9.php 第 118 行.
INFO: Run Behavior\ParseTemplate [ RunTime:0.017444s ]
INFO: [ view_parse ] --END-- [ RunTime:0.017796s ]
INFO: [ view_filter ] --START--
INFO: Run Behavior\WriteHtmlCache [ RunTime:0.000789s ]
INFO: [ view_filter ] --END-- [ RunTime:0.001126s ]
INFO: [ app_end ] --START--
INFO: Run Behavior\ShowPageTrace [ RunTime:0.001046s ]
INFO: [ app_end ] --END-- [ RunTime:0.001433s ]

[ 2017-03-17T18:09:27+08:00 ] 218.199.68.251 /zky/index.php/Home/File/document
INFO: [ app_begin ] --START--
INFO: Run Behavior\ReadHtmlCache [ RunTime:0.001113s ]
INFO: [ app_begin ] --END-- [ RunTime:0.002037s ]
SQL: SHOW COLUMNS FROM `tp_file` [ RunTime:0.002485s ]
SQL: SELECT COUNT(*) AS tp_count FROM `tp_file` LIMIT 1   [ RunTime:0.000272s ]
SQL: SELECT * FROM `tp_file` LIMIT 0,10   [ RunTime:0.000337s ]
INFO: [ view_parse ] --START--
INFO: [ template_filter ] --START--
INFO: Run Behavior\ContentReplace [ RunTime:0.000199s ]
INFO: [ template_filter ] --END-- [ RunTime:0.000577s ]
NOTIC: [8] Undefined index: username C:\wamp\www\zky\Application\Runtime\Cache\Home\e4387c5e386cd9dbd17b22b1d22fe707.php 第 112 行.
INFO: Run Behavior\ParseTemplate [ RunTime:0.018098s ]
INFO: [ view_parse ] --END-- [ RunTime:0.018471s ]
INFO: [ view_filter ] --START--
INFO: Run Behavior\WriteHtmlCache [ RunTime:0.000724s ]
INFO: [ view_filter ] --END-- [ RunTime:0.001051s ]
INFO: [ app_end ] --START--
INFO: Run Behavior\ShowPageTrace [ RunTime:0.001057s ]
INFO: [ app_end ] --END-- [ RunTime:0.001423s ]

[ 2017-03-17T18:09:30+08:00 ] 218.199.68.251 /zky/index.php/Home/Message/conmunication
INFO: [ app_begin ] --START--
INFO: Run Behavior\ReadHtmlCache [ RunTime:0.000996s ]
INFO: [ app_begin ] --END-- [ RunTime:0.001741s ]
SQL: SHOW COLUMNS FROM `tp_user` [ RunTime:0.002878s ]
NOTIC: [8] Undefined index: id C:\wamp\www\zky\Application\Home\Controller\MessageController.class.php 第 8 行.
SQL: SELECT `say` FROM `tp_user` WHERE ( id =   ) LIMIT 1   [ RunTime:0.000232s ]
ERR: 1064:You have an error in your SQL syntax; check the manual that corresponds to your MySQL server version for the right syntax to use near ') LIMIT 1' at line 1
 [ SQL语句 ] : SELECT `say` FROM `tp_user` WHERE ( id =   ) LIMIT 1  
SQL: SHOW COLUMNS FROM `tp_message` [ RunTime:0.003257s ]
SQL: SELECT COUNT(*) AS tp_count FROM `tp_message` LIMIT 1   [ RunTime:0.000414s ]
SQL: SELECT * FROM `tp_message` ORDER BY id desc LIMIT 0,13   [ RunTime:0.000427s ]
INFO: [ view_parse ] --START--
INFO: [ template_filter ] --START--
INFO: Run Behavior\ContentReplace [ RunTime:0.000254s ]
INFO: [ template_filter ] --END-- [ RunTime:0.000718s ]
NOTIC: [8] Undefined index: username C:\wamp\www\zky\Application\Runtime\Cache\Home\afb02c676964e0f94d9da57105704626.php 第 174 行.
INFO: Run Behavior\ParseTemplate [ RunTime:0.021396s ]
INFO: [ view_parse ] --END-- [ RunTime:0.021754s ]
INFO: [ view_filter ] --START--
INFO: Run Behavior\WriteHtmlCache [ RunTime:0.000784s ]
INFO: [ view_filter ] --END-- [ RunTime:0.001118s ]
INFO: [ app_end ] --START--
INFO: Run Behavior\ShowPageTrace [ RunTime:0.001055s ]
INFO: [ app_end ] --END-- [ RunTime:0.001396s ]

[ 2017-03-17T18:09:31+08:00 ] 218.199.68.251 /zky/index.php/Home/Public/code
INFO: [ app_begin ] --START--
INFO: Run Behavior\ReadHtmlCache [ RunTime:0.001034s ]
INFO: [ app_begin ] --END-- [ RunTime:0.001803s ]
INFO: [ app_end ] --START--
INFO: Run Behavior\ShowPageTrace [ RunTime:0.001255s ]
INFO: [ app_end ] --END-- [ RunTime:0.001646s ]

[ 2017-03-17T18:09:37+08:00 ] 218.199.68.251 /zky/index.php/Home/Index/about_us
INFO: [ app_begin ] --START--
INFO: Run Behavior\ReadHtmlCache [ RunTime:0.001038s ]
INFO: [ app_begin ] --END-- [ RunTime:0.001828s ]
SQL: SHOW COLUMNS FROM `tp_person` [ RunTime:0.003171s ]
SQL: SHOW COLUMNS FROM `tp_others` [ RunTime:0.002152s ]
SQL: SELECT * FROM `tp_person` ORDER BY id asc  [ RunTime:0.000370s ]
SQL: SELECT * FROM `tp_others` ORDER BY id asc  [ RunTime:0.000304s ]
INFO: [ view_parse ] --START--
INFO: [ template_filter ] --START--
INFO: Run Behavior\ContentReplace [ RunTime:0.000219s ]
INFO: [ template_filter ] --END-- [ RunTime:0.000594s ]
NOTIC: [8] Undefined index: username C:\wamp\www\zky\Application\Runtime\Cache\Home\40888aa7df382378d83fe78c28728374.php 第 112 行.
INFO: Run Behavior\ParseTemplate [ RunTime:0.031265s ]
INFO: [ view_parse ] --END-- [ RunTime:0.031625s ]
INFO: [ view_filter ] --START--
INFO: Run Behavior\WriteHtmlCache [ RunTime:0.000710s ]
INFO: [ view_filter ] --END-- [ RunTime:0.001042s ]
INFO: [ app_end ] --START--
INFO: Run Behavior\ShowPageTrace [ RunTime:0.001060s ]
INFO: [ app_end ] --END-- [ RunTime:0.001400s ]

[ 2017-03-17T18:09:42+08:00 ] 218.199.68.251 /zky/index.php/Home/Index/main
INFO: [ app_begin ] --START--
INFO: Run Behavior\ReadHtmlCache [ RunTime:0.001064s ]
INFO: [ app_begin ] --END-- [ RunTime:0.001930s ]
SQL: SHOW COLUMNS FROM `tp_maincontent` [ RunTime:0.002776s ]
SQL: SELECT `content` FROM `tp_maincontent` WHERE ( id=1 ) LIMIT 1   [ RunTime:0.000342s ]
SQL: SHOW COLUMNS FROM `tp_link` [ RunTime:0.001895s ]
SQL: SELECT * FROM `tp_link` WHERE ( class = 0 )  [ RunTime:0.000303s ]
SQL: SELECT * FROM `tp_link` WHERE ( class = 1 )  [ RunTime:0.000277s ]
SQL: SELECT * FROM `tp_link` WHERE ( class = 2 )  [ RunTime:0.000283s ]
SQL: SELECT * FROM `tp_link` WHERE ( class = 3 )  [ RunTime:0.000281s ]
SQL: SHOW COLUMNS FROM `tp_information` [ RunTime:0.001812s ]
SQL: SELECT * FROM `tp_information` ORDER BY id desc  [ RunTime:0.000358s ]
SQL: SHOW COLUMNS FROM `tp_file` [ RunTime:0.001874s ]
SQL: SELECT * FROM `tp_file` ORDER BY id desc  [ RunTime:0.000298s ]
INFO: [ view_parse ] --START--
INFO: [ template_filter ] --START--
INFO: Run Behavior\ContentReplace [ RunTime:0.000281s ]
INFO: [ template_filter ] --END-- [ RunTime:0.000659s ]
NOTIC: [8] Undefined index: username C:\wamp\www\zky\Application\Runtime\Cache\Home\4462707c48390994935bf3e366c221aa.php 第 188 行.
INFO: Run Behavior\ParseTemplate [ RunTime:0.036724s ]
INFO: [ view_parse ] --END-- [ RunTime:0.037074s ]
INFO: [ view_filter ] --START--
INFO: Run Behavior\WriteHtmlCache [ RunTime:0.000687s ]
INFO: [ view_filter ] --END-- [ RunTime:0.001018s ]
INFO: [ app_end ] --START--
INFO: Run Behavior\ShowPageTrace [ RunTime:0.000986s ]
INFO: [ app_end ] --END-- [ RunTime:0.001319s ]

[ 2017-03-17T18:09:43+08:00 ] 218.199.68.251 /zky/index.php/Home/Public/code
INFO: [ app_begin ] --START--
INFO: Run Behavior\ReadHtmlCache [ RunTime:0.000938s ]
INFO: [ app_begin ] --END-- [ RunTime:0.001718s ]
INFO: [ app_end ] --START--
INFO: Run Behavior\ShowPageTrace [ RunTime:0.001310s ]
INFO: [ app_end ] --END-- [ RunTime:0.001702s ]

[ 2017-03-17T18:12:32+08:00 ] 218.199.68.251 /zky/index.php/Admin/Login/do_login
INFO: [ app_begin ] --START--
INFO: Run Behavior\ReadHtmlCache [ RunTime:0.001086s ]
INFO: [ app_begin ] --END-- [ RunTime:0.001936s ]
SQL: SHOW COLUMNS FROM `tp_user` [ RunTime:0.002949s ]
SQL: SELECT COUNT(*) AS tp_count FROM `tp_user` WHERE ( username = 2015317200402 ) LIMIT 1   [ RunTime:0.015652s ]
SQL: SELECT `isTeacher` FROM `tp_user` WHERE ( username = 2015317200402 ) LIMIT 1   [ RunTime:0.000329s ]
SQL: SELECT `password` FROM `tp_user` WHERE ( username = 2015317200402 ) LIMIT 1   [ RunTime:0.000277s ]

[ 2017-03-17T18:12:33+08:00 ] 218.199.68.251 /zky/index.php/Admin/Login/do_login
INFO: [ app_begin ] --START--
INFO: Run Behavior\ReadHtmlCache [ RunTime:0.000991s ]
INFO: [ app_begin ] --END-- [ RunTime:0.001749s ]
SQL: SHOW COLUMNS FROM `tp_user` [ RunTime:0.003079s ]
SQL: SELECT COUNT(*) AS tp_count FROM `tp_user` WHERE ( username = 2015317200402 ) LIMIT 1   [ RunTime:0.000390s ]
SQL: SELECT `isTeacher` FROM `tp_user` WHERE ( username = 2015317200402 ) LIMIT 1   [ RunTime:0.000290s ]
SQL: SELECT `password` FROM `tp_user` WHERE ( username = 2015317200402 ) LIMIT 1   [ RunTime:0.000304s ]

[ 2017-03-17T18:12:34+08:00 ] 218.199.68.251 /zky/index.php/Admin/Login/do_login
INFO: [ app_begin ] --START--
INFO: Run Behavior\ReadHtmlCache [ RunTime:0.001069s ]
INFO: [ app_begin ] --END-- [ RunTime:0.002061s ]
SQL: SHOW COLUMNS FROM `tp_user` [ RunTime:0.003169s ]
SQL: SELECT COUNT(*) AS tp_count FROM `tp_user` WHERE ( username = 2015317200402 ) LIMIT 1   [ RunTime:0.000349s ]
SQL: SELECT `isTeacher` FROM `tp_user` WHERE ( username = 2015317200402 ) LIMIT 1   [ RunTime:0.000288s ]
SQL: SELECT `password` FROM `tp_user` WHERE ( username = 2015317200402 ) LIMIT 1   [ RunTime:0.000284s ]

[ 2017-03-17T18:12:38+08:00 ] 218.199.68.251 /zky/index.php/Admin/Login/do_login
INFO: [ app_begin ] --START--
INFO: Run Behavior\ReadHtmlCache [ RunTime:0.000925s ]
INFO: [ app_begin ] --END-- [ RunTime:0.001684s ]
SQL: SHOW COLUMNS FROM `tp_user` [ RunTime:0.003141s ]
SQL: SELECT COUNT(*) AS tp_count FROM `tp_user` WHERE ( username = 2015317200402 ) LIMIT 1   [ RunTime:0.000360s ]
SQL: SELECT `isTeacher` FROM `tp_user` WHERE ( username = 2015317200402 ) LIMIT 1   [ RunTime:0.000286s ]
SQL: SELECT `password` FROM `tp_user` WHERE ( username = 2015317200402 ) LIMIT 1   [ RunTime:0.000280s ]
SQL: SELECT `name` FROM `tp_user` WHERE ( username = 2015317200402 ) LIMIT 1   [ RunTime:0.000281s ]
SQL: SELECT `id` FROM `tp_user` WHERE ( username = 2015317200402 ) LIMIT 1   [ RunTime:0.000282s ]
SQL: SELECT `username` FROM `tp_user` WHERE ( username = 2015317200402 ) LIMIT 1   [ RunTime:0.000295s ]

[ 2017-03-17T18:12:39+08:00 ] 218.199.68.251 /zky/index.php/Admin/Login/do_login
INFO: [ app_begin ] --START--
INFO: Run Behavior\ReadHtmlCache [ RunTime:0.000996s ]
INFO: [ app_begin ] --END-- [ RunTime:0.001787s ]
SQL: SHOW COLUMNS FROM `tp_user` [ RunTime:0.002253s ]
SQL: SELECT COUNT(*) AS tp_count FROM `tp_user` WHERE ( username = 2015317200402 ) LIMIT 1   [ RunTime:0.000338s ]
SQL: SELECT `isTeacher` FROM `tp_user` WHERE ( username = 2015317200402 ) LIMIT 1   [ RunTime:0.000282s ]
SQL: SELECT `password` FROM `tp_user` WHERE ( username = 2015317200402 ) LIMIT 1   [ RunTime:0.000272s ]
SQL: SELECT `name` FROM `tp_user` WHERE ( username = 2015317200402 ) LIMIT 1   [ RunTime:0.000280s ]
SQL: SELECT `id` FROM `tp_user` WHERE ( username = 2015317200402 ) LIMIT 1   [ RunTime:0.000275s ]
SQL: SELECT `username` FROM `tp_user` WHERE ( username = 2015317200402 ) LIMIT 1   [ RunTime:0.000271s ]

[ 2017-03-17T18:12:39+08:00 ] 218.199.68.251 /zky/index.php/Admin/Index/admin
INFO: [ app_begin ] --START--
INFO: Run Behavior\ReadHtmlCache [ RunTime:0.001104s ]
INFO: [ app_begin ] --END-- [ RunTime:0.001871s ]
INFO: [ view_parse ] --START--
INFO: [ template_filter ] --START--
INFO: Run Behavior\ContentReplace [ RunTime:0.000226s ]
INFO: [ template_filter ] --END-- [ RunTime:0.000609s ]
INFO: Run Behavior\ParseTemplate [ RunTime:0.060513s ]
INFO: [ view_parse ] --END-- [ RunTime:0.060927s ]
INFO: [ view_filter ] --START--
INFO: Run Behavior\WriteHtmlCache [ RunTime:0.000844s ]
INFO: [ view_filter ] --END-- [ RunTime:0.001184s ]
INFO: [ app_end ] --START--
INFO: Run Behavior\ShowPageTrace [ RunTime:0.001055s ]
INFO: [ app_end ] --END-- [ RunTime:0.001397s ]

[ 2017-03-17T18:12:45+08:00 ] 218.199.68.251 /zky/index.php/Admin/Index/index_link
INFO: [ app_begin ] --START--
INFO: Run Behavior\ReadHtmlCache [ RunTime:0.000952s ]
INFO: [ app_begin ] --END-- [ RunTime:0.001795s ]
SQL: SHOW COLUMNS FROM `tp_link` [ RunTime:0.004279s ]
SQL: SELECT * FROM `tp_link` WHERE ( class = 0 )  [ RunTime:0.000346s ]
SQL: SELECT * FROM `tp_link` WHERE ( class = 1 )  [ RunTime:0.000302s ]
SQL: SELECT * FROM `tp_link` WHERE ( class = 2 )  [ RunTime:0.000349s ]
SQL: SELECT * FROM `tp_link` WHERE ( class = 3 )  [ RunTime:0.000346s ]
SQL: SHOW COLUMNS FROM `tp_maincontent` [ RunTime:0.002097s ]
SQL: SELECT `content` FROM `tp_maincontent` WHERE ( id = 1 ) LIMIT 1   [ RunTime:0.000429s ]
INFO: [ view_parse ] --START--
INFO: [ template_filter ] --START--
INFO: Run Behavior\ContentReplace [ RunTime:0.000224s ]
INFO: [ template_filter ] --END-- [ RunTime:0.000612s ]
INFO: Run Behavior\ParseTemplate [ RunTime:0.048998s ]
INFO: [ view_parse ] --END-- [ RunTime:0.049357s ]
INFO: [ view_filter ] --START--
INFO: Run Behavior\WriteHtmlCache [ RunTime:0.000603s ]
INFO: [ view_filter ] --END-- [ RunTime:0.000935s ]
INFO: [ app_end ] --START--
INFO: Run Behavior\ShowPageTrace [ RunTime:0.000896s ]
INFO: [ app_end ] --END-- [ RunTime:0.001234s ]

[ 2017-03-17T18:12:51+08:00 ] 218.199.68.251 /zky/index.php/Admin/Index/index_admin
INFO: [ app_begin ] --START--
INFO: Run Behavior\ReadHtmlCache [ RunTime:0.001005s ]
INFO: [ app_begin ] --END-- [ RunTime:0.001892s ]
SQL: SHOW COLUMNS FROM `tp_maincontent` [ RunTime:0.002815s ]
SQL: SELECT `content` FROM `tp_maincontent` WHERE ( id = 1 ) LIMIT 1   [ RunTime:0.000334s ]
INFO: [ view_parse ] --START--
INFO: [ template_filter ] --START--
INFO: Run Behavior\ContentReplace [ RunTime:0.000200s ]
INFO: [ template_filter ] --END-- [ RunTime:0.000571s ]
INFO: Run Behavior\ParseTemplate [ RunTime:0.021445s ]
INFO: [ view_parse ] --END-- [ RunTime:0.021795s ]
INFO: [ view_filter ] --START--
INFO: Run Behavior\WriteHtmlCache [ RunTime:0.000565s ]
INFO: [ view_filter ] --END-- [ RunTime:0.000901s ]
INFO: [ app_end ] --START--
INFO: Run Behavior\ShowPageTrace [ RunTime:0.000959s ]
INFO: [ app_end ] --END-- [ RunTime:0.001294s ]

[ 2017-03-17T18:13:08+08:00 ] 218.199.68.251 /zky/index.php/Admin/Inform/news
INFO: [ app_begin ] --START--
INFO: Run Behavior\ReadHtmlCache [ RunTime:0.001064s ]
INFO: [ app_begin ] --END-- [ RunTime:0.001921s ]
SQL: SHOW COLUMNS FROM `tp_information` [ RunTime:0.003041s ]
SQL: SELECT * FROM `tp_information`  [ RunTime:0.000374s ]
NOTIC: [8] Undefined index: content C:\wamp\www\zky\Application\Admin\Controller\InformController.class.php 第 18 行.
INFO: [ view_parse ] --START--
INFO: [ template_filter ] --START--
INFO: Run Behavior\ContentReplace [ RunTime:0.000198s ]
INFO: [ template_filter ] --END-- [ RunTime:0.000569s ]
NOTIC: [8] Uninitialized string offset: 0 C:\wamp\www\zky\Application\Runtime\Cache\Admin\0d66ff2d60d55982abf0b575840307f1.php 第 28 行.
NOTIC: [8] Uninitialized string offset: 0 C:\wamp\www\zky\Application\Runtime\Cache\Admin\0d66ff2d60d55982abf0b575840307f1.php 第 28 行.
NOTIC: [8] Uninitialized string offset: 0 C:\wamp\www\zky\Application\Runtime\Cache\Admin\0d66ff2d60d55982abf0b575840307f1.php 第 28 行.
NOTIC: [8] Uninitialized string offset: 0 C:\wamp\www\zky\Application\Runtime\Cache\Admin\0d66ff2d60d55982abf0b575840307f1.php 第 31 行.
NOTIC: [8] Uninitialized string offset: 0 C:\wamp\www\zky\Application\Runtime\Cache\Admin\0d66ff2d60d55982abf0b575840307f1.php 第 32 行.
INFO: Run Behavior\ParseTemplate [ RunTime:0.040798s ]
INFO: [ view_parse ] --END-- [ RunTime:0.041194s ]
INFO: [ view_filter ] --START--
INFO: Run Behavior\WriteHtmlCache [ RunTime:0.000840s ]
INFO: [ view_filter ] --END-- [ RunTime:0.001170s ]
INFO: [ app_end ] --START--
INFO: Run Behavior\ShowPageTrace [ RunTime:0.001129s ]
INFO: [ app_end ] --END-- [ RunTime:0.001470s ]

[ 2017-03-17T18:13:14+08:00 ] 218.199.68.251 /zky/index.php/Admin/Equipment/equipment
INFO: [ app_begin ] --START--
INFO: Run Behavior\ReadHtmlCache [ RunTime:0.001078s ]
INFO: [ app_begin ] --END-- [ RunTime:0.001903s ]
SQL: SHOW COLUMNS FROM `tp_equipment` [ RunTime:0.002767s ]
SQL: SELECT COUNT(*) AS tp_count FROM `tp_equipment` LIMIT 1   [ RunTime:0.000270s ]
NOTIC: [8] Undefined variable: data C:\wamp\www\zky\Application\Admin\Controller\EquipmentController.class.php 第 18 行.
SQL: SELECT * FROM `tp_equipment` ORDER BY id LIMIT 0,1   [ RunTime:0.000380s ]
SQL: SHOW COLUMNS FROM `tp_equipmentmanage` [ RunTime:0.016819s ]
SQL: SELECT * FROM `tp_equipmentmanage` WHERE ( 1=1 AND equipmentid='1' )  [ RunTime:0.011461s ]
INFO: [ view_parse ] --START--
INFO: [ template_filter ] --START--
INFO: Run Behavior\ContentReplace [ RunTime:0.000303s ]
INFO: [ template_filter ] --END-- [ RunTime:0.000719s ]
INFO: Run Behavior\ParseTemplate [ RunTime:0.029452s ]
INFO: [ view_parse ] --END-- [ RunTime:0.029893s ]
INFO: [ view_filter ] --START--
INFO: Run Behavior\WriteHtmlCache [ RunTime:0.000791s ]
INFO: [ view_filter ] --END-- [ RunTime:0.001184s ]
INFO: [ app_end ] --START--
INFO: Run Behavior\ShowPageTrace [ RunTime:0.001111s ]
INFO: [ app_end ] --END-- [ RunTime:0.001458s ]

[ 2017-03-17T18:13:33+08:00 ] 218.199.68.251 /zky/index.php/Admin/Equipment/equipment
INFO: [ app_begin ] --START--
INFO: Run Behavior\ReadHtmlCache [ RunTime:0.001056s ]
INFO: [ app_begin ] --END-- [ RunTime:0.002357s ]
SQL: SHOW COLUMNS FROM `tp_equipment` [ RunTime:0.003170s ]
SQL: SELECT COUNT(*) AS tp_count FROM `tp_equipment` LIMIT 1   [ RunTime:0.000274s ]
NOTIC: [8] Undefined variable: data C:\wamp\www\zky\Application\Admin\Controller\EquipmentController.class.php 第 18 行.
SQL: SELECT * FROM `tp_equipment` ORDER BY id LIMIT 0,1   [ RunTime:0.000381s ]
SQL: SHOW COLUMNS FROM `tp_equipmentmanage` [ RunTime:0.002225s ]
SQL: SELECT * FROM `tp_equipmentmanage` WHERE ( 1=1 AND equipmentid='1' )  [ RunTime:0.000342s ]
INFO: [ view_parse ] --START--
INFO: [ template_filter ] --START--
INFO: Run Behavior\ContentReplace [ RunTime:0.000249s ]
INFO: [ template_filter ] --END-- [ RunTime:0.000615s ]
INFO: Run Behavior\ParseTemplate [ RunTime:0.021878s ]
INFO: [ view_parse ] --END-- [ RunTime:0.022337s ]
INFO: [ view_filter ] --START--
INFO: Run Behavior\WriteHtmlCache [ RunTime:0.000658s ]
INFO: [ view_filter ] --END-- [ RunTime:0.000995s ]
INFO: [ app_end ] --START--
INFO: Run Behavior\ShowPageTrace [ RunTime:0.001064s ]
INFO: [ app_end ] --END-- [ RunTime:0.001456s ]

[ 2017-03-17T18:13:38+08:00 ] 218.199.68.251 /zky/index.php/Admin/Equipment/update/id/1
INFO: [ app_begin ] --START--
INFO: Run Behavior\ReadHtmlCache [ RunTime:0.001027s ]
INFO: [ app_begin ] --END-- [ RunTime:0.001803s ]
SQL: SHOW COLUMNS FROM `tp_equipment` [ RunTime:0.003171s ]
SQL: SELECT * FROM `tp_equipment` WHERE ( id = 1 ) LIMIT 1   [ RunTime:0.000410s ]
SQL: SHOW COLUMNS FROM `tp_equipmentmanage` [ RunTime:0.001776s ]
SQL: SELECT * FROM `tp_equipmentmanage` WHERE ( 1=1 AND equipmentid='1' )  [ RunTime:0.000325s ]
INFO: [ view_parse ] --START--
INFO: [ template_filter ] --START--
INFO: Run Behavior\ContentReplace [ RunTime:0.000306s ]
INFO: [ template_filter ] --END-- [ RunTime:0.000679s ]
INFO: Run Behavior\ParseTemplate [ RunTime:0.030317s ]
INFO: [ view_parse ] --END-- [ RunTime:0.030674s ]
INFO: [ view_filter ] --START--
INFO: Run Behavior\WriteHtmlCache [ RunTime:0.000679s ]
INFO: [ view_filter ] --END-- [ RunTime:0.001007s ]
INFO: [ app_end ] --START--
INFO: Run Behavior\ShowPageTrace [ RunTime:0.001068s ]
INFO: [ app_end ] --END-- [ RunTime:0.001412s ]

[ 2017-03-17T18:13:39+08:00 ] 218.199.68.251 /zky/index.php/Admin/Equipment/update/id/Css/bootstrap.css
INFO: [ app_begin ] --START--
INFO: Run Behavior\ReadHtmlCache [ RunTime:0.001432s ]
INFO: [ app_begin ] --END-- [ RunTime:0.002268s ]
SQL: SHOW COLUMNS FROM `tp_equipment` [ RunTime:0.003124s ]
SQL: SELECT * FROM `tp_equipment` WHERE ( id = Css ) LIMIT 1   [ RunTime:0.000270s ]
ERR: 1054:Unknown column 'Css' in 'where clause'
 [ SQL语句 ] : SELECT * FROM `tp_equipment` WHERE ( id = Css ) LIMIT 1  
INFO: [ view_parse ] --START--
INFO: [ template_filter ] --START--
INFO: Run Behavior\ContentReplace [ RunTime:0.000301s ]
INFO: [ template_filter ] --END-- [ RunTime:0.000680s ]
INFO: Run Behavior\ParseTemplate [ RunTime:0.018401s ]
INFO: [ view_parse ] --END-- [ RunTime:0.018759s ]
INFO: [ view_filter ] --START--
INFO: Run Behavior\WriteHtmlCache [ RunTime:0.000704s ]
INFO: [ view_filter ] --END-- [ RunTime:0.001052s ]
INFO: [ app_end ] --START--
INFO: Run Behavior\ShowPageTrace [ RunTime:0.001006s ]
INFO: [ app_end ] --END-- [ RunTime:0.001343s ]

[ 2017-03-17T18:13:40+08:00 ] 218.199.68.251 /zky/index.php/Admin/Equipment/update/id/Css/bootstrap-responsive.css
INFO: [ app_begin ] --START--
INFO: Run Behavior\ReadHtmlCache [ RunTime:0.000962s ]
INFO: [ app_begin ] --END-- [ RunTime:0.001881s ]
SQL: SHOW COLUMNS FROM `tp_equipment` [ RunTime:0.003089s ]
SQL: SELECT * FROM `tp_equipment` WHERE ( id = Css ) LIMIT 1   [ RunTime:0.000266s ]
ERR: 1054:Unknown column 'Css' in 'where clause'
 [ SQL语句 ] : SELECT * FROM `tp_equipment` WHERE ( id = Css ) LIMIT 1  
INFO: [ view_parse ] --START--
INFO: [ template_filter ] --START--
INFO: Run Behavior\ContentReplace [ RunTime:0.000293s ]
INFO: [ template_filter ] --END-- [ RunTime:0.000669s ]
INFO: Run Behavior\ParseTemplate [ RunTime:0.018418s ]
INFO: [ view_parse ] --END-- [ RunTime:0.018773s ]
INFO: [ view_filter ] --START--
INFO: Run Behavior\WriteHtmlCache [ RunTime:0.000631s ]
INFO: [ view_filter ] --END-- [ RunTime:0.000954s ]
INFO: [ app_end ] --START--
INFO: Run Behavior\ShowPageTrace [ RunTime:0.001042s ]
INFO: [ app_end ] --END-- [ RunTime:0.001396s ]

[ 2017-03-17T18:13:41+08:00 ] 218.199.68.251 /zky/index.php/Admin/Equipment/update/id/Css/style.css
INFO: [ app_begin ] --START--
INFO: Run Behavior\ReadHtmlCache [ RunTime:0.001080s ]
INFO: [ app_begin ] --END-- [ RunTime:0.001896s ]
SQL: SHOW COLUMNS FROM `tp_equipment` [ RunTime:0.003821s ]
SQL: SELECT * FROM `tp_equipment` WHERE ( id = Css ) LIMIT 1   [ RunTime:0.000282s ]
ERR: 1054:Unknown column 'Css' in 'where clause'
 [ SQL语句 ] : SELECT * FROM `tp_equipment` WHERE ( id = Css ) LIMIT 1  
INFO: [ view_parse ] --START--
INFO: [ template_filter ] --START--
INFO: Run Behavior\ContentReplace [ RunTime:0.000340s ]
INFO: [ template_filter ] --END-- [ RunTime:0.000790s ]
INFO: Run Behavior\ParseTemplate [ RunTime:0.019335s ]
INFO: [ view_parse ] --END-- [ RunTime:0.019695s ]
INFO: [ view_filter ] --START--
INFO: Run Behavior\WriteHtmlCache [ RunTime:0.000735s ]
INFO: [ view_filter ] --END-- [ RunTime:0.001068s ]
INFO: [ app_end ] --START--
INFO: Run Behavior\ShowPageTrace [ RunTime:0.001068s ]
INFO: [ app_end ] --END-- [ RunTime:0.001423s ]

[ 2017-03-17T18:13:42+08:00 ] 218.199.68.251 /zky/index.php/Admin/Equipment/update/id/Js/bootstrap.js
INFO: [ app_begin ] --START--
INFO: Run Behavior\ReadHtmlCache [ RunTime:0.001102s ]
INFO: [ app_begin ] --END-- [ RunTime:0.001928s ]
SQL: SHOW COLUMNS FROM `tp_equipment` [ RunTime:0.003155s ]
SQL: SELECT * FROM `tp_equipment` WHERE ( id = Js ) LIMIT 1   [ RunTime:0.000270s ]
ERR: 1054:Unknown column 'Js' in 'where clause'
 [ SQL语句 ] : SELECT * FROM `tp_equipment` WHERE ( id = Js ) LIMIT 1  
INFO: [ view_parse ] --START--
INFO: [ template_filter ] --START--
INFO: Run Behavior\ContentReplace [ RunTime:0.000326s ]
INFO: [ template_filter ] --END-- [ RunTime:0.000707s ]
INFO: Run Behavior\ParseTemplate [ RunTime:0.020808s ]
INFO: [ view_parse ] --END-- [ RunTime:0.021211s ]
INFO: [ view_filter ] --START--
INFO: Run Behavior\WriteHtmlCache [ RunTime:0.000879s ]
INFO: [ view_filter ] --END-- [ RunTime:0.001221s ]
INFO: [ app_end ] --START--
INFO: Run Behavior\ShowPageTrace [ RunTime:0.001062s ]
INFO: [ app_end ] --END-- [ RunTime:0.001405s ]

[ 2017-03-17T18:13:43+08:00 ] 218.199.68.251 /zky/index.php/Admin/Equipment/update/id/Js/jquery2.js
INFO: [ app_begin ] --START--
INFO: Run Behavior\ReadHtmlCache [ RunTime:0.001032s ]
INFO: [ app_begin ] --END-- [ RunTime:0.001890s ]
SQL: SHOW COLUMNS FROM `tp_equipment` [ RunTime:0.003186s ]
SQL: SELECT * FROM `tp_equipment` WHERE ( id = Js ) LIMIT 1   [ RunTime:0.000286s ]
ERR: 1054:Unknown column 'Js' in 'where clause'
 [ SQL语句 ] : SELECT * FROM `tp_equipment` WHERE ( id = Js ) LIMIT 1  
INFO: [ view_parse ] --START--
INFO: [ template_filter ] --START--
INFO: Run Behavior\ContentReplace [ RunTime:0.000318s ]
INFO: [ template_filter ] --END-- [ RunTime:0.000700s ]
INFO: Run Behavior\ParseTemplate [ RunTime:0.019481s ]
INFO: [ view_parse ] --END-- [ RunTime:0.019880s ]
INFO: [ view_filter ] --START--
INFO: Run Behavior\WriteHtmlCache [ RunTime:0.000702s ]
INFO: [ view_filter ] --END-- [ RunTime:0.001141s ]
INFO: [ app_end ] --START--
INFO: Run Behavior\ShowPageTrace [ RunTime:0.001055s ]
INFO: [ app_end ] --END-- [ RunTime:0.001570s ]

[ 2017-03-17T18:13:45+08:00 ] 218.199.68.251 /zky/index.php/Admin/Equipment/update/id/Js/jquery2.sorted.js
INFO: [ app_begin ] --START--
INFO: Run Behavior\ReadHtmlCache [ RunTime:0.000945s ]
INFO: [ app_begin ] --END-- [ RunTime:0.001748s ]
SQL: SHOW COLUMNS FROM `tp_equipment` [ RunTime:0.003294s ]
SQL: SELECT * FROM `tp_equipment` WHERE ( id = Js ) LIMIT 1   [ RunTime:0.000298s ]
ERR: 1054:Unknown column 'Js' in 'where clause'
 [ SQL语句 ] : SELECT * FROM `tp_equipment` WHERE ( id = Js ) LIMIT 1  
INFO: [ view_parse ] --START--
INFO: [ template_filter ] --START--
INFO: Run Behavior\ContentReplace [ RunTime:0.000302s ]
INFO: [ template_filter ] --END-- [ RunTime:0.000677s ]
INFO: Run Behavior\ParseTemplate [ RunTime:0.019784s ]
INFO: [ view_parse ] --END-- [ RunTime:0.020343s ]
INFO: [ view_filter ] --START--
INFO: Run Behavior\WriteHtmlCache [ RunTime:0.000844s ]
INFO: [ view_filter ] --END-- [ RunTime:0.001185s ]
INFO: [ app_end ] --START--
INFO: Run Behavior\ShowPageTrace [ RunTime:0.001073s ]
INFO: [ app_end ] --END-- [ RunTime:0.001464s ]

[ 2017-03-17T18:13:46+08:00 ] 218.199.68.251 /zky/index.php/Admin/Equipment/update/id/Js/ckform.js
INFO: [ app_begin ] --START--
INFO: Run Behavior\ReadHtmlCache [ RunTime:0.001075s ]
INFO: [ app_begin ] --END-- [ RunTime:0.001877s ]
SQL: SHOW COLUMNS FROM `tp_equipment` [ RunTime:0.003241s ]
SQL: SELECT * FROM `tp_equipment` WHERE ( id = Js ) LIMIT 1   [ RunTime:0.000270s ]
ERR: 1054:Unknown column 'Js' in 'where clause'
 [ SQL语句 ] : SELECT * FROM `tp_equipment` WHERE ( id = Js ) LIMIT 1  
INFO: [ view_parse ] --START--
INFO: [ template_filter ] --START--
INFO: Run Behavior\ContentReplace [ RunTime:0.000311s ]
INFO: [ template_filter ] --END-- [ RunTime:0.000688s ]
INFO: Run Behavior\ParseTemplate [ RunTime:0.019484s ]
INFO: [ view_parse ] --END-- [ RunTime:0.019842s ]
INFO: [ view_filter ] --START--
INFO: Run Behavior\WriteHtmlCache [ RunTime:0.000746s ]
INFO: [ view_filter ] --END-- [ RunTime:0.001117s ]
INFO: [ app_end ] --START--
INFO: Run Behavior\ShowPageTrace [ RunTime:0.000991s ]
INFO: [ app_end ] --END-- [ RunTime:0.001325s ]

[ 2017-03-17T18:13:47+08:00 ] 218.199.68.251 /zky/index.php/Admin/Equipment/update/id/Js/common.js
INFO: [ app_begin ] --START--
INFO: Run Behavior\ReadHtmlCache [ RunTime:0.000977s ]
INFO: [ app_begin ] --END-- [ RunTime:0.001828s ]
SQL: SHOW COLUMNS FROM `tp_equipment` [ RunTime:0.003360s ]
SQL: SELECT * FROM `tp_equipment` WHERE ( id = Js ) LIMIT 1   [ RunTime:0.000357s ]
ERR: 1054:Unknown column 'Js' in 'where clause'
 [ SQL语句 ] : SELECT * FROM `tp_equipment` WHERE ( id = Js ) LIMIT 1  
INFO: [ view_parse ] --START--
INFO: [ template_filter ] --START--
INFO: Run Behavior\ContentReplace [ RunTime:0.000424s ]
INFO: [ template_filter ] --END-- [ RunTime:0.000920s ]
INFO: Run Behavior\ParseTemplate [ RunTime:0.022404s ]
INFO: [ view_parse ] --END-- [ RunTime:0.023147s ]
INFO: [ view_filter ] --START--
INFO: Run Behavior\WriteHtmlCache [ RunTime:0.000648s ]
INFO: [ view_filter ] --END-- [ RunTime:0.000980s ]
INFO: [ app_end ] --START--
INFO: Run Behavior\ShowPageTrace [ RunTime:0.000956s ]
INFO: [ app_end ] --END-- [ RunTime:0.001292s ]

[ 2017-03-17T18:13:55+08:00 ] 218.199.68.251 /zky/index.php/Admin/Equipment/do_update
INFO: [ app_begin ] --START--
INFO: Run Behavior\ReadHtmlCache [ RunTime:0.000984s ]
INFO: [ app_begin ] --END-- [ RunTime:0.001881s ]
SQL: SHOW COLUMNS FROM `tp_equipment` [ RunTime:0.003338s ]
SQL: SELECT `imagicname` FROM `tp_equipment` WHERE ( id = 1 ) LIMIT 1   [ RunTime:0.000547s ]
SQL: SELECT `imagicaddress` FROM `tp_equipment` WHERE ( id = 1 ) LIMIT 1   [ RunTime:0.000296s ]
SQL: UPDATE `tp_equipment` SET `id`=1,`class`=1,`eid`=1,`eoutid`='21505354',`ecname`='气相色谱质谱联用仪',`etype`='GCMS-QP2010 Ultra',`eprice`='503200',`now`='在用',`eblong`='植物科技公共平台',`elocation`='东附楼111',`ecmanufactor`='岛津公司',`introduction`='适用于沸点低于300℃的复杂组分的定性和准确定量。 利用此仪器的Scan模式对化合物进行全扫描，nist和pesticide库进行定性比对，通过Sim模式进行化合物的准确定量。',`imagicname`='1482074720.jpg',`imagicaddress`='./Equipment/2016-12-18/1482074720.jpg' WHERE ( id = 1 ) [ RunTime:0.000443s ]
INFO: [ view_parse ] --START--
INFO: [ template_filter ] --START--
INFO: Run Behavior\ContentReplace [ RunTime:0.000179s ]
INFO: [ template_filter ] --END-- [ RunTime:0.000554s ]
INFO: Run Behavior\ParseTemplate [ RunTime:0.025527s ]
INFO: [ view_parse ] --END-- [ RunTime:0.025881s ]
INFO: [ view_filter ] --START--
INFO: Run Behavior\WriteHtmlCache [ RunTime:0.000616s ]
INFO: [ view_filter ] --END-- [ RunTime:0.000944s ]

[ 2017-03-17T18:14:04+08:00 ] 218.199.68.251 /zky/index.php/Admin/Equipment/equipment
INFO: [ app_begin ] --START--
INFO: Run Behavior\ReadHtmlCache [ RunTime:0.001001s ]
INFO: [ app_begin ] --END-- [ RunTime:0.001812s ]
SQL: SHOW COLUMNS FROM `tp_equipment` [ RunTime:0.003134s ]
SQL: SELECT COUNT(*) AS tp_count FROM `tp_equipment` LIMIT 1   [ RunTime:0.000689s ]
NOTIC: [8] Undefined variable: data C:\wamp\www\zky\Application\Admin\Controller\EquipmentController.class.php 第 18 行.
SQL: SELECT * FROM `tp_equipment` ORDER BY id LIMIT 0,1   [ RunTime:0.000367s ]
SQL: SHOW COLUMNS FROM `tp_equipmentmanage` [ RunTime:0.001809s ]
SQL: SELECT * FROM `tp_equipmentmanage` WHERE ( 1=1 AND equipmentid='1' )  [ RunTime:0.000373s ]
INFO: [ view_parse ] --START--
INFO: [ template_filter ] --START--
INFO: Run Behavior\ContentReplace [ RunTime:0.000249s ]
INFO: [ template_filter ] --END-- [ RunTime:0.000607s ]
INFO: Run Behavior\ParseTemplate [ RunTime:0.021535s ]
INFO: [ view_parse ] --END-- [ RunTime:0.021932s ]
INFO: [ view_filter ] --START--
INFO: Run Behavior\WriteHtmlCache [ RunTime:0.000643s ]
INFO: [ view_filter ] --END-- [ RunTime:0.000981s ]
INFO: [ app_end ] --START--
INFO: Run Behavior\ShowPageTrace [ RunTime:0.000976s ]
INFO: [ app_end ] --END-- [ RunTime:0.001318s ]

[ 2017-03-17T18:14:09+08:00 ] 218.199.68.251 /zky/index.php/Admin/Regulation/regulation
INFO: [ app_begin ] --START--
INFO: Run Behavior\ReadHtmlCache [ RunTime:0.001098s ]
INFO: [ app_begin ] --END-- [ RunTime:0.001872s ]
SQL: SHOW COLUMNS FROM `tp_regulation` [ RunTime:0.003062s ]
SQL: SELECT COUNT(*) AS tp_count FROM `tp_regulation` LIMIT 1   [ RunTime:0.000275s ]
SQL: SELECT * FROM `tp_regulation` ORDER BY id desc LIMIT 0,20   [ RunTime:0.000381s ]
INFO: [ view_parse ] --START--
INFO: [ template_filter ] --START--
INFO: Run Behavior\ContentReplace [ RunTime:0.000195s ]
INFO: [ template_filter ] --END-- [ RunTime:0.000577s ]
INFO: Run Behavior\ParseTemplate [ RunTime:0.028319s ]
INFO: [ view_parse ] --END-- [ RunTime:0.028672s ]
INFO: [ view_filter ] --START--
INFO: Run Behavior\WriteHtmlCache [ RunTime:0.000651s ]
INFO: [ view_filter ] --END-- [ RunTime:0.001013s ]
INFO: [ app_end ] --START--
INFO: Run Behavior\ShowPageTrace [ RunTime:0.001072s ]
INFO: [ app_end ] --END-- [ RunTime:0.001419s ]

[ 2017-03-17T18:14:20+08:00 ] 218.199.68.251 /zky/index.php/Admin/File/doucument
INFO: [ app_begin ] --START--
INFO: Run Behavior\ReadHtmlCache [ RunTime:0.001006s ]
INFO: [ app_begin ] --END-- [ RunTime:0.001839s ]
SQL: SHOW COLUMNS FROM `tp_file` [ RunTime:0.003184s ]
SQL: SELECT COUNT(*) AS tp_count FROM `tp_file` LIMIT 1   [ RunTime:0.000262s ]
SQL: SELECT * FROM `tp_file` ORDER BY id desc LIMIT 0,20   [ RunTime:0.000319s ]
INFO: [ view_parse ] --START--
INFO: [ template_filter ] --START--
INFO: Run Behavior\ContentReplace [ RunTime:0.000200s ]
INFO: [ template_filter ] --END-- [ RunTime:0.000576s ]
INFO: Run Behavior\ParseTemplate [ RunTime:0.033338s ]
INFO: [ view_parse ] --END-- [ RunTime:0.033693s ]
INFO: [ view_filter ] --START--
INFO: Run Behavior\WriteHtmlCache [ RunTime:0.000667s ]
INFO: [ view_filter ] --END-- [ RunTime:0.000993s ]
INFO: [ app_end ] --START--
INFO: Run Behavior\ShowPageTrace [ RunTime:0.001068s ]
INFO: [ app_end ] --END-- [ RunTime:0.001408s ]

[ 2017-03-17T18:14:25+08:00 ] 218.199.68.251 /zky/index.php/Admin/Message/conmmunication
INFO: [ app_begin ] --START--
INFO: Run Behavior\ReadHtmlCache [ RunTime:0.000969s ]
INFO: [ app_begin ] --END-- [ RunTime:0.001825s ]
SQL: SHOW COLUMNS FROM `tp_message` [ RunTime:0.002993s ]
SQL: SELECT * FROM `tp_message` ORDER BY id desc  [ RunTime:0.000380s ]
INFO: [ view_parse ] --START--
INFO: [ template_filter ] --START--
INFO: Run Behavior\ContentReplace [ RunTime:0.000200s ]
INFO: [ template_filter ] --END-- [ RunTime:0.000577s ]
NOTIC: [8] Undefined variable: show C:\wamp\www\zky\Application\Runtime\Cache\Admin\d461fa1076db6c7c2b500bce2430cbbf.php 第 48 行.
INFO: Run Behavior\ParseTemplate [ RunTime:0.034219s ]
INFO: [ view_parse ] --END-- [ RunTime:0.034603s ]
INFO: [ view_filter ] --START--
INFO: Run Behavior\WriteHtmlCache [ RunTime:0.000842s ]
INFO: [ view_filter ] --END-- [ RunTime:0.001170s ]
INFO: [ app_end ] --START--
INFO: Run Behavior\ShowPageTrace [ RunTime:0.001081s ]
INFO: [ app_end ] --END-- [ RunTime:0.001423s ]

[ 2017-03-17T18:14:38+08:00 ] 218.199.68.251 /zky/index.php/Admin/Message/user
INFO: [ app_begin ] --START--
INFO: Run Behavior\ReadHtmlCache [ RunTime:0.000965s ]
INFO: [ app_begin ] --END-- [ RunTime:0.002120s ]
SQL: SHOW COLUMNS FROM `tp_user` [ RunTime:0.002290s ]
SQL: SELECT * FROM `tp_user` WHERE ( isTeacher = 0 ) ORDER BY username  [ RunTime:0.000701s ]
SQL: SELECT COUNT(*) AS tp_count FROM `tp_user` WHERE ( isTeacher = 0 ) LIMIT 1   [ RunTime:0.000398s ]
SQL: SELECT COUNT(*) AS tp_count FROM `tp_user` WHERE ( say = 1 ) LIMIT 1   [ RunTime:0.000301s ]
INFO: [ view_parse ] --START--
INFO: [ template_filter ] --START--
INFO: Run Behavior\ContentReplace [ RunTime:0.000220s ]
INFO: [ template_filter ] --END-- [ RunTime:0.000608s ]
INFO: Run Behavior\ParseTemplate [ RunTime:0.040182s ]
INFO: [ view_parse ] --END-- [ RunTime:0.040546s ]
INFO: [ view_filter ] --START--
INFO: Run Behavior\WriteHtmlCache [ RunTime:0.000663s ]
INFO: [ view_filter ] --END-- [ RunTime:0.001012s ]
INFO: [ app_end ] --START--
INFO: Run Behavior\ShowPageTrace [ RunTime:0.000975s ]
INFO: [ app_end ] --END-- [ RunTime:0.001310s ]

[ 2017-03-17T18:14:38+08:00 ] 218.199.68.251 /zky/index.php/Admin/Message/Css/bootstrap.css
INFO: [ app_begin ] --START--
INFO: Run Behavior\ReadHtmlCache [ RunTime:0.001003s ]
INFO: [ app_begin ] --END-- [ RunTime:0.001840s ]
ERR: 非法操作:css

[ 2017-03-17T18:14:38+08:00 ] 218.199.68.251 /zky/index.php/Admin/Message/Js/jquery2.js
INFO: [ app_begin ] --START--
INFO: Run Behavior\ReadHtmlCache [ RunTime:0.001027s ]
INFO: [ app_begin ] --END-- [ RunTime:0.001794s ]
ERR: 非法操作:js

[ 2017-03-17T18:14:38+08:00 ] 218.199.68.251 /zky/index.php/Admin/Message/Css/bootstrap-responsive.css
INFO: [ app_begin ] --START--
INFO: Run Behavior\ReadHtmlCache [ RunTime:0.001007s ]
INFO: [ app_begin ] --END-- [ RunTime:0.001772s ]
ERR: 非法操作:css

[ 2017-03-17T18:14:38+08:00 ] 218.199.68.251 /zky/index.php/Admin/Message/Js/jquery2.sorted.js
INFO: [ app_begin ] --START--
INFO: Run Behavior\ReadHtmlCache [ RunTime:0.001001s ]
INFO: [ app_begin ] --END-- [ RunTime:0.001784s ]
ERR: 非法操作:js

[ 2017-03-17T18:14:38+08:00 ] 218.199.68.251 /zky/index.php/Admin/Message/Css/style.css
INFO: [ app_begin ] --START--
INFO: Run Behavior\ReadHtmlCache [ RunTime:0.000909s ]
INFO: [ app_begin ] --END-- [ RunTime:0.001700s ]
ERR: 非法操作:css

[ 2017-03-17T18:14:38+08:00 ] 218.199.68.251 /zky/index.php/Admin/Message/Js/ckform.js
INFO: [ app_begin ] --START--
INFO: Run Behavior\ReadHtmlCache [ RunTime:0.000990s ]
INFO: [ app_begin ] --END-- [ RunTime:0.001749s ]
ERR: 非法操作:js

[ 2017-03-17T18:14:38+08:00 ] 218.199.68.251 /zky/index.php/Admin/Message/Js/common.js
INFO: [ app_begin ] --START--
INFO: Run Behavior\ReadHtmlCache [ RunTime:0.001038s ]
INFO: [ app_begin ] --END-- [ RunTime:0.001791s ]
ERR: 非法操作:js

[ 2017-03-17T18:14:38+08:00 ] 218.199.68.251 /zky/index.php/Admin/Message/Js/bootstrap.js
INFO: [ app_begin ] --START--
INFO: Run Behavior\ReadHtmlCache [ RunTime:0.001000s ]
INFO: [ app_begin ] --END-- [ RunTime:0.001719s ]
ERR: 非法操作:js

[ 2017-03-17T18:14:38+08:00 ] 218.199.68.251 /zky/index.php/Admin/Message/Js/ckform.js
INFO: [ app_begin ] --START--
INFO: Run Behavior\ReadHtmlCache [ RunTime:0.000982s ]
INFO: [ app_begin ] --END-- [ RunTime:0.001871s ]
ERR: 非法操作:js

[ 2017-03-17T18:14:38+08:00 ] 218.199.68.251 /zky/index.php/Admin/Message/Js/common.js
INFO: [ app_begin ] --START--
INFO: Run Behavior\ReadHtmlCache [ RunTime:0.001008s ]
INFO: [ app_begin ] --END-- [ RunTime:0.001847s ]
ERR: 非法操作:js

[ 2017-03-17T18:14:50+08:00 ] 218.199.68.251 /zky/index.php/Admin/About/about
INFO: [ app_begin ] --START--
INFO: Run Behavior\ReadHtmlCache [ RunTime:0.001007s ]
INFO: [ app_begin ] --END-- [ RunTime:0.001792s ]
SQL: SHOW COLUMNS FROM `tp_person` [ RunTime:0.002903s ]
SQL: SHOW COLUMNS FROM `tp_others` [ RunTime:0.001832s ]
SQL: SELECT * FROM `tp_person` ORDER BY id asc  [ RunTime:0.000359s ]
SQL: SELECT * FROM `tp_others` ORDER BY id asc  [ RunTime:0.000285s ]
SQL: SELECT MAX(id) AS tp_max FROM `tp_person` LIMIT 1   [ RunTime:0.023340s ]
SQL: SELECT MIN(id) AS tp_min FROM `tp_person` LIMIT 1   [ RunTime:0.000275s ]
INFO: [ view_parse ] --START--
INFO: [ template_filter ] --START--
INFO: Run Behavior\ContentReplace [ RunTime:0.000221s ]
INFO: [ template_filter ] --END-- [ RunTime:0.000610s ]
INFO: Run Behavior\ParseTemplate [ RunTime:0.037289s ]
INFO: [ view_parse ] --END-- [ RunTime:0.037650s ]
INFO: [ view_filter ] --START--
INFO: Run Behavior\WriteHtmlCache [ RunTime:0.000676s ]
INFO: [ view_filter ] --END-- [ RunTime:0.001013s ]
INFO: [ app_end ] --START--
INFO: Run Behavior\ShowPageTrace [ RunTime:0.000983s ]
INFO: [ app_end ] --END-- [ RunTime:0.001320s ]

[ 2017-03-17T18:14:56+08:00 ] 218.199.68.251 /zky/index.php/Admin/Index/admin_list
INFO: [ app_begin ] --START--
INFO: Run Behavior\ReadHtmlCache [ RunTime:0.000995s ]
INFO: [ app_begin ] --END-- [ RunTime:0.001802s ]
SQL: SHOW COLUMNS FROM `tp_user` [ RunTime:0.003009s ]
SQL: SELECT * FROM `tp_user` WHERE ( isTeacher = 1 )  [ RunTime:0.000356s ]
SQL: SELECT * FROM `tp_user` WHERE ( isTeacher = 0 )  [ RunTime:0.000335s ]
INFO: [ view_parse ] --START--
INFO: [ template_filter ] --START--
INFO: Run Behavior\ContentReplace [ RunTime:0.000216s ]
INFO: [ template_filter ] --END-- [ RunTime:0.000598s ]
NOTIC: [8] Undefined variable: vo C:\wamp\www\zky\Application\Runtime\Cache\Admin\661a190cc972bc161586618659d9b262.php 第 20 行.
INFO: Run Behavior\ParseTemplate [ RunTime:0.044762s ]
INFO: [ view_parse ] --END-- [ RunTime:0.045138s ]
INFO: [ view_filter ] --START--
INFO: Run Behavior\WriteHtmlCache [ RunTime:0.000654s ]
INFO: [ view_filter ] --END-- [ RunTime:0.000985s ]
INFO: [ app_end ] --START--
INFO: Run Behavior\ShowPageTrace [ RunTime:0.000963s ]
INFO: [ app_end ] --END-- [ RunTime:0.001308s ]

[ 2017-03-17T18:15:09+08:00 ] 218.199.68.251 /zky/index.php/Admin/Index/pass_update
INFO: [ app_begin ] --START--
INFO: Run Behavior\ReadHtmlCache [ RunTime:0.001056s ]
INFO: [ app_begin ] --END-- [ RunTime:0.001872s ]
INFO: [ view_parse ] --START--
INFO: [ template_filter ] --START--
INFO: Run Behavior\ContentReplace [ RunTime:0.000209s ]
INFO: [ template_filter ] --END-- [ RunTime:0.000602s ]
INFO: Run Behavior\ParseTemplate [ RunTime:0.042206s ]
INFO: [ view_parse ] --END-- [ RunTime:0.042572s ]
INFO: [ view_filter ] --START--
INFO: Run Behavior\WriteHtmlCache [ RunTime:0.000663s ]
INFO: [ view_filter ] --END-- [ RunTime:0.000987s ]
INFO: [ app_end ] --START--
INFO: Run Behavior\ShowPageTrace [ RunTime:0.001015s ]
INFO: [ app_end ] --END-- [ RunTime:0.001350s ]

[ 2017-03-17T18:15:09+08:00 ] 218.199.68.251 /zky/index.php/Admin/Index/Css/bootstrap.css
INFO: [ app_begin ] --START--
INFO: Run Behavior\ReadHtmlCache [ RunTime:0.001008s ]
INFO: [ app_begin ] --END-- [ RunTime:0.001907s ]
ERR: 非法操作:css

[ 2017-03-17T18:15:09+08:00 ] 218.199.68.251 /zky/index.php/Admin/Index/Css/bootstrap-responsive.css
INFO: [ app_begin ] --START--
INFO: Run Behavior\ReadHtmlCache [ RunTime:0.001043s ]
INFO: [ app_begin ] --END-- [ RunTime:0.001919s ]
ERR: 非法操作:css

[ 2017-03-17T18:15:09+08:00 ] 218.199.68.251 /zky/index.php/Admin/Index/Js/jquery2.sorted.js
INFO: [ app_begin ] --START--
INFO: Run Behavior\ReadHtmlCache [ RunTime:0.001014s ]
INFO: [ app_begin ] --END-- [ RunTime:0.001797s ]
ERR: 非法操作:js

[ 2017-03-17T18:15:09+08:00 ] 218.199.68.251 /zky/index.php/Admin/Index/Js/ckform.js
INFO: [ app_begin ] --START--
INFO: Run Behavior\ReadHtmlCache [ RunTime:0.001390s ]
INFO: [ app_begin ] --END-- [ RunTime:0.002196s ]
ERR: 非法操作:js

[ 2017-03-17T18:15:09+08:00 ] 218.199.68.251 /zky/index.php/Admin/Index/Js/common.js
INFO: [ app_begin ] --START--
INFO: Run Behavior\ReadHtmlCache [ RunTime:0.001023s ]
INFO: [ app_begin ] --END-- [ RunTime:0.001829s ]
ERR: 非法操作:js

[ 2017-03-17T18:15:09+08:00 ] 218.199.68.251 /zky/index.php/Admin/Index/Css/style.css
INFO: [ app_begin ] --START--
INFO: Run Behavior\ReadHtmlCache [ RunTime:0.000957s ]
INFO: [ app_begin ] --END-- [ RunTime:0.001737s ]
ERR: 非法操作:css

[ 2017-03-17T18:15:09+08:00 ] 218.199.68.251 /zky/index.php/Admin/Index/Js/jquery2.js
INFO: [ app_begin ] --START--
INFO: Run Behavior\ReadHtmlCache [ RunTime:0.001037s ]
INFO: [ app_begin ] --END-- [ RunTime:0.001823s ]
ERR: 非法操作:js

[ 2017-03-17T18:15:09+08:00 ] 218.199.68.251 /zky/index.php/Admin/Index/Js/bootstrap.js
INFO: [ app_begin ] --START--
INFO: Run Behavior\ReadHtmlCache [ RunTime:0.001000s ]
INFO: [ app_begin ] --END-- [ RunTime:0.001696s ]
ERR: 非法操作:js

[ 2017-03-17T18:15:10+08:00 ] 218.199.68.251 /zky/index.php/Admin/Index/Js/jquery2.sorted.js
INFO: [ app_begin ] --START--
INFO: Run Behavior\ReadHtmlCache [ RunTime:0.001017s ]
INFO: [ app_begin ] --END-- [ RunTime:0.001960s ]
ERR: 非法操作:js

[ 2017-03-17T18:15:10+08:00 ] 218.199.68.251 /zky/index.php/Admin/Index/Js/bootstrap.js
INFO: [ app_begin ] --START--
INFO: Run Behavior\ReadHtmlCache [ RunTime:0.000975s ]
INFO: [ app_begin ] --END-- [ RunTime:0.001737s ]
ERR: 非法操作:js

[ 2017-03-17T18:15:10+08:00 ] 218.199.68.251 /zky/index.php/Admin/Index/Js/ckform.js
INFO: [ app_begin ] --START--
INFO: Run Behavior\ReadHtmlCache [ RunTime:0.000973s ]
INFO: [ app_begin ] --END-- [ RunTime:0.001724s ]
ERR: 非法操作:js

[ 2017-03-17T18:15:10+08:00 ] 218.199.68.251 /zky/index.php/Admin/Index/Js/common.js
INFO: [ app_begin ] --START--
INFO: Run Behavior\ReadHtmlCache [ RunTime:0.000960s ]
INFO: [ app_begin ] --END-- [ RunTime:0.001713s ]
ERR: 非法操作:js

[ 2017-03-17T18:15:16+08:00 ] 218.199.68.251 /zky/index.php/Admin/Index/admin_list
INFO: [ app_begin ] --START--
INFO: Run Behavior\ReadHtmlCache [ RunTime:0.001207s ]
INFO: [ app_begin ] --END-- [ RunTime:0.002142s ]
SQL: SHOW COLUMNS FROM `tp_user` [ RunTime:0.002926s ]
SQL: SELECT * FROM `tp_user` WHERE ( isTeacher = 1 )  [ RunTime:0.000407s ]
SQL: SELECT * FROM `tp_user` WHERE ( isTeacher = 0 )  [ RunTime:0.000345s ]
INFO: [ view_parse ] --START--
INFO: [ template_filter ] --START--
INFO: Run Behavior\ContentReplace [ RunTime:0.000237s ]
INFO: [ template_filter ] --END-- [ RunTime:0.000667s ]
NOTIC: [8] Undefined variable: vo C:\wamp\www\zky\Application\Runtime\Cache\Admin\661a190cc972bc161586618659d9b262.php 第 20 行.
INFO: Run Behavior\ParseTemplate [ RunTime:0.023482s ]
INFO: [ view_parse ] --END-- [ RunTime:0.023834s ]
INFO: [ view_filter ] --START--
INFO: Run Behavior\WriteHtmlCache [ RunTime:0.000706s ]
INFO: [ view_filter ] --END-- [ RunTime:0.001119s ]
INFO: [ app_end ] --START--
INFO: Run Behavior\ShowPageTrace [ RunTime:0.001040s ]
INFO: [ app_end ] --END-- [ RunTime:0.001485s ]

[ 2017-03-17T18:15:18+08:00 ] 218.199.68.251 /zky/index.php/Admin/Login/login_out
INFO: [ app_begin ] --START--
INFO: Run Behavior\ReadHtmlCache [ RunTime:0.001288s ]
INFO: [ app_begin ] --END-- [ RunTime:0.002137s ]

[ 2017-03-17T18:15:19+08:00 ] 218.199.68.251 /zky/index.php/Home/Index/main.html
INFO: [ app_begin ] --START--
INFO: Run Behavior\ReadHtmlCache [ RunTime:0.001045s ]
INFO: [ app_begin ] --END-- [ RunTime:0.001887s ]
SQL: SHOW COLUMNS FROM `tp_maincontent` [ RunTime:0.002824s ]
SQL: SELECT `content` FROM `tp_maincontent` WHERE ( id=1 ) LIMIT 1   [ RunTime:0.000374s ]
SQL: SHOW COLUMNS FROM `tp_link` [ RunTime:0.001828s ]
SQL: SELECT * FROM `tp_link` WHERE ( class = 0 )  [ RunTime:0.000332s ]
SQL: SELECT * FROM `tp_link` WHERE ( class = 1 )  [ RunTime:0.000283s ]
SQL: SELECT * FROM `tp_link` WHERE ( class = 2 )  [ RunTime:0.000303s ]
SQL: SELECT * FROM `tp_link` WHERE ( class = 3 )  [ RunTime:0.000285s ]
SQL: SHOW COLUMNS FROM `tp_information` [ RunTime:0.001982s ]
SQL: SELECT * FROM `tp_information` ORDER BY id desc  [ RunTime:0.000377s ]
SQL: SHOW COLUMNS FROM `tp_file` [ RunTime:0.002203s ]
SQL: SELECT * FROM `tp_file` ORDER BY id desc  [ RunTime:0.000377s ]
INFO: [ view_parse ] --START--
INFO: [ template_filter ] --START--
INFO: Run Behavior\ContentReplace [ RunTime:0.000295s ]
INFO: [ template_filter ] --END-- [ RunTime:0.000693s ]
NOTIC: [8] Undefined index: username C:\wamp\www\zky\Application\Runtime\Cache\Home\4462707c48390994935bf3e366c221aa.php 第 188 行.
INFO: Run Behavior\ParseTemplate [ RunTime:0.037360s ]
INFO: [ view_parse ] --END-- [ RunTime:0.037795s ]
INFO: [ view_filter ] --START--
INFO: Run Behavior\WriteHtmlCache [ RunTime:0.000834s ]
INFO: [ view_filter ] --END-- [ RunTime:0.001177s ]
INFO: [ app_end ] --START--
INFO: Run Behavior\ShowPageTrace [ RunTime:0.001103s ]
INFO: [ app_end ] --END-- [ RunTime:0.001451s ]

[ 2017-03-17T18:15:19+08:00 ] 218.199.68.251 /zky/index.php/Home/Public/code
INFO: [ app_begin ] --START--
INFO: Run Behavior\ReadHtmlCache [ RunTime:0.000975s ]
INFO: [ app_begin ] --END-- [ RunTime:0.001730s ]
INFO: [ app_end ] --START--
INFO: Run Behavior\ShowPageTrace [ RunTime:0.001194s ]
INFO: [ app_end ] --END-- [ RunTime:0.001585s ]

