[ 2017-01-15T19:17:24+08:00 ] 111.37.20.105 /zky/index.php/Admin/Login/login_out
INFO: [ app_begin ] --START--
INFO: Run Behavior\ReadHtmlCache [ RunTime:0.013213s ]
INFO: [ app_begin ] --END-- [ RunTime:0.029684s ]

[ 2017-01-15T19:17:26+08:00 ] 111.37.20.105 /zky/index.php/Home/Index/main.html
INFO: [ app_begin ] --START--
INFO: Run Behavior\ReadHtmlCache [ RunTime:0.000752s ]
INFO: [ app_begin ] --END-- [ RunTime:0.001583s ]
SQL: SHOW COLUMNS FROM `tp_maincontent` [ RunTime:0.041122s ]
SQL: SELECT `content` FROM `tp_maincontent` WHERE ( id=1 ) LIMIT 1   [ RunTime:0.014354s ]
SQL: SHOW COLUMNS FROM `tp_link` [ RunTime:0.024223s ]
SQL: SELECT * FROM `tp_link` WHERE ( class = 0 )  [ RunTime:0.000475s ]
SQL: SELECT * FROM `tp_link` WHERE ( class = 1 )  [ RunTime:0.000292s ]
SQL: SELECT * FROM `tp_link` WHERE ( class = 2 )  [ RunTime:0.000294s ]
SQL: SELECT * FROM `tp_link` WHERE ( class = 3 )  [ RunTime:0.000289s ]
SQL: SHOW COLUMNS FROM `tp_information` [ RunTime:0.015233s ]
SQL: SELECT * FROM `tp_information` ORDER BY id desc  [ RunTime:0.037019s ]
SQL: SHOW COLUMNS FROM `tp_file` [ RunTime:0.024733s ]
SQL: SELECT * FROM `tp_file` ORDER BY id desc  [ RunTime:0.011914s ]
INFO: [ view_parse ] --START--
INFO: [ template_filter ] --START--
INFO: Run Behavior\ContentReplace [ RunTime:0.000290s ]
INFO: [ template_filter ] --END-- [ RunTime:0.000679s ]
NOTIC: [8] Undefined index: username C:\wamp\www\zky\Application\Runtime\Cache\Home\4462707c48390994935bf3e366c221aa.php 第 188 行.
INFO: Run Behavior\ParseTemplate [ RunTime:0.110362s ]
INFO: [ view_parse ] --END-- [ RunTime:0.110737s ]
INFO: [ view_filter ] --START--
INFO: Run Behavior\WriteHtmlCache [ RunTime:0.034720s ]
INFO: [ view_filter ] --END-- [ RunTime:0.035122s ]
INFO: [ app_end ] --START--
INFO: Run Behavior\ShowPageTrace [ RunTime:0.012870s ]
INFO: [ app_end ] --END-- [ RunTime:0.013235s ]

[ 2017-01-15T19:17:26+08:00 ] 111.37.20.105 /zky/index.php/Home/Public/code
INFO: [ app_begin ] --START--
INFO: Run Behavior\ReadHtmlCache [ RunTime:0.000779s ]
INFO: [ app_begin ] --END-- [ RunTime:0.001650s ]
INFO: [ app_end ] --START--
INFO: Run Behavior\ShowPageTrace [ RunTime:0.001021s ]
INFO: [ app_end ] --END-- [ RunTime:0.001415s ]

[ 2017-01-15T19:59:58+08:00 ] 111.37.20.105 /zky/index.php/Home/Index/main
INFO: [ app_begin ] --START--
INFO: Run Behavior\ReadHtmlCache [ RunTime:0.000866s ]
INFO: [ app_begin ] --END-- [ RunTime:0.001648s ]
SQL: SHOW COLUMNS FROM `tp_maincontent` [ RunTime:0.003422s ]
SQL: SELECT `content` FROM `tp_maincontent` WHERE ( id=1 ) LIMIT 1   [ RunTime:0.000364s ]
SQL: SHOW COLUMNS FROM `tp_link` [ RunTime:0.002119s ]
SQL: SELECT * FROM `tp_link` WHERE ( class = 0 )  [ RunTime:0.000332s ]
SQL: SELECT * FROM `tp_link` WHERE ( class = 1 )  [ RunTime:0.000297s ]
SQL: SELECT * FROM `tp_link` WHERE ( class = 2 )  [ RunTime:0.000303s ]
SQL: SELECT * FROM `tp_link` WHERE ( class = 3 )  [ RunTime:0.000298s ]
SQL: SHOW COLUMNS FROM `tp_information` [ RunTime:0.002710s ]
SQL: SELECT * FROM `tp_information` ORDER BY id desc  [ RunTime:0.000801s ]
SQL: SHOW COLUMNS FROM `tp_file` [ RunTime:0.002312s ]
SQL: SELECT * FROM `tp_file` ORDER BY id desc  [ RunTime:0.000390s ]
INFO: [ view_parse ] --START--
INFO: [ template_filter ] --START--
INFO: Run Behavior\ContentReplace [ RunTime:0.000281s ]
INFO: [ template_filter ] --END-- [ RunTime:0.000678s ]
NOTIC: [8] Undefined index: username C:\wamp\www\zky\Application\Runtime\Cache\Home\4462707c48390994935bf3e366c221aa.php 第 188 行.
INFO: Run Behavior\ParseTemplate [ RunTime:0.035655s ]
INFO: [ view_parse ] --END-- [ RunTime:0.036009s ]
INFO: [ view_filter ] --START--
INFO: Run Behavior\WriteHtmlCache [ RunTime:0.000610s ]
INFO: [ view_filter ] --END-- [ RunTime:0.000964s ]
INFO: [ app_end ] --START--
INFO: Run Behavior\ShowPageTrace [ RunTime:0.000819s ]
INFO: [ app_end ] --END-- [ RunTime:0.001157s ]

[ 2017-01-15T19:59:58+08:00 ] 111.37.20.105 /zky/index.php/Home/Public/code
INFO: [ app_begin ] --START--
INFO: Run Behavior\ReadHtmlCache [ RunTime:0.001071s ]
INFO: [ app_begin ] --END-- [ RunTime:0.001928s ]
INFO: [ app_end ] --START--
INFO: Run Behavior\ShowPageTrace [ RunTime:0.000964s ]
INFO: [ app_end ] --END-- [ RunTime:0.001382s ]

[ 2017-01-15T20:00:00+08:00 ] 111.37.20.105 /zky/index.php/Home/Inform/news
INFO: [ app_begin ] --START--
INFO: Run Behavior\ReadHtmlCache [ RunTime:0.000747s ]
INFO: [ app_begin ] --END-- [ RunTime:0.001517s ]
SQL: SHOW COLUMNS FROM `tp_information` [ RunTime:0.003618s ]
SQL: SELECT * FROM `tp_information` ORDER BY id desc  [ RunTime:0.000604s ]
INFO: [ view_parse ] --START--
INFO: [ template_filter ] --START--
INFO: Run Behavior\ContentReplace [ RunTime:0.000219s ]
INFO: [ template_filter ] --END-- [ RunTime:0.000600s ]
NOTIC: [8] Undefined index: username C:\wamp\www\zky\Application\Runtime\Cache\Home\a054483b59c6dad8cd579f620efb59e4.php 第 116 行.
INFO: Run Behavior\ParseTemplate [ RunTime:0.033101s ]
INFO: [ view_parse ] --END-- [ RunTime:0.033458s ]
INFO: [ view_filter ] --START--
INFO: Run Behavior\WriteHtmlCache [ RunTime:0.000414s ]
INFO: [ view_filter ] --END-- [ RunTime:0.000754s ]
INFO: [ app_end ] --START--
INFO: Run Behavior\ShowPageTrace [ RunTime:0.000810s ]
INFO: [ app_end ] --END-- [ RunTime:0.001178s ]

[ 2017-01-15T20:00:03+08:00 ] 111.37.20.105 /zky/index.php/Home/Index/main
INFO: [ app_begin ] --START--
INFO: Run Behavior\ReadHtmlCache [ RunTime:0.000878s ]
INFO: [ app_begin ] --END-- [ RunTime:0.001646s ]
SQL: SHOW COLUMNS FROM `tp_maincontent` [ RunTime:0.002770s ]
SQL: SELECT `content` FROM `tp_maincontent` WHERE ( id=1 ) LIMIT 1   [ RunTime:0.000337s ]
SQL: SHOW COLUMNS FROM `tp_link` [ RunTime:0.001809s ]
SQL: SELECT * FROM `tp_link` WHERE ( class = 0 )  [ RunTime:0.000302s ]
SQL: SELECT * FROM `tp_link` WHERE ( class = 1 )  [ RunTime:0.000285s ]
SQL: SELECT * FROM `tp_link` WHERE ( class = 2 )  [ RunTime:0.000285s ]
SQL: SELECT * FROM `tp_link` WHERE ( class = 3 )  [ RunTime:0.000290s ]
SQL: SHOW COLUMNS FROM `tp_information` [ RunTime:0.001819s ]
SQL: SELECT * FROM `tp_information` ORDER BY id desc  [ RunTime:0.000544s ]
SQL: SHOW COLUMNS FROM `tp_file` [ RunTime:0.002647s ]
SQL: SELECT * FROM `tp_file` ORDER BY id desc  [ RunTime:0.000327s ]
INFO: [ view_parse ] --START--
INFO: [ template_filter ] --START--
INFO: Run Behavior\ContentReplace [ RunTime:0.000279s ]
INFO: [ template_filter ] --END-- [ RunTime:0.000663s ]
NOTIC: [8] Undefined index: username C:\wamp\www\zky\Application\Runtime\Cache\Home\4462707c48390994935bf3e366c221aa.php 第 188 行.
INFO: Run Behavior\ParseTemplate [ RunTime:0.034487s ]
INFO: [ view_parse ] --END-- [ RunTime:0.034923s ]
INFO: [ view_filter ] --START--
INFO: Run Behavior\WriteHtmlCache [ RunTime:0.000429s ]
INFO: [ view_filter ] --END-- [ RunTime:0.000763s ]
INFO: [ app_end ] --START--
INFO: Run Behavior\ShowPageTrace [ RunTime:0.000773s ]
INFO: [ app_end ] --END-- [ RunTime:0.001109s ]

[ 2017-01-15T20:00:03+08:00 ] 111.37.20.105 /zky/index.php/Home/Public/code
INFO: [ app_begin ] --START--
INFO: Run Behavior\ReadHtmlCache [ RunTime:0.000743s ]
INFO: [ app_begin ] --END-- [ RunTime:0.001462s ]
INFO: [ app_end ] --START--
INFO: Run Behavior\ShowPageTrace [ RunTime:0.000986s ]
INFO: [ app_end ] --END-- [ RunTime:0.001386s ]

[ 2017-01-15T20:00:06+08:00 ] 111.37.20.105 /zky/index.php/Home/Regulation/regulation
INFO: [ app_begin ] --START--
INFO: Run Behavior\ReadHtmlCache [ RunTime:0.000788s ]
INFO: [ app_begin ] --END-- [ RunTime:0.001528s ]
SQL: SHOW COLUMNS FROM `tp_regulation` [ RunTime:0.021967s ]
SQL: SELECT COUNT(*) AS tp_count FROM `tp_regulation` LIMIT 1   [ RunTime:0.000338s ]
SQL: SELECT * FROM `tp_regulation` ORDER BY id LIMIT 0,20   [ RunTime:0.005132s ]
INFO: [ view_parse ] --START--
INFO: [ template_filter ] --START--
INFO: Run Behavior\ContentReplace [ RunTime:0.000216s ]
INFO: [ template_filter ] --END-- [ RunTime:0.000595s ]
NOTIC: [8] Undefined index: username C:\wamp\www\zky\Application\Runtime\Cache\Home\11b09d2d6d83e696111763d4cdee86c9.php 第 118 行.
INFO: Run Behavior\ParseTemplate [ RunTime:0.026377s ]
INFO: [ view_parse ] --END-- [ RunTime:0.026758s ]
INFO: [ view_filter ] --START--
INFO: Run Behavior\WriteHtmlCache [ RunTime:0.000492s ]
INFO: [ view_filter ] --END-- [ RunTime:0.000901s ]
INFO: [ app_end ] --START--
INFO: Run Behavior\ShowPageTrace [ RunTime:0.000861s ]
INFO: [ app_end ] --END-- [ RunTime:0.001201s ]

[ 2017-01-15T20:00:09+08:00 ] 111.37.20.105 /zky/index.php/Home/File/document
INFO: [ app_begin ] --START--
INFO: Run Behavior\ReadHtmlCache [ RunTime:0.000761s ]
INFO: [ app_begin ] --END-- [ RunTime:0.001562s ]
SQL: SHOW COLUMNS FROM `tp_file` [ RunTime:0.003377s ]
SQL: SELECT COUNT(*) AS tp_count FROM `tp_file` LIMIT 1   [ RunTime:0.000314s ]
SQL: SELECT * FROM `tp_file` LIMIT 0,10   [ RunTime:0.000329s ]
INFO: [ view_parse ] --START--
INFO: [ template_filter ] --START--
INFO: Run Behavior\ContentReplace [ RunTime:0.000206s ]
INFO: [ template_filter ] --END-- [ RunTime:0.000596s ]
NOTIC: [8] Undefined index: username C:\wamp\www\zky\Application\Runtime\Cache\Home\e4387c5e386cd9dbd17b22b1d22fe707.php 第 112 行.
INFO: Run Behavior\ParseTemplate [ RunTime:0.032540s ]
INFO: [ view_parse ] --END-- [ RunTime:0.032898s ]
INFO: [ view_filter ] --START--
INFO: Run Behavior\WriteHtmlCache [ RunTime:0.000430s ]
INFO: [ view_filter ] --END-- [ RunTime:0.000765s ]
INFO: [ app_end ] --START--
INFO: Run Behavior\ShowPageTrace [ RunTime:0.000828s ]
INFO: [ app_end ] --END-- [ RunTime:0.001170s ]

[ 2017-01-15T20:00:11+08:00 ] 111.37.20.105 /zky/index.php/Home/Message/conmunication
INFO: [ app_begin ] --START--
INFO: Run Behavior\ReadHtmlCache [ RunTime:0.000756s ]
INFO: [ app_begin ] --END-- [ RunTime:0.001548s ]
SQL: SHOW COLUMNS FROM `tp_user` [ RunTime:0.021410s ]
NOTIC: [8] Undefined index: id C:\wamp\www\zky\Application\Home\Controller\MessageController.class.php 第 8 行.
SQL: SELECT `say` FROM `tp_user` WHERE ( id =   ) LIMIT 1   [ RunTime:0.020971s ]
ERR: 1064:You have an error in your SQL syntax; check the manual that corresponds to your MySQL server version for the right syntax to use near ') LIMIT 1' at line 1
 [ SQL语句 ] : SELECT `say` FROM `tp_user` WHERE ( id =   ) LIMIT 1  
SQL: SHOW COLUMNS FROM `tp_message` [ RunTime:0.031686s ]
SQL: SELECT COUNT(*) AS tp_count FROM `tp_message` LIMIT 1   [ RunTime:0.000310s ]
SQL: SELECT * FROM `tp_message` ORDER BY id desc LIMIT 0,13   [ RunTime:0.013305s ]
INFO: [ view_parse ] --START--
INFO: [ template_filter ] --START--
INFO: Run Behavior\ContentReplace [ RunTime:0.000254s ]
INFO: [ template_filter ] --END-- [ RunTime:0.000629s ]
NOTIC: [8] Undefined index: username C:\wamp\www\zky\Application\Runtime\Cache\Home\afb02c676964e0f94d9da57105704626.php 第 174 行.
INFO: Run Behavior\ParseTemplate [ RunTime:0.029982s ]
INFO: [ view_parse ] --END-- [ RunTime:0.030360s ]
INFO: [ view_filter ] --START--
INFO: Run Behavior\WriteHtmlCache [ RunTime:0.000416s ]
INFO: [ view_filter ] --END-- [ RunTime:0.000752s ]
INFO: [ app_end ] --START--
INFO: Run Behavior\ShowPageTrace [ RunTime:0.000802s ]
INFO: [ app_end ] --END-- [ RunTime:0.001144s ]

[ 2017-01-15T20:00:12+08:00 ] 111.37.20.105 /zky/index.php/Home/Public/code
INFO: [ app_begin ] --START--
INFO: Run Behavior\ReadHtmlCache [ RunTime:0.000761s ]
INFO: [ app_begin ] --END-- [ RunTime:0.001537s ]
INFO: [ app_end ] --START--
INFO: Run Behavior\ShowPageTrace [ RunTime:0.000973s ]
INFO: [ app_end ] --END-- [ RunTime:0.001373s ]

[ 2017-01-15T20:00:14+08:00 ] 111.37.20.105 /zky/index.php/Home/Index/about_us
INFO: [ app_begin ] --START--
INFO: Run Behavior\ReadHtmlCache [ RunTime:0.000737s ]
INFO: [ app_begin ] --END-- [ RunTime:0.001546s ]
SQL: SHOW COLUMNS FROM `tp_person` [ RunTime:0.035277s ]
SQL: SHOW COLUMNS FROM `tp_others` [ RunTime:0.042802s ]
SQL: SELECT * FROM `tp_person` ORDER BY id asc  [ RunTime:0.000686s ]
SQL: SELECT * FROM `tp_others` ORDER BY id asc  [ RunTime:0.000366s ]
INFO: [ view_parse ] --START--
INFO: [ template_filter ] --START--
INFO: Run Behavior\ContentReplace [ RunTime:0.000238s ]
INFO: [ template_filter ] --END-- [ RunTime:0.000631s ]
NOTIC: [8] Undefined index: username C:\wamp\www\zky\Application\Runtime\Cache\Home\40888aa7df382378d83fe78c28728374.php 第 112 行.
INFO: Run Behavior\ParseTemplate [ RunTime:0.042719s ]
INFO: [ view_parse ] --END-- [ RunTime:0.043076s ]
INFO: [ view_filter ] --START--
INFO: Run Behavior\WriteHtmlCache [ RunTime:0.000483s ]
INFO: [ view_filter ] --END-- [ RunTime:0.000833s ]
INFO: [ app_end ] --START--
INFO: Run Behavior\ShowPageTrace [ RunTime:0.000832s ]
INFO: [ app_end ] --END-- [ RunTime:0.001177s ]

