[ 2017-02-25T09:02:06+08:00 ] 220.249.99.181 /zky/
INFO: [ app_begin ] --START--
INFO: Run Behavior\ReadHtmlCache [ RunTime:0.010537s ]
INFO: [ app_begin ] --END-- [ RunTime:0.275027s ]
SQL: SHOW COLUMNS FROM `tp_maincontent` [ RunTime:0.039079s ]
SQL: SELECT `content` FROM `tp_maincontent` WHERE ( id=1 ) LIMIT 1   [ RunTime:0.011194s ]
SQL: SHOW COLUMNS FROM `tp_link` [ RunTime:0.038840s ]
SQL: SELECT * FROM `tp_link` WHERE ( class = 0 )  [ RunTime:0.000459s ]
SQL: SELECT * FROM `tp_link` WHERE ( class = 1 )  [ RunTime:0.000277s ]
SQL: SELECT * FROM `tp_link` WHERE ( class = 2 )  [ RunTime:0.000277s ]
SQL: SELECT * FROM `tp_link` WHERE ( class = 3 )  [ RunTime:0.000281s ]
SQL: SHOW COLUMNS FROM `tp_information` [ RunTime:0.030438s ]
SQL: SELECT * FROM `tp_information` ORDER BY id desc  [ RunTime:0.134550s ]
SQL: SHOW COLUMNS FROM `tp_file` [ RunTime:0.023052s ]
SQL: SELECT * FROM `tp_file` ORDER BY id desc  [ RunTime:0.009700s ]
INFO: [ view_parse ] --START--
INFO: [ template_filter ] --START--
INFO: Run Behavior\ContentReplace [ RunTime:0.000300s ]
INFO: [ template_filter ] --END-- [ RunTime:0.000682s ]
NOTIC: [8] Undefined index: username C:\wamp\www\zky\Application\Runtime\Cache\Home\2a94b8bda04ff446dcedd42276fc99ee.php 第 188 行.
INFO: Run Behavior\ParseTemplate [ RunTime:0.189250s ]
INFO: [ view_parse ] --END-- [ RunTime:0.189627s ]
INFO: [ view_filter ] --START--
INFO: Run Behavior\WriteHtmlCache [ RunTime:0.013428s ]
INFO: [ view_filter ] --END-- [ RunTime:0.013793s ]
INFO: [ app_end ] --START--
INFO: Run Behavior\ShowPageTrace [ RunTime:0.008314s ]
INFO: [ app_end ] --END-- [ RunTime:0.008726s ]

[ 2017-02-25T09:02:06+08:00 ] 220.249.99.181 /zky/index.php/Home/Public/code
INFO: [ app_begin ] --START--
INFO: Run Behavior\ReadHtmlCache [ RunTime:0.001913s ]
INFO: [ app_begin ] --END-- [ RunTime:0.004092s ]
INFO: [ app_end ] --START--
INFO: Run Behavior\ShowPageTrace [ RunTime:0.002157s ]
INFO: [ app_end ] --END-- [ RunTime:0.002562s ]

[ 2017-02-25T09:10:55+08:00 ] 220.249.99.181 /zky/index.php/Home/Inform/news
INFO: [ app_begin ] --START--
INFO: Run Behavior\ReadHtmlCache [ RunTime:0.002006s ]
INFO: [ app_begin ] --END-- [ RunTime:0.004712s ]
SQL: SHOW COLUMNS FROM `tp_information` [ RunTime:0.004791s ]
SQL: SELECT * FROM `tp_information` ORDER BY id desc  [ RunTime:0.003272s ]
INFO: [ view_parse ] --START--
INFO: [ template_filter ] --START--
INFO: Run Behavior\ContentReplace [ RunTime:0.000216s ]
INFO: [ template_filter ] --END-- [ RunTime:0.000592s ]
NOTIC: [8] Undefined index: username C:\wamp\www\zky\Application\Runtime\Cache\Home\a054483b59c6dad8cd579f620efb59e4.php 第 116 行.
INFO: Run Behavior\ParseTemplate [ RunTime:0.039589s ]
INFO: [ view_parse ] --END-- [ RunTime:0.039941s ]
INFO: [ view_filter ] --START--
INFO: Run Behavior\WriteHtmlCache [ RunTime:0.002539s ]
INFO: [ view_filter ] --END-- [ RunTime:0.002876s ]
INFO: [ app_end ] --START--
INFO: Run Behavior\ShowPageTrace [ RunTime:0.002148s ]
INFO: [ app_end ] --END-- [ RunTime:0.002518s ]

[ 2017-02-25T09:11:01+08:00 ] 220.249.99.181 /zky/index.php/Home/Message/conmunication
INFO: [ app_begin ] --START--
INFO: Run Behavior\ReadHtmlCache [ RunTime:0.002353s ]
INFO: [ app_begin ] --END-- [ RunTime:0.004619s ]
SQL: SHOW COLUMNS FROM `tp_user` [ RunTime:0.069773s ]
NOTIC: [8] Undefined index: id C:\wamp\www\zky\Application\Home\Controller\MessageController.class.php 第 8 行.
SQL: SELECT `say` FROM `tp_user` WHERE ( id =   ) LIMIT 1   [ RunTime:0.000256s ]
ERR: 1064:You have an error in your SQL syntax; check the manual that corresponds to your MySQL server version for the right syntax to use near ') LIMIT 1' at line 1
 [ SQL语句 ] : SELECT `say` FROM `tp_user` WHERE ( id =   ) LIMIT 1  
SQL: SHOW COLUMNS FROM `tp_message` [ RunTime:0.026983s ]
SQL: SELECT COUNT(*) AS tp_count FROM `tp_message` LIMIT 1   [ RunTime:0.000317s ]
SQL: SELECT * FROM `tp_message` ORDER BY id desc LIMIT 0,13   [ RunTime:0.008113s ]
INFO: [ view_parse ] --START--
INFO: [ template_filter ] --START--
INFO: Run Behavior\ContentReplace [ RunTime:0.000251s ]
INFO: [ template_filter ] --END-- [ RunTime:0.000632s ]
NOTIC: [8] Undefined index: username C:\wamp\www\zky\Application\Runtime\Cache\Home\afb02c676964e0f94d9da57105704626.php 第 174 行.
INFO: Run Behavior\ParseTemplate [ RunTime:0.038153s ]
INFO: [ view_parse ] --END-- [ RunTime:0.038518s ]
INFO: [ view_filter ] --START--
INFO: Run Behavior\WriteHtmlCache [ RunTime:0.001997s ]
INFO: [ view_filter ] --END-- [ RunTime:0.002379s ]
INFO: [ app_end ] --START--
INFO: Run Behavior\ShowPageTrace [ RunTime:0.002152s ]
INFO: [ app_end ] --END-- [ RunTime:0.002527s ]

[ 2017-02-25T09:11:01+08:00 ] 220.249.99.181 /zky/index.php/Home/Public/code
INFO: [ app_begin ] --START--
INFO: Run Behavior\ReadHtmlCache [ RunTime:0.002367s ]
INFO: [ app_begin ] --END-- [ RunTime:0.004178s ]
INFO: [ app_end ] --START--
INFO: Run Behavior\ShowPageTrace [ RunTime:0.003765s ]
INFO: [ app_end ] --END-- [ RunTime:0.004163s ]

[ 2017-02-25T09:11:06+08:00 ] 220.249.99.181 /zky/index.php/Home/Message/do_see/id/56
INFO: [ app_begin ] --START--
INFO: Run Behavior\ReadHtmlCache [ RunTime:0.001905s ]
INFO: [ app_begin ] --END-- [ RunTime:0.003796s ]
SQL: SHOW COLUMNS FROM `tp_user` [ RunTime:0.003062s ]
NOTIC: [8] Undefined index: id C:\wamp\www\zky\Application\Home\Controller\MessageController.class.php 第 8 行.
SQL: SELECT `say` FROM `tp_user` WHERE ( id =   ) LIMIT 1   [ RunTime:0.000232s ]
ERR: 1064:You have an error in your SQL syntax; check the manual that corresponds to your MySQL server version for the right syntax to use near ') LIMIT 1' at line 1
 [ SQL语句 ] : SELECT `say` FROM `tp_user` WHERE ( id =   ) LIMIT 1  
SQL: SHOW COLUMNS FROM `tp_answer` [ RunTime:0.099639s ]
SQL: SELECT COUNT(*) AS tp_count FROM `tp_answer` WHERE ( messageid = 56 ) LIMIT 1   [ RunTime:0.001761s ]
SQL: SHOW COLUMNS FROM `tp_message` [ RunTime:0.002360s ]
SQL: SELECT * FROM `tp_message` WHERE ( id = 56 ) LIMIT 1   [ RunTime:0.001874s ]
SQL: SHOW COLUMNS FROM `tp_user` [ RunTime:0.002196s ]
SQL: SELECT * FROM `tp_user` WHERE ( 1=1 AND id='38' ) LIMIT 1   [ RunTime:0.034012s ]
SQL: SELECT * FROM `tp_answer` WHERE ( messageid = 56 ) LIMIT 0,5   [ RunTime:0.000802s ]
SQL: SELECT * FROM `tp_message` WHERE ( 1=1 AND id='56' ) LIMIT 1   [ RunTime:0.000363s ]
SQL: SELECT * FROM `tp_user` WHERE ( 1=1 AND id='38' ) LIMIT 1   [ RunTime:0.000425s ]
INFO: [ view_parse ] --START--
INFO: [ template_filter ] --START--
INFO: Run Behavior\ContentReplace [ RunTime:0.000288s ]
INFO: [ template_filter ] --END-- [ RunTime:0.000666s ]
NOTIC: [8] Undefined index: username C:\wamp\www\zky\Application\Runtime\Cache\Home\8561571c38b6553797a356bf1bd0b4b4.php 第 115 行.
INFO: Run Behavior\ParseTemplate [ RunTime:0.030986s ]
INFO: [ view_parse ] --END-- [ RunTime:0.031348s ]
INFO: [ view_filter ] --START--
INFO: Run Behavior\WriteHtmlCache [ RunTime:0.002248s ]
INFO: [ view_filter ] --END-- [ RunTime:0.002580s ]
INFO: [ app_end ] --START--
INFO: Run Behavior\ShowPageTrace [ RunTime:0.002100s ]
INFO: [ app_end ] --END-- [ RunTime:0.002447s ]

