[ 2017-04-22T09:46:01+08:00 ] ::1 /zky/zky/
INFO: [ app_begin ] --START--
INFO: Run Behavior\ReadHtmlCache [ RunTime:0.056553s ]
INFO: [ app_begin ] --END-- [ RunTime:0.078296s ]
NOTIC: [8192] mysql_connect(): The mysql extension is deprecated and will be removed in the future: use mysqli or PDO instead E:\wamp\www\zky\zky\ThinkPHP\Library\Think\Db\Driver\Mysql.class.php 第 52 行.
NOTIC: [2] mysql_connect(): Access denied for user 'doubibobo'@'localhost' (using password: YES) E:\wamp\www\zky\zky\ThinkPHP\Library\Think\Db\Driver\Mysql.class.php 第 52 行.
ERR: Access denied for user 'doubibobo'@'localhost' (using password: YES)

[ 2017-04-22T09:48:29+08:00 ] ::1 /zky/zky/
INFO: [ app_begin ] --START--
INFO: Run Behavior\ReadHtmlCache [ RunTime:0.001174s ]
INFO: [ app_begin ] --END-- [ RunTime:0.003879s ]
NOTIC: [8192] mysql_connect(): The mysql extension is deprecated and will be removed in the future: use mysqli or PDO instead E:\wamp\www\zky\zky\ThinkPHP\Library\Think\Db\Driver\Mysql.class.php 第 52 行.
NOTIC: [2] mysql_connect(): Access denied for user 'doubibobo'@'localhost' (using password: YES) E:\wamp\www\zky\zky\ThinkPHP\Library\Think\Db\Driver\Mysql.class.php 第 52 行.
ERR: Access denied for user 'doubibobo'@'localhost' (using password: YES)

[ 2017-04-22T09:48:32+08:00 ] ::1 /zky/zky/
INFO: [ app_begin ] --START--
INFO: Run Behavior\ReadHtmlCache [ RunTime:0.001088s ]
INFO: [ app_begin ] --END-- [ RunTime:0.001971s ]
NOTIC: [8192] mysql_connect(): The mysql extension is deprecated and will be removed in the future: use mysqli or PDO instead E:\wamp\www\zky\zky\ThinkPHP\Library\Think\Db\Driver\Mysql.class.php 第 52 行.
NOTIC: [2] mysql_connect(): Access denied for user 'doubibobo'@'localhost' (using password: YES) E:\wamp\www\zky\zky\ThinkPHP\Library\Think\Db\Driver\Mysql.class.php 第 52 行.
ERR: Access denied for user 'doubibobo'@'localhost' (using password: YES)

[ 2017-04-22T09:48:32+08:00 ] ::1 /zky/zky/
INFO: [ app_begin ] --START--
INFO: Run Behavior\ReadHtmlCache [ RunTime:0.001934s ]
INFO: [ app_begin ] --END-- [ RunTime:0.003326s ]
NOTIC: [8192] mysql_connect(): The mysql extension is deprecated and will be removed in the future: use mysqli or PDO instead E:\wamp\www\zky\zky\ThinkPHP\Library\Think\Db\Driver\Mysql.class.php 第 52 行.
NOTIC: [2] mysql_connect(): Access denied for user 'doubibobo'@'localhost' (using password: YES) E:\wamp\www\zky\zky\ThinkPHP\Library\Think\Db\Driver\Mysql.class.php 第 52 行.
ERR: Access denied for user 'doubibobo'@'localhost' (using password: YES)

[ 2017-04-22T09:48:33+08:00 ] ::1 /zky/zky/
INFO: [ app_begin ] --START--
INFO: Run Behavior\ReadHtmlCache [ RunTime:0.001077s ]
INFO: [ app_begin ] --END-- [ RunTime:0.001881s ]
NOTIC: [8192] mysql_connect(): The mysql extension is deprecated and will be removed in the future: use mysqli or PDO instead E:\wamp\www\zky\zky\ThinkPHP\Library\Think\Db\Driver\Mysql.class.php 第 52 行.
NOTIC: [2] mysql_connect(): Access denied for user 'doubibobo'@'localhost' (using password: YES) E:\wamp\www\zky\zky\ThinkPHP\Library\Think\Db\Driver\Mysql.class.php 第 52 行.
ERR: Access denied for user 'doubibobo'@'localhost' (using password: YES)

[ 2017-04-22T09:48:33+08:00 ] ::1 /zky/zky/
INFO: [ app_begin ] --START--
INFO: Run Behavior\ReadHtmlCache [ RunTime:0.001112s ]
INFO: [ app_begin ] --END-- [ RunTime:0.001923s ]
NOTIC: [8192] mysql_connect(): The mysql extension is deprecated and will be removed in the future: use mysqli or PDO instead E:\wamp\www\zky\zky\ThinkPHP\Library\Think\Db\Driver\Mysql.class.php 第 52 行.
NOTIC: [2] mysql_connect(): Access denied for user 'doubibobo'@'localhost' (using password: YES) E:\wamp\www\zky\zky\ThinkPHP\Library\Think\Db\Driver\Mysql.class.php 第 52 行.
ERR: Access denied for user 'doubibobo'@'localhost' (using password: YES)

[ 2017-04-22T09:49:20+08:00 ] ::1 /zky/zky/
INFO: [ app_begin ] --START--
INFO: Run Behavior\ReadHtmlCache [ RunTime:0.001104s ]
INFO: [ app_begin ] --END-- [ RunTime:0.002056s ]
NOTIC: [8192] mysql_connect(): The mysql extension is deprecated and will be removed in the future: use mysqli or PDO instead E:\wamp\www\zky\zky\ThinkPHP\Library\Think\Db\Driver\Mysql.class.php 第 52 行.
NOTIC: [2] mysql_connect(): Access denied for user ''@'localhost' (using password: NO) E:\wamp\www\zky\zky\ThinkPHP\Library\Think\Db\Driver\Mysql.class.php 第 52 行.
ERR: Access denied for user ''@'localhost' (using password: NO)

[ 2017-04-22T09:49:21+08:00 ] ::1 /zky/zky/
INFO: [ app_begin ] --START--
INFO: Run Behavior\ReadHtmlCache [ RunTime:0.001160s ]
INFO: [ app_begin ] --END-- [ RunTime:0.002498s ]
NOTIC: [8192] mysql_connect(): The mysql extension is deprecated and will be removed in the future: use mysqli or PDO instead E:\wamp\www\zky\zky\ThinkPHP\Library\Think\Db\Driver\Mysql.class.php 第 52 行.
NOTIC: [2] mysql_connect(): Access denied for user ''@'localhost' (using password: NO) E:\wamp\www\zky\zky\ThinkPHP\Library\Think\Db\Driver\Mysql.class.php 第 52 行.
ERR: Access denied for user ''@'localhost' (using password: NO)

[ 2017-04-22T09:49:21+08:00 ] ::1 /zky/zky/
INFO: [ app_begin ] --START--
INFO: Run Behavior\ReadHtmlCache [ RunTime:0.001092s ]
INFO: [ app_begin ] --END-- [ RunTime:0.001937s ]
NOTIC: [8192] mysql_connect(): The mysql extension is deprecated and will be removed in the future: use mysqli or PDO instead E:\wamp\www\zky\zky\ThinkPHP\Library\Think\Db\Driver\Mysql.class.php 第 52 行.
NOTIC: [2] mysql_connect(): Access denied for user ''@'localhost' (using password: NO) E:\wamp\www\zky\zky\ThinkPHP\Library\Think\Db\Driver\Mysql.class.php 第 52 行.
ERR: Access denied for user ''@'localhost' (using password: NO)

[ 2017-04-22T09:49:53+08:00 ] ::1 /zky/zky/
INFO: [ app_begin ] --START--
INFO: Run Behavior\ReadHtmlCache [ RunTime:0.001128s ]
INFO: [ app_begin ] --END-- [ RunTime:0.002028s ]
NOTIC: [8192] mysql_connect(): The mysql extension is deprecated and will be removed in the future: use mysqli or PDO instead E:\wamp\www\zky\zky\ThinkPHP\Library\Think\Db\Driver\Mysql.class.php 第 52 行.
SQL: SHOW COLUMNS FROM `tp_maincontent` [ RunTime:0.008052s ]
SQL: SELECT `content` FROM `tp_maincontent` WHERE ( id=1 ) LIMIT 1   [ RunTime:0.000662s ]
SQL: SHOW COLUMNS FROM `tp_link` [ RunTime:0.007805s ]
SQL: SELECT * FROM `tp_link` WHERE ( class = 0 )  [ RunTime:0.000499s ]
SQL: SELECT * FROM `tp_link` WHERE ( class = 1 )  [ RunTime:0.000346s ]
SQL: SELECT * FROM `tp_link` WHERE ( class = 2 )  [ RunTime:0.000401s ]
SQL: SELECT * FROM `tp_link` WHERE ( class = 3 )  [ RunTime:0.000350s ]
SQL: SHOW COLUMNS FROM `tp_information` [ RunTime:0.011034s ]
SQL: SELECT * FROM `tp_information` ORDER BY id desc  [ RunTime:0.010438s ]
SQL: SHOW COLUMNS FROM `tp_file` [ RunTime:0.007371s ]
SQL: SELECT * FROM `tp_file` ORDER BY id desc  [ RunTime:0.009213s ]
INFO: [ view_parse ] --START--
INFO: [ template_filter ] --START--
INFO: Run Behavior\ContentReplace [ RunTime:0.000272s ]
INFO: [ template_filter ] --END-- [ RunTime:0.000601s ]
NOTIC: [8] Undefined index: username E:\wamp\www\zky\zky\Application\Runtime\Cache\Home\2a94b8bda04ff446dcedd42276fc99ee.php 第 188 行.
INFO: Run Behavior\ParseTemplate [ RunTime:0.590425s ]
INFO: [ view_parse ] --END-- [ RunTime:0.590751s ]
INFO: [ view_filter ] --START--
INFO: Run Behavior\WriteHtmlCache [ RunTime:0.044974s ]
INFO: [ view_filter ] --END-- [ RunTime:0.045315s ]
INFO: [ app_end ] --START--
INFO: Run Behavior\ShowPageTrace [ RunTime:0.030339s ]
INFO: [ app_end ] --END-- [ RunTime:0.030694s ]

[ 2017-04-22T09:49:54+08:00 ] ::1 /zky/zky/index.php/Home/Public/code
INFO: [ app_begin ] --START--
INFO: Run Behavior\ReadHtmlCache [ RunTime:0.001104s ]
INFO: [ app_begin ] --END-- [ RunTime:0.001987s ]
INFO: [ app_end ] --START--
INFO: Run Behavior\ShowPageTrace [ RunTime:0.001353s ]
INFO: [ app_end ] --END-- [ RunTime:0.001717s ]

[ 2017-04-22T09:50:06+08:00 ] ::1 /zky/zky/index.php/Home/Inform/news
INFO: [ app_begin ] --START--
INFO: Run Behavior\ReadHtmlCache [ RunTime:0.001359s ]
INFO: [ app_begin ] --END-- [ RunTime:0.003508s ]
NOTIC: [8192] mysql_connect(): The mysql extension is deprecated and will be removed in the future: use mysqli or PDO instead E:\wamp\www\zky\zky\ThinkPHP\Library\Think\Db\Driver\Mysql.class.php 第 52 行.
SQL: SHOW COLUMNS FROM `tp_information` [ RunTime:0.001268s ]
SQL: SELECT * FROM `tp_information` ORDER BY id desc  [ RunTime:0.000670s ]
INFO: [ view_parse ] --START--
INFO: [ template_filter ] --START--
INFO: Run Behavior\ContentReplace [ RunTime:0.000195s ]
INFO: [ template_filter ] --END-- [ RunTime:0.000524s ]
NOTIC: [8] Undefined index: username E:\wamp\www\zky\zky\Application\Runtime\Cache\Home\a054483b59c6dad8cd579f620efb59e4.php 第 116 行.
INFO: Run Behavior\ParseTemplate [ RunTime:0.204286s ]
INFO: [ view_parse ] --END-- [ RunTime:0.204614s ]
INFO: [ view_filter ] --START--
INFO: Run Behavior\WriteHtmlCache [ RunTime:0.000964s ]
INFO: [ view_filter ] --END-- [ RunTime:0.001272s ]
INFO: [ app_end ] --START--
INFO: Run Behavior\ShowPageTrace [ RunTime:0.001710s ]
INFO: [ app_end ] --END-- [ RunTime:0.002087s ]

[ 2017-04-22T09:50:08+08:00 ] ::1 /zky/zky/index.php/Home/Equipment/equipment
INFO: [ app_begin ] --START--
INFO: Run Behavior\ReadHtmlCache [ RunTime:0.000861s ]
INFO: [ app_begin ] --END-- [ RunTime:0.001790s ]
NOTIC: [8192] mysql_connect(): The mysql extension is deprecated and will be removed in the future: use mysqli or PDO instead E:\wamp\www\zky\zky\ThinkPHP\Library\Think\Db\Driver\Mysql.class.php 第 52 行.
SQL: SHOW COLUMNS FROM `tp_equipment` [ RunTime:0.009167s ]
SQL: SELECT COUNT(*) AS tp_count FROM `tp_equipment` LIMIT 1   [ RunTime:0.000333s ]
SQL: SELECT * FROM `tp_equipment` LIMIT 0,9   [ RunTime:0.000718s ]
INFO: [ view_parse ] --START--
INFO: [ template_filter ] --START--
INFO: Run Behavior\ContentReplace [ RunTime:0.000213s ]
INFO: [ template_filter ] --END-- [ RunTime:0.000550s ]
NOTIC: [8] Undefined index: username E:\wamp\www\zky\zky\Application\Runtime\Cache\Home\356e1af77c9db117a44a52331a30d673.php 第 109 行.
INFO: Run Behavior\ParseTemplate [ RunTime:0.181043s ]
INFO: [ view_parse ] --END-- [ RunTime:0.181400s ]
INFO: [ view_filter ] --START--
INFO: Run Behavior\WriteHtmlCache [ RunTime:0.000739s ]
INFO: [ view_filter ] --END-- [ RunTime:0.001044s ]
INFO: [ app_end ] --START--
INFO: Run Behavior\ShowPageTrace [ RunTime:0.003355s ]
INFO: [ app_end ] --END-- [ RunTime:0.003722s ]

[ 2017-04-22T09:50:10+08:00 ] ::1 /zky/zky/index.php/Home/Regulation/regulation
INFO: [ app_begin ] --START--
INFO: Run Behavior\ReadHtmlCache [ RunTime:0.015422s ]
INFO: [ app_begin ] --END-- [ RunTime:0.017440s ]
NOTIC: [8192] mysql_connect(): The mysql extension is deprecated and will be removed in the future: use mysqli or PDO instead E:\wamp\www\zky\zky\ThinkPHP\Library\Think\Db\Driver\Mysql.class.php 第 52 行.
SQL: SHOW COLUMNS FROM `tp_regulation` [ RunTime:0.008569s ]
SQL: SELECT COUNT(*) AS tp_count FROM `tp_regulation` LIMIT 1   [ RunTime:0.000627s ]
SQL: SELECT * FROM `tp_regulation` ORDER BY id desc LIMIT 0,20   [ RunTime:0.000795s ]
INFO: [ view_parse ] --START--
INFO: [ template_filter ] --START--
INFO: Run Behavior\ContentReplace [ RunTime:0.000336s ]
INFO: [ template_filter ] --END-- [ RunTime:0.000683s ]
NOTIC: [8] Undefined index: username E:\wamp\www\zky\zky\Application\Runtime\Cache\Home\11b09d2d6d83e696111763d4cdee86c9.php 第 118 行.
INFO: Run Behavior\ParseTemplate [ RunTime:0.269377s ]
INFO: [ view_parse ] --END-- [ RunTime:0.269712s ]
INFO: [ view_filter ] --START--
INFO: Run Behavior\WriteHtmlCache [ RunTime:0.000982s ]
INFO: [ view_filter ] --END-- [ RunTime:0.001292s ]
INFO: [ app_end ] --START--
INFO: Run Behavior\ShowPageTrace [ RunTime:0.001292s ]
INFO: [ app_end ] --END-- [ RunTime:0.001612s ]

[ 2017-04-22T09:50:11+08:00 ] ::1 /zky/zky/index.php/Home/Message/conmunication
INFO: [ app_begin ] --START--
INFO: Run Behavior\ReadHtmlCache [ RunTime:0.000836s ]
INFO: [ app_begin ] --END-- [ RunTime:0.001663s ]
NOTIC: [8192] mysql_connect(): The mysql extension is deprecated and will be removed in the future: use mysqli or PDO instead E:\wamp\www\zky\zky\ThinkPHP\Library\Think\Db\Driver\Mysql.class.php 第 52 行.
SQL: SHOW COLUMNS FROM `tp_user` [ RunTime:0.008182s ]
NOTIC: [8] Undefined index: id E:\wamp\www\zky\zky\Application\Home\Controller\MessageController.class.php 第 8 行.
SQL: SELECT `say` FROM `tp_user` WHERE ( id =   ) LIMIT 1   [ RunTime:0.000399s ]
ERR: 1064:You have an error in your SQL syntax; check the manual that corresponds to your MySQL server version for the right syntax to use near ') LIMIT 1' at line 1
 [ SQL语句 ] : SELECT `say` FROM `tp_user` WHERE ( id =   ) LIMIT 1  
SQL: SHOW COLUMNS FROM `tp_message` [ RunTime:0.013328s ]
SQL: SELECT COUNT(*) AS tp_count FROM `tp_message` LIMIT 1   [ RunTime:0.000453s ]
SQL: SELECT * FROM `tp_message` ORDER BY id desc LIMIT 0,13   [ RunTime:0.001333s ]
INFO: [ view_parse ] --START--
INFO: [ template_filter ] --START--
INFO: Run Behavior\ContentReplace [ RunTime:0.000360s ]
INFO: [ template_filter ] --END-- [ RunTime:0.001247s ]
NOTIC: [8] Undefined index: username E:\wamp\www\zky\zky\Application\Runtime\Cache\Home\afb02c676964e0f94d9da57105704626.php 第 174 行.
INFO: Run Behavior\ParseTemplate [ RunTime:0.220928s ]
INFO: [ view_parse ] --END-- [ RunTime:0.221256s ]
INFO: [ view_filter ] --START--
INFO: Run Behavior\WriteHtmlCache [ RunTime:0.000776s ]
INFO: [ view_filter ] --END-- [ RunTime:0.001108s ]
INFO: [ app_end ] --START--
INFO: Run Behavior\ShowPageTrace [ RunTime:0.001290s ]
INFO: [ app_end ] --END-- [ RunTime:0.001670s ]

[ 2017-04-22T09:50:11+08:00 ] ::1 /zky/zky/index.php/Home/Public/code
INFO: [ app_begin ] --START--
INFO: Run Behavior\ReadHtmlCache [ RunTime:0.000870s ]
INFO: [ app_begin ] --END-- [ RunTime:0.001746s ]
INFO: [ app_end ] --START--
INFO: Run Behavior\ShowPageTrace [ RunTime:0.001231s ]
INFO: [ app_end ] --END-- [ RunTime:0.001580s ]

[ 2017-04-22T09:50:13+08:00 ] ::1 /zky/zky/index.php/Home/Equipment/equipment
INFO: [ app_begin ] --START--
INFO: Run Behavior\ReadHtmlCache [ RunTime:0.000934s ]
INFO: [ app_begin ] --END-- [ RunTime:0.002742s ]
NOTIC: [8192] mysql_connect(): The mysql extension is deprecated and will be removed in the future: use mysqli or PDO instead E:\wamp\www\zky\zky\ThinkPHP\Library\Think\Db\Driver\Mysql.class.php 第 52 行.
SQL: SHOW COLUMNS FROM `tp_equipment` [ RunTime:0.001935s ]
SQL: SELECT COUNT(*) AS tp_count FROM `tp_equipment` LIMIT 1   [ RunTime:0.000437s ]
SQL: SELECT * FROM `tp_equipment` LIMIT 0,9   [ RunTime:0.001014s ]
INFO: [ view_parse ] --START--
INFO: [ template_filter ] --START--
INFO: Run Behavior\ContentReplace [ RunTime:0.000221s ]
INFO: [ template_filter ] --END-- [ RunTime:0.000593s ]
NOTIC: [8] Undefined index: username E:\wamp\www\zky\zky\Application\Runtime\Cache\Home\356e1af77c9db117a44a52331a30d673.php 第 109 行.
INFO: Run Behavior\ParseTemplate [ RunTime:0.027748s ]
INFO: [ view_parse ] --END-- [ RunTime:0.028096s ]
INFO: [ view_filter ] --START--
INFO: Run Behavior\WriteHtmlCache [ RunTime:0.000739s ]
INFO: [ view_filter ] --END-- [ RunTime:0.001044s ]
INFO: [ app_end ] --START--
INFO: Run Behavior\ShowPageTrace [ RunTime:0.001683s ]
INFO: [ app_end ] --END-- [ RunTime:0.002135s ]

[ 2017-04-22T09:50:16+08:00 ] ::1 /zky/zky/index.php/Home/Message/conmunication
INFO: [ app_begin ] --START--
INFO: Run Behavior\ReadHtmlCache [ RunTime:0.000831s ]
INFO: [ app_begin ] --END-- [ RunTime:0.001639s ]
NOTIC: [8192] mysql_connect(): The mysql extension is deprecated and will be removed in the future: use mysqli or PDO instead E:\wamp\www\zky\zky\ThinkPHP\Library\Think\Db\Driver\Mysql.class.php 第 52 行.
SQL: SHOW COLUMNS FROM `tp_user` [ RunTime:0.000964s ]
NOTIC: [8] Undefined index: id E:\wamp\www\zky\zky\Application\Home\Controller\MessageController.class.php 第 8 行.
SQL: SELECT `say` FROM `tp_user` WHERE ( id =   ) LIMIT 1   [ RunTime:0.000260s ]
ERR: 1064:You have an error in your SQL syntax; check the manual that corresponds to your MySQL server version for the right syntax to use near ') LIMIT 1' at line 1
 [ SQL语句 ] : SELECT `say` FROM `tp_user` WHERE ( id =   ) LIMIT 1  
SQL: SHOW COLUMNS FROM `tp_message` [ RunTime:0.000806s ]
SQL: SELECT COUNT(*) AS tp_count FROM `tp_message` LIMIT 1   [ RunTime:0.000259s ]
SQL: SELECT * FROM `tp_message` ORDER BY id desc LIMIT 0,13   [ RunTime:0.000530s ]
INFO: [ view_parse ] --START--
INFO: [ template_filter ] --START--
INFO: Run Behavior\ContentReplace [ RunTime:0.000232s ]
INFO: [ template_filter ] --END-- [ RunTime:0.000610s ]
NOTIC: [8] Undefined index: username E:\wamp\www\zky\zky\Application\Runtime\Cache\Home\afb02c676964e0f94d9da57105704626.php 第 174 行.
INFO: Run Behavior\ParseTemplate [ RunTime:0.122837s ]
INFO: [ view_parse ] --END-- [ RunTime:0.123252s ]
INFO: [ view_filter ] --START--
INFO: Run Behavior\WriteHtmlCache [ RunTime:0.000731s ]
INFO: [ view_filter ] --END-- [ RunTime:0.001032s ]
INFO: [ app_end ] --START--
INFO: Run Behavior\ShowPageTrace [ RunTime:0.001200s ]
INFO: [ app_end ] --END-- [ RunTime:0.002484s ]

[ 2017-04-22T09:50:16+08:00 ] ::1 /zky/zky/index.php/Home/Public/code
INFO: [ app_begin ] --START--
INFO: Run Behavior\ReadHtmlCache [ RunTime:0.000879s ]
INFO: [ app_begin ] --END-- [ RunTime:0.001842s ]
INFO: [ app_end ] --START--
INFO: Run Behavior\ShowPageTrace [ RunTime:0.001150s ]
INFO: [ app_end ] --END-- [ RunTime:0.001491s ]

[ 2017-04-22T09:50:22+08:00 ] ::1 /zky/zky/index.php/Home/Message/do_see/id/16
INFO: [ app_begin ] --START--
INFO: Run Behavior\ReadHtmlCache [ RunTime:0.000895s ]
INFO: [ app_begin ] --END-- [ RunTime:0.001700s ]
NOTIC: [8192] mysql_connect(): The mysql extension is deprecated and will be removed in the future: use mysqli or PDO instead E:\wamp\www\zky\zky\ThinkPHP\Library\Think\Db\Driver\Mysql.class.php 第 52 行.
SQL: SHOW COLUMNS FROM `tp_user` [ RunTime:0.001235s ]
NOTIC: [8] Undefined index: id E:\wamp\www\zky\zky\Application\Home\Controller\MessageController.class.php 第 8 行.
SQL: SELECT `say` FROM `tp_user` WHERE ( id =   ) LIMIT 1   [ RunTime:0.000708s ]
ERR: 1064:You have an error in your SQL syntax; check the manual that corresponds to your MySQL server version for the right syntax to use near ') LIMIT 1' at line 1
 [ SQL语句 ] : SELECT `say` FROM `tp_user` WHERE ( id =   ) LIMIT 1  
SQL: SHOW COLUMNS FROM `tp_answer` [ RunTime:0.004147s ]
SQL: SELECT COUNT(*) AS tp_count FROM `tp_answer` WHERE ( messageid = 16 ) LIMIT 1   [ RunTime:0.000573s ]
SQL: SHOW COLUMNS FROM `tp_message` [ RunTime:0.001276s ]
SQL: SELECT * FROM `tp_message` WHERE ( id = 16 ) LIMIT 1   [ RunTime:0.000415s ]
SQL: SHOW COLUMNS FROM `tp_user` [ RunTime:0.001029s ]
SQL: SELECT * FROM `tp_user` WHERE ( 1=1 AND id='11' ) LIMIT 1   [ RunTime:0.000462s ]
SQL: SELECT * FROM `tp_answer` WHERE ( messageid = 16 ) LIMIT 0,5   [ RunTime:0.000493s ]
INFO: [ view_parse ] --START--
INFO: [ template_filter ] --START--
INFO: Run Behavior\ContentReplace [ RunTime:0.000205s ]
INFO: [ template_filter ] --END-- [ RunTime:0.000549s ]
NOTIC: [8] Undefined index: username E:\wamp\www\zky\zky\Application\Runtime\Cache\Home\8561571c38b6553797a356bf1bd0b4b4.php 第 115 行.
INFO: Run Behavior\ParseTemplate [ RunTime:0.182418s ]
INFO: [ view_parse ] --END-- [ RunTime:0.182742s ]
INFO: [ view_filter ] --START--
INFO: Run Behavior\WriteHtmlCache [ RunTime:0.000853s ]
INFO: [ view_filter ] --END-- [ RunTime:0.001153s ]
INFO: [ app_end ] --START--
INFO: Run Behavior\ShowPageTrace [ RunTime:0.001040s ]
INFO: [ app_end ] --END-- [ RunTime:0.001344s ]

[ 2017-04-22T09:50:30+08:00 ] ::1 /zky/zky/index.php/Home/Message/conmunication/p/2.html
INFO: [ app_begin ] --START--
INFO: Run Behavior\ReadHtmlCache [ RunTime:0.000869s ]
INFO: [ app_begin ] --END-- [ RunTime:0.001761s ]
NOTIC: [8192] mysql_connect(): The mysql extension is deprecated and will be removed in the future: use mysqli or PDO instead E:\wamp\www\zky\zky\ThinkPHP\Library\Think\Db\Driver\Mysql.class.php 第 52 行.
SQL: SHOW COLUMNS FROM `tp_user` [ RunTime:0.001256s ]
NOTIC: [8] Undefined index: id E:\wamp\www\zky\zky\Application\Home\Controller\MessageController.class.php 第 8 行.
SQL: SELECT `say` FROM `tp_user` WHERE ( id =   ) LIMIT 1   [ RunTime:0.000217s ]
ERR: 1064:You have an error in your SQL syntax; check the manual that corresponds to your MySQL server version for the right syntax to use near ') LIMIT 1' at line 1
 [ SQL语句 ] : SELECT `say` FROM `tp_user` WHERE ( id =   ) LIMIT 1  
SQL: SHOW COLUMNS FROM `tp_message` [ RunTime:0.000984s ]
SQL: SELECT COUNT(*) AS tp_count FROM `tp_message` LIMIT 1   [ RunTime:0.000278s ]
SQL: SELECT * FROM `tp_message` ORDER BY id desc LIMIT 13,13   [ RunTime:0.000973s ]
INFO: [ view_parse ] --START--
INFO: [ template_filter ] --START--
INFO: Run Behavior\ContentReplace [ RunTime:0.000236s ]
INFO: [ template_filter ] --END-- [ RunTime:0.000574s ]
NOTIC: [8] Undefined index: username E:\wamp\www\zky\zky\Application\Runtime\Cache\Home\afb02c676964e0f94d9da57105704626.php 第 174 行.
INFO: Run Behavior\ParseTemplate [ RunTime:0.133324s ]
INFO: [ view_parse ] --END-- [ RunTime:0.133652s ]
INFO: [ view_filter ] --START--
INFO: Run Behavior\WriteHtmlCache [ RunTime:0.000797s ]
INFO: [ view_filter ] --END-- [ RunTime:0.001104s ]
INFO: [ app_end ] --START--
INFO: Run Behavior\ShowPageTrace [ RunTime:0.001502s ]
INFO: [ app_end ] --END-- [ RunTime:0.001845s ]

[ 2017-04-22T09:50:30+08:00 ] ::1 /zky/zky/index.php/Home/Public/code
INFO: [ app_begin ] --START--
INFO: Run Behavior\ReadHtmlCache [ RunTime:0.000886s ]
INFO: [ app_begin ] --END-- [ RunTime:0.001828s ]
INFO: [ app_end ] --START--
INFO: Run Behavior\ShowPageTrace [ RunTime:0.001302s ]
INFO: [ app_end ] --END-- [ RunTime:0.002171s ]

[ 2017-04-22T09:50:34+08:00 ] ::1 /zky/zky/index.php/Home/Message/do_see/id/1
INFO: [ app_begin ] --START--
INFO: Run Behavior\ReadHtmlCache [ RunTime:0.000832s ]
INFO: [ app_begin ] --END-- [ RunTime:0.001636s ]
NOTIC: [8192] mysql_connect(): The mysql extension is deprecated and will be removed in the future: use mysqli or PDO instead E:\wamp\www\zky\zky\ThinkPHP\Library\Think\Db\Driver\Mysql.class.php 第 52 行.
SQL: SHOW COLUMNS FROM `tp_user` [ RunTime:0.001205s ]
NOTIC: [8] Undefined index: id E:\wamp\www\zky\zky\Application\Home\Controller\MessageController.class.php 第 8 行.
SQL: SELECT `say` FROM `tp_user` WHERE ( id =   ) LIMIT 1   [ RunTime:0.000227s ]
ERR: 1064:You have an error in your SQL syntax; check the manual that corresponds to your MySQL server version for the right syntax to use near ') LIMIT 1' at line 1
 [ SQL语句 ] : SELECT `say` FROM `tp_user` WHERE ( id =   ) LIMIT 1  
SQL: SHOW COLUMNS FROM `tp_answer` [ RunTime:0.003638s ]
SQL: SELECT COUNT(*) AS tp_count FROM `tp_answer` WHERE ( messageid = 1 ) LIMIT 1   [ RunTime:0.000465s ]
SQL: SHOW COLUMNS FROM `tp_message` [ RunTime:0.001179s ]
SQL: SELECT * FROM `tp_message` WHERE ( id = 1 ) LIMIT 1   [ RunTime:0.000503s ]
SQL: SHOW COLUMNS FROM `tp_user` [ RunTime:0.000878s ]
SQL: SELECT * FROM `tp_user` WHERE ( 1=1 AND id='6' ) LIMIT 1   [ RunTime:0.000461s ]
SQL: SELECT * FROM `tp_answer` WHERE ( messageid = 1 ) LIMIT 0,5   [ RunTime:0.000451s ]
SQL: SELECT * FROM `tp_message` WHERE ( 1=1 AND id='1' ) LIMIT 1   [ RunTime:0.000442s ]
SQL: SELECT * FROM `tp_user` WHERE ( 1=1 AND id='9' ) LIMIT 1   [ RunTime:0.000469s ]
SQL: SELECT * FROM `tp_message` WHERE ( 1=1 AND id='1' ) LIMIT 1   [ RunTime:0.000296s ]
SQL: SELECT * FROM `tp_user` WHERE ( 1=1 AND id='8' ) LIMIT 1   [ RunTime:0.000286s ]
SQL: SELECT * FROM `tp_message` WHERE ( 1=1 AND id='1' ) LIMIT 1   [ RunTime:0.000277s ]
SQL: SELECT * FROM `tp_user` WHERE ( 1=1 AND id='6' ) LIMIT 1   [ RunTime:0.000291s ]
SQL: SELECT * FROM `tp_message` WHERE ( 1=1 AND id='1' ) LIMIT 1   [ RunTime:0.000284s ]
SQL: SELECT * FROM `tp_user` WHERE ( 1=1 AND id='11' ) LIMIT 1   [ RunTime:0.000284s ]
SQL: SELECT * FROM `tp_message` WHERE ( 1=1 AND id='1' ) LIMIT 1   [ RunTime:0.000279s ]
SQL: SELECT * FROM `tp_user` WHERE ( 1=1 AND id='11' ) LIMIT 1   [ RunTime:0.000287s ]
INFO: [ view_parse ] --START--
INFO: [ template_filter ] --START--
INFO: Run Behavior\ContentReplace [ RunTime:0.000197s ]
INFO: [ template_filter ] --END-- [ RunTime:0.000739s ]
NOTIC: [8] Undefined index: username E:\wamp\www\zky\zky\Application\Runtime\Cache\Home\8561571c38b6553797a356bf1bd0b4b4.php 第 115 行.
INFO: Run Behavior\ParseTemplate [ RunTime:0.024516s ]
INFO: [ view_parse ] --END-- [ RunTime:0.024841s ]
INFO: [ view_filter ] --START--
INFO: Run Behavior\WriteHtmlCache [ RunTime:0.000732s ]
INFO: [ view_filter ] --END-- [ RunTime:0.001035s ]
INFO: [ app_end ] --START--
INFO: Run Behavior\ShowPageTrace [ RunTime:0.001038s ]
INFO: [ app_end ] --END-- [ RunTime:0.001342s ]

[ 2017-04-22T09:50:43+08:00 ] ::1 /zky/zky/index.php/Home/Message/do_see/id/1/p/2.html
INFO: [ app_begin ] --START--
INFO: Run Behavior\ReadHtmlCache [ RunTime:0.000843s ]
INFO: [ app_begin ] --END-- [ RunTime:0.001671s ]
NOTIC: [8192] mysql_connect(): The mysql extension is deprecated and will be removed in the future: use mysqli or PDO instead E:\wamp\www\zky\zky\ThinkPHP\Library\Think\Db\Driver\Mysql.class.php 第 52 行.
SQL: SHOW COLUMNS FROM `tp_user` [ RunTime:0.001192s ]
NOTIC: [8] Undefined index: id E:\wamp\www\zky\zky\Application\Home\Controller\MessageController.class.php 第 8 行.
SQL: SELECT `say` FROM `tp_user` WHERE ( id =   ) LIMIT 1   [ RunTime:0.000239s ]
ERR: 1064:You have an error in your SQL syntax; check the manual that corresponds to your MySQL server version for the right syntax to use near ') LIMIT 1' at line 1
 [ SQL语句 ] : SELECT `say` FROM `tp_user` WHERE ( id =   ) LIMIT 1  
SQL: SHOW COLUMNS FROM `tp_answer` [ RunTime:0.002679s ]
SQL: SELECT COUNT(*) AS tp_count FROM `tp_answer` WHERE ( messageid = 1 ) LIMIT 1   [ RunTime:0.000523s ]
SQL: SHOW COLUMNS FROM `tp_message` [ RunTime:0.001665s ]
SQL: SELECT * FROM `tp_message` WHERE ( id = 1 ) LIMIT 1   [ RunTime:0.000526s ]
SQL: SHOW COLUMNS FROM `tp_user` [ RunTime:0.001014s ]
SQL: SELECT * FROM `tp_user` WHERE ( 1=1 AND id='6' ) LIMIT 1   [ RunTime:0.000522s ]
SQL: SELECT * FROM `tp_answer` WHERE ( messageid = 1 ) LIMIT 5,5   [ RunTime:0.000811s ]
SQL: SELECT * FROM `tp_message` WHERE ( 1=1 AND id='1' ) LIMIT 1   [ RunTime:0.000547s ]
SQL: SELECT * FROM `tp_user` WHERE ( 1=1 AND id='9' ) LIMIT 1   [ RunTime:0.000501s ]
SQL: SELECT * FROM `tp_message` WHERE ( 1=1 AND id='1' ) LIMIT 1   [ RunTime:0.000478s ]
SQL: SELECT * FROM `tp_user` WHERE ( 1=1 AND id='11' ) LIMIT 1   [ RunTime:0.002339s ]
SQL: SELECT * FROM `tp_message` WHERE ( 1=1 AND id='1' ) LIMIT 1   [ RunTime:0.000750s ]
SQL: SELECT * FROM `tp_user` WHERE ( 1=1 AND id='11' ) LIMIT 1   [ RunTime:0.001246s ]
SQL: SELECT * FROM `tp_message` WHERE ( 1=1 AND id='1' ) LIMIT 1   [ RunTime:0.000479s ]
SQL: SELECT * FROM `tp_user` WHERE ( 1=1 AND id='11' ) LIMIT 1   [ RunTime:0.000399s ]
SQL: SELECT * FROM `tp_message` WHERE ( 1=1 AND id='1' ) LIMIT 1   [ RunTime:0.000421s ]
SQL: SELECT * FROM `tp_user` WHERE ( 1=1 AND id='11' ) LIMIT 1   [ RunTime:0.000373s ]
INFO: [ view_parse ] --START--
INFO: [ template_filter ] --START--
INFO: Run Behavior\ContentReplace [ RunTime:0.000220s ]
INFO: [ template_filter ] --END-- [ RunTime:0.000610s ]
NOTIC: [8] Undefined index: username E:\wamp\www\zky\zky\Application\Runtime\Cache\Home\8561571c38b6553797a356bf1bd0b4b4.php 第 115 行.
INFO: Run Behavior\ParseTemplate [ RunTime:0.045337s ]
INFO: [ view_parse ] --END-- [ RunTime:0.045683s ]
INFO: [ view_filter ] --START--
INFO: Run Behavior\WriteHtmlCache [ RunTime:0.000885s ]
INFO: [ view_filter ] --END-- [ RunTime:0.001222s ]
INFO: [ app_end ] --START--
INFO: Run Behavior\ShowPageTrace [ RunTime:0.001041s ]
INFO: [ app_end ] --END-- [ RunTime:0.001346s ]

[ 2017-04-22T09:50:57+08:00 ] ::1 /zky/zky/index.php/Home/Inform/news
INFO: [ app_begin ] --START--
INFO: Run Behavior\ReadHtmlCache [ RunTime:0.000979s ]
INFO: [ app_begin ] --END-- [ RunTime:0.001833s ]
NOTIC: [8192] mysql_connect(): The mysql extension is deprecated and will be removed in the future: use mysqli or PDO instead E:\wamp\www\zky\zky\ThinkPHP\Library\Think\Db\Driver\Mysql.class.php 第 52 行.
SQL: SHOW COLUMNS FROM `tp_information` [ RunTime:0.001224s ]
SQL: SELECT * FROM `tp_information` ORDER BY id desc  [ RunTime:0.000585s ]
INFO: [ view_parse ] --START--
INFO: [ template_filter ] --START--
INFO: Run Behavior\ContentReplace [ RunTime:0.000212s ]
INFO: [ template_filter ] --END-- [ RunTime:0.000554s ]
NOTIC: [8] Undefined index: username E:\wamp\www\zky\zky\Application\Runtime\Cache\Home\a054483b59c6dad8cd579f620efb59e4.php 第 116 行.
INFO: Run Behavior\ParseTemplate [ RunTime:0.055039s ]
INFO: [ view_parse ] --END-- [ RunTime:0.055552s ]
INFO: [ view_filter ] --START--
INFO: Run Behavior\WriteHtmlCache [ RunTime:0.001347s ]
INFO: [ view_filter ] --END-- [ RunTime:0.002685s ]
INFO: [ app_end ] --START--
INFO: Run Behavior\ShowPageTrace [ RunTime:0.001272s ]
INFO: [ app_end ] --END-- [ RunTime:0.001606s ]

[ 2017-04-22T09:51:01+08:00 ] ::1 /zky/zky/index.php/Home/Inform/showitems/id/66
INFO: [ app_begin ] --START--
INFO: Run Behavior\ReadHtmlCache [ RunTime:0.000841s ]
INFO: [ app_begin ] --END-- [ RunTime:0.001659s ]
NOTIC: [8192] mysql_connect(): The mysql extension is deprecated and will be removed in the future: use mysqli or PDO instead E:\wamp\www\zky\zky\ThinkPHP\Library\Think\Db\Driver\Mysql.class.php 第 52 行.
SQL: SHOW COLUMNS FROM `tp_information` [ RunTime:0.001160s ]
SQL: SELECT * FROM `tp_information` WHERE ( id = 66 ) ORDER BY id desc LIMIT 1   [ RunTime:0.000499s ]
INFO: [ view_parse ] --START--
INFO: [ template_filter ] --START--
INFO: Run Behavior\ContentReplace [ RunTime:0.000180s ]
INFO: [ template_filter ] --END-- [ RunTime:0.000509s ]
NOTIC: [8] Undefined index: username E:\wamp\www\zky\zky\Application\Runtime\Cache\Home\5151452449fe54a7e1143da4c8cdc00c.php 第 116 行.
INFO: Run Behavior\ParseTemplate [ RunTime:0.157959s ]
INFO: [ view_parse ] --END-- [ RunTime:0.158777s ]
INFO: [ view_filter ] --START--
INFO: Run Behavior\WriteHtmlCache [ RunTime:0.001222s ]
INFO: [ view_filter ] --END-- [ RunTime:0.001667s ]
INFO: [ app_end ] --START--
INFO: Run Behavior\ShowPageTrace [ RunTime:0.001064s ]
INFO: [ app_end ] --END-- [ RunTime:0.001373s ]

[ 2017-04-22T09:51:10+08:00 ] ::1 /zky/zky/index.php/Home/Inform/showitems/id/60
INFO: [ app_begin ] --START--
INFO: Run Behavior\ReadHtmlCache [ RunTime:0.000837s ]
INFO: [ app_begin ] --END-- [ RunTime:0.001640s ]
NOTIC: [8192] mysql_connect(): The mysql extension is deprecated and will be removed in the future: use mysqli or PDO instead E:\wamp\www\zky\zky\ThinkPHP\Library\Think\Db\Driver\Mysql.class.php 第 52 行.
SQL: SHOW COLUMNS FROM `tp_information` [ RunTime:0.001287s ]
SQL: SELECT * FROM `tp_information` WHERE ( id = 60 ) ORDER BY id desc LIMIT 1   [ RunTime:0.002339s ]
INFO: [ view_parse ] --START--
INFO: [ template_filter ] --START--
INFO: Run Behavior\ContentReplace [ RunTime:0.000185s ]
INFO: [ template_filter ] --END-- [ RunTime:0.000519s ]
NOTIC: [8] Undefined index: username E:\wamp\www\zky\zky\Application\Runtime\Cache\Home\5151452449fe54a7e1143da4c8cdc00c.php 第 116 行.
INFO: Run Behavior\ParseTemplate [ RunTime:0.018391s ]
INFO: [ view_parse ] --END-- [ RunTime:0.018779s ]
INFO: [ view_filter ] --START--
INFO: Run Behavior\WriteHtmlCache [ RunTime:0.000925s ]
INFO: [ view_filter ] --END-- [ RunTime:0.001316s ]
INFO: [ app_end ] --START--
INFO: Run Behavior\ShowPageTrace [ RunTime:0.001101s ]
INFO: [ app_end ] --END-- [ RunTime:0.001411s ]

[ 2017-04-22T09:51:19+08:00 ] ::1 /zky/zky/index.php/Home/Inform/news
INFO: [ app_begin ] --START--
INFO: Run Behavior\ReadHtmlCache [ RunTime:0.000854s ]
INFO: [ app_begin ] --END-- [ RunTime:0.001757s ]
NOTIC: [8192] mysql_connect(): The mysql extension is deprecated and will be removed in the future: use mysqli or PDO instead E:\wamp\www\zky\zky\ThinkPHP\Library\Think\Db\Driver\Mysql.class.php 第 52 行.
SQL: SHOW COLUMNS FROM `tp_information` [ RunTime:0.001638s ]
SQL: SELECT * FROM `tp_information` ORDER BY id desc  [ RunTime:0.000695s ]
INFO: [ view_parse ] --START--
INFO: [ template_filter ] --START--
INFO: Run Behavior\ContentReplace [ RunTime:0.000203s ]
INFO: [ template_filter ] --END-- [ RunTime:0.000536s ]
NOTIC: [8] Undefined index: username E:\wamp\www\zky\zky\Application\Runtime\Cache\Home\a054483b59c6dad8cd579f620efb59e4.php 第 116 行.
INFO: Run Behavior\ParseTemplate [ RunTime:0.021304s ]
INFO: [ view_parse ] --END-- [ RunTime:0.021637s ]
INFO: [ view_filter ] --START--
INFO: Run Behavior\WriteHtmlCache [ RunTime:0.000782s ]
INFO: [ view_filter ] --END-- [ RunTime:0.001088s ]
INFO: [ app_end ] --START--
INFO: Run Behavior\ShowPageTrace [ RunTime:0.001299s ]
INFO: [ app_end ] --END-- [ RunTime:0.001681s ]

[ 2017-04-22T09:51:23+08:00 ] ::1 /zky/zky/index.php/Home/Inform/showitems/id/55
INFO: [ app_begin ] --START--
INFO: Run Behavior\ReadHtmlCache [ RunTime:0.000834s ]
INFO: [ app_begin ] --END-- [ RunTime:0.001635s ]
NOTIC: [8192] mysql_connect(): The mysql extension is deprecated and will be removed in the future: use mysqli or PDO instead E:\wamp\www\zky\zky\ThinkPHP\Library\Think\Db\Driver\Mysql.class.php 第 52 行.
SQL: SHOW COLUMNS FROM `tp_information` [ RunTime:0.001246s ]
SQL: SELECT * FROM `tp_information` WHERE ( id = 55 ) ORDER BY id desc LIMIT 1   [ RunTime:0.002235s ]
INFO: [ view_parse ] --START--
INFO: [ template_filter ] --START--
INFO: Run Behavior\ContentReplace [ RunTime:0.000295s ]
INFO: [ template_filter ] --END-- [ RunTime:0.002063s ]
NOTIC: [8] Undefined index: username E:\wamp\www\zky\zky\Application\Runtime\Cache\Home\5151452449fe54a7e1143da4c8cdc00c.php 第 116 行.
INFO: Run Behavior\ParseTemplate [ RunTime:0.021281s ]
INFO: [ view_parse ] --END-- [ RunTime:0.021606s ]
INFO: [ view_filter ] --START--
INFO: Run Behavior\WriteHtmlCache [ RunTime:0.000770s ]
INFO: [ view_filter ] --END-- [ RunTime:0.001074s ]
INFO: [ app_end ] --START--
INFO: Run Behavior\ShowPageTrace [ RunTime:0.001087s ]
INFO: [ app_end ] --END-- [ RunTime:0.001405s ]

[ 2017-04-22T09:51:29+08:00 ] ::1 /zky/zky/index.php/Home/Inform/showitems/id/55
INFO: [ app_begin ] --START--
INFO: Run Behavior\ReadHtmlCache [ RunTime:0.000841s ]
INFO: [ app_begin ] --END-- [ RunTime:0.001737s ]
NOTIC: [8192] mysql_connect(): The mysql extension is deprecated and will be removed in the future: use mysqli or PDO instead E:\wamp\www\zky\zky\ThinkPHP\Library\Think\Db\Driver\Mysql.class.php 第 52 行.
SQL: SHOW COLUMNS FROM `tp_information` [ RunTime:0.001068s ]
SQL: SELECT * FROM `tp_information` WHERE ( id = 55 ) ORDER BY id desc LIMIT 1   [ RunTime:0.000812s ]
INFO: [ view_parse ] --START--
INFO: [ template_filter ] --START--
INFO: Run Behavior\ContentReplace [ RunTime:0.000188s ]
INFO: [ template_filter ] --END-- [ RunTime:0.000520s ]
NOTIC: [8] Undefined index: username E:\wamp\www\zky\zky\Application\Runtime\Cache\Home\5151452449fe54a7e1143da4c8cdc00c.php 第 116 行.
INFO: Run Behavior\ParseTemplate [ RunTime:0.019887s ]
INFO: [ view_parse ] --END-- [ RunTime:0.020215s ]
INFO: [ view_filter ] --START--
INFO: Run Behavior\WriteHtmlCache [ RunTime:0.000732s ]
INFO: [ view_filter ] --END-- [ RunTime:0.001033s ]
INFO: [ app_end ] --START--
INFO: Run Behavior\ShowPageTrace [ RunTime:0.001040s ]
INFO: [ app_end ] --END-- [ RunTime:0.001345s ]

[ 2017-04-22T09:51:38+08:00 ] ::1 /zky/zky/index.php/Home/Index/main
INFO: [ app_begin ] --START--
INFO: Run Behavior\ReadHtmlCache [ RunTime:0.002225s ]
INFO: [ app_begin ] --END-- [ RunTime:0.004149s ]
NOTIC: [8192] mysql_connect(): The mysql extension is deprecated and will be removed in the future: use mysqli or PDO instead E:\wamp\www\zky\zky\ThinkPHP\Library\Think\Db\Driver\Mysql.class.php 第 52 行.
SQL: SHOW COLUMNS FROM `tp_maincontent` [ RunTime:0.001219s ]
SQL: SELECT `content` FROM `tp_maincontent` WHERE ( id=1 ) LIMIT 1   [ RunTime:0.000519s ]
SQL: SHOW COLUMNS FROM `tp_link` [ RunTime:0.001049s ]
SQL: SELECT * FROM `tp_link` WHERE ( class = 0 )  [ RunTime:0.000474s ]
SQL: SELECT * FROM `tp_link` WHERE ( class = 1 )  [ RunTime:0.000383s ]
SQL: SELECT * FROM `tp_link` WHERE ( class = 2 )  [ RunTime:0.000654s ]
SQL: SELECT * FROM `tp_link` WHERE ( class = 3 )  [ RunTime:0.000619s ]
SQL: SHOW COLUMNS FROM `tp_information` [ RunTime:0.000910s ]
SQL: SELECT * FROM `tp_information` ORDER BY id desc  [ RunTime:0.000622s ]
SQL: SHOW COLUMNS FROM `tp_file` [ RunTime:0.001024s ]
SQL: SELECT * FROM `tp_file` ORDER BY id desc  [ RunTime:0.000421s ]
INFO: [ view_parse ] --START--
INFO: [ template_filter ] --START--
INFO: Run Behavior\ContentReplace [ RunTime:0.000259s ]
INFO: [ template_filter ] --END-- [ RunTime:0.000591s ]
NOTIC: [8] Undefined index: username E:\wamp\www\zky\zky\Application\Runtime\Cache\Home\4462707c48390994935bf3e366c221aa.php 第 188 行.
INFO: Run Behavior\ParseTemplate [ RunTime:0.318144s ]
INFO: [ view_parse ] --END-- [ RunTime:0.318671s ]
INFO: [ view_filter ] --START--
INFO: Run Behavior\WriteHtmlCache [ RunTime:0.000795s ]
INFO: [ view_filter ] --END-- [ RunTime:0.001741s ]
INFO: [ app_end ] --START--
INFO: Run Behavior\ShowPageTrace [ RunTime:0.001658s ]
INFO: [ app_end ] --END-- [ RunTime:0.001996s ]

[ 2017-04-22T09:51:38+08:00 ] ::1 /zky/zky/index.php/Home/Public/code
INFO: [ app_begin ] --START--
INFO: Run Behavior\ReadHtmlCache [ RunTime:0.000868s ]
INFO: [ app_begin ] --END-- [ RunTime:0.001742s ]
INFO: [ app_end ] --START--
INFO: Run Behavior\ShowPageTrace [ RunTime:0.001234s ]
INFO: [ app_end ] --END-- [ RunTime:0.001585s ]

