[ 2017-01-17T10:52:30+08:00 ] 111.37.21.116 /zky/
INFO: [ app_begin ] --START--
INFO: Run Behavior\ReadHtmlCache [ RunTime:0.009638s ]
INFO: [ app_begin ] --END-- [ RunTime:0.016450s ]
SQL: SHOW COLUMNS FROM `tp_maincontent` [ RunTime:0.037157s ]
SQL: SELECT `content` FROM `tp_maincontent` WHERE ( id=1 ) LIMIT 1   [ RunTime:0.016051s ]
SQL: SHOW COLUMNS FROM `tp_link` [ RunTime:0.124039s ]
SQL: SELECT * FROM `tp_link` WHERE ( class = 0 )  [ RunTime:0.000467s ]
SQL: SELECT * FROM `tp_link` WHERE ( class = 1 )  [ RunTime:0.000284s ]
SQL: SELECT * FROM `tp_link` WHERE ( class = 2 )  [ RunTime:0.000285s ]
SQL: SELECT * FROM `tp_link` WHERE ( class = 3 )  [ RunTime:0.000289s ]
SQL: SHOW COLUMNS FROM `tp_information` [ RunTime:0.015659s ]
SQL: SELECT * FROM `tp_information` ORDER BY id desc  [ RunTime:0.026623s ]
SQL: SHOW COLUMNS FROM `tp_file` [ RunTime:0.009806s ]
SQL: SELECT * FROM `tp_file` ORDER BY id desc  [ RunTime:0.005241s ]
INFO: [ view_parse ] --START--
INFO: [ template_filter ] --START--
INFO: Run Behavior\ContentReplace [ RunTime:0.000311s ]
INFO: [ template_filter ] --END-- [ RunTime:0.000723s ]
NOTIC: [8] Undefined index: username C:\wamp\www\zky\Application\Runtime\Cache\Home\2a94b8bda04ff446dcedd42276fc99ee.php 第 188 行.
INFO: Run Behavior\ParseTemplate [ RunTime:0.100349s ]
INFO: [ view_parse ] --END-- [ RunTime:0.100739s ]
INFO: [ view_filter ] --START--
INFO: Run Behavior\WriteHtmlCache [ RunTime:0.006609s ]
INFO: [ view_filter ] --END-- [ RunTime:0.006988s ]
INFO: [ app_end ] --START--
INFO: Run Behavior\ShowPageTrace [ RunTime:0.007517s ]
INFO: [ app_end ] --END-- [ RunTime:0.007868s ]

[ 2017-01-17T10:52:30+08:00 ] 111.37.21.116 /zky/index.php/Home/Public/code
INFO: [ app_begin ] --START--
INFO: Run Behavior\ReadHtmlCache [ RunTime:0.001779s ]
INFO: [ app_begin ] --END-- [ RunTime:0.003726s ]
INFO: [ app_end ] --START--
INFO: Run Behavior\ShowPageTrace [ RunTime:0.002323s ]
INFO: [ app_end ] --END-- [ RunTime:0.002718s ]

