[ 2017-03-06T16:48:21+08:00 ] 220.249.99.139 /zky/
INFO: [ app_begin ] --START--
INFO: Run Behavior\ReadHtmlCache [ RunTime:0.012596s ]
INFO: [ app_begin ] --END-- [ RunTime:0.026492s ]
SQL: SHOW COLUMNS FROM `tp_maincontent` [ RunTime:0.051410s ]
SQL: SELECT `content` FROM `tp_maincontent` WHERE ( id=1 ) LIMIT 1   [ RunTime:0.122553s ]
SQL: SHOW COLUMNS FROM `tp_link` [ RunTime:0.006126s ]
SQL: SELECT * FROM `tp_link` WHERE ( class = 0 )  [ RunTime:0.000404s ]
SQL: SELECT * FROM `tp_link` WHERE ( class = 1 )  [ RunTime:0.000290s ]
SQL: SELECT * FROM `tp_link` WHERE ( class = 2 )  [ RunTime:0.000290s ]
SQL: SELECT * FROM `tp_link` WHERE ( class = 3 )  [ RunTime:0.000319s ]
SQL: SHOW COLUMNS FROM `tp_information` [ RunTime:0.025793s ]
SQL: SELECT * FROM `tp_information` ORDER BY id desc  [ RunTime:0.034017s ]
SQL: SHOW COLUMNS FROM `tp_file` [ RunTime:0.027226s ]
SQL: SELECT * FROM `tp_file` ORDER BY id desc  [ RunTime:0.064031s ]
INFO: [ view_parse ] --START--
INFO: [ template_filter ] --START--
INFO: Run Behavior\ContentReplace [ RunTime:0.000301s ]
INFO: [ template_filter ] --END-- [ RunTime:0.000689s ]
NOTIC: [8] Undefined index: username C:\wamp\www\zky\Application\Runtime\Cache\Home\2a94b8bda04ff446dcedd42276fc99ee.php 第 188 行.
INFO: Run Behavior\ParseTemplate [ RunTime:0.127624s ]
INFO: [ view_parse ] --END-- [ RunTime:0.127995s ]
INFO: [ view_filter ] --START--
INFO: Run Behavior\WriteHtmlCache [ RunTime:0.017547s ]
INFO: [ view_filter ] --END-- [ RunTime:0.018256s ]
INFO: [ app_end ] --START--
INFO: Run Behavior\ShowPageTrace [ RunTime:0.008738s ]
INFO: [ app_end ] --END-- [ RunTime:0.009086s ]

[ 2017-03-06T16:48:21+08:00 ] 220.249.99.139 /zky/index.php/Home/Public/code
INFO: [ app_begin ] --START--
INFO: Run Behavior\ReadHtmlCache [ RunTime:0.001015s ]
INFO: [ app_begin ] --END-- [ RunTime:0.001905s ]
INFO: [ app_end ] --START--
INFO: Run Behavior\ShowPageTrace [ RunTime:0.001056s ]
INFO: [ app_end ] --END-- [ RunTime:0.001464s ]

[ 2017-03-06T16:50:33+08:00 ] 220.181.132.218 /zky/
INFO: [ app_begin ] --START--
INFO: Run Behavior\ReadHtmlCache [ RunTime:0.001141s ]
INFO: [ app_begin ] --END-- [ RunTime:0.002023s ]
SQL: SHOW COLUMNS FROM `tp_maincontent` [ RunTime:0.010447s ]
SQL: SELECT `content` FROM `tp_maincontent` WHERE ( id=1 ) LIMIT 1   [ RunTime:0.000348s ]
SQL: SHOW COLUMNS FROM `tp_link` [ RunTime:0.001965s ]
SQL: SELECT * FROM `tp_link` WHERE ( class = 0 )  [ RunTime:0.000308s ]
SQL: SELECT * FROM `tp_link` WHERE ( class = 1 )  [ RunTime:0.000279s ]
SQL: SELECT * FROM `tp_link` WHERE ( class = 2 )  [ RunTime:0.000278s ]
SQL: SELECT * FROM `tp_link` WHERE ( class = 3 )  [ RunTime:0.000281s ]
SQL: SHOW COLUMNS FROM `tp_information` [ RunTime:0.002532s ]
SQL: SELECT * FROM `tp_information` ORDER BY id desc  [ RunTime:0.000481s ]
SQL: SHOW COLUMNS FROM `tp_file` [ RunTime:0.002124s ]
SQL: SELECT * FROM `tp_file` ORDER BY id desc  [ RunTime:0.000387s ]
INFO: [ view_parse ] --START--
INFO: [ template_filter ] --START--
INFO: Run Behavior\ContentReplace [ RunTime:0.000327s ]
INFO: [ template_filter ] --END-- [ RunTime:0.000714s ]
NOTIC: [8] Undefined index: username C:\wamp\www\zky\Application\Runtime\Cache\Home\2a94b8bda04ff446dcedd42276fc99ee.php 第 188 行.
INFO: Run Behavior\ParseTemplate [ RunTime:0.039589s ]
INFO: [ view_parse ] --END-- [ RunTime:0.039977s ]
INFO: [ view_filter ] --START--
INFO: Run Behavior\WriteHtmlCache [ RunTime:0.000742s ]
INFO: [ view_filter ] --END-- [ RunTime:0.001106s ]
INFO: [ app_end ] --START--
INFO: Run Behavior\ShowPageTrace [ RunTime:0.001010s ]
INFO: [ app_end ] --END-- [ RunTime:0.001340s ]

[ 2017-03-06T16:50:44+08:00 ] 101.199.108.118 /zky/
INFO: [ app_begin ] --START--
INFO: Run Behavior\ReadHtmlCache [ RunTime:0.001046s ]
INFO: [ app_begin ] --END-- [ RunTime:0.001852s ]
SQL: SHOW COLUMNS FROM `tp_maincontent` [ RunTime:0.003295s ]
SQL: SELECT `content` FROM `tp_maincontent` WHERE ( id=1 ) LIMIT 1   [ RunTime:0.000345s ]
SQL: SHOW COLUMNS FROM `tp_link` [ RunTime:0.001796s ]
SQL: SELECT * FROM `tp_link` WHERE ( class = 0 )  [ RunTime:0.000295s ]
SQL: SELECT * FROM `tp_link` WHERE ( class = 1 )  [ RunTime:0.000278s ]
SQL: SELECT * FROM `tp_link` WHERE ( class = 2 )  [ RunTime:0.000283s ]
SQL: SELECT * FROM `tp_link` WHERE ( class = 3 )  [ RunTime:0.000306s ]
SQL: SHOW COLUMNS FROM `tp_information` [ RunTime:0.001947s ]
SQL: SELECT * FROM `tp_information` ORDER BY id desc  [ RunTime:0.000480s ]
SQL: SHOW COLUMNS FROM `tp_file` [ RunTime:0.002061s ]
SQL: SELECT * FROM `tp_file` ORDER BY id desc  [ RunTime:0.000323s ]
INFO: [ view_parse ] --START--
INFO: [ template_filter ] --START--
INFO: Run Behavior\ContentReplace [ RunTime:0.000315s ]
INFO: [ template_filter ] --END-- [ RunTime:0.000694s ]
NOTIC: [8] Undefined index: username C:\wamp\www\zky\Application\Runtime\Cache\Home\2a94b8bda04ff446dcedd42276fc99ee.php 第 188 行.
INFO: Run Behavior\ParseTemplate [ RunTime:0.036511s ]
INFO: [ view_parse ] --END-- [ RunTime:0.036865s ]
INFO: [ view_filter ] --START--
INFO: Run Behavior\WriteHtmlCache [ RunTime:0.000677s ]
INFO: [ view_filter ] --END-- [ RunTime:0.001007s ]
INFO: [ app_end ] --START--
INFO: Run Behavior\ShowPageTrace [ RunTime:0.000984s ]
INFO: [ app_end ] --END-- [ RunTime:0.002127s ]

[ 2017-03-06T16:52:12+08:00 ] 220.249.99.139 /zky/index.php/Home/Login/do_login
INFO: [ app_begin ] --START--
INFO: Run Behavior\ReadHtmlCache [ RunTime:0.000829s ]
INFO: [ app_begin ] --END-- [ RunTime:0.001558s ]
SQL: SHOW COLUMNS FROM `tp_user` [ RunTime:0.044928s ]
SQL: SELECT * FROM `tp_user` WHERE ( username=17764071983 ) LIMIT 1   [ RunTime:0.010154s ]
SQL: SELECT `password` FROM `tp_user` WHERE ( username = 17764071983 ) LIMIT 1   [ RunTime:0.000366s ]
SQL: SELECT `name` FROM `tp_user` WHERE ( username = 17764071983 ) LIMIT 1   [ RunTime:0.000284s ]
SQL: SELECT `id` FROM `tp_user` WHERE ( username = 17764071983 ) LIMIT 1   [ RunTime:0.000283s ]
SQL: SELECT `say` FROM `tp_user` WHERE ( username = 17764071983 ) LIMIT 1   [ RunTime:0.000320s ]

[ 2017-03-06T16:52:14+08:00 ] 220.249.99.139 /zky/index.php/Home/Index/main
INFO: [ app_begin ] --START--
INFO: Run Behavior\ReadHtmlCache [ RunTime:0.000750s ]
INFO: [ app_begin ] --END-- [ RunTime:0.001598s ]
SQL: SHOW COLUMNS FROM `tp_maincontent` [ RunTime:0.002734s ]
SQL: SELECT `content` FROM `tp_maincontent` WHERE ( id=1 ) LIMIT 1   [ RunTime:0.000331s ]
SQL: SHOW COLUMNS FROM `tp_link` [ RunTime:0.002045s ]
SQL: SELECT * FROM `tp_link` WHERE ( class = 0 )  [ RunTime:0.000295s ]
SQL: SELECT * FROM `tp_link` WHERE ( class = 1 )  [ RunTime:0.000301s ]
SQL: SELECT * FROM `tp_link` WHERE ( class = 2 )  [ RunTime:0.000301s ]
SQL: SELECT * FROM `tp_link` WHERE ( class = 3 )  [ RunTime:0.000294s ]
SQL: SHOW COLUMNS FROM `tp_information` [ RunTime:0.002123s ]
SQL: SELECT * FROM `tp_information` ORDER BY id desc  [ RunTime:0.000359s ]
SQL: SHOW COLUMNS FROM `tp_file` [ RunTime:0.023755s ]
SQL: SELECT * FROM `tp_file` ORDER BY id desc  [ RunTime:0.000398s ]
INFO: [ view_parse ] --START--
INFO: [ template_filter ] --START--
INFO: Run Behavior\ContentReplace [ RunTime:0.000280s ]
INFO: [ template_filter ] --END-- [ RunTime:0.000655s ]
INFO: Run Behavior\ParseTemplate [ RunTime:0.071269s ]
INFO: [ view_parse ] --END-- [ RunTime:0.071646s ]
INFO: [ view_filter ] --START--
INFO: Run Behavior\WriteHtmlCache [ RunTime:0.000535s ]
INFO: [ view_filter ] --END-- [ RunTime:0.000889s ]
INFO: [ app_end ] --START--
INFO: Run Behavior\ShowPageTrace [ RunTime:0.000825s ]
INFO: [ app_end ] --END-- [ RunTime:0.001156s ]

[ 2017-03-06T16:52:14+08:00 ] 220.249.99.139 /zky/index.php/Home/Public/code
INFO: [ app_begin ] --START--
INFO: Run Behavior\ReadHtmlCache [ RunTime:0.000808s ]
INFO: [ app_begin ] --END-- [ RunTime:0.001685s ]
INFO: [ app_end ] --START--
INFO: Run Behavior\ShowPageTrace [ RunTime:0.000900s ]
INFO: [ app_end ] --END-- [ RunTime:0.001264s ]

[ 2017-03-06T16:53:51+08:00 ] 220.181.132.218 /zky/index.php/Home/Index/main
INFO: [ app_begin ] --START--
INFO: Run Behavior\ReadHtmlCache [ RunTime:0.001045s ]
INFO: [ app_begin ] --END-- [ RunTime:0.001832s ]
SQL: SHOW COLUMNS FROM `tp_maincontent` [ RunTime:0.002749s ]
SQL: SELECT `content` FROM `tp_maincontent` WHERE ( id=1 ) LIMIT 1   [ RunTime:0.000350s ]
SQL: SHOW COLUMNS FROM `tp_link` [ RunTime:0.001789s ]
SQL: SELECT * FROM `tp_link` WHERE ( class = 0 )  [ RunTime:0.000296s ]
SQL: SELECT * FROM `tp_link` WHERE ( class = 1 )  [ RunTime:0.000283s ]
SQL: SELECT * FROM `tp_link` WHERE ( class = 2 )  [ RunTime:0.000291s ]
SQL: SELECT * FROM `tp_link` WHERE ( class = 3 )  [ RunTime:0.000285s ]
SQL: SHOW COLUMNS FROM `tp_information` [ RunTime:0.002036s ]
SQL: SELECT * FROM `tp_information` ORDER BY id desc  [ RunTime:0.000356s ]
SQL: SHOW COLUMNS FROM `tp_file` [ RunTime:0.001807s ]
SQL: SELECT * FROM `tp_file` ORDER BY id desc  [ RunTime:0.000303s ]
INFO: [ view_parse ] --START--
INFO: [ template_filter ] --START--
INFO: Run Behavior\ContentReplace [ RunTime:0.000276s ]
INFO: [ template_filter ] --END-- [ RunTime:0.000636s ]
NOTIC: [8] Undefined index: username C:\wamp\www\zky\Application\Runtime\Cache\Home\4462707c48390994935bf3e366c221aa.php 第 188 行.
INFO: Run Behavior\ParseTemplate [ RunTime:0.035087s ]
INFO: [ view_parse ] --END-- [ RunTime:0.035515s ]
INFO: [ view_filter ] --START--
INFO: Run Behavior\WriteHtmlCache [ RunTime:0.001035s ]
INFO: [ view_filter ] --END-- [ RunTime:0.001423s ]
INFO: [ app_end ] --START--
INFO: Run Behavior\ShowPageTrace [ RunTime:0.001119s ]
INFO: [ app_end ] --END-- [ RunTime:0.001595s ]

[ 2017-03-06T16:54:03+08:00 ] 101.199.112.49 /zky/index.php/Home/Index/main
INFO: [ app_begin ] --START--
INFO: Run Behavior\ReadHtmlCache [ RunTime:0.001092s ]
INFO: [ app_begin ] --END-- [ RunTime:0.001916s ]
SQL: SHOW COLUMNS FROM `tp_maincontent` [ RunTime:0.023625s ]
SQL: SELECT `content` FROM `tp_maincontent` WHERE ( id=1 ) LIMIT 1   [ RunTime:0.000654s ]
SQL: SHOW COLUMNS FROM `tp_link` [ RunTime:0.002737s ]
SQL: SELECT * FROM `tp_link` WHERE ( class = 0 )  [ RunTime:0.000390s ]
SQL: SELECT * FROM `tp_link` WHERE ( class = 1 )  [ RunTime:0.000300s ]
SQL: SELECT * FROM `tp_link` WHERE ( class = 2 )  [ RunTime:0.000281s ]
SQL: SELECT * FROM `tp_link` WHERE ( class = 3 )  [ RunTime:0.000277s ]
SQL: SHOW COLUMNS FROM `tp_information` [ RunTime:0.002110s ]
SQL: SELECT * FROM `tp_information` ORDER BY id desc  [ RunTime:0.000384s ]
SQL: SHOW COLUMNS FROM `tp_file` [ RunTime:0.001914s ]
SQL: SELECT * FROM `tp_file` ORDER BY id desc  [ RunTime:0.000300s ]
INFO: [ view_parse ] --START--
INFO: [ template_filter ] --START--
INFO: Run Behavior\ContentReplace [ RunTime:0.000285s ]
INFO: [ template_filter ] --END-- [ RunTime:0.000672s ]
NOTIC: [8] Undefined index: username C:\wamp\www\zky\Application\Runtime\Cache\Home\4462707c48390994935bf3e366c221aa.php 第 188 行.
INFO: Run Behavior\ParseTemplate [ RunTime:0.035761s ]
INFO: [ view_parse ] --END-- [ RunTime:0.036124s ]
INFO: [ view_filter ] --START--
INFO: Run Behavior\WriteHtmlCache [ RunTime:0.000751s ]
INFO: [ view_filter ] --END-- [ RunTime:0.001083s ]
INFO: [ app_end ] --START--
INFO: Run Behavior\ShowPageTrace [ RunTime:0.001053s ]
INFO: [ app_end ] --END-- [ RunTime:0.001397s ]

[ 2017-03-06T16:54:29+08:00 ] 220.249.99.139 /zky/index.php/Home/Index/main
INFO: [ app_begin ] --START--
INFO: Run Behavior\ReadHtmlCache [ RunTime:0.001184s ]
INFO: [ app_begin ] --END-- [ RunTime:0.002006s ]
SQL: SHOW COLUMNS FROM `tp_maincontent` [ RunTime:0.002757s ]
SQL: SELECT `content` FROM `tp_maincontent` WHERE ( id=1 ) LIMIT 1   [ RunTime:0.000331s ]
SQL: SHOW COLUMNS FROM `tp_link` [ RunTime:0.002018s ]
SQL: SELECT * FROM `tp_link` WHERE ( class = 0 )  [ RunTime:0.000317s ]
SQL: SELECT * FROM `tp_link` WHERE ( class = 1 )  [ RunTime:0.000346s ]
SQL: SELECT * FROM `tp_link` WHERE ( class = 2 )  [ RunTime:0.000315s ]
SQL: SELECT * FROM `tp_link` WHERE ( class = 3 )  [ RunTime:0.000298s ]
SQL: SHOW COLUMNS FROM `tp_information` [ RunTime:0.002126s ]
SQL: SELECT * FROM `tp_information` ORDER BY id desc  [ RunTime:0.000364s ]
SQL: SHOW COLUMNS FROM `tp_file` [ RunTime:0.001850s ]
SQL: SELECT * FROM `tp_file` ORDER BY id desc  [ RunTime:0.000290s ]
INFO: [ view_parse ] --START--
INFO: [ template_filter ] --START--
INFO: Run Behavior\ContentReplace [ RunTime:0.000281s ]
INFO: [ template_filter ] --END-- [ RunTime:0.000652s ]
INFO: Run Behavior\ParseTemplate [ RunTime:0.034406s ]
INFO: [ view_parse ] --END-- [ RunTime:0.034755s ]
INFO: [ view_filter ] --START--
INFO: Run Behavior\WriteHtmlCache [ RunTime:0.000712s ]
INFO: [ view_filter ] --END-- [ RunTime:0.001042s ]
INFO: [ app_end ] --START--
INFO: Run Behavior\ShowPageTrace [ RunTime:0.001002s ]
INFO: [ app_end ] --END-- [ RunTime:0.001328s ]

[ 2017-03-06T16:54:29+08:00 ] 220.249.99.139 /zky/index.php/Home/Public/code
INFO: [ app_begin ] --START--
INFO: Run Behavior\ReadHtmlCache [ RunTime:0.001039s ]
INFO: [ app_begin ] --END-- [ RunTime:0.001854s ]
INFO: [ app_end ] --START--
INFO: Run Behavior\ShowPageTrace [ RunTime:0.001094s ]
INFO: [ app_end ] --END-- [ RunTime:0.001443s ]

[ 2017-03-06T16:54:42+08:00 ] 220.249.99.139 /zky/index.php/Admin/Login/do_login
INFO: [ app_begin ] --START--
INFO: Run Behavior\ReadHtmlCache [ RunTime:0.001076s ]
INFO: [ app_begin ] --END-- [ RunTime:0.001966s ]
SQL: SHOW COLUMNS FROM `tp_user` [ RunTime:0.002938s ]
SQL: SELECT COUNT(*) AS tp_count FROM `tp_user` WHERE ( username = 17764071983 ) LIMIT 1   [ RunTime:0.000346s ]
SQL: SELECT `isTeacher` FROM `tp_user` WHERE ( username = 17764071983 ) LIMIT 1   [ RunTime:0.000288s ]
SQL: SELECT `password` FROM `tp_user` WHERE ( username = 17764071983 ) LIMIT 1   [ RunTime:0.000279s ]
SQL: SELECT `name` FROM `tp_user` WHERE ( username = 17764071983 ) LIMIT 1   [ RunTime:0.000277s ]
SQL: SELECT `id` FROM `tp_user` WHERE ( username = 17764071983 ) LIMIT 1   [ RunTime:0.000274s ]
SQL: SELECT `username` FROM `tp_user` WHERE ( username = 17764071983 ) LIMIT 1   [ RunTime:0.000274s ]

[ 2017-03-06T16:54:42+08:00 ] 220.249.99.139 /zky/index.php/Admin/Index/admin
INFO: [ app_begin ] --START--
INFO: Run Behavior\ReadHtmlCache [ RunTime:0.001344s ]
INFO: [ app_begin ] --END-- [ RunTime:0.002164s ]
INFO: [ view_parse ] --START--
INFO: [ template_filter ] --START--
INFO: Run Behavior\ContentReplace [ RunTime:0.000225s ]
INFO: [ template_filter ] --END-- [ RunTime:0.001314s ]
INFO: Run Behavior\ParseTemplate [ RunTime:0.030963s ]
INFO: [ view_parse ] --END-- [ RunTime:0.031346s ]
INFO: [ view_filter ] --START--
INFO: Run Behavior\WriteHtmlCache [ RunTime:0.000713s ]
INFO: [ view_filter ] --END-- [ RunTime:0.001041s ]
INFO: [ app_end ] --START--
INFO: Run Behavior\ShowPageTrace [ RunTime:0.001048s ]
INFO: [ app_end ] --END-- [ RunTime:0.001380s ]

[ 2017-03-06T16:54:43+08:00 ] 220.249.99.139 /zky/index.php/Admin/Login/do_login
INFO: [ app_begin ] --START--
INFO: Run Behavior\ReadHtmlCache [ RunTime:0.000988s ]
INFO: [ app_begin ] --END-- [ RunTime:0.001726s ]
SQL: SHOW COLUMNS FROM `tp_user` [ RunTime:0.002927s ]
SQL: SELECT COUNT(*) AS tp_count FROM `tp_user` WHERE ( username = 17764071983 ) LIMIT 1   [ RunTime:0.000338s ]
SQL: SELECT `isTeacher` FROM `tp_user` WHERE ( username = 17764071983 ) LIMIT 1   [ RunTime:0.000286s ]
SQL: SELECT `password` FROM `tp_user` WHERE ( username = 17764071983 ) LIMIT 1   [ RunTime:0.000277s ]
SQL: SELECT `name` FROM `tp_user` WHERE ( username = 17764071983 ) LIMIT 1   [ RunTime:0.000280s ]
SQL: SELECT `id` FROM `tp_user` WHERE ( username = 17764071983 ) LIMIT 1   [ RunTime:0.000276s ]
SQL: SELECT `username` FROM `tp_user` WHERE ( username = 17764071983 ) LIMIT 1   [ RunTime:0.000274s ]

[ 2017-03-06T16:54:43+08:00 ] 220.249.99.139 /zky/index.php/Admin/Index/admin
INFO: [ app_begin ] --START--
INFO: Run Behavior\ReadHtmlCache [ RunTime:0.000989s ]
INFO: [ app_begin ] --END-- [ RunTime:0.001759s ]
INFO: [ view_parse ] --START--
INFO: [ template_filter ] --START--
INFO: Run Behavior\ContentReplace [ RunTime:0.000220s ]
INFO: [ template_filter ] --END-- [ RunTime:0.000583s ]
INFO: Run Behavior\ParseTemplate [ RunTime:0.012230s ]
INFO: [ view_parse ] --END-- [ RunTime:0.012588s ]
INFO: [ view_filter ] --START--
INFO: Run Behavior\WriteHtmlCache [ RunTime:0.000751s ]
INFO: [ view_filter ] --END-- [ RunTime:0.001074s ]
INFO: [ app_end ] --START--
INFO: Run Behavior\ShowPageTrace [ RunTime:0.001023s ]
INFO: [ app_end ] --END-- [ RunTime:0.001359s ]

[ 2017-03-06T16:54:52+08:00 ] 220.249.99.139 /zky/index.php/Admin/Inform/news
INFO: [ app_begin ] --START--
INFO: Run Behavior\ReadHtmlCache [ RunTime:0.001054s ]
INFO: [ app_begin ] --END-- [ RunTime:0.002218s ]
SQL: SHOW COLUMNS FROM `tp_information` [ RunTime:0.002926s ]
SQL: SELECT * FROM `tp_information`  [ RunTime:0.000346s ]
NOTIC: [8] Undefined index: content C:\wamp\www\zky\Application\Admin\Controller\InformController.class.php 第 18 行.
INFO: [ view_parse ] --START--
INFO: [ template_filter ] --START--
INFO: Run Behavior\ContentReplace [ RunTime:0.000196s ]
INFO: [ template_filter ] --END-- [ RunTime:0.000565s ]
NOTIC: [8] Uninitialized string offset: 0 C:\wamp\www\zky\Application\Runtime\Cache\Admin\0d66ff2d60d55982abf0b575840307f1.php 第 28 行.
NOTIC: [8] Uninitialized string offset: 0 C:\wamp\www\zky\Application\Runtime\Cache\Admin\0d66ff2d60d55982abf0b575840307f1.php 第 28 行.
NOTIC: [8] Uninitialized string offset: 0 C:\wamp\www\zky\Application\Runtime\Cache\Admin\0d66ff2d60d55982abf0b575840307f1.php 第 28 行.
NOTIC: [8] Uninitialized string offset: 0 C:\wamp\www\zky\Application\Runtime\Cache\Admin\0d66ff2d60d55982abf0b575840307f1.php 第 31 行.
NOTIC: [8] Uninitialized string offset: 0 C:\wamp\www\zky\Application\Runtime\Cache\Admin\0d66ff2d60d55982abf0b575840307f1.php 第 32 行.
INFO: Run Behavior\ParseTemplate [ RunTime:0.050125s ]
INFO: [ view_parse ] --END-- [ RunTime:0.050551s ]
INFO: [ view_filter ] --START--
INFO: Run Behavior\WriteHtmlCache [ RunTime:0.000702s ]
INFO: [ view_filter ] --END-- [ RunTime:0.001035s ]
INFO: [ app_end ] --START--
INFO: Run Behavior\ShowPageTrace [ RunTime:0.001091s ]
INFO: [ app_end ] --END-- [ RunTime:0.001425s ]

[ 2017-03-06T16:54:57+08:00 ] 220.249.99.139 /zky/index.php/Admin/Inform/add
INFO: [ app_begin ] --START--
INFO: Run Behavior\ReadHtmlCache [ RunTime:0.001094s ]
INFO: [ app_begin ] --END-- [ RunTime:0.001905s ]
INFO: [ view_parse ] --START--
INFO: [ template_filter ] --START--
INFO: Run Behavior\ContentReplace [ RunTime:0.000220s ]
INFO: [ template_filter ] --END-- [ RunTime:0.000611s ]
INFO: Run Behavior\ParseTemplate [ RunTime:0.022011s ]
INFO: [ view_parse ] --END-- [ RunTime:0.022362s ]
INFO: [ view_filter ] --START--
INFO: Run Behavior\WriteHtmlCache [ RunTime:0.000704s ]
INFO: [ view_filter ] --END-- [ RunTime:0.001031s ]
INFO: [ app_end ] --START--
INFO: Run Behavior\ShowPageTrace [ RunTime:0.001058s ]
INFO: [ app_end ] --END-- [ RunTime:0.001393s ]

[ 2017-03-06T16:55:05+08:00 ] 220.249.99.139 /zky/index.php/Admin/Inform/showitems/id/72
INFO: [ app_begin ] --START--
INFO: Run Behavior\ReadHtmlCache [ RunTime:0.001002s ]
INFO: [ app_begin ] --END-- [ RunTime:0.001842s ]
SQL: SHOW COLUMNS FROM `tp_information` [ RunTime:0.002962s ]
SQL: SELECT * FROM `tp_information` WHERE ( id = 72 ) LIMIT 1   [ RunTime:0.000375s ]
INFO: [ view_parse ] --START--
INFO: [ template_filter ] --START--
INFO: Run Behavior\ContentReplace [ RunTime:0.000210s ]
INFO: [ template_filter ] --END-- [ RunTime:0.000654s ]
INFO: Run Behavior\ParseTemplate [ RunTime:0.022425s ]
INFO: [ view_parse ] --END-- [ RunTime:0.022776s ]
INFO: [ view_filter ] --START--
INFO: Run Behavior\WriteHtmlCache [ RunTime:0.000585s ]
INFO: [ view_filter ] --END-- [ RunTime:0.000915s ]
INFO: [ app_end ] --START--
INFO: Run Behavior\ShowPageTrace [ RunTime:0.000843s ]
INFO: [ app_end ] --END-- [ RunTime:0.001214s ]

[ 2017-03-06T16:55:06+08:00 ] 220.249.99.139 /zky/index.php/Admin/Inform/showitems/id/Css/bootstrap.css
INFO: [ app_begin ] --START--
INFO: Run Behavior\ReadHtmlCache [ RunTime:0.000797s ]
INFO: [ app_begin ] --END-- [ RunTime:0.001609s ]
SQL: SHOW COLUMNS FROM `tp_information` [ RunTime:0.002995s ]
SQL: SELECT * FROM `tp_information` WHERE ( id = Css ) LIMIT 1   [ RunTime:0.000268s ]
ERR: 1054:Unknown column 'Css' in 'where clause'
 [ SQL语句 ] : SELECT * FROM `tp_information` WHERE ( id = Css ) LIMIT 1  
INFO: [ view_parse ] --START--
INFO: [ template_filter ] --START--
INFO: Run Behavior\ContentReplace [ RunTime:0.000221s ]
INFO: [ template_filter ] --END-- [ RunTime:0.000645s ]
NOTIC: [8] Undefined index: title C:\wamp\www\zky\Application\Runtime\Cache\Admin\4f34b596c5cc0ed91081c4cebd955179.php 第 92 行.
NOTIC: [8] Undefined index: date C:\wamp\www\zky\Application\Runtime\Cache\Admin\4f34b596c5cc0ed91081c4cebd955179.php 第 100 行.
INFO: Run Behavior\ParseTemplate [ RunTime:0.011901s ]
INFO: [ view_parse ] --END-- [ RunTime:0.012261s ]
INFO: [ view_filter ] --START--
INFO: Run Behavior\WriteHtmlCache [ RunTime:0.000417s ]
INFO: [ view_filter ] --END-- [ RunTime:0.000800s ]
INFO: [ app_end ] --START--
INFO: Run Behavior\ShowPageTrace [ RunTime:0.000821s ]
INFO: [ app_end ] --END-- [ RunTime:0.001153s ]

[ 2017-03-06T16:55:07+08:00 ] 220.249.99.139 /zky/index.php/Admin/Inform/showitems/id/Css/bootstrap-responsive.css
INFO: [ app_begin ] --START--
INFO: Run Behavior\ReadHtmlCache [ RunTime:0.001053s ]
INFO: [ app_begin ] --END-- [ RunTime:0.001821s ]
SQL: SHOW COLUMNS FROM `tp_information` [ RunTime:0.003010s ]
SQL: SELECT * FROM `tp_information` WHERE ( id = Css ) LIMIT 1   [ RunTime:0.000264s ]
ERR: 1054:Unknown column 'Css' in 'where clause'
 [ SQL语句 ] : SELECT * FROM `tp_information` WHERE ( id = Css ) LIMIT 1  
INFO: [ view_parse ] --START--
INFO: [ template_filter ] --START--
INFO: Run Behavior\ContentReplace [ RunTime:0.000219s ]
INFO: [ template_filter ] --END-- [ RunTime:0.000611s ]
NOTIC: [8] Undefined index: title C:\wamp\www\zky\Application\Runtime\Cache\Admin\4f34b596c5cc0ed91081c4cebd955179.php 第 92 行.
NOTIC: [8] Undefined index: date C:\wamp\www\zky\Application\Runtime\Cache\Admin\4f34b596c5cc0ed91081c4cebd955179.php 第 100 行.
INFO: Run Behavior\ParseTemplate [ RunTime:0.013334s ]
INFO: [ view_parse ] --END-- [ RunTime:0.013773s ]
INFO: [ view_filter ] --START--
INFO: Run Behavior\WriteHtmlCache [ RunTime:0.000924s ]
INFO: [ view_filter ] --END-- [ RunTime:0.001291s ]
INFO: [ app_end ] --START--
INFO: Run Behavior\ShowPageTrace [ RunTime:0.001030s ]
INFO: [ app_end ] --END-- [ RunTime:0.001361s ]

[ 2017-03-06T16:55:08+08:00 ] 220.249.99.139 /zky/index.php/Admin/Inform/showitems/id/Css/style.css
INFO: [ app_begin ] --START--
INFO: Run Behavior\ReadHtmlCache [ RunTime:0.001244s ]
INFO: [ app_begin ] --END-- [ RunTime:0.002068s ]
SQL: SHOW COLUMNS FROM `tp_information` [ RunTime:0.003653s ]
SQL: SELECT * FROM `tp_information` WHERE ( id = Css ) LIMIT 1   [ RunTime:0.000254s ]
ERR: 1054:Unknown column 'Css' in 'where clause'
 [ SQL语句 ] : SELECT * FROM `tp_information` WHERE ( id = Css ) LIMIT 1  
INFO: [ view_parse ] --START--
INFO: [ template_filter ] --START--
INFO: Run Behavior\ContentReplace [ RunTime:0.000208s ]
INFO: [ template_filter ] --END-- [ RunTime:0.000584s ]
NOTIC: [8] Undefined index: title C:\wamp\www\zky\Application\Runtime\Cache\Admin\4f34b596c5cc0ed91081c4cebd955179.php 第 92 行.
NOTIC: [8] Undefined index: date C:\wamp\www\zky\Application\Runtime\Cache\Admin\4f34b596c5cc0ed91081c4cebd955179.php 第 100 行.
INFO: Run Behavior\ParseTemplate [ RunTime:0.013616s ]
INFO: [ view_parse ] --END-- [ RunTime:0.013963s ]
INFO: [ view_filter ] --START--
INFO: Run Behavior\WriteHtmlCache [ RunTime:0.000699s ]
INFO: [ view_filter ] --END-- [ RunTime:0.001061s ]
INFO: [ app_end ] --START--
INFO: Run Behavior\ShowPageTrace [ RunTime:0.001043s ]
INFO: [ app_end ] --END-- [ RunTime:0.001374s ]

[ 2017-03-06T16:55:10+08:00 ] 220.249.99.139 /zky/index.php/Admin/Inform/showitems/id/Js/jquery2.js
INFO: [ app_begin ] --START--
INFO: Run Behavior\ReadHtmlCache [ RunTime:0.001131s ]
INFO: [ app_begin ] --END-- [ RunTime:0.001949s ]
SQL: SHOW COLUMNS FROM `tp_information` [ RunTime:0.002889s ]
SQL: SELECT * FROM `tp_information` WHERE ( id = Js ) LIMIT 1   [ RunTime:0.000259s ]
ERR: 1054:Unknown column 'Js' in 'where clause'
 [ SQL语句 ] : SELECT * FROM `tp_information` WHERE ( id = Js ) LIMIT 1  
INFO: [ view_parse ] --START--
INFO: [ template_filter ] --START--
INFO: Run Behavior\ContentReplace [ RunTime:0.000218s ]
INFO: [ template_filter ] --END-- [ RunTime:0.000618s ]
NOTIC: [8] Undefined index: title C:\wamp\www\zky\Application\Runtime\Cache\Admin\4f34b596c5cc0ed91081c4cebd955179.php 第 92 行.
NOTIC: [8] Undefined index: date C:\wamp\www\zky\Application\Runtime\Cache\Admin\4f34b596c5cc0ed91081c4cebd955179.php 第 100 行.
INFO: Run Behavior\ParseTemplate [ RunTime:0.013312s ]
INFO: [ view_parse ] --END-- [ RunTime:0.013652s ]
INFO: [ view_filter ] --START--
INFO: Run Behavior\WriteHtmlCache [ RunTime:0.000719s ]
INFO: [ view_filter ] --END-- [ RunTime:0.001047s ]
INFO: [ app_end ] --START--
INFO: Run Behavior\ShowPageTrace [ RunTime:0.001047s ]
INFO: [ app_end ] --END-- [ RunTime:0.001380s ]

[ 2017-03-06T16:55:11+08:00 ] 220.249.99.139 /zky/index.php/Admin/Inform/showitems/id/Js/jquery2.sorted.js
INFO: [ app_begin ] --START--
INFO: Run Behavior\ReadHtmlCache [ RunTime:0.002124s ]
INFO: [ app_begin ] --END-- [ RunTime:0.002903s ]
SQL: SHOW COLUMNS FROM `tp_information` [ RunTime:0.003401s ]
SQL: SELECT * FROM `tp_information` WHERE ( id = Js ) LIMIT 1   [ RunTime:0.000261s ]
ERR: 1054:Unknown column 'Js' in 'where clause'
 [ SQL语句 ] : SELECT * FROM `tp_information` WHERE ( id = Js ) LIMIT 1  
INFO: [ view_parse ] --START--
INFO: [ template_filter ] --START--
INFO: Run Behavior\ContentReplace [ RunTime:0.000213s ]
INFO: [ template_filter ] --END-- [ RunTime:0.000591s ]
NOTIC: [8] Undefined index: title C:\wamp\www\zky\Application\Runtime\Cache\Admin\4f34b596c5cc0ed91081c4cebd955179.php 第 92 行.
NOTIC: [8] Undefined index: date C:\wamp\www\zky\Application\Runtime\Cache\Admin\4f34b596c5cc0ed91081c4cebd955179.php 第 100 行.
INFO: Run Behavior\ParseTemplate [ RunTime:0.012372s ]
INFO: [ view_parse ] --END-- [ RunTime:0.012718s ]
INFO: [ view_filter ] --START--
INFO: Run Behavior\WriteHtmlCache [ RunTime:0.000672s ]
INFO: [ view_filter ] --END-- [ RunTime:0.000999s ]
INFO: [ app_end ] --START--
INFO: Run Behavior\ShowPageTrace [ RunTime:0.001020s ]
INFO: [ app_end ] --END-- [ RunTime:0.001354s ]

[ 2017-03-06T16:55:12+08:00 ] 220.249.99.139 /zky/index.php/Admin/Inform/showitems/id/Js/bootstrap.js
INFO: [ app_begin ] --START--
INFO: Run Behavior\ReadHtmlCache [ RunTime:0.000837s ]
INFO: [ app_begin ] --END-- [ RunTime:0.001599s ]
SQL: SHOW COLUMNS FROM `tp_information` [ RunTime:0.002825s ]
SQL: SELECT * FROM `tp_information` WHERE ( id = Js ) LIMIT 1   [ RunTime:0.000256s ]
ERR: 1054:Unknown column 'Js' in 'where clause'
 [ SQL语句 ] : SELECT * FROM `tp_information` WHERE ( id = Js ) LIMIT 1  
INFO: [ view_parse ] --START--
INFO: [ template_filter ] --START--
INFO: Run Behavior\ContentReplace [ RunTime:0.000212s ]
INFO: [ template_filter ] --END-- [ RunTime:0.000576s ]
NOTIC: [8] Undefined index: title C:\wamp\www\zky\Application\Runtime\Cache\Admin\4f34b596c5cc0ed91081c4cebd955179.php 第 92 行.
NOTIC: [8] Undefined index: date C:\wamp\www\zky\Application\Runtime\Cache\Admin\4f34b596c5cc0ed91081c4cebd955179.php 第 100 行.
INFO: Run Behavior\ParseTemplate [ RunTime:0.011707s ]
INFO: [ view_parse ] --END-- [ RunTime:0.012053s ]
INFO: [ view_filter ] --START--
INFO: Run Behavior\WriteHtmlCache [ RunTime:0.000490s ]
INFO: [ view_filter ] --END-- [ RunTime:0.000819s ]
INFO: [ app_end ] --START--
INFO: Run Behavior\ShowPageTrace [ RunTime:0.000835s ]
INFO: [ app_end ] --END-- [ RunTime:0.001172s ]

[ 2017-03-06T16:55:13+08:00 ] 220.249.99.139 /zky/index.php/Admin/Inform/showitems/id/Js/ckform.js
INFO: [ app_begin ] --START--
INFO: Run Behavior\ReadHtmlCache [ RunTime:0.000758s ]
INFO: [ app_begin ] --END-- [ RunTime:0.001554s ]
SQL: SHOW COLUMNS FROM `tp_information` [ RunTime:0.002837s ]
SQL: SELECT * FROM `tp_information` WHERE ( id = Js ) LIMIT 1   [ RunTime:0.000265s ]
ERR: 1054:Unknown column 'Js' in 'where clause'
 [ SQL语句 ] : SELECT * FROM `tp_information` WHERE ( id = Js ) LIMIT 1  
INFO: [ view_parse ] --START--
INFO: [ template_filter ] --START--
INFO: Run Behavior\ContentReplace [ RunTime:0.000260s ]
INFO: [ template_filter ] --END-- [ RunTime:0.000739s ]
NOTIC: [8] Undefined index: title C:\wamp\www\zky\Application\Runtime\Cache\Admin\4f34b596c5cc0ed91081c4cebd955179.php 第 92 行.
NOTIC: [8] Undefined index: date C:\wamp\www\zky\Application\Runtime\Cache\Admin\4f34b596c5cc0ed91081c4cebd955179.php 第 100 行.
INFO: Run Behavior\ParseTemplate [ RunTime:0.012084s ]
INFO: [ view_parse ] --END-- [ RunTime:0.012427s ]
INFO: [ view_filter ] --START--
INFO: Run Behavior\WriteHtmlCache [ RunTime:0.000434s ]
INFO: [ view_filter ] --END-- [ RunTime:0.000765s ]
INFO: [ app_end ] --START--
INFO: Run Behavior\ShowPageTrace [ RunTime:0.000800s ]
INFO: [ app_end ] --END-- [ RunTime:0.001134s ]

[ 2017-03-06T16:55:14+08:00 ] 220.249.99.139 /zky/index.php/Admin/Inform/showitems/id/Js/common.js
INFO: [ app_begin ] --START--
INFO: Run Behavior\ReadHtmlCache [ RunTime:0.001043s ]
INFO: [ app_begin ] --END-- [ RunTime:0.001922s ]
SQL: SHOW COLUMNS FROM `tp_information` [ RunTime:0.003407s ]
SQL: SELECT * FROM `tp_information` WHERE ( id = Js ) LIMIT 1   [ RunTime:0.000322s ]
ERR: 1054:Unknown column 'Js' in 'where clause'
 [ SQL语句 ] : SELECT * FROM `tp_information` WHERE ( id = Js ) LIMIT 1  
INFO: [ view_parse ] --START--
INFO: [ template_filter ] --START--
INFO: Run Behavior\ContentReplace [ RunTime:0.000217s ]
INFO: [ template_filter ] --END-- [ RunTime:0.000604s ]
NOTIC: [8] Undefined index: title C:\wamp\www\zky\Application\Runtime\Cache\Admin\4f34b596c5cc0ed91081c4cebd955179.php 第 92 行.
NOTIC: [8] Undefined index: date C:\wamp\www\zky\Application\Runtime\Cache\Admin\4f34b596c5cc0ed91081c4cebd955179.php 第 100 行.
INFO: Run Behavior\ParseTemplate [ RunTime:0.013915s ]
INFO: [ view_parse ] --END-- [ RunTime:0.014284s ]
INFO: [ view_filter ] --START--
INFO: Run Behavior\WriteHtmlCache [ RunTime:0.000761s ]
INFO: [ view_filter ] --END-- [ RunTime:0.001100s ]
INFO: [ app_end ] --START--
INFO: Run Behavior\ShowPageTrace [ RunTime:0.001069s ]
INFO: [ app_end ] --END-- [ RunTime:0.001409s ]

[ 2017-03-06T16:55:20+08:00 ] 220.249.99.139 /zky/index.php/Admin/Regulation/regulation
INFO: [ app_begin ] --START--
INFO: Run Behavior\ReadHtmlCache [ RunTime:0.000771s ]
INFO: [ app_begin ] --END-- [ RunTime:0.001507s ]
SQL: SHOW COLUMNS FROM `tp_regulation` [ RunTime:0.028722s ]
SQL: SELECT COUNT(*) AS tp_count FROM `tp_regulation` LIMIT 1   [ RunTime:0.000315s ]
SQL: SELECT * FROM `tp_regulation` ORDER BY id desc LIMIT 0,20   [ RunTime:0.024183s ]
INFO: [ view_parse ] --START--
INFO: [ template_filter ] --START--
INFO: Run Behavior\ContentReplace [ RunTime:0.000198s ]
INFO: [ template_filter ] --END-- [ RunTime:0.000610s ]
INFO: Run Behavior\ParseTemplate [ RunTime:0.038093s ]
INFO: [ view_parse ] --END-- [ RunTime:0.038446s ]
INFO: [ view_filter ] --START--
INFO: Run Behavior\WriteHtmlCache [ RunTime:0.000400s ]
INFO: [ view_filter ] --END-- [ RunTime:0.000731s ]
INFO: [ app_end ] --START--
INFO: Run Behavior\ShowPageTrace [ RunTime:0.000884s ]
INFO: [ app_end ] --END-- [ RunTime:0.001219s ]

[ 2017-03-06T16:55:26+08:00 ] 220.249.99.139 /zky/index.php/Admin/File/doucument
INFO: [ app_begin ] --START--
INFO: Run Behavior\ReadHtmlCache [ RunTime:0.000743s ]
INFO: [ app_begin ] --END-- [ RunTime:0.001496s ]
SQL: SHOW COLUMNS FROM `tp_file` [ RunTime:0.003032s ]
SQL: SELECT COUNT(*) AS tp_count FROM `tp_file` LIMIT 1   [ RunTime:0.000267s ]
SQL: SELECT * FROM `tp_file` ORDER BY id desc LIMIT 0,20   [ RunTime:0.000317s ]
INFO: [ view_parse ] --START--
INFO: [ template_filter ] --START--
INFO: Run Behavior\ContentReplace [ RunTime:0.000199s ]
INFO: [ template_filter ] --END-- [ RunTime:0.000568s ]
INFO: Run Behavior\ParseTemplate [ RunTime:0.044695s ]
INFO: [ view_parse ] --END-- [ RunTime:0.045085s ]
INFO: [ view_filter ] --START--
INFO: Run Behavior\WriteHtmlCache [ RunTime:0.000452s ]
INFO: [ view_filter ] --END-- [ RunTime:0.000783s ]
INFO: [ app_end ] --START--
INFO: Run Behavior\ShowPageTrace [ RunTime:0.000940s ]
INFO: [ app_end ] --END-- [ RunTime:0.001277s ]

[ 2017-03-06T16:55:30+08:00 ] 220.249.99.139 /zky/index.php/Admin/Regulation/regulation
INFO: [ app_begin ] --START--
INFO: Run Behavior\ReadHtmlCache [ RunTime:0.000797s ]
INFO: [ app_begin ] --END-- [ RunTime:0.001602s ]
SQL: SHOW COLUMNS FROM `tp_regulation` [ RunTime:0.002998s ]
SQL: SELECT COUNT(*) AS tp_count FROM `tp_regulation` LIMIT 1   [ RunTime:0.000275s ]
SQL: SELECT * FROM `tp_regulation` ORDER BY id desc LIMIT 0,20   [ RunTime:0.000358s ]
INFO: [ view_parse ] --START--
INFO: [ template_filter ] --START--
INFO: Run Behavior\ContentReplace [ RunTime:0.000198s ]
INFO: [ template_filter ] --END-- [ RunTime:0.000572s ]
INFO: Run Behavior\ParseTemplate [ RunTime:0.015274s ]
INFO: [ view_parse ] --END-- [ RunTime:0.015658s ]
INFO: [ view_filter ] --START--
INFO: Run Behavior\WriteHtmlCache [ RunTime:0.000399s ]
INFO: [ view_filter ] --END-- [ RunTime:0.000731s ]
INFO: [ app_end ] --START--
INFO: Run Behavior\ShowPageTrace [ RunTime:0.000856s ]
INFO: [ app_end ] --END-- [ RunTime:0.001195s ]

[ 2017-03-06T16:56:25+08:00 ] 220.249.99.139 /zky/index.php/Admin/Regulation/do_show
INFO: [ app_begin ] --START--
INFO: Run Behavior\ReadHtmlCache [ RunTime:0.000979s ]
INFO: [ app_begin ] --END-- [ RunTime:0.001774s ]
SQL: SHOW COLUMNS FROM `tp_regulation` [ RunTime:0.002311s ]
NOTIC: [2] call_user_func() expects parameter 1 to be a valid callback, no array or string given C:\wamp\www\zky\ThinkPHP\Library\Think\Upload.class.php 第 167 行.
SQL: INSERT INTO `tp_regulation` (`userid`,`date`,`address`,`realname`) VALUES (38,'2017-03-06 16:56:25','./Regulation/2017-03-06/1488790585.pdf','东附楼213室凝胶成像使用管理规定.pdf') [ RunTime:0.036481s ]

[ 2017-03-06T16:56:26+08:00 ] 220.249.99.139 /zky/index.php/Admin/Regulation/regulation.html
INFO: [ app_begin ] --START--
INFO: Run Behavior\ReadHtmlCache [ RunTime:0.001215s ]
INFO: [ app_begin ] --END-- [ RunTime:0.002286s ]
SQL: SHOW COLUMNS FROM `tp_regulation` [ RunTime:0.002965s ]
SQL: SELECT COUNT(*) AS tp_count FROM `tp_regulation` LIMIT 1   [ RunTime:0.000293s ]
SQL: SELECT * FROM `tp_regulation` ORDER BY id desc LIMIT 0,20   [ RunTime:0.000408s ]
INFO: [ view_parse ] --START--
INFO: [ template_filter ] --START--
INFO: Run Behavior\ContentReplace [ RunTime:0.000198s ]
INFO: [ template_filter ] --END-- [ RunTime:0.000609s ]
INFO: Run Behavior\ParseTemplate [ RunTime:0.016331s ]
INFO: [ view_parse ] --END-- [ RunTime:0.016687s ]
INFO: [ view_filter ] --START--
INFO: Run Behavior\WriteHtmlCache [ RunTime:0.000691s ]
INFO: [ view_filter ] --END-- [ RunTime:0.001024s ]
INFO: [ app_end ] --START--
INFO: Run Behavior\ShowPageTrace [ RunTime:0.001209s ]
INFO: [ app_end ] --END-- [ RunTime:0.001571s ]

[ 2017-03-06T16:56:28+08:00 ] 220.181.132.218 /zky/index.php/Home/Index/main
INFO: [ app_begin ] --START--
INFO: Run Behavior\ReadHtmlCache [ RunTime:0.000987s ]
INFO: [ app_begin ] --END-- [ RunTime:0.001779s ]
SQL: SHOW COLUMNS FROM `tp_maincontent` [ RunTime:0.020989s ]
SQL: SELECT `content` FROM `tp_maincontent` WHERE ( id=1 ) LIMIT 1   [ RunTime:0.000368s ]
SQL: SHOW COLUMNS FROM `tp_link` [ RunTime:0.001765s ]
SQL: SELECT * FROM `tp_link` WHERE ( class = 0 )  [ RunTime:0.000296s ]
SQL: SELECT * FROM `tp_link` WHERE ( class = 1 )  [ RunTime:0.000282s ]
SQL: SELECT * FROM `tp_link` WHERE ( class = 2 )  [ RunTime:0.000281s ]
SQL: SELECT * FROM `tp_link` WHERE ( class = 3 )  [ RunTime:0.000284s ]
SQL: SHOW COLUMNS FROM `tp_information` [ RunTime:0.001914s ]
SQL: SELECT * FROM `tp_information` ORDER BY id desc  [ RunTime:0.000354s ]
SQL: SHOW COLUMNS FROM `tp_file` [ RunTime:0.001782s ]
SQL: SELECT * FROM `tp_file` ORDER BY id desc  [ RunTime:0.000285s ]
INFO: [ view_parse ] --START--
INFO: [ template_filter ] --START--
INFO: Run Behavior\ContentReplace [ RunTime:0.000282s ]
INFO: [ template_filter ] --END-- [ RunTime:0.000658s ]
NOTIC: [8] Undefined index: username C:\wamp\www\zky\Application\Runtime\Cache\Home\4462707c48390994935bf3e366c221aa.php 第 188 行.
INFO: Run Behavior\ParseTemplate [ RunTime:0.035027s ]
INFO: [ view_parse ] --END-- [ RunTime:0.035371s ]
INFO: [ view_filter ] --START--
INFO: Run Behavior\WriteHtmlCache [ RunTime:0.000660s ]
INFO: [ view_filter ] --END-- [ RunTime:0.000988s ]
INFO: [ app_end ] --START--
INFO: Run Behavior\ShowPageTrace [ RunTime:0.000991s ]
INFO: [ app_end ] --END-- [ RunTime:0.001321s ]

[ 2017-03-06T16:56:36+08:00 ] 220.249.99.139 /zky/index.php/Admin/Regulation/do_show
INFO: [ app_begin ] --START--
INFO: Run Behavior\ReadHtmlCache [ RunTime:0.000975s ]
INFO: [ app_begin ] --END-- [ RunTime:0.001791s ]
SQL: SHOW COLUMNS FROM `tp_regulation` [ RunTime:0.002843s ]
NOTIC: [2] call_user_func() expects parameter 1 to be a valid callback, no array or string given C:\wamp\www\zky\ThinkPHP\Library\Think\Upload.class.php 第 167 行.
SQL: INSERT INTO `tp_regulation` (`userid`,`date`,`address`,`realname`) VALUES (38,'2017-03-06 16:56:36','./Regulation/2017-03-06/1488790596.pdf','东附楼213室凝胶成像仪惩罚制度.pdf') [ RunTime:0.000431s ]

[ 2017-03-06T16:56:37+08:00 ] 220.249.99.139 /zky/index.php/Admin/Regulation/regulation.html
INFO: [ app_begin ] --START--
INFO: Run Behavior\ReadHtmlCache [ RunTime:0.001026s ]
INFO: [ app_begin ] --END-- [ RunTime:0.001819s ]
SQL: SHOW COLUMNS FROM `tp_regulation` [ RunTime:0.018146s ]
SQL: SELECT COUNT(*) AS tp_count FROM `tp_regulation` LIMIT 1   [ RunTime:0.000328s ]
SQL: SELECT * FROM `tp_regulation` ORDER BY id desc LIMIT 0,20   [ RunTime:0.000402s ]
INFO: [ view_parse ] --START--
INFO: [ template_filter ] --START--
INFO: Run Behavior\ContentReplace [ RunTime:0.000191s ]
INFO: [ template_filter ] --END-- [ RunTime:0.000572s ]
INFO: Run Behavior\ParseTemplate [ RunTime:0.015117s ]
INFO: [ view_parse ] --END-- [ RunTime:0.015475s ]
INFO: [ view_filter ] --START--
INFO: Run Behavior\WriteHtmlCache [ RunTime:0.000653s ]
INFO: [ view_filter ] --END-- [ RunTime:0.000986s ]
INFO: [ app_end ] --START--
INFO: Run Behavior\ShowPageTrace [ RunTime:0.001052s ]
INFO: [ app_end ] --END-- [ RunTime:0.001392s ]

[ 2017-03-06T16:56:48+08:00 ] 220.181.132.198 /zky/index.php/Home/Index/main
INFO: [ app_begin ] --START--
INFO: Run Behavior\ReadHtmlCache [ RunTime:0.001034s ]
INFO: [ app_begin ] --END-- [ RunTime:0.001903s ]
SQL: SHOW COLUMNS FROM `tp_maincontent` [ RunTime:0.004497s ]
SQL: SELECT `content` FROM `tp_maincontent` WHERE ( id=1 ) LIMIT 1   [ RunTime:0.000329s ]
SQL: SHOW COLUMNS FROM `tp_link` [ RunTime:0.001721s ]
SQL: SELECT * FROM `tp_link` WHERE ( class = 0 )  [ RunTime:0.000290s ]
SQL: SELECT * FROM `tp_link` WHERE ( class = 1 )  [ RunTime:0.000278s ]
SQL: SELECT * FROM `tp_link` WHERE ( class = 2 )  [ RunTime:0.000278s ]
SQL: SELECT * FROM `tp_link` WHERE ( class = 3 )  [ RunTime:0.000281s ]
SQL: SHOW COLUMNS FROM `tp_information` [ RunTime:0.001871s ]
SQL: SELECT * FROM `tp_information` ORDER BY id desc  [ RunTime:0.000346s ]
SQL: SHOW COLUMNS FROM `tp_file` [ RunTime:0.001840s ]
SQL: SELECT * FROM `tp_file` ORDER BY id desc  [ RunTime:0.000287s ]
INFO: [ view_parse ] --START--
INFO: [ template_filter ] --START--
INFO: Run Behavior\ContentReplace [ RunTime:0.000284s ]
INFO: [ template_filter ] --END-- [ RunTime:0.000705s ]
NOTIC: [8] Undefined index: username C:\wamp\www\zky\Application\Runtime\Cache\Home\4462707c48390994935bf3e366c221aa.php 第 188 行.
INFO: Run Behavior\ParseTemplate [ RunTime:0.036467s ]
INFO: [ view_parse ] --END-- [ RunTime:0.036845s ]
INFO: [ view_filter ] --START--
INFO: Run Behavior\WriteHtmlCache [ RunTime:0.000676s ]
INFO: [ view_filter ] --END-- [ RunTime:0.001005s ]
INFO: [ app_end ] --START--
INFO: Run Behavior\ShowPageTrace [ RunTime:0.001003s ]
INFO: [ app_end ] --END-- [ RunTime:0.002141s ]

[ 2017-03-06T16:56:48+08:00 ] 220.249.99.139 /zky/index.php/Home/Index/main
INFO: [ app_begin ] --START--
INFO: Run Behavior\ReadHtmlCache [ RunTime:0.001048s ]
INFO: [ app_begin ] --END-- [ RunTime:0.001854s ]
SQL: SHOW COLUMNS FROM `tp_maincontent` [ RunTime:0.002902s ]
SQL: SELECT `content` FROM `tp_maincontent` WHERE ( id=1 ) LIMIT 1   [ RunTime:0.000477s ]
SQL: SHOW COLUMNS FROM `tp_link` [ RunTime:0.002255s ]
SQL: SELECT * FROM `tp_link` WHERE ( class = 0 )  [ RunTime:0.000599s ]
SQL: SELECT * FROM `tp_link` WHERE ( class = 1 )  [ RunTime:0.000296s ]
SQL: SELECT * FROM `tp_link` WHERE ( class = 2 )  [ RunTime:0.000301s ]
SQL: SELECT * FROM `tp_link` WHERE ( class = 3 )  [ RunTime:0.000291s ]
SQL: SHOW COLUMNS FROM `tp_information` [ RunTime:0.002016s ]
SQL: SELECT * FROM `tp_information` ORDER BY id desc  [ RunTime:0.000368s ]
SQL: SHOW COLUMNS FROM `tp_file` [ RunTime:0.001833s ]
SQL: SELECT * FROM `tp_file` ORDER BY id desc  [ RunTime:0.000300s ]
INFO: [ view_parse ] --START--
INFO: [ template_filter ] --START--
INFO: Run Behavior\ContentReplace [ RunTime:0.000305s ]
INFO: [ template_filter ] --END-- [ RunTime:0.000683s ]
INFO: Run Behavior\ParseTemplate [ RunTime:0.036553s ]
INFO: [ view_parse ] --END-- [ RunTime:0.036947s ]
INFO: [ view_filter ] --START--
INFO: Run Behavior\WriteHtmlCache [ RunTime:0.000696s ]
INFO: [ view_filter ] --END-- [ RunTime:0.001029s ]
INFO: [ app_end ] --START--
INFO: Run Behavior\ShowPageTrace [ RunTime:0.001002s ]
INFO: [ app_end ] --END-- [ RunTime:0.001338s ]

[ 2017-03-06T16:56:48+08:00 ] 220.249.99.139 /zky/index.php/Home/Public/code
INFO: [ app_begin ] --START--
INFO: Run Behavior\ReadHtmlCache [ RunTime:0.001023s ]
INFO: [ app_begin ] --END-- [ RunTime:0.001894s ]
INFO: [ app_end ] --START--
INFO: Run Behavior\ShowPageTrace [ RunTime:0.001212s ]
INFO: [ app_end ] --END-- [ RunTime:0.001599s ]

[ 2017-03-06T16:57:01+08:00 ] 220.249.99.139 /zky/index.php/Home/Equipment/equipment
INFO: [ app_begin ] --START--
INFO: Run Behavior\ReadHtmlCache [ RunTime:0.000754s ]
INFO: [ app_begin ] --END-- [ RunTime:0.001553s ]
SQL: SHOW COLUMNS FROM `tp_equipment` [ RunTime:0.023077s ]
SQL: SELECT COUNT(*) AS tp_count FROM `tp_equipment` LIMIT 1   [ RunTime:0.000333s ]
SQL: SELECT * FROM `tp_equipment` LIMIT 0,9   [ RunTime:0.009511s ]
INFO: [ view_parse ] --START--
INFO: [ template_filter ] --START--
INFO: Run Behavior\ContentReplace [ RunTime:0.000235s ]
INFO: [ template_filter ] --END-- [ RunTime:0.000609s ]
INFO: Run Behavior\ParseTemplate [ RunTime:0.053892s ]
INFO: [ view_parse ] --END-- [ RunTime:0.054272s ]
INFO: [ view_filter ] --START--
INFO: Run Behavior\WriteHtmlCache [ RunTime:0.000406s ]
INFO: [ view_filter ] --END-- [ RunTime:0.000740s ]
INFO: [ app_end ] --START--
INFO: Run Behavior\ShowPageTrace [ RunTime:0.000786s ]
INFO: [ app_end ] --END-- [ RunTime:0.001126s ]

[ 2017-03-06T16:57:10+08:00 ] 220.249.99.139 /zky/index.php/Admin/Regulation/regulation
INFO: [ app_begin ] --START--
INFO: Run Behavior\ReadHtmlCache [ RunTime:0.001281s ]
INFO: [ app_begin ] --END-- [ RunTime:0.002272s ]
SQL: SHOW COLUMNS FROM `tp_regulation` [ RunTime:0.003090s ]
SQL: SELECT COUNT(*) AS tp_count FROM `tp_regulation` LIMIT 1   [ RunTime:0.000316s ]
SQL: SELECT * FROM `tp_regulation` ORDER BY id desc LIMIT 0,20   [ RunTime:0.000389s ]
INFO: [ view_parse ] --START--
INFO: [ template_filter ] --START--
INFO: Run Behavior\ContentReplace [ RunTime:0.000294s ]
INFO: [ template_filter ] --END-- [ RunTime:0.000767s ]
INFO: Run Behavior\ParseTemplate [ RunTime:0.016215s ]
INFO: [ view_parse ] --END-- [ RunTime:0.016580s ]
INFO: [ view_filter ] --START--
INFO: Run Behavior\WriteHtmlCache [ RunTime:0.001046s ]
INFO: [ view_filter ] --END-- [ RunTime:0.001478s ]
INFO: [ app_end ] --START--
INFO: Run Behavior\ShowPageTrace [ RunTime:0.001154s ]
INFO: [ app_end ] --END-- [ RunTime:0.001497s ]

[ 2017-03-06T16:57:15+08:00 ] 220.249.99.139 /zky/index.php/Admin/Regulation/regulation
INFO: [ app_begin ] --START--
INFO: Run Behavior\ReadHtmlCache [ RunTime:0.001183s ]
INFO: [ app_begin ] --END-- [ RunTime:0.002082s ]
SQL: SHOW COLUMNS FROM `tp_regulation` [ RunTime:0.003266s ]
SQL: SELECT COUNT(*) AS tp_count FROM `tp_regulation` LIMIT 1   [ RunTime:0.000270s ]
SQL: SELECT * FROM `tp_regulation` ORDER BY id desc LIMIT 0,20   [ RunTime:0.000379s ]
INFO: [ view_parse ] --START--
INFO: [ template_filter ] --START--
INFO: Run Behavior\ContentReplace [ RunTime:0.000481s ]
INFO: [ template_filter ] --END-- [ RunTime:0.000880s ]
INFO: Run Behavior\ParseTemplate [ RunTime:0.016613s ]
INFO: [ view_parse ] --END-- [ RunTime:0.016966s ]
INFO: [ view_filter ] --START--
INFO: Run Behavior\WriteHtmlCache [ RunTime:0.000751s ]
INFO: [ view_filter ] --END-- [ RunTime:0.001103s ]
INFO: [ app_end ] --START--
INFO: Run Behavior\ShowPageTrace [ RunTime:0.001134s ]
INFO: [ app_end ] --END-- [ RunTime:0.001472s ]

[ 2017-03-06T16:57:16+08:00 ] 220.249.99.139 /zky/index.php/Admin/File/doucument
INFO: [ app_begin ] --START--
INFO: Run Behavior\ReadHtmlCache [ RunTime:0.001026s ]
INFO: [ app_begin ] --END-- [ RunTime:0.001836s ]
SQL: SHOW COLUMNS FROM `tp_file` [ RunTime:0.002897s ]
SQL: SELECT COUNT(*) AS tp_count FROM `tp_file` LIMIT 1   [ RunTime:0.000301s ]
SQL: SELECT * FROM `tp_file` ORDER BY id desc LIMIT 0,20   [ RunTime:0.000327s ]
INFO: [ view_parse ] --START--
INFO: [ template_filter ] --START--
INFO: Run Behavior\ContentReplace [ RunTime:0.000191s ]
INFO: [ template_filter ] --END-- [ RunTime:0.000545s ]
INFO: Run Behavior\ParseTemplate [ RunTime:0.015210s ]
INFO: [ view_parse ] --END-- [ RunTime:0.015570s ]
INFO: [ view_filter ] --START--
INFO: Run Behavior\WriteHtmlCache [ RunTime:0.000673s ]
INFO: [ view_filter ] --END-- [ RunTime:0.000999s ]
INFO: [ app_end ] --START--
INFO: Run Behavior\ShowPageTrace [ RunTime:0.001040s ]
INFO: [ app_end ] --END-- [ RunTime:0.001373s ]

[ 2017-03-06T16:59:06+08:00 ] 220.181.132.218 /zky/index.php/Home/Equipment/equipment
INFO: [ app_begin ] --START--
INFO: Run Behavior\ReadHtmlCache [ RunTime:0.001146s ]
INFO: [ app_begin ] --END-- [ RunTime:0.001941s ]
SQL: SHOW COLUMNS FROM `tp_equipment` [ RunTime:0.003373s ]
SQL: SELECT COUNT(*) AS tp_count FROM `tp_equipment` LIMIT 1   [ RunTime:0.000310s ]
SQL: SELECT * FROM `tp_equipment` LIMIT 0,9   [ RunTime:0.000444s ]
INFO: [ view_parse ] --START--
INFO: [ template_filter ] --START--
INFO: Run Behavior\ContentReplace [ RunTime:0.000245s ]
INFO: [ template_filter ] --END-- [ RunTime:0.000622s ]
NOTIC: [8] Undefined index: username C:\wamp\www\zky\Application\Runtime\Cache\Home\356e1af77c9db117a44a52331a30d673.php 第 109 行.
INFO: Run Behavior\ParseTemplate [ RunTime:0.020927s ]
INFO: [ view_parse ] --END-- [ RunTime:0.021283s ]
INFO: [ view_filter ] --START--
INFO: Run Behavior\WriteHtmlCache [ RunTime:0.000747s ]
INFO: [ view_filter ] --END-- [ RunTime:0.001092s ]
INFO: [ app_end ] --START--
INFO: Run Behavior\ShowPageTrace [ RunTime:0.001027s ]
INFO: [ app_end ] --END-- [ RunTime:0.001421s ]

[ 2017-03-06T16:59:21+08:00 ] 101.199.112.51 /zky/index.php/Home/Equipment/equipment
INFO: [ app_begin ] --START--
INFO: Run Behavior\ReadHtmlCache [ RunTime:0.001065s ]
INFO: [ app_begin ] --END-- [ RunTime:0.001925s ]
SQL: SHOW COLUMNS FROM `tp_equipment` [ RunTime:0.003155s ]
SQL: SELECT COUNT(*) AS tp_count FROM `tp_equipment` LIMIT 1   [ RunTime:0.000276s ]
SQL: SELECT * FROM `tp_equipment` LIMIT 0,9   [ RunTime:0.000419s ]
INFO: [ view_parse ] --START--
INFO: [ template_filter ] --START--
INFO: Run Behavior\ContentReplace [ RunTime:0.000246s ]
INFO: [ template_filter ] --END-- [ RunTime:0.000614s ]
NOTIC: [8] Undefined index: username C:\wamp\www\zky\Application\Runtime\Cache\Home\356e1af77c9db117a44a52331a30d673.php 第 109 行.
INFO: Run Behavior\ParseTemplate [ RunTime:0.019656s ]
INFO: [ view_parse ] --END-- [ RunTime:0.020022s ]
INFO: [ view_filter ] --START--
INFO: Run Behavior\WriteHtmlCache [ RunTime:0.000691s ]
INFO: [ view_filter ] --END-- [ RunTime:0.001129s ]
INFO: [ app_end ] --START--
INFO: Run Behavior\ShowPageTrace [ RunTime:0.001260s ]
INFO: [ app_end ] --END-- [ RunTime:0.001598s ]

[ 2017-03-06T17:00:21+08:00 ] 220.249.99.139 /zky/index.php/Admin/Index/index_link
INFO: [ app_begin ] --START--
INFO: Run Behavior\ReadHtmlCache [ RunTime:0.001040s ]
INFO: [ app_begin ] --END-- [ RunTime:0.001872s ]
SQL: SHOW COLUMNS FROM `tp_link` [ RunTime:0.002982s ]
SQL: SELECT * FROM `tp_link` WHERE ( class = 0 )  [ RunTime:0.000336s ]
SQL: SELECT * FROM `tp_link` WHERE ( class = 1 )  [ RunTime:0.000329s ]
SQL: SELECT * FROM `tp_link` WHERE ( class = 2 )  [ RunTime:0.000355s ]
SQL: SELECT * FROM `tp_link` WHERE ( class = 3 )  [ RunTime:0.000317s ]
SQL: SHOW COLUMNS FROM `tp_maincontent` [ RunTime:0.001830s ]
SQL: SELECT `content` FROM `tp_maincontent` WHERE ( id = 1 ) LIMIT 1   [ RunTime:0.000347s ]
INFO: [ view_parse ] --START--
INFO: [ template_filter ] --START--
INFO: Run Behavior\ContentReplace [ RunTime:0.000228s ]
INFO: [ template_filter ] --END-- [ RunTime:0.000619s ]
INFO: Run Behavior\ParseTemplate [ RunTime:0.055855s ]
INFO: [ view_parse ] --END-- [ RunTime:0.056237s ]
INFO: [ view_filter ] --START--
INFO: Run Behavior\WriteHtmlCache [ RunTime:0.000741s ]
INFO: [ view_filter ] --END-- [ RunTime:0.001075s ]
INFO: [ app_end ] --START--
INFO: Run Behavior\ShowPageTrace [ RunTime:0.001094s ]
INFO: [ app_end ] --END-- [ RunTime:0.001444s ]

[ 2017-03-06T17:00:22+08:00 ] 220.249.99.139 /zky/index.php/Admin/Index/index_admin
INFO: [ app_begin ] --START--
INFO: Run Behavior\ReadHtmlCache [ RunTime:0.001241s ]
INFO: [ app_begin ] --END-- [ RunTime:0.002089s ]
SQL: SHOW COLUMNS FROM `tp_maincontent` [ RunTime:0.002759s ]
SQL: SELECT `content` FROM `tp_maincontent` WHERE ( id = 1 ) LIMIT 1   [ RunTime:0.000335s ]
INFO: [ view_parse ] --START--
INFO: [ template_filter ] --START--
INFO: Run Behavior\ContentReplace [ RunTime:0.000195s ]
INFO: [ template_filter ] --END-- [ RunTime:0.000599s ]
INFO: Run Behavior\ParseTemplate [ RunTime:0.025141s ]
INFO: [ view_parse ] --END-- [ RunTime:0.025500s ]
INFO: [ view_filter ] --START--
INFO: Run Behavior\WriteHtmlCache [ RunTime:0.000700s ]
INFO: [ view_filter ] --END-- [ RunTime:0.001047s ]
INFO: [ app_end ] --START--
INFO: Run Behavior\ShowPageTrace [ RunTime:0.001140s ]
INFO: [ app_end ] --END-- [ RunTime:0.001489s ]

[ 2017-03-06T17:00:34+08:00 ] 220.249.99.139 /zky/index.php/Home/Index/main
INFO: [ app_begin ] --START--
INFO: Run Behavior\ReadHtmlCache [ RunTime:0.001103s ]
INFO: [ app_begin ] --END-- [ RunTime:0.001983s ]
SQL: SHOW COLUMNS FROM `tp_maincontent` [ RunTime:0.003223s ]
SQL: SELECT `content` FROM `tp_maincontent` WHERE ( id=1 ) LIMIT 1   [ RunTime:0.000457s ]
SQL: SHOW COLUMNS FROM `tp_link` [ RunTime:0.002057s ]
SQL: SELECT * FROM `tp_link` WHERE ( class = 0 )  [ RunTime:0.000313s ]
SQL: SELECT * FROM `tp_link` WHERE ( class = 1 )  [ RunTime:0.000300s ]
SQL: SELECT * FROM `tp_link` WHERE ( class = 2 )  [ RunTime:0.000359s ]
SQL: SELECT * FROM `tp_link` WHERE ( class = 3 )  [ RunTime:0.000411s ]
SQL: SHOW COLUMNS FROM `tp_information` [ RunTime:0.002227s ]
SQL: SELECT * FROM `tp_information` ORDER BY id desc  [ RunTime:0.000635s ]
SQL: SHOW COLUMNS FROM `tp_file` [ RunTime:0.002187s ]
SQL: SELECT * FROM `tp_file` ORDER BY id desc  [ RunTime:0.000297s ]
INFO: [ view_parse ] --START--
INFO: [ template_filter ] --START--
INFO: Run Behavior\ContentReplace [ RunTime:0.000277s ]
INFO: [ template_filter ] --END-- [ RunTime:0.000636s ]
INFO: Run Behavior\ParseTemplate [ RunTime:0.034498s ]
INFO: [ view_parse ] --END-- [ RunTime:0.034901s ]
INFO: [ view_filter ] --START--
INFO: Run Behavior\WriteHtmlCache [ RunTime:0.000764s ]
INFO: [ view_filter ] --END-- [ RunTime:0.001139s ]
INFO: [ app_end ] --START--
INFO: Run Behavior\ShowPageTrace [ RunTime:0.001790s ]
INFO: [ app_end ] --END-- [ RunTime:0.002154s ]

[ 2017-03-06T17:00:34+08:00 ] 220.249.99.139 /zky/index.php/Home/Public/code
INFO: [ app_begin ] --START--
INFO: Run Behavior\ReadHtmlCache [ RunTime:0.001101s ]
INFO: [ app_begin ] --END-- [ RunTime:0.001919s ]
INFO: [ app_end ] --START--
INFO: Run Behavior\ShowPageTrace [ RunTime:0.001209s ]
INFO: [ app_end ] --END-- [ RunTime:0.001597s ]

[ 2017-03-06T17:00:42+08:00 ] 220.249.99.139 /zky/index.php/Home/Inform/news
INFO: [ app_begin ] --START--
INFO: Run Behavior\ReadHtmlCache [ RunTime:0.001065s ]
INFO: [ app_begin ] --END-- [ RunTime:0.001867s ]
SQL: SHOW COLUMNS FROM `tp_information` [ RunTime:0.003109s ]
SQL: SELECT * FROM `tp_information` ORDER BY id desc  [ RunTime:0.000391s ]
INFO: [ view_parse ] --START--
INFO: [ template_filter ] --START--
INFO: Run Behavior\ContentReplace [ RunTime:0.000213s ]
INFO: [ template_filter ] --END-- [ RunTime:0.000717s ]
INFO: Run Behavior\ParseTemplate [ RunTime:0.026922s ]
INFO: [ view_parse ] --END-- [ RunTime:0.027344s ]
INFO: [ view_filter ] --START--
INFO: Run Behavior\WriteHtmlCache [ RunTime:0.000701s ]
INFO: [ view_filter ] --END-- [ RunTime:0.001033s ]
INFO: [ app_end ] --START--
INFO: Run Behavior\ShowPageTrace [ RunTime:0.001064s ]
INFO: [ app_end ] --END-- [ RunTime:0.001393s ]

[ 2017-03-06T17:00:45+08:00 ] 220.249.99.139 /zky/index.php/Home/Index/main
INFO: [ app_begin ] --START--
INFO: Run Behavior\ReadHtmlCache [ RunTime:0.001054s ]
INFO: [ app_begin ] --END-- [ RunTime:0.001876s ]
SQL: SHOW COLUMNS FROM `tp_maincontent` [ RunTime:0.002891s ]
SQL: SELECT `content` FROM `tp_maincontent` WHERE ( id=1 ) LIMIT 1   [ RunTime:0.000337s ]
SQL: SHOW COLUMNS FROM `tp_link` [ RunTime:0.001739s ]
SQL: SELECT * FROM `tp_link` WHERE ( class = 0 )  [ RunTime:0.000295s ]
SQL: SELECT * FROM `tp_link` WHERE ( class = 1 )  [ RunTime:0.000281s ]
SQL: SELECT * FROM `tp_link` WHERE ( class = 2 )  [ RunTime:0.000282s ]
SQL: SELECT * FROM `tp_link` WHERE ( class = 3 )  [ RunTime:0.000285s ]
SQL: SHOW COLUMNS FROM `tp_information` [ RunTime:0.001917s ]
SQL: SELECT * FROM `tp_information` ORDER BY id desc  [ RunTime:0.000377s ]
SQL: SHOW COLUMNS FROM `tp_file` [ RunTime:0.001831s ]
SQL: SELECT * FROM `tp_file` ORDER BY id desc  [ RunTime:0.000300s ]
INFO: [ view_parse ] --START--
INFO: [ template_filter ] --START--
INFO: Run Behavior\ContentReplace [ RunTime:0.000307s ]
INFO: [ template_filter ] --END-- [ RunTime:0.000788s ]
INFO: Run Behavior\ParseTemplate [ RunTime:0.034508s ]
INFO: [ view_parse ] --END-- [ RunTime:0.034872s ]
INFO: [ view_filter ] --START--
INFO: Run Behavior\WriteHtmlCache [ RunTime:0.000739s ]
INFO: [ view_filter ] --END-- [ RunTime:0.001074s ]
INFO: [ app_end ] --START--
INFO: Run Behavior\ShowPageTrace [ RunTime:0.001175s ]
INFO: [ app_end ] --END-- [ RunTime:0.001561s ]

[ 2017-03-06T17:00:45+08:00 ] 220.249.99.139 /zky/index.php/Home/Public/code
INFO: [ app_begin ] --START--
INFO: Run Behavior\ReadHtmlCache [ RunTime:0.001454s ]
INFO: [ app_begin ] --END-- [ RunTime:0.002374s ]
INFO: [ app_end ] --START--
INFO: Run Behavior\ShowPageTrace [ RunTime:0.001286s ]
INFO: [ app_end ] --END-- [ RunTime:0.001701s ]

[ 2017-03-06T17:00:51+08:00 ] 220.249.99.139 /zky/index.php/Home/Index/about_us
INFO: [ app_begin ] --START--
INFO: Run Behavior\ReadHtmlCache [ RunTime:0.001046s ]
INFO: [ app_begin ] --END-- [ RunTime:0.001869s ]
SQL: SHOW COLUMNS FROM `tp_person` [ RunTime:0.014484s ]
SQL: SHOW COLUMNS FROM `tp_others` [ RunTime:0.010798s ]
SQL: SELECT * FROM `tp_person` ORDER BY id asc  [ RunTime:0.000485s ]
SQL: SELECT * FROM `tp_others` ORDER BY id asc  [ RunTime:0.000344s ]
INFO: [ view_parse ] --START--
INFO: [ template_filter ] --START--
INFO: Run Behavior\ContentReplace [ RunTime:0.000231s ]
INFO: [ template_filter ] --END-- [ RunTime:0.000645s ]
INFO: Run Behavior\ParseTemplate [ RunTime:0.043154s ]
INFO: [ view_parse ] --END-- [ RunTime:0.043647s ]
INFO: [ view_filter ] --START--
INFO: Run Behavior\WriteHtmlCache [ RunTime:0.001133s ]
INFO: [ view_filter ] --END-- [ RunTime:0.001678s ]
INFO: [ app_end ] --START--
INFO: Run Behavior\ShowPageTrace [ RunTime:0.001347s ]
INFO: [ app_end ] --END-- [ RunTime:0.001857s ]

[ 2017-03-06T17:01:03+08:00 ] 220.249.99.139 /zky/index.php/Home/Index/main
INFO: [ app_begin ] --START--
INFO: Run Behavior\ReadHtmlCache [ RunTime:0.001058s ]
INFO: [ app_begin ] --END-- [ RunTime:0.002016s ]
SQL: SHOW COLUMNS FROM `tp_maincontent` [ RunTime:0.002823s ]
SQL: SELECT `content` FROM `tp_maincontent` WHERE ( id=1 ) LIMIT 1   [ RunTime:0.000346s ]
SQL: SHOW COLUMNS FROM `tp_link` [ RunTime:0.001808s ]
SQL: SELECT * FROM `tp_link` WHERE ( class = 0 )  [ RunTime:0.000303s ]
SQL: SELECT * FROM `tp_link` WHERE ( class = 1 )  [ RunTime:0.000283s ]
SQL: SELECT * FROM `tp_link` WHERE ( class = 2 )  [ RunTime:0.000284s ]
SQL: SELECT * FROM `tp_link` WHERE ( class = 3 )  [ RunTime:0.000284s ]
SQL: SHOW COLUMNS FROM `tp_information` [ RunTime:0.001976s ]
SQL: SELECT * FROM `tp_information` ORDER BY id desc  [ RunTime:0.000363s ]
SQL: SHOW COLUMNS FROM `tp_file` [ RunTime:0.001814s ]
SQL: SELECT * FROM `tp_file` ORDER BY id desc  [ RunTime:0.000286s ]
INFO: [ view_parse ] --START--
INFO: [ template_filter ] --START--
INFO: Run Behavior\ContentReplace [ RunTime:0.000279s ]
INFO: [ template_filter ] --END-- [ RunTime:0.000650s ]
INFO: Run Behavior\ParseTemplate [ RunTime:0.034667s ]
INFO: [ view_parse ] --END-- [ RunTime:0.035051s ]
INFO: [ view_filter ] --START--
INFO: Run Behavior\WriteHtmlCache [ RunTime:0.000754s ]
INFO: [ view_filter ] --END-- [ RunTime:0.001088s ]
INFO: [ app_end ] --START--
INFO: Run Behavior\ShowPageTrace [ RunTime:0.001023s ]
INFO: [ app_end ] --END-- [ RunTime:0.001352s ]

[ 2017-03-06T17:01:03+08:00 ] 220.249.99.139 /zky/index.php/Home/Public/code
INFO: [ app_begin ] --START--
INFO: Run Behavior\ReadHtmlCache [ RunTime:0.001154s ]
INFO: [ app_begin ] --END-- [ RunTime:0.001923s ]
INFO: [ app_end ] --START--
INFO: Run Behavior\ShowPageTrace [ RunTime:0.001148s ]
INFO: [ app_end ] --END-- [ RunTime:0.001511s ]

