[ 2017-01-12T22:22:08+08:00 ] 220.249.99.151 /zky/
INFO: [ app_begin ] --START--
INFO: Run Behavior\ReadHtmlCache [ RunTime:0.001868s ]
INFO: [ app_begin ] --END-- [ RunTime:0.003792s ]
SQL: SHOW COLUMNS FROM `tp_maincontent` [ RunTime:0.004827s ]
SQL: SELECT `content` FROM `tp_maincontent` WHERE ( id=1 ) LIMIT 1   [ RunTime:0.001397s ]
SQL: SHOW COLUMNS FROM `tp_link` [ RunTime:0.001818s ]
SQL: SELECT * FROM `tp_link` WHERE ( class = 0 )  [ RunTime:0.000372s ]
SQL: SELECT * FROM `tp_link` WHERE ( class = 1 )  [ RunTime:0.000289s ]
SQL: SELECT * FROM `tp_link` WHERE ( class = 2 )  [ RunTime:0.000399s ]
SQL: SELECT * FROM `tp_link` WHERE ( class = 3 )  [ RunTime:0.000304s ]
SQL: SHOW COLUMNS FROM `tp_information` [ RunTime:0.002065s ]
SQL: SELECT * FROM `tp_information` ORDER BY id desc  [ RunTime:0.003460s ]
SQL: SHOW COLUMNS FROM `tp_file` [ RunTime:0.002118s ]
SQL: SELECT * FROM `tp_file` ORDER BY id desc  [ RunTime:0.001474s ]
INFO: [ view_parse ] --START--
INFO: [ template_filter ] --START--
INFO: Run Behavior\ContentReplace [ RunTime:0.000298s ]
INFO: [ template_filter ] --END-- [ RunTime:0.000702s ]
NOTIC: [8] Undefined index: username C:\wamp\www\zky\Application\Runtime\Cache\Home\2a94b8bda04ff446dcedd42276fc99ee.php 第 188 行.
INFO: Run Behavior\ParseTemplate [ RunTime:0.057754s ]
INFO: [ view_parse ] --END-- [ RunTime:0.058112s ]
INFO: [ view_filter ] --START--
INFO: Run Behavior\WriteHtmlCache [ RunTime:0.002635s ]
INFO: [ view_filter ] --END-- [ RunTime:0.002962s ]
INFO: [ app_end ] --START--
INFO: Run Behavior\ShowPageTrace [ RunTime:0.002590s ]
INFO: [ app_end ] --END-- [ RunTime:0.002937s ]

[ 2017-01-12T22:22:08+08:00 ] 220.249.99.151 /zky/index.php/Home/Public/code
INFO: [ app_begin ] --START--
INFO: Run Behavior\ReadHtmlCache [ RunTime:0.000868s ]
INFO: [ app_begin ] --END-- [ RunTime:0.001625s ]
INFO: [ app_end ] --START--
INFO: Run Behavior\ShowPageTrace [ RunTime:0.001296s ]
INFO: [ app_end ] --END-- [ RunTime:0.001775s ]

[ 2017-01-12T22:22:17+08:00 ] 180.153.205.254 /zky/
INFO: [ app_begin ] --START--
INFO: Run Behavior\ReadHtmlCache [ RunTime:0.000735s ]
INFO: [ app_begin ] --END-- [ RunTime:0.001468s ]
SQL: SHOW COLUMNS FROM `tp_maincontent` [ RunTime:0.026227s ]
SQL: SELECT `content` FROM `tp_maincontent` WHERE ( id=1 ) LIMIT 1   [ RunTime:0.000385s ]
SQL: SHOW COLUMNS FROM `tp_link` [ RunTime:0.003142s ]
SQL: SELECT * FROM `tp_link` WHERE ( class = 0 )  [ RunTime:0.000345s ]
SQL: SELECT * FROM `tp_link` WHERE ( class = 1 )  [ RunTime:0.000298s ]
SQL: SELECT * FROM `tp_link` WHERE ( class = 2 )  [ RunTime:0.000365s ]
SQL: SELECT * FROM `tp_link` WHERE ( class = 3 )  [ RunTime:0.000754s ]
SQL: SHOW COLUMNS FROM `tp_information` [ RunTime:0.002163s ]
SQL: SELECT * FROM `tp_information` ORDER BY id desc  [ RunTime:0.000632s ]
SQL: SHOW COLUMNS FROM `tp_file` [ RunTime:0.002408s ]
SQL: SELECT * FROM `tp_file` ORDER BY id desc  [ RunTime:0.000455s ]
INFO: [ view_parse ] --START--
INFO: [ template_filter ] --START--
INFO: Run Behavior\ContentReplace [ RunTime:0.000285s ]
INFO: [ template_filter ] --END-- [ RunTime:0.000658s ]
NOTIC: [8] Undefined index: username C:\wamp\www\zky\Application\Runtime\Cache\Home\2a94b8bda04ff446dcedd42276fc99ee.php 第 188 行.
INFO: Run Behavior\ParseTemplate [ RunTime:0.035675s ]
INFO: [ view_parse ] --END-- [ RunTime:0.036037s ]
INFO: [ view_filter ] --START--
INFO: Run Behavior\WriteHtmlCache [ RunTime:0.000427s ]
INFO: [ view_filter ] --END-- [ RunTime:0.000768s ]
INFO: [ app_end ] --START--
INFO: Run Behavior\ShowPageTrace [ RunTime:0.000770s ]
INFO: [ app_end ] --END-- [ RunTime:0.001093s ]

[ 2017-01-12T22:22:22+08:00 ] 220.249.99.151 /zky/index.php/Admin/Login/do_login
INFO: [ app_begin ] --START--
INFO: Run Behavior\ReadHtmlCache [ RunTime:0.000901s ]
INFO: [ app_begin ] --END-- [ RunTime:0.001697s ]
SQL: SHOW COLUMNS FROM `tp_user` [ RunTime:0.002439s ]
SQL: SELECT COUNT(*) AS tp_count FROM `tp_user` WHERE ( username = 2015317200402 ) LIMIT 1   [ RunTime:0.004311s ]
SQL: SELECT `isTeacher` FROM `tp_user` WHERE ( username = 2015317200402 ) LIMIT 1   [ RunTime:0.000301s ]
SQL: SELECT `password` FROM `tp_user` WHERE ( username = 2015317200402 ) LIMIT 1   [ RunTime:0.000287s ]

[ 2017-01-12T22:22:58+08:00 ] 220.249.99.151 /zky/index.php/Admin/Login/do_login
INFO: [ app_begin ] --START--
INFO: Run Behavior\ReadHtmlCache [ RunTime:0.002944s ]
INFO: [ app_begin ] --END-- [ RunTime:0.004966s ]
SQL: SHOW COLUMNS FROM `tp_user` [ RunTime:0.003890s ]
SQL: SELECT COUNT(*) AS tp_count FROM `tp_user` WHERE ( username = 2015317200402 ) LIMIT 1   [ RunTime:0.000351s ]
SQL: SELECT `isTeacher` FROM `tp_user` WHERE ( username = 2015317200402 ) LIMIT 1   [ RunTime:0.000285s ]
SQL: SELECT `password` FROM `tp_user` WHERE ( username = 2015317200402 ) LIMIT 1   [ RunTime:0.000310s ]
SQL: SELECT `name` FROM `tp_user` WHERE ( username = 2015317200402 ) LIMIT 1   [ RunTime:0.000280s ]
SQL: SELECT `id` FROM `tp_user` WHERE ( username = 2015317200402 ) LIMIT 1   [ RunTime:0.000514s ]
SQL: SELECT `username` FROM `tp_user` WHERE ( username = 2015317200402 ) LIMIT 1   [ RunTime:0.000286s ]

[ 2017-01-12T22:22:58+08:00 ] 220.249.99.151 /zky/index.php/Admin/Index/admin
INFO: [ app_begin ] --START--
INFO: Run Behavior\ReadHtmlCache [ RunTime:0.000736s ]
INFO: [ app_begin ] --END-- [ RunTime:0.001476s ]
INFO: [ view_parse ] --START--
INFO: [ template_filter ] --START--
INFO: Run Behavior\ContentReplace [ RunTime:0.000233s ]
INFO: [ template_filter ] --END-- [ RunTime:0.000634s ]
INFO: Run Behavior\ParseTemplate [ RunTime:0.020396s ]
INFO: [ view_parse ] --END-- [ RunTime:0.020769s ]
INFO: [ view_filter ] --START--
INFO: Run Behavior\WriteHtmlCache [ RunTime:0.002804s ]
INFO: [ view_filter ] --END-- [ RunTime:0.003130s ]
INFO: [ app_end ] --START--
INFO: Run Behavior\ShowPageTrace [ RunTime:0.002049s ]
INFO: [ app_end ] --END-- [ RunTime:0.002392s ]

[ 2017-01-12T22:23:02+08:00 ] 220.249.99.151 /zky/index.php/Admin/Equipment/equipment
INFO: [ app_begin ] --START--
INFO: Run Behavior\ReadHtmlCache [ RunTime:0.000895s ]
INFO: [ app_begin ] --END-- [ RunTime:0.001682s ]

[ 2017-01-12T22:23:03+08:00 ] 220.249.99.151 /zky/index.php/Admin/Equipment/equipment
INFO: [ app_begin ] --START--
INFO: Run Behavior\ReadHtmlCache [ RunTime:0.000724s ]
INFO: [ app_begin ] --END-- [ RunTime:0.001470s ]

[ 2017-01-12T22:23:03+08:00 ] 220.249.99.151 /zky/index.php/Admin/Equipment/equipment
INFO: [ app_begin ] --START--
INFO: Run Behavior\ReadHtmlCache [ RunTime:0.000737s ]
INFO: [ app_begin ] --END-- [ RunTime:0.001481s ]

[ 2017-01-12T22:23:03+08:00 ] 220.249.99.151 /zky/index.php/Admin/Equipment/equipment
INFO: [ app_begin ] --START--
INFO: Run Behavior\ReadHtmlCache [ RunTime:0.001024s ]
INFO: [ app_begin ] --END-- [ RunTime:0.001765s ]

[ 2017-01-12T22:23:08+08:00 ] 180.153.206.20 /zky/index.php/Admin/Index/admin
INFO: [ app_begin ] --START--
INFO: Run Behavior\ReadHtmlCache [ RunTime:0.000743s ]
INFO: [ app_begin ] --END-- [ RunTime:0.001489s ]

[ 2017-01-12T22:23:09+08:00 ] 180.153.206.20 /zky/index.php/Home/Index/main.html
INFO: [ app_begin ] --START--
INFO: Run Behavior\ReadHtmlCache [ RunTime:0.000742s ]
INFO: [ app_begin ] --END-- [ RunTime:0.001488s ]
SQL: SHOW COLUMNS FROM `tp_maincontent` [ RunTime:0.004170s ]
SQL: SELECT `content` FROM `tp_maincontent` WHERE ( id=1 ) LIMIT 1   [ RunTime:0.000428s ]
SQL: SHOW COLUMNS FROM `tp_link` [ RunTime:0.002007s ]
SQL: SELECT * FROM `tp_link` WHERE ( class = 0 )  [ RunTime:0.000450s ]
SQL: SELECT * FROM `tp_link` WHERE ( class = 1 )  [ RunTime:0.000294s ]
SQL: SELECT * FROM `tp_link` WHERE ( class = 2 )  [ RunTime:0.000740s ]
SQL: SELECT * FROM `tp_link` WHERE ( class = 3 )  [ RunTime:0.000472s ]
SQL: SHOW COLUMNS FROM `tp_information` [ RunTime:0.002282s ]
SQL: SELECT * FROM `tp_information` ORDER BY id desc  [ RunTime:0.004423s ]
SQL: SHOW COLUMNS FROM `tp_file` [ RunTime:0.002449s ]
SQL: SELECT * FROM `tp_file` ORDER BY id desc  [ RunTime:0.000368s ]
INFO: [ view_parse ] --START--
INFO: [ template_filter ] --START--
INFO: Run Behavior\ContentReplace [ RunTime:0.000301s ]
INFO: [ template_filter ] --END-- [ RunTime:0.000669s ]
NOTIC: [8] Undefined index: username C:\wamp\www\zky\Application\Runtime\Cache\Home\4462707c48390994935bf3e366c221aa.php 第 188 行.
INFO: Run Behavior\ParseTemplate [ RunTime:0.038992s ]
INFO: [ view_parse ] --END-- [ RunTime:0.039373s ]
INFO: [ view_filter ] --START--
INFO: Run Behavior\WriteHtmlCache [ RunTime:0.000434s ]
INFO: [ view_filter ] --END-- [ RunTime:0.000764s ]
INFO: [ app_end ] --START--
INFO: Run Behavior\ShowPageTrace [ RunTime:0.000777s ]
INFO: [ app_end ] --END-- [ RunTime:0.001102s ]

[ 2017-01-12T22:28:54+08:00 ] 220.249.99.151 /zky/index.php/Admin/Equipment/equipment
INFO: [ app_begin ] --START--
INFO: Run Behavior\ReadHtmlCache [ RunTime:0.000963s ]
INFO: [ app_begin ] --END-- [ RunTime:0.001770s ]

[ 2017-01-12T22:28:55+08:00 ] 220.249.99.151 /zky/index.php/Admin/Equipment/equipment
INFO: [ app_begin ] --START--
INFO: Run Behavior\ReadHtmlCache [ RunTime:0.000722s ]
INFO: [ app_begin ] --END-- [ RunTime:0.001456s ]

[ 2017-01-12T22:28:55+08:00 ] 220.249.99.151 /zky/index.php/Admin/Equipment/equipment
INFO: [ app_begin ] --START--
INFO: Run Behavior\ReadHtmlCache [ RunTime:0.000981s ]
INFO: [ app_begin ] --END-- [ RunTime:0.001852s ]

[ 2017-01-12T22:28:55+08:00 ] 220.249.99.151 /zky/index.php/Admin/Equipment/equipment
INFO: [ app_begin ] --START--
INFO: Run Behavior\ReadHtmlCache [ RunTime:0.000739s ]
INFO: [ app_begin ] --END-- [ RunTime:0.001490s ]

[ 2017-01-12T22:28:55+08:00 ] 220.249.99.151 /zky/index.php/Admin/Equipment/equipment
INFO: [ app_begin ] --START--
INFO: Run Behavior\ReadHtmlCache [ RunTime:0.000773s ]
INFO: [ app_begin ] --END-- [ RunTime:0.001566s ]

[ 2017-01-12T22:28:56+08:00 ] 220.249.99.151 /zky/index.php/Admin/Equipment/equipment
INFO: [ app_begin ] --START--
INFO: Run Behavior\ReadHtmlCache [ RunTime:0.000775s ]
INFO: [ app_begin ] --END-- [ RunTime:0.001554s ]

[ 2017-01-12T22:28:59+08:00 ] 220.249.99.151 /zky/index.php/Admin/Inform/news
INFO: [ app_begin ] --START--
INFO: Run Behavior\ReadHtmlCache [ RunTime:0.000740s ]
INFO: [ app_begin ] --END-- [ RunTime:0.001467s ]
SQL: SHOW COLUMNS FROM `tp_information` [ RunTime:0.002598s ]
SQL: SELECT * FROM `tp_information`  [ RunTime:0.000520s ]
NOTIC: [8] Undefined index: content C:\wamp\www\zky\Application\Admin\Controller\InformController.class.php 第 18 行.
INFO: [ view_parse ] --START--
INFO: [ template_filter ] --START--
INFO: Run Behavior\ContentReplace [ RunTime:0.000189s ]
INFO: [ template_filter ] --END-- [ RunTime:0.000558s ]
NOTIC: [8] Uninitialized string offset: 0 C:\wamp\www\zky\Application\Runtime\Cache\Admin\0d66ff2d60d55982abf0b575840307f1.php 第 28 行.
NOTIC: [8] Uninitialized string offset: 0 C:\wamp\www\zky\Application\Runtime\Cache\Admin\0d66ff2d60d55982abf0b575840307f1.php 第 28 行.
NOTIC: [8] Uninitialized string offset: 0 C:\wamp\www\zky\Application\Runtime\Cache\Admin\0d66ff2d60d55982abf0b575840307f1.php 第 28 行.
NOTIC: [8] Uninitialized string offset: 0 C:\wamp\www\zky\Application\Runtime\Cache\Admin\0d66ff2d60d55982abf0b575840307f1.php 第 31 行.
INFO: Run Behavior\ParseTemplate [ RunTime:0.017721s ]
INFO: [ view_parse ] --END-- [ RunTime:0.018071s ]
INFO: [ view_filter ] --START--
INFO: Run Behavior\WriteHtmlCache [ RunTime:0.000501s ]
INFO: [ view_filter ] --END-- [ RunTime:0.000870s ]
INFO: [ app_end ] --START--
INFO: Run Behavior\ShowPageTrace [ RunTime:0.000861s ]
INFO: [ app_end ] --END-- [ RunTime:0.001229s ]

[ 2017-01-12T22:29:00+08:00 ] 220.249.99.151 /zky/index.php/Admin/Inform/news
INFO: [ app_begin ] --START--
INFO: Run Behavior\ReadHtmlCache [ RunTime:0.000849s ]
INFO: [ app_begin ] --END-- [ RunTime:0.001617s ]
SQL: SHOW COLUMNS FROM `tp_information` [ RunTime:0.002376s ]
SQL: SELECT * FROM `tp_information`  [ RunTime:0.000540s ]
NOTIC: [8] Undefined index: content C:\wamp\www\zky\Application\Admin\Controller\InformController.class.php 第 18 行.
INFO: [ view_parse ] --START--
INFO: [ template_filter ] --START--
INFO: Run Behavior\ContentReplace [ RunTime:0.000196s ]
INFO: [ template_filter ] --END-- [ RunTime:0.000585s ]
NOTIC: [8] Uninitialized string offset: 0 C:\wamp\www\zky\Application\Runtime\Cache\Admin\0d66ff2d60d55982abf0b575840307f1.php 第 28 行.
NOTIC: [8] Uninitialized string offset: 0 C:\wamp\www\zky\Application\Runtime\Cache\Admin\0d66ff2d60d55982abf0b575840307f1.php 第 28 行.
NOTIC: [8] Uninitialized string offset: 0 C:\wamp\www\zky\Application\Runtime\Cache\Admin\0d66ff2d60d55982abf0b575840307f1.php 第 28 行.
NOTIC: [8] Uninitialized string offset: 0 C:\wamp\www\zky\Application\Runtime\Cache\Admin\0d66ff2d60d55982abf0b575840307f1.php 第 31 行.
INFO: Run Behavior\ParseTemplate [ RunTime:0.016494s ]
INFO: [ view_parse ] --END-- [ RunTime:0.016840s ]
INFO: [ view_filter ] --START--
INFO: Run Behavior\WriteHtmlCache [ RunTime:0.000531s ]
INFO: [ view_filter ] --END-- [ RunTime:0.000862s ]
INFO: [ app_end ] --START--
INFO: Run Behavior\ShowPageTrace [ RunTime:0.000901s ]
INFO: [ app_end ] --END-- [ RunTime:0.001225s ]

[ 2017-01-12T22:29:02+08:00 ] 220.249.99.151 /zky/index.php/Admin/Equipment/equipment
INFO: [ app_begin ] --START--
INFO: Run Behavior\ReadHtmlCache [ RunTime:0.000727s ]
INFO: [ app_begin ] --END-- [ RunTime:0.001460s ]

[ 2017-01-12T22:29:02+08:00 ] 220.249.99.151 /zky/index.php/Admin/Equipment/equipment
INFO: [ app_begin ] --START--
INFO: Run Behavior\ReadHtmlCache [ RunTime:0.000726s ]
INFO: [ app_begin ] --END-- [ RunTime:0.001489s ]

[ 2017-01-12T22:29:03+08:00 ] 220.249.99.151 /zky/index.php/Admin/Equipment/equipment
INFO: [ app_begin ] --START--
INFO: Run Behavior\ReadHtmlCache [ RunTime:0.000803s ]
INFO: [ app_begin ] --END-- [ RunTime:0.001570s ]

[ 2017-01-12T22:29:03+08:00 ] 220.249.99.151 /zky/index.php/Admin/Equipment/equipment
INFO: [ app_begin ] --START--
INFO: Run Behavior\ReadHtmlCache [ RunTime:0.000728s ]
INFO: [ app_begin ] --END-- [ RunTime:0.001449s ]

[ 2017-01-12T22:29:03+08:00 ] 220.249.99.151 /zky/index.php/Admin/Equipment/equipment
INFO: [ app_begin ] --START--
INFO: Run Behavior\ReadHtmlCache [ RunTime:0.000754s ]
INFO: [ app_begin ] --END-- [ RunTime:0.001525s ]

[ 2017-01-12T22:29:25+08:00 ] 220.249.99.151 /zky/index.php/Admin/Equipment/equipment
INFO: [ app_begin ] --START--
INFO: Run Behavior\ReadHtmlCache [ RunTime:0.000929s ]
INFO: [ app_begin ] --END-- [ RunTime:0.001720s ]

[ 2017-01-12T22:29:26+08:00 ] 220.249.99.151 /zky/index.php/Admin/Equipment/equipment
INFO: [ app_begin ] --START--
INFO: Run Behavior\ReadHtmlCache [ RunTime:0.000926s ]
INFO: [ app_begin ] --END-- [ RunTime:0.001692s ]

[ 2017-01-12T22:30:01+08:00 ] 220.249.99.151 /zky/index.php/Admin/Equipment/equipment
INFO: [ app_begin ] --START--
INFO: Run Behavior\ReadHtmlCache [ RunTime:0.000799s ]
INFO: [ app_begin ] --END-- [ RunTime:0.001568s ]

[ 2017-01-12T22:30:02+08:00 ] 220.249.99.151 /zky/index.php/Admin/Equipment/equipment
INFO: [ app_begin ] --START--
INFO: Run Behavior\ReadHtmlCache [ RunTime:0.000738s ]
INFO: [ app_begin ] --END-- [ RunTime:0.001492s ]

[ 2017-01-12T22:30:02+08:00 ] 220.249.99.151 /zky/index.php/Admin/Equipment/equipment
INFO: [ app_begin ] --START--
INFO: Run Behavior\ReadHtmlCache [ RunTime:0.000763s ]
INFO: [ app_begin ] --END-- [ RunTime:0.001570s ]

[ 2017-01-12T22:30:02+08:00 ] 220.249.99.151 /zky/index.php/Admin/Equipment/equipment
INFO: [ app_begin ] --START--
INFO: Run Behavior\ReadHtmlCache [ RunTime:0.000760s ]
INFO: [ app_begin ] --END-- [ RunTime:0.001610s ]

[ 2017-01-12T22:30:02+08:00 ] 220.249.99.151 /zky/index.php/Admin/Equipment/equipment
INFO: [ app_begin ] --START--
INFO: Run Behavior\ReadHtmlCache [ RunTime:0.000776s ]
INFO: [ app_begin ] --END-- [ RunTime:0.001635s ]

[ 2017-01-12T22:30:02+08:00 ] 220.249.99.151 /zky/index.php/Admin/Equipment/equipment
INFO: [ app_begin ] --START--
INFO: Run Behavior\ReadHtmlCache [ RunTime:0.000769s ]
INFO: [ app_begin ] --END-- [ RunTime:0.001547s ]

[ 2017-01-12T22:30:03+08:00 ] 220.249.99.151 /zky/index.php/Admin/Equipment/equipment
INFO: [ app_begin ] --START--
INFO: Run Behavior\ReadHtmlCache [ RunTime:0.000758s ]
INFO: [ app_begin ] --END-- [ RunTime:0.001523s ]

[ 2017-01-12T22:30:03+08:00 ] 220.249.99.151 /zky/index.php/Admin/Equipment/equipment
INFO: [ app_begin ] --START--
INFO: Run Behavior\ReadHtmlCache [ RunTime:0.000768s ]
INFO: [ app_begin ] --END-- [ RunTime:0.002441s ]

[ 2017-01-12T22:30:03+08:00 ] 220.249.99.151 /zky/index.php/Admin/Equipment/equipment
INFO: [ app_begin ] --START--
INFO: Run Behavior\ReadHtmlCache [ RunTime:0.000747s ]
INFO: [ app_begin ] --END-- [ RunTime:0.001907s ]

[ 2017-01-12T22:30:11+08:00 ] 220.249.99.151 /zky/index.php/Admin/File/doucument
INFO: [ app_begin ] --START--
INFO: Run Behavior\ReadHtmlCache [ RunTime:0.000763s ]
INFO: [ app_begin ] --END-- [ RunTime:0.001558s ]
SQL: SHOW COLUMNS FROM `tp_file` [ RunTime:0.002295s ]
SQL: SELECT COUNT(*) AS tp_count FROM `tp_file` LIMIT 1   [ RunTime:0.000281s ]
SQL: SELECT * FROM `tp_file` ORDER BY id desc LIMIT 0,20   [ RunTime:0.000314s ]
INFO: [ view_parse ] --START--
INFO: [ template_filter ] --START--
INFO: Run Behavior\ContentReplace [ RunTime:0.000205s ]
INFO: [ template_filter ] --END-- [ RunTime:0.000611s ]
INFO: Run Behavior\ParseTemplate [ RunTime:0.079286s ]
INFO: [ view_parse ] --END-- [ RunTime:0.079645s ]
INFO: [ view_filter ] --START--
INFO: Run Behavior\WriteHtmlCache [ RunTime:0.000516s ]
INFO: [ view_filter ] --END-- [ RunTime:0.000842s ]
INFO: [ app_end ] --START--
INFO: Run Behavior\ShowPageTrace [ RunTime:0.000953s ]
INFO: [ app_end ] --END-- [ RunTime:0.001305s ]

[ 2017-01-12T22:30:12+08:00 ] 220.249.99.151 /zky/index.php/Admin/File/doucument
INFO: [ app_begin ] --START--
INFO: Run Behavior\ReadHtmlCache [ RunTime:0.000768s ]
INFO: [ app_begin ] --END-- [ RunTime:0.001562s ]
SQL: SHOW COLUMNS FROM `tp_file` [ RunTime:0.002228s ]
SQL: SELECT COUNT(*) AS tp_count FROM `tp_file` LIMIT 1   [ RunTime:0.000289s ]
SQL: SELECT * FROM `tp_file` ORDER BY id desc LIMIT 0,20   [ RunTime:0.000339s ]
INFO: [ view_parse ] --START--
INFO: [ template_filter ] --START--
INFO: Run Behavior\ContentReplace [ RunTime:0.000197s ]
INFO: [ template_filter ] --END-- [ RunTime:0.000569s ]
INFO: Run Behavior\ParseTemplate [ RunTime:0.014848s ]
INFO: [ view_parse ] --END-- [ RunTime:0.015202s ]
INFO: [ view_filter ] --START--
INFO: Run Behavior\WriteHtmlCache [ RunTime:0.000433s ]
INFO: [ view_filter ] --END-- [ RunTime:0.000805s ]
INFO: [ app_end ] --START--
INFO: Run Behavior\ShowPageTrace [ RunTime:0.000862s ]
INFO: [ app_end ] --END-- [ RunTime:0.001198s ]

[ 2017-01-12T22:31:26+08:00 ] 220.249.99.151 /zky/index.php/Admin/Equipment/equipment
INFO: [ app_begin ] --START--
INFO: Run Behavior\ReadHtmlCache [ RunTime:0.001009s ]
INFO: [ app_begin ] --END-- [ RunTime:0.001909s ]

[ 2017-01-12T22:31:26+08:00 ] 220.249.99.151 /zky/index.php/Admin/Equipment/equipment
INFO: [ app_begin ] --START--
INFO: Run Behavior\ReadHtmlCache [ RunTime:0.000764s ]
INFO: [ app_begin ] --END-- [ RunTime:0.001536s ]

[ 2017-01-12T22:31:27+08:00 ] 220.249.99.151 /zky/index.php/Admin/Equipment/equipment
INFO: [ app_begin ] --START--
INFO: Run Behavior\ReadHtmlCache [ RunTime:0.000786s ]
INFO: [ app_begin ] --END-- [ RunTime:0.001607s ]

[ 2017-01-12T22:31:27+08:00 ] 220.249.99.151 /zky/index.php/Admin/Equipment/equipment
INFO: [ app_begin ] --START--
INFO: Run Behavior\ReadHtmlCache [ RunTime:0.000801s ]
INFO: [ app_begin ] --END-- [ RunTime:0.001597s ]

