[ 2017-05-08T15:36:12+08:00 ] ::1 /zky/zky/
INFO: [ app_begin ] --START--
INFO: Run Behavior\ReadHtmlCache [ RunTime:0.030106s ]
INFO: [ app_begin ] --END-- [ RunTime:0.052232s ]
NOTIC: [8192] mysql_connect(): The mysql extension is deprecated and will be removed in the future: use mysqli or PDO instead E:\wamp\www\zky\zky\ThinkPHP\Library\Think\Db\Driver\Mysql.class.php 第 52 行.
SQL: SHOW COLUMNS FROM `tp_maincontent` [ RunTime:0.113098s ]
SQL: SELECT `content` FROM `tp_maincontent` WHERE ( id=1 ) LIMIT 1   [ RunTime:0.000923s ]
SQL: SHOW COLUMNS FROM `tp_link` [ RunTime:0.015670s ]
SQL: SELECT * FROM `tp_link` WHERE ( class = 0 )  [ RunTime:0.000748s ]
SQL: SELECT * FROM `tp_link` WHERE ( class = 1 )  [ RunTime:0.000570s ]
SQL: SELECT * FROM `tp_link` WHERE ( class = 2 )  [ RunTime:0.000695s ]
SQL: SELECT * FROM `tp_link` WHERE ( class = 3 )  [ RunTime:0.000603s ]
SQL: SHOW COLUMNS FROM `tp_information` [ RunTime:0.038452s ]
SQL: SELECT * FROM `tp_information` ORDER BY id desc  [ RunTime:0.056433s ]
SQL: SHOW COLUMNS FROM `tp_file` [ RunTime:0.045877s ]
SQL: SELECT * FROM `tp_file` ORDER BY id desc  [ RunTime:0.029628s ]
INFO: [ view_parse ] --START--
INFO: [ template_filter ] --START--
INFO: Run Behavior\ContentReplace [ RunTime:0.000629s ]
INFO: [ template_filter ] --END-- [ RunTime:0.000968s ]
NOTIC: [8] Undefined index: username E:\wamp\www\zky\zky\Application\Runtime\Cache\Home\2a94b8bda04ff446dcedd42276fc99ee.php 第 188 行.
INFO: Run Behavior\ParseTemplate [ RunTime:0.581415s ]
INFO: [ view_parse ] --END-- [ RunTime:0.581907s ]
INFO: [ view_filter ] --START--
INFO: Run Behavior\WriteHtmlCache [ RunTime:0.062686s ]
INFO: [ view_filter ] --END-- [ RunTime:0.063262s ]
INFO: [ app_end ] --START--
INFO: Run Behavior\ShowPageTrace [ RunTime:0.018183s ]
INFO: [ app_end ] --END-- [ RunTime:0.018558s ]

[ 2017-05-08T15:36:13+08:00 ] ::1 /zky/zky/index.php/Home/Public/code
INFO: [ app_begin ] --START--
INFO: Run Behavior\ReadHtmlCache [ RunTime:0.001174s ]
INFO: [ app_begin ] --END-- [ RunTime:0.002751s ]
INFO: [ app_end ] --START--
INFO: Run Behavior\ShowPageTrace [ RunTime:0.001342s ]
INFO: [ app_end ] --END-- [ RunTime:0.001702s ]

[ 2017-05-08T15:37:05+08:00 ] ::1 /zky/zky/index.php/Home/Inform/news
INFO: [ app_begin ] --START--
INFO: Run Behavior\ReadHtmlCache [ RunTime:0.001147s ]
INFO: [ app_begin ] --END-- [ RunTime:0.002045s ]
NOTIC: [8192] mysql_connect(): The mysql extension is deprecated and will be removed in the future: use mysqli or PDO instead E:\wamp\www\zky\zky\ThinkPHP\Library\Think\Db\Driver\Mysql.class.php 第 52 行.
SQL: SHOW COLUMNS FROM `tp_information` [ RunTime:0.001809s ]
SQL: SELECT * FROM `tp_information` ORDER BY id desc  [ RunTime:0.000640s ]
INFO: [ view_parse ] --START--
INFO: [ template_filter ] --START--
INFO: Run Behavior\ContentReplace [ RunTime:0.000193s ]
INFO: [ template_filter ] --END-- [ RunTime:0.000528s ]
NOTIC: [8] Undefined index: username E:\wamp\www\zky\zky\Application\Runtime\Cache\Home\a054483b59c6dad8cd579f620efb59e4.php 第 116 行.
INFO: Run Behavior\ParseTemplate [ RunTime:0.103772s ]
INFO: [ view_parse ] --END-- [ RunTime:0.104130s ]
INFO: [ view_filter ] --START--
INFO: Run Behavior\WriteHtmlCache [ RunTime:0.000740s ]
INFO: [ view_filter ] --END-- [ RunTime:0.001042s ]
INFO: [ app_end ] --START--
INFO: Run Behavior\ShowPageTrace [ RunTime:0.001288s ]
INFO: [ app_end ] --END-- [ RunTime:0.001656s ]

[ 2017-05-08T15:37:16+08:00 ] ::1 /zky/zky/index.php/Home/Index/about_us
INFO: [ app_begin ] --START--
INFO: Run Behavior\ReadHtmlCache [ RunTime:0.001082s ]
INFO: [ app_begin ] --END-- [ RunTime:0.001960s ]
NOTIC: [8192] mysql_connect(): The mysql extension is deprecated and will be removed in the future: use mysqli or PDO instead E:\wamp\www\zky\zky\ThinkPHP\Library\Think\Db\Driver\Mysql.class.php 第 52 行.
SQL: SHOW COLUMNS FROM `tp_person` [ RunTime:0.048882s ]
SQL: SHOW COLUMNS FROM `tp_others` [ RunTime:0.008570s ]
SQL: SELECT * FROM `tp_person` ORDER BY id asc  [ RunTime:0.026564s ]
SQL: SELECT * FROM `tp_others` ORDER BY id asc  [ RunTime:0.000461s ]
INFO: [ view_parse ] --START--
INFO: [ template_filter ] --START--
INFO: Run Behavior\ContentReplace [ RunTime:0.000201s ]
INFO: [ template_filter ] --END-- [ RunTime:0.000534s ]
NOTIC: [8] Undefined index: username E:\wamp\www\zky\zky\Application\Runtime\Cache\Home\40888aa7df382378d83fe78c28728374.php 第 112 行.
INFO: Run Behavior\ParseTemplate [ RunTime:0.120927s ]
INFO: [ view_parse ] --END-- [ RunTime:0.121256s ]
INFO: [ view_filter ] --START--
INFO: Run Behavior\WriteHtmlCache [ RunTime:0.000801s ]
INFO: [ view_filter ] --END-- [ RunTime:0.001105s ]
INFO: [ app_end ] --START--
INFO: Run Behavior\ShowPageTrace [ RunTime:0.001105s ]
INFO: [ app_end ] --END-- [ RunTime:0.001408s ]

[ 2017-05-08T15:37:22+08:00 ] ::1 /zky/zky/index.php/Home/Message/conmunication
INFO: [ app_begin ] --START--
INFO: Run Behavior\ReadHtmlCache [ RunTime:0.001129s ]
INFO: [ app_begin ] --END-- [ RunTime:0.001989s ]
NOTIC: [8192] mysql_connect(): The mysql extension is deprecated and will be removed in the future: use mysqli or PDO instead E:\wamp\www\zky\zky\ThinkPHP\Library\Think\Db\Driver\Mysql.class.php 第 52 行.
SQL: SHOW COLUMNS FROM `tp_user` [ RunTime:0.008007s ]
NOTIC: [8] Undefined index: id E:\wamp\www\zky\zky\Application\Home\Controller\MessageController.class.php 第 8 行.
SQL: SELECT `say` FROM `tp_user` WHERE ( id =   ) LIMIT 1   [ RunTime:0.057130s ]
ERR: 1064:You have an error in your SQL syntax; check the manual that corresponds to your MySQL server version for the right syntax to use near ') LIMIT 1' at line 1
 [ SQL语句 ] : SELECT `say` FROM `tp_user` WHERE ( id =   ) LIMIT 1  
SQL: SHOW COLUMNS FROM `tp_message` [ RunTime:0.037537s ]
SQL: SELECT COUNT(*) AS tp_count FROM `tp_message` LIMIT 1   [ RunTime:0.075086s ]
SQL: SELECT * FROM `tp_message` ORDER BY id desc LIMIT 0,13   [ RunTime:0.001285s ]
INFO: [ view_parse ] --START--
INFO: [ template_filter ] --START--
INFO: Run Behavior\ContentReplace [ RunTime:0.000224s ]
INFO: [ template_filter ] --END-- [ RunTime:0.000554s ]
NOTIC: [8] Undefined index: username E:\wamp\www\zky\zky\Application\Runtime\Cache\Home\afb02c676964e0f94d9da57105704626.php 第 174 行.
INFO: Run Behavior\ParseTemplate [ RunTime:0.113277s ]
INFO: [ view_parse ] --END-- [ RunTime:0.113649s ]
INFO: [ view_filter ] --START--
INFO: Run Behavior\WriteHtmlCache [ RunTime:0.001252s ]
INFO: [ view_filter ] --END-- [ RunTime:0.001577s ]
INFO: [ app_end ] --START--
INFO: Run Behavior\ShowPageTrace [ RunTime:0.001273s ]
INFO: [ app_end ] --END-- [ RunTime:0.001611s ]

[ 2017-05-08T15:37:22+08:00 ] ::1 /zky/zky/index.php/Home/Public/code
INFO: [ app_begin ] --START--
INFO: Run Behavior\ReadHtmlCache [ RunTime:0.001075s ]
INFO: [ app_begin ] --END-- [ RunTime:0.001972s ]
INFO: [ app_end ] --START--
INFO: Run Behavior\ShowPageTrace [ RunTime:0.002596s ]
INFO: [ app_end ] --END-- [ RunTime:0.002966s ]

[ 2017-05-08T15:37:24+08:00 ] ::1 /zky/zky/index.php/Home/File/document
INFO: [ app_begin ] --START--
INFO: Run Behavior\ReadHtmlCache [ RunTime:0.001318s ]
INFO: [ app_begin ] --END-- [ RunTime:0.002230s ]
NOTIC: [8192] mysql_connect(): The mysql extension is deprecated and will be removed in the future: use mysqli or PDO instead E:\wamp\www\zky\zky\ThinkPHP\Library\Think\Db\Driver\Mysql.class.php 第 52 行.
SQL: SHOW COLUMNS FROM `tp_file` [ RunTime:0.001376s ]
SQL: SELECT COUNT(*) AS tp_count FROM `tp_file` LIMIT 1   [ RunTime:0.000448s ]
SQL: SELECT * FROM `tp_file` ORDER BY id desc LIMIT 0,10   [ RunTime:0.001641s ]
INFO: [ view_parse ] --START--
INFO: [ template_filter ] --START--
INFO: Run Behavior\ContentReplace [ RunTime:0.000183s ]
INFO: [ template_filter ] --END-- [ RunTime:0.000634s ]
NOTIC: [8] Undefined index: username E:\wamp\www\zky\zky\Application\Runtime\Cache\Home\e4387c5e386cd9dbd17b22b1d22fe707.php 第 112 行.
INFO: Run Behavior\ParseTemplate [ RunTime:0.131166s ]
INFO: [ view_parse ] --END-- [ RunTime:0.131573s ]
INFO: [ view_filter ] --START--
INFO: Run Behavior\WriteHtmlCache [ RunTime:0.000789s ]
INFO: [ view_filter ] --END-- [ RunTime:0.001094s ]
INFO: [ app_end ] --START--
INFO: Run Behavior\ShowPageTrace [ RunTime:0.001053s ]
INFO: [ app_end ] --END-- [ RunTime:0.001364s ]

[ 2017-05-08T15:37:25+08:00 ] ::1 /zky/zky/index.php/Home/Regulation/regulation
INFO: [ app_begin ] --START--
INFO: Run Behavior\ReadHtmlCache [ RunTime:0.001061s ]
INFO: [ app_begin ] --END-- [ RunTime:0.001929s ]
NOTIC: [8192] mysql_connect(): The mysql extension is deprecated and will be removed in the future: use mysqli or PDO instead E:\wamp\www\zky\zky\ThinkPHP\Library\Think\Db\Driver\Mysql.class.php 第 52 行.
SQL: SHOW COLUMNS FROM `tp_regulation` [ RunTime:0.018391s ]
SQL: SELECT COUNT(*) AS tp_count FROM `tp_regulation` LIMIT 1   [ RunTime:0.000297s ]
SQL: SELECT * FROM `tp_regulation` ORDER BY id desc LIMIT 0,20   [ RunTime:0.000425s ]
INFO: [ view_parse ] --START--
INFO: [ template_filter ] --START--
INFO: Run Behavior\ContentReplace [ RunTime:0.000191s ]
INFO: [ template_filter ] --END-- [ RunTime:0.000630s ]
NOTIC: [8] Undefined index: username E:\wamp\www\zky\zky\Application\Runtime\Cache\Home\11b09d2d6d83e696111763d4cdee86c9.php 第 118 行.
INFO: Run Behavior\ParseTemplate [ RunTime:0.093017s ]
INFO: [ view_parse ] --END-- [ RunTime:0.093359s ]
INFO: [ view_filter ] --START--
INFO: Run Behavior\WriteHtmlCache [ RunTime:0.000724s ]
INFO: [ view_filter ] --END-- [ RunTime:0.001025s ]
INFO: [ app_end ] --START--
INFO: Run Behavior\ShowPageTrace [ RunTime:0.001047s ]
INFO: [ app_end ] --END-- [ RunTime:0.001359s ]

[ 2017-05-08T15:37:27+08:00 ] ::1 /zky/zky/index.php/Home/Index/about_us
INFO: [ app_begin ] --START--
INFO: Run Behavior\ReadHtmlCache [ RunTime:0.001073s ]
INFO: [ app_begin ] --END-- [ RunTime:0.001913s ]
NOTIC: [8192] mysql_connect(): The mysql extension is deprecated and will be removed in the future: use mysqli or PDO instead E:\wamp\www\zky\zky\ThinkPHP\Library\Think\Db\Driver\Mysql.class.php 第 52 行.
SQL: SHOW COLUMNS FROM `tp_person` [ RunTime:0.001486s ]
SQL: SHOW COLUMNS FROM `tp_others` [ RunTime:0.002155s ]
SQL: SELECT * FROM `tp_person` ORDER BY id asc  [ RunTime:0.000707s ]
SQL: SELECT * FROM `tp_others` ORDER BY id asc  [ RunTime:0.000376s ]
INFO: [ view_parse ] --START--
INFO: [ template_filter ] --START--
INFO: Run Behavior\ContentReplace [ RunTime:0.000202s ]
INFO: [ template_filter ] --END-- [ RunTime:0.000547s ]
NOTIC: [8] Undefined index: username E:\wamp\www\zky\zky\Application\Runtime\Cache\Home\40888aa7df382378d83fe78c28728374.php 第 112 行.
INFO: Run Behavior\ParseTemplate [ RunTime:0.025661s ]
INFO: [ view_parse ] --END-- [ RunTime:0.025996s ]
INFO: [ view_filter ] --START--
INFO: Run Behavior\WriteHtmlCache [ RunTime:0.000741s ]
INFO: [ view_filter ] --END-- [ RunTime:0.001111s ]
INFO: [ app_end ] --START--
INFO: Run Behavior\ShowPageTrace [ RunTime:0.002532s ]
INFO: [ app_end ] --END-- [ RunTime:0.002871s ]

[ 2017-05-08T15:37:33+08:00 ] ::1 /zky/zky/index.php/Home/Inform/news
INFO: [ app_begin ] --START--
INFO: Run Behavior\ReadHtmlCache [ RunTime:0.001176s ]
INFO: [ app_begin ] --END-- [ RunTime:0.002066s ]
NOTIC: [8192] mysql_connect(): The mysql extension is deprecated and will be removed in the future: use mysqli or PDO instead E:\wamp\www\zky\zky\ThinkPHP\Library\Think\Db\Driver\Mysql.class.php 第 52 行.
SQL: SHOW COLUMNS FROM `tp_information` [ RunTime:0.001115s ]
SQL: SELECT * FROM `tp_information` ORDER BY id desc  [ RunTime:0.000707s ]
INFO: [ view_parse ] --START--
INFO: [ template_filter ] --START--
INFO: Run Behavior\ContentReplace [ RunTime:0.000196s ]
INFO: [ template_filter ] --END-- [ RunTime:0.000528s ]
NOTIC: [8] Undefined index: username E:\wamp\www\zky\zky\Application\Runtime\Cache\Home\a054483b59c6dad8cd579f620efb59e4.php 第 116 行.
INFO: Run Behavior\ParseTemplate [ RunTime:0.023881s ]
INFO: [ view_parse ] --END-- [ RunTime:0.024258s ]
INFO: [ view_filter ] --START--
INFO: Run Behavior\WriteHtmlCache [ RunTime:0.000752s ]
INFO: [ view_filter ] --END-- [ RunTime:0.001053s ]
INFO: [ app_end ] --START--
INFO: Run Behavior\ShowPageTrace [ RunTime:0.001195s ]
INFO: [ app_end ] --END-- [ RunTime:0.001532s ]

[ 2017-05-08T15:37:36+08:00 ] ::1 /zky/zky/index.php/Home/Index/main
INFO: [ app_begin ] --START--
INFO: Run Behavior\ReadHtmlCache [ RunTime:0.001205s ]
INFO: [ app_begin ] --END-- [ RunTime:0.003097s ]
NOTIC: [8192] mysql_connect(): The mysql extension is deprecated and will be removed in the future: use mysqli or PDO instead E:\wamp\www\zky\zky\ThinkPHP\Library\Think\Db\Driver\Mysql.class.php 第 52 行.
SQL: SHOW COLUMNS FROM `tp_maincontent` [ RunTime:0.002395s ]
SQL: SELECT `content` FROM `tp_maincontent` WHERE ( id=1 ) LIMIT 1   [ RunTime:0.000645s ]
SQL: SHOW COLUMNS FROM `tp_link` [ RunTime:0.001099s ]
SQL: SELECT * FROM `tp_link` WHERE ( class = 0 )  [ RunTime:0.000457s ]
SQL: SELECT * FROM `tp_link` WHERE ( class = 1 )  [ RunTime:0.000367s ]
SQL: SELECT * FROM `tp_link` WHERE ( class = 2 )  [ RunTime:0.000372s ]
SQL: SELECT * FROM `tp_link` WHERE ( class = 3 )  [ RunTime:0.000388s ]
SQL: SHOW COLUMNS FROM `tp_information` [ RunTime:0.000935s ]
SQL: SELECT * FROM `tp_information` ORDER BY id desc  [ RunTime:0.000670s ]
SQL: SHOW COLUMNS FROM `tp_file` [ RunTime:0.000888s ]
SQL: SELECT * FROM `tp_file` ORDER BY id desc  [ RunTime:0.000532s ]
INFO: [ view_parse ] --START--
INFO: [ template_filter ] --START--
INFO: Run Behavior\ContentReplace [ RunTime:0.000261s ]
INFO: [ template_filter ] --END-- [ RunTime:0.000593s ]
NOTIC: [8] Undefined index: username E:\wamp\www\zky\zky\Application\Runtime\Cache\Home\4462707c48390994935bf3e366c221aa.php 第 188 行.
INFO: Run Behavior\ParseTemplate [ RunTime:0.141303s ]
INFO: [ view_parse ] --END-- [ RunTime:0.141665s ]
INFO: [ view_filter ] --START--
INFO: Run Behavior\WriteHtmlCache [ RunTime:0.000717s ]
INFO: [ view_filter ] --END-- [ RunTime:0.001019s ]
INFO: [ app_end ] --START--
INFO: Run Behavior\ShowPageTrace [ RunTime:0.001176s ]
INFO: [ app_end ] --END-- [ RunTime:0.001514s ]

[ 2017-05-08T15:37:36+08:00 ] ::1 /zky/zky/index.php/Home/Public/code
INFO: [ app_begin ] --START--
INFO: Run Behavior\ReadHtmlCache [ RunTime:0.001034s ]
INFO: [ app_begin ] --END-- [ RunTime:0.001863s ]
INFO: [ app_end ] --START--
INFO: Run Behavior\ShowPageTrace [ RunTime:0.001179s ]
INFO: [ app_end ] --END-- [ RunTime:0.001521s ]

[ 2017-05-08T15:53:29+08:00 ] ::1 /zky/zky/index.php/Home/Message/conmunication
INFO: [ app_begin ] --START--
INFO: Run Behavior\ReadHtmlCache [ RunTime:0.001100s ]
INFO: [ app_begin ] --END-- [ RunTime:0.002179s ]
NOTIC: [8192] mysql_connect(): The mysql extension is deprecated and will be removed in the future: use mysqli or PDO instead E:\wamp\www\zky\zky\ThinkPHP\Library\Think\Db\Driver\Mysql.class.php 第 52 行.
SQL: SHOW COLUMNS FROM `tp_user` [ RunTime:0.003157s ]
NOTIC: [8] Undefined index: id E:\wamp\www\zky\zky\Application\Home\Controller\MessageController.class.php 第 8 行.
SQL: SELECT `say` FROM `tp_user` WHERE ( id =   ) LIMIT 1   [ RunTime:0.000321s ]
ERR: 1064:You have an error in your SQL syntax; check the manual that corresponds to your MySQL server version for the right syntax to use near ') LIMIT 1' at line 1
 [ SQL语句 ] : SELECT `say` FROM `tp_user` WHERE ( id =   ) LIMIT 1  
SQL: SHOW COLUMNS FROM `tp_message` [ RunTime:0.001710s ]
SQL: SELECT COUNT(*) AS tp_count FROM `tp_message` LIMIT 1   [ RunTime:0.000327s ]
SQL: SELECT * FROM `tp_message` ORDER BY id desc LIMIT 0,13   [ RunTime:0.000889s ]
INFO: [ view_parse ] --START--
INFO: [ template_filter ] --START--
INFO: Run Behavior\ContentReplace [ RunTime:0.000222s ]
INFO: [ template_filter ] --END-- [ RunTime:0.000556s ]
NOTIC: [8] Undefined index: username E:\wamp\www\zky\zky\Application\Runtime\Cache\Home\afb02c676964e0f94d9da57105704626.php 第 174 行.
INFO: Run Behavior\ParseTemplate [ RunTime:0.070851s ]
INFO: [ view_parse ] --END-- [ RunTime:0.071179s ]
INFO: [ view_filter ] --START--
INFO: Run Behavior\WriteHtmlCache [ RunTime:0.000821s ]
INFO: [ view_filter ] --END-- [ RunTime:0.001123s ]
INFO: [ app_end ] --START--
INFO: Run Behavior\ShowPageTrace [ RunTime:0.003790s ]
INFO: [ app_end ] --END-- [ RunTime:0.004253s ]

[ 2017-05-08T15:53:29+08:00 ] ::1 /zky/zky/index.php/Home/Public/code
INFO: [ app_begin ] --START--
INFO: Run Behavior\ReadHtmlCache [ RunTime:0.001129s ]
INFO: [ app_begin ] --END-- [ RunTime:0.002020s ]
INFO: [ app_end ] --START--
INFO: Run Behavior\ShowPageTrace [ RunTime:0.001347s ]
INFO: [ app_end ] --END-- [ RunTime:0.001987s ]

[ 2017-05-08T15:53:37+08:00 ] ::1 /zky/zky/index.php/Home/Message/do_see/id/39
INFO: [ app_begin ] --START--
INFO: Run Behavior\ReadHtmlCache [ RunTime:0.001299s ]
INFO: [ app_begin ] --END-- [ RunTime:0.002172s ]
NOTIC: [8192] mysql_connect(): The mysql extension is deprecated and will be removed in the future: use mysqli or PDO instead E:\wamp\www\zky\zky\ThinkPHP\Library\Think\Db\Driver\Mysql.class.php 第 52 行.
SQL: SHOW COLUMNS FROM `tp_user` [ RunTime:0.016951s ]
NOTIC: [8] Undefined index: id E:\wamp\www\zky\zky\Application\Home\Controller\MessageController.class.php 第 8 行.
SQL: SELECT `say` FROM `tp_user` WHERE ( id =   ) LIMIT 1   [ RunTime:0.000218s ]
ERR: 1064:You have an error in your SQL syntax; check the manual that corresponds to your MySQL server version for the right syntax to use near ') LIMIT 1' at line 1
 [ SQL语句 ] : SELECT `say` FROM `tp_user` WHERE ( id =   ) LIMIT 1  
SQL: SHOW COLUMNS FROM `tp_answer` [ RunTime:0.090915s ]
SQL: SELECT COUNT(*) AS tp_count FROM `tp_answer` WHERE ( messageid = 39 ) LIMIT 1   [ RunTime:0.069093s ]
SQL: SHOW COLUMNS FROM `tp_message` [ RunTime:0.002250s ]
SQL: SELECT * FROM `tp_message` WHERE ( id = 39 ) LIMIT 1   [ RunTime:0.001074s ]
SQL: SHOW COLUMNS FROM `tp_user` [ RunTime:0.001146s ]
SQL: SELECT * FROM `tp_user` WHERE ( 1=1 AND id='6' ) LIMIT 1   [ RunTime:0.004729s ]
SQL: SELECT * FROM `tp_answer` WHERE ( messageid = 39 ) LIMIT 0,5   [ RunTime:0.001086s ]
SQL: SELECT * FROM `tp_message` WHERE ( 1=1 AND id='39' ) LIMIT 1   [ RunTime:0.000420s ]
SQL: SELECT * FROM `tp_user` WHERE ( 1=1 AND id='6' ) LIMIT 1   [ RunTime:0.000372s ]
SQL: SELECT * FROM `tp_message` WHERE ( 1=1 AND id='39' ) LIMIT 1   [ RunTime:0.000358s ]
SQL: SELECT * FROM `tp_user` WHERE ( 1=1 AND id='6' ) LIMIT 1   [ RunTime:0.000324s ]
INFO: [ view_parse ] --START--
INFO: [ template_filter ] --START--
INFO: Run Behavior\ContentReplace [ RunTime:0.000210s ]
INFO: [ template_filter ] --END-- [ RunTime:0.000547s ]
NOTIC: [8] Undefined index: username E:\wamp\www\zky\zky\Application\Runtime\Cache\Home\8561571c38b6553797a356bf1bd0b4b4.php 第 115 行.
INFO: Run Behavior\ParseTemplate [ RunTime:0.099090s ]
INFO: [ view_parse ] --END-- [ RunTime:0.099423s ]
INFO: [ view_filter ] --START--
INFO: Run Behavior\WriteHtmlCache [ RunTime:0.000804s ]
INFO: [ view_filter ] --END-- [ RunTime:0.001116s ]
INFO: [ app_end ] --START--
INFO: Run Behavior\ShowPageTrace [ RunTime:0.002449s ]
INFO: [ app_end ] --END-- [ RunTime:0.002797s ]

[ 2017-05-08T15:53:41+08:00 ] ::1 /zky/zky/index.php/Home/Message/conmunication
INFO: [ app_begin ] --START--
INFO: Run Behavior\ReadHtmlCache [ RunTime:0.001117s ]
INFO: [ app_begin ] --END-- [ RunTime:0.001939s ]
NOTIC: [8192] mysql_connect(): The mysql extension is deprecated and will be removed in the future: use mysqli or PDO instead E:\wamp\www\zky\zky\ThinkPHP\Library\Think\Db\Driver\Mysql.class.php 第 52 行.
SQL: SHOW COLUMNS FROM `tp_user` [ RunTime:0.001475s ]
NOTIC: [8] Undefined index: id E:\wamp\www\zky\zky\Application\Home\Controller\MessageController.class.php 第 8 行.
SQL: SELECT `say` FROM `tp_user` WHERE ( id =   ) LIMIT 1   [ RunTime:0.000333s ]
ERR: 1064:You have an error in your SQL syntax; check the manual that corresponds to your MySQL server version for the right syntax to use near ') LIMIT 1' at line 1
 [ SQL语句 ] : SELECT `say` FROM `tp_user` WHERE ( id =   ) LIMIT 1  
SQL: SHOW COLUMNS FROM `tp_message` [ RunTime:0.001311s ]
SQL: SELECT COUNT(*) AS tp_count FROM `tp_message` LIMIT 1   [ RunTime:0.000412s ]
SQL: SELECT * FROM `tp_message` ORDER BY id desc LIMIT 0,13   [ RunTime:0.000984s ]
INFO: [ view_parse ] --START--
INFO: [ template_filter ] --START--
INFO: Run Behavior\ContentReplace [ RunTime:0.000222s ]
INFO: [ template_filter ] --END-- [ RunTime:0.000911s ]
NOTIC: [8] Undefined index: username E:\wamp\www\zky\zky\Application\Runtime\Cache\Home\afb02c676964e0f94d9da57105704626.php 第 174 行.
INFO: Run Behavior\ParseTemplate [ RunTime:0.067601s ]
INFO: [ view_parse ] --END-- [ RunTime:0.067936s ]
INFO: [ view_filter ] --START--
INFO: Run Behavior\WriteHtmlCache [ RunTime:0.000806s ]
INFO: [ view_filter ] --END-- [ RunTime:0.001117s ]
INFO: [ app_end ] --START--
INFO: Run Behavior\ShowPageTrace [ RunTime:0.001267s ]
INFO: [ app_end ] --END-- [ RunTime:0.001664s ]

[ 2017-05-08T15:53:41+08:00 ] ::1 /zky/zky/index.php/Home/Public/code
INFO: [ app_begin ] --START--
INFO: Run Behavior\ReadHtmlCache [ RunTime:0.003556s ]
INFO: [ app_begin ] --END-- [ RunTime:0.004470s ]
INFO: [ app_end ] --START--
INFO: Run Behavior\ShowPageTrace [ RunTime:0.001877s ]
INFO: [ app_end ] --END-- [ RunTime:0.002239s ]

[ 2017-05-08T15:53:43+08:00 ] ::1 /zky/zky/index.php/Home/Message/do_see/id/52
INFO: [ app_begin ] --START--
INFO: Run Behavior\ReadHtmlCache [ RunTime:0.001256s ]
INFO: [ app_begin ] --END-- [ RunTime:0.002120s ]
NOTIC: [8192] mysql_connect(): The mysql extension is deprecated and will be removed in the future: use mysqli or PDO instead E:\wamp\www\zky\zky\ThinkPHP\Library\Think\Db\Driver\Mysql.class.php 第 52 行.
SQL: SHOW COLUMNS FROM `tp_user` [ RunTime:0.021323s ]
NOTIC: [8] Undefined index: id E:\wamp\www\zky\zky\Application\Home\Controller\MessageController.class.php 第 8 行.
SQL: SELECT `say` FROM `tp_user` WHERE ( id =   ) LIMIT 1   [ RunTime:0.001122s ]
ERR: 1064:You have an error in your SQL syntax; check the manual that corresponds to your MySQL server version for the right syntax to use near ') LIMIT 1' at line 1
 [ SQL语句 ] : SELECT `say` FROM `tp_user` WHERE ( id =   ) LIMIT 1  
SQL: SHOW COLUMNS FROM `tp_answer` [ RunTime:0.002436s ]
SQL: SELECT COUNT(*) AS tp_count FROM `tp_answer` WHERE ( messageid = 52 ) LIMIT 1   [ RunTime:0.000499s ]
SQL: SHOW COLUMNS FROM `tp_message` [ RunTime:0.001136s ]
SQL: SELECT * FROM `tp_message` WHERE ( id = 52 ) LIMIT 1   [ RunTime:0.000437s ]
SQL: SHOW COLUMNS FROM `tp_user` [ RunTime:0.000903s ]
SQL: SELECT * FROM `tp_user` WHERE ( 1=1 AND id='6' ) LIMIT 1   [ RunTime:0.000666s ]
SQL: SELECT * FROM `tp_answer` WHERE ( messageid = 52 ) LIMIT 0,5   [ RunTime:0.000603s ]
INFO: [ view_parse ] --START--
INFO: [ template_filter ] --START--
INFO: Run Behavior\ContentReplace [ RunTime:0.000203s ]
INFO: [ template_filter ] --END-- [ RunTime:0.000545s ]
NOTIC: [8] Undefined index: username E:\wamp\www\zky\zky\Application\Runtime\Cache\Home\8561571c38b6553797a356bf1bd0b4b4.php 第 115 行.
INFO: Run Behavior\ParseTemplate [ RunTime:0.023472s ]
INFO: [ view_parse ] --END-- [ RunTime:0.023800s ]
INFO: [ view_filter ] --START--
INFO: Run Behavior\WriteHtmlCache [ RunTime:0.000833s ]
INFO: [ view_filter ] --END-- [ RunTime:0.001137s ]
INFO: [ app_end ] --START--
INFO: Run Behavior\ShowPageTrace [ RunTime:0.001091s ]
INFO: [ app_end ] --END-- [ RunTime:0.001406s ]

[ 2017-05-08T15:53:46+08:00 ] ::1 /zky/zky/index.php/Home/Message/conmunication
INFO: [ app_begin ] --START--
INFO: Run Behavior\ReadHtmlCache [ RunTime:0.001093s ]
INFO: [ app_begin ] --END-- [ RunTime:0.001937s ]
NOTIC: [8192] mysql_connect(): The mysql extension is deprecated and will be removed in the future: use mysqli or PDO instead E:\wamp\www\zky\zky\ThinkPHP\Library\Think\Db\Driver\Mysql.class.php 第 52 行.
SQL: SHOW COLUMNS FROM `tp_user` [ RunTime:0.001473s ]
NOTIC: [8] Undefined index: id E:\wamp\www\zky\zky\Application\Home\Controller\MessageController.class.php 第 8 行.
SQL: SELECT `say` FROM `tp_user` WHERE ( id =   ) LIMIT 1   [ RunTime:0.000256s ]
ERR: 1064:You have an error in your SQL syntax; check the manual that corresponds to your MySQL server version for the right syntax to use near ') LIMIT 1' at line 1
 [ SQL语句 ] : SELECT `say` FROM `tp_user` WHERE ( id =   ) LIMIT 1  
SQL: SHOW COLUMNS FROM `tp_message` [ RunTime:0.001415s ]
SQL: SELECT COUNT(*) AS tp_count FROM `tp_message` LIMIT 1   [ RunTime:0.000844s ]
SQL: SELECT * FROM `tp_message` ORDER BY id desc LIMIT 0,13   [ RunTime:0.000737s ]
INFO: [ view_parse ] --START--
INFO: [ template_filter ] --START--
INFO: Run Behavior\ContentReplace [ RunTime:0.000221s ]
INFO: [ template_filter ] --END-- [ RunTime:0.000552s ]
NOTIC: [8] Undefined index: username E:\wamp\www\zky\zky\Application\Runtime\Cache\Home\afb02c676964e0f94d9da57105704626.php 第 174 行.
INFO: Run Behavior\ParseTemplate [ RunTime:0.063730s ]
INFO: [ view_parse ] --END-- [ RunTime:0.064060s ]
INFO: [ view_filter ] --START--
INFO: Run Behavior\WriteHtmlCache [ RunTime:0.000804s ]
INFO: [ view_filter ] --END-- [ RunTime:0.001108s ]
INFO: [ app_end ] --START--
INFO: Run Behavior\ShowPageTrace [ RunTime:0.001262s ]
INFO: [ app_end ] --END-- [ RunTime:0.001657s ]

[ 2017-05-08T15:53:46+08:00 ] ::1 /zky/zky/index.php/Home/Public/code
INFO: [ app_begin ] --START--
INFO: Run Behavior\ReadHtmlCache [ RunTime:0.001267s ]
INFO: [ app_begin ] --END-- [ RunTime:0.002176s ]
INFO: [ app_end ] --START--
INFO: Run Behavior\ShowPageTrace [ RunTime:0.001477s ]
INFO: [ app_end ] --END-- [ RunTime:0.001831s ]

[ 2017-05-08T15:53:48+08:00 ] ::1 /zky/zky/index.php/Home/Message/conmunication/p/2.html
INFO: [ app_begin ] --START--
INFO: Run Behavior\ReadHtmlCache [ RunTime:0.001381s ]
INFO: [ app_begin ] --END-- [ RunTime:0.002800s ]
NOTIC: [8192] mysql_connect(): The mysql extension is deprecated and will be removed in the future: use mysqli or PDO instead E:\wamp\www\zky\zky\ThinkPHP\Library\Think\Db\Driver\Mysql.class.php 第 52 行.
SQL: SHOW COLUMNS FROM `tp_user` [ RunTime:0.001479s ]
NOTIC: [8] Undefined index: id E:\wamp\www\zky\zky\Application\Home\Controller\MessageController.class.php 第 8 行.
SQL: SELECT `say` FROM `tp_user` WHERE ( id =   ) LIMIT 1   [ RunTime:0.000544s ]
ERR: 1064:You have an error in your SQL syntax; check the manual that corresponds to your MySQL server version for the right syntax to use near ') LIMIT 1' at line 1
 [ SQL语句 ] : SELECT `say` FROM `tp_user` WHERE ( id =   ) LIMIT 1  
SQL: SHOW COLUMNS FROM `tp_message` [ RunTime:0.001190s ]
SQL: SELECT COUNT(*) AS tp_count FROM `tp_message` LIMIT 1   [ RunTime:0.000493s ]
SQL: SELECT * FROM `tp_message` ORDER BY id desc LIMIT 13,13   [ RunTime:0.004290s ]
INFO: [ view_parse ] --START--
INFO: [ template_filter ] --START--
INFO: Run Behavior\ContentReplace [ RunTime:0.000231s ]
INFO: [ template_filter ] --END-- [ RunTime:0.000567s ]
NOTIC: [8] Undefined index: username E:\wamp\www\zky\zky\Application\Runtime\Cache\Home\afb02c676964e0f94d9da57105704626.php 第 174 行.
INFO: Run Behavior\ParseTemplate [ RunTime:0.089407s ]
INFO: [ view_parse ] --END-- [ RunTime:0.089782s ]
INFO: [ view_filter ] --START--
INFO: Run Behavior\WriteHtmlCache [ RunTime:0.000841s ]
INFO: [ view_filter ] --END-- [ RunTime:0.001147s ]
INFO: [ app_end ] --START--
INFO: Run Behavior\ShowPageTrace [ RunTime:0.001188s ]
INFO: [ app_end ] --END-- [ RunTime:0.001572s ]

[ 2017-05-08T15:53:48+08:00 ] ::1 /zky/zky/index.php/Home/Public/code
INFO: [ app_begin ] --START--
INFO: Run Behavior\ReadHtmlCache [ RunTime:0.001149s ]
INFO: [ app_begin ] --END-- [ RunTime:0.002090s ]
INFO: [ app_end ] --START--
INFO: Run Behavior\ShowPageTrace [ RunTime:0.001276s ]
INFO: [ app_end ] --END-- [ RunTime:0.001623s ]

[ 2017-05-08T15:53:51+08:00 ] ::1 /zky/zky/index.php/Home/Message/do_see/id/3
INFO: [ app_begin ] --START--
INFO: Run Behavior\ReadHtmlCache [ RunTime:0.001126s ]
INFO: [ app_begin ] --END-- [ RunTime:0.002143s ]
NOTIC: [8192] mysql_connect(): The mysql extension is deprecated and will be removed in the future: use mysqli or PDO instead E:\wamp\www\zky\zky\ThinkPHP\Library\Think\Db\Driver\Mysql.class.php 第 52 行.
SQL: SHOW COLUMNS FROM `tp_user` [ RunTime:0.001177s ]
NOTIC: [8] Undefined index: id E:\wamp\www\zky\zky\Application\Home\Controller\MessageController.class.php 第 8 行.
SQL: SELECT `say` FROM `tp_user` WHERE ( id =   ) LIMIT 1   [ RunTime:0.000399s ]
ERR: 1064:You have an error in your SQL syntax; check the manual that corresponds to your MySQL server version for the right syntax to use near ') LIMIT 1' at line 1
 [ SQL语句 ] : SELECT `say` FROM `tp_user` WHERE ( id =   ) LIMIT 1  
SQL: SHOW COLUMNS FROM `tp_answer` [ RunTime:0.001065s ]
SQL: SELECT COUNT(*) AS tp_count FROM `tp_answer` WHERE ( messageid = 3 ) LIMIT 1   [ RunTime:0.000526s ]
SQL: SHOW COLUMNS FROM `tp_message` [ RunTime:0.000964s ]
SQL: SELECT * FROM `tp_message` WHERE ( id = 3 ) LIMIT 1   [ RunTime:0.000492s ]
SQL: SHOW COLUMNS FROM `tp_user` [ RunTime:0.001116s ]
SQL: SELECT * FROM `tp_user` WHERE ( 1=1 AND id='7' ) LIMIT 1   [ RunTime:0.000451s ]
SQL: SELECT * FROM `tp_answer` WHERE ( messageid = 3 ) LIMIT 0,5   [ RunTime:0.000644s ]
SQL: SELECT * FROM `tp_message` WHERE ( 1=1 AND id='3' ) LIMIT 1   [ RunTime:0.000393s ]
SQL: SELECT * FROM `tp_user` WHERE ( 1=1 AND id='111' ) LIMIT 1   [ RunTime:0.000289s ]
SQL: SELECT * FROM `tp_message` WHERE ( 1=1 AND id='3' ) LIMIT 1   [ RunTime:0.000301s ]
SQL: SELECT * FROM `tp_user` WHERE ( 1=1 AND id='11' ) LIMIT 1   [ RunTime:0.000311s ]
INFO: [ view_parse ] --START--
INFO: [ template_filter ] --START--
INFO: Run Behavior\ContentReplace [ RunTime:0.000204s ]
INFO: [ template_filter ] --END-- [ RunTime:0.000541s ]
NOTIC: [8] Undefined index: username E:\wamp\www\zky\zky\Application\Runtime\Cache\Home\8561571c38b6553797a356bf1bd0b4b4.php 第 115 行.
INFO: Run Behavior\ParseTemplate [ RunTime:0.025264s ]
INFO: [ view_parse ] --END-- [ RunTime:0.025598s ]
INFO: [ view_filter ] --START--
INFO: Run Behavior\WriteHtmlCache [ RunTime:0.000819s ]
INFO: [ view_filter ] --END-- [ RunTime:0.001125s ]
INFO: [ app_end ] --START--
INFO: Run Behavior\ShowPageTrace [ RunTime:0.001105s ]
INFO: [ app_end ] --END-- [ RunTime:0.001420s ]

[ 2017-05-08T15:53:56+08:00 ] ::1 /zky/zky/index.php/Home/Message/conmunication
INFO: [ app_begin ] --START--
INFO: Run Behavior\ReadHtmlCache [ RunTime:0.001104s ]
INFO: [ app_begin ] --END-- [ RunTime:0.001942s ]
NOTIC: [8192] mysql_connect(): The mysql extension is deprecated and will be removed in the future: use mysqli or PDO instead E:\wamp\www\zky\zky\ThinkPHP\Library\Think\Db\Driver\Mysql.class.php 第 52 行.
SQL: SHOW COLUMNS FROM `tp_user` [ RunTime:0.001098s ]
NOTIC: [8] Undefined index: id E:\wamp\www\zky\zky\Application\Home\Controller\MessageController.class.php 第 8 行.
SQL: SELECT `say` FROM `tp_user` WHERE ( id =   ) LIMIT 1   [ RunTime:0.000272s ]
ERR: 1064:You have an error in your SQL syntax; check the manual that corresponds to your MySQL server version for the right syntax to use near ') LIMIT 1' at line 1
 [ SQL语句 ] : SELECT `say` FROM `tp_user` WHERE ( id =   ) LIMIT 1  
SQL: SHOW COLUMNS FROM `tp_message` [ RunTime:0.001067s ]
SQL: SELECT COUNT(*) AS tp_count FROM `tp_message` LIMIT 1   [ RunTime:0.000451s ]
SQL: SELECT * FROM `tp_message` ORDER BY id desc LIMIT 0,13   [ RunTime:0.000931s ]
INFO: [ view_parse ] --START--
INFO: [ template_filter ] --START--
INFO: Run Behavior\ContentReplace [ RunTime:0.000226s ]
INFO: [ template_filter ] --END-- [ RunTime:0.000559s ]
NOTIC: [8] Undefined index: username E:\wamp\www\zky\zky\Application\Runtime\Cache\Home\afb02c676964e0f94d9da57105704626.php 第 174 行.
INFO: Run Behavior\ParseTemplate [ RunTime:0.064740s ]
INFO: [ view_parse ] --END-- [ RunTime:0.065099s ]
INFO: [ view_filter ] --START--
INFO: Run Behavior\WriteHtmlCache [ RunTime:0.000833s ]
INFO: [ view_filter ] --END-- [ RunTime:0.001140s ]
INFO: [ app_end ] --START--
INFO: Run Behavior\ShowPageTrace [ RunTime:0.001197s ]
INFO: [ app_end ] --END-- [ RunTime:0.001784s ]

[ 2017-05-08T15:53:57+08:00 ] ::1 /zky/zky/index.php/Home/Public/code
INFO: [ app_begin ] --START--
INFO: Run Behavior\ReadHtmlCache [ RunTime:0.001161s ]
INFO: [ app_begin ] --END-- [ RunTime:0.002103s ]
INFO: [ app_end ] --START--
INFO: Run Behavior\ShowPageTrace [ RunTime:0.003589s ]
INFO: [ app_end ] --END-- [ RunTime:0.004165s ]

[ 2017-05-08T15:54:00+08:00 ] ::1 /zky/zky/index.php/Home/Message/do_see/id/11
INFO: [ app_begin ] --START--
INFO: Run Behavior\ReadHtmlCache [ RunTime:0.001079s ]
INFO: [ app_begin ] --END-- [ RunTime:0.001898s ]
NOTIC: [8192] mysql_connect(): The mysql extension is deprecated and will be removed in the future: use mysqli or PDO instead E:\wamp\www\zky\zky\ThinkPHP\Library\Think\Db\Driver\Mysql.class.php 第 52 行.
SQL: SHOW COLUMNS FROM `tp_user` [ RunTime:0.001416s ]
NOTIC: [8] Undefined index: id E:\wamp\www\zky\zky\Application\Home\Controller\MessageController.class.php 第 8 行.
SQL: SELECT `say` FROM `tp_user` WHERE ( id =   ) LIMIT 1   [ RunTime:0.000214s ]
ERR: 1064:You have an error in your SQL syntax; check the manual that corresponds to your MySQL server version for the right syntax to use near ') LIMIT 1' at line 1
 [ SQL语句 ] : SELECT `say` FROM `tp_user` WHERE ( id =   ) LIMIT 1  
SQL: SHOW COLUMNS FROM `tp_answer` [ RunTime:0.001166s ]
SQL: SELECT COUNT(*) AS tp_count FROM `tp_answer` WHERE ( messageid = 11 ) LIMIT 1   [ RunTime:0.000528s ]
SQL: SHOW COLUMNS FROM `tp_message` [ RunTime:0.000936s ]
SQL: SELECT * FROM `tp_message` WHERE ( id = 11 ) LIMIT 1   [ RunTime:0.000512s ]
SQL: SHOW COLUMNS FROM `tp_user` [ RunTime:0.000821s ]
SQL: SELECT * FROM `tp_user` WHERE ( 1=1 AND id='1' ) LIMIT 1   [ RunTime:0.000435s ]
SQL: SELECT * FROM `tp_answer` WHERE ( messageid = 11 ) LIMIT 0,5   [ RunTime:0.000468s ]
INFO: [ view_parse ] --START--
INFO: [ template_filter ] --START--
INFO: Run Behavior\ContentReplace [ RunTime:0.000202s ]
INFO: [ template_filter ] --END-- [ RunTime:0.000552s ]
NOTIC: [8] Undefined index: username E:\wamp\www\zky\zky\Application\Runtime\Cache\Home\8561571c38b6553797a356bf1bd0b4b4.php 第 115 行.
INFO: Run Behavior\ParseTemplate [ RunTime:0.024500s ]
INFO: [ view_parse ] --END-- [ RunTime:0.024826s ]
INFO: [ view_filter ] --START--
INFO: Run Behavior\WriteHtmlCache [ RunTime:0.000817s ]
INFO: [ view_filter ] --END-- [ RunTime:0.001126s ]
INFO: [ app_end ] --START--
INFO: Run Behavior\ShowPageTrace [ RunTime:0.003709s ]
INFO: [ app_end ] --END-- [ RunTime:0.004057s ]

[ 2017-05-08T15:54:05+08:00 ] ::1 /zky/zky/index.php/Home/Message/conmunication
INFO: [ app_begin ] --START--
INFO: Run Behavior\ReadHtmlCache [ RunTime:0.001099s ]
INFO: [ app_begin ] --END-- [ RunTime:0.001978s ]
NOTIC: [8192] mysql_connect(): The mysql extension is deprecated and will be removed in the future: use mysqli or PDO instead E:\wamp\www\zky\zky\ThinkPHP\Library\Think\Db\Driver\Mysql.class.php 第 52 行.
SQL: SHOW COLUMNS FROM `tp_user` [ RunTime:0.000998s ]
NOTIC: [8] Undefined index: id E:\wamp\www\zky\zky\Application\Home\Controller\MessageController.class.php 第 8 行.
SQL: SELECT `say` FROM `tp_user` WHERE ( id =   ) LIMIT 1   [ RunTime:0.000318s ]
ERR: 1064:You have an error in your SQL syntax; check the manual that corresponds to your MySQL server version for the right syntax to use near ') LIMIT 1' at line 1
 [ SQL语句 ] : SELECT `say` FROM `tp_user` WHERE ( id =   ) LIMIT 1  
SQL: SHOW COLUMNS FROM `tp_message` [ RunTime:0.001012s ]
SQL: SELECT COUNT(*) AS tp_count FROM `tp_message` LIMIT 1   [ RunTime:0.000309s ]
SQL: SELECT * FROM `tp_message` ORDER BY id desc LIMIT 0,13   [ RunTime:0.000644s ]
INFO: [ view_parse ] --START--
INFO: [ template_filter ] --START--
INFO: Run Behavior\ContentReplace [ RunTime:0.000221s ]
INFO: [ template_filter ] --END-- [ RunTime:0.000552s ]
NOTIC: [8] Undefined index: username E:\wamp\www\zky\zky\Application\Runtime\Cache\Home\afb02c676964e0f94d9da57105704626.php 第 174 行.
INFO: Run Behavior\ParseTemplate [ RunTime:0.064996s ]
INFO: [ view_parse ] --END-- [ RunTime:0.065328s ]
INFO: [ view_filter ] --START--
INFO: Run Behavior\WriteHtmlCache [ RunTime:0.000837s ]
INFO: [ view_filter ] --END-- [ RunTime:0.001142s ]
INFO: [ app_end ] --START--
INFO: Run Behavior\ShowPageTrace [ RunTime:0.001291s ]
INFO: [ app_end ] --END-- [ RunTime:0.001684s ]

[ 2017-05-08T15:54:05+08:00 ] ::1 /zky/zky/index.php/Home/Public/code
INFO: [ app_begin ] --START--
INFO: Run Behavior\ReadHtmlCache [ RunTime:0.001120s ]
INFO: [ app_begin ] --END-- [ RunTime:0.001998s ]
INFO: [ app_end ] --START--
INFO: Run Behavior\ShowPageTrace [ RunTime:0.004294s ]
INFO: [ app_end ] --END-- [ RunTime:0.004793s ]

[ 2017-05-08T15:54:08+08:00 ] ::1 /zky/zky/index.php/Home/Message/do_see/id/15
INFO: [ app_begin ] --START--
INFO: Run Behavior\ReadHtmlCache [ RunTime:0.001080s ]
INFO: [ app_begin ] --END-- [ RunTime:0.001892s ]
NOTIC: [8192] mysql_connect(): The mysql extension is deprecated and will be removed in the future: use mysqli or PDO instead E:\wamp\www\zky\zky\ThinkPHP\Library\Think\Db\Driver\Mysql.class.php 第 52 行.
SQL: SHOW COLUMNS FROM `tp_user` [ RunTime:0.001235s ]
NOTIC: [8] Undefined index: id E:\wamp\www\zky\zky\Application\Home\Controller\MessageController.class.php 第 8 行.
SQL: SELECT `say` FROM `tp_user` WHERE ( id =   ) LIMIT 1   [ RunTime:0.001015s ]
ERR: 1064:You have an error in your SQL syntax; check the manual that corresponds to your MySQL server version for the right syntax to use near ') LIMIT 1' at line 1
 [ SQL语句 ] : SELECT `say` FROM `tp_user` WHERE ( id =   ) LIMIT 1  
SQL: SHOW COLUMNS FROM `tp_answer` [ RunTime:0.003240s ]
SQL: SELECT COUNT(*) AS tp_count FROM `tp_answer` WHERE ( messageid = 15 ) LIMIT 1   [ RunTime:0.000648s ]
SQL: SHOW COLUMNS FROM `tp_message` [ RunTime:0.001520s ]
SQL: SELECT * FROM `tp_message` WHERE ( id = 15 ) LIMIT 1   [ RunTime:0.000520s ]
SQL: SHOW COLUMNS FROM `tp_user` [ RunTime:0.001261s ]
SQL: SELECT * FROM `tp_user` WHERE ( 1=1 AND id='11' ) LIMIT 1   [ RunTime:0.000693s ]
SQL: SELECT * FROM `tp_answer` WHERE ( messageid = 15 ) LIMIT 0,5   [ RunTime:0.001256s ]
INFO: [ view_parse ] --START--
INFO: [ template_filter ] --START--
INFO: Run Behavior\ContentReplace [ RunTime:0.000204s ]
INFO: [ template_filter ] --END-- [ RunTime:0.000572s ]
NOTIC: [8] Undefined index: username E:\wamp\www\zky\zky\Application\Runtime\Cache\Home\8561571c38b6553797a356bf1bd0b4b4.php 第 115 行.
INFO: Run Behavior\ParseTemplate [ RunTime:0.030496s ]
INFO: [ view_parse ] --END-- [ RunTime:0.030857s ]
INFO: [ view_filter ] --START--
INFO: Run Behavior\WriteHtmlCache [ RunTime:0.000844s ]
INFO: [ view_filter ] --END-- [ RunTime:0.001166s ]
INFO: [ app_end ] --START--
INFO: Run Behavior\ShowPageTrace [ RunTime:0.001107s ]
INFO: [ app_end ] --END-- [ RunTime:0.001416s ]

[ 2017-05-08T15:54:11+08:00 ] ::1 /zky/zky/index.php/Home/Message/conmunication
INFO: [ app_begin ] --START--
INFO: Run Behavior\ReadHtmlCache [ RunTime:0.001108s ]
INFO: [ app_begin ] --END-- [ RunTime:0.001994s ]
NOTIC: [8192] mysql_connect(): The mysql extension is deprecated and will be removed in the future: use mysqli or PDO instead E:\wamp\www\zky\zky\ThinkPHP\Library\Think\Db\Driver\Mysql.class.php 第 52 行.
SQL: SHOW COLUMNS FROM `tp_user` [ RunTime:0.001296s ]
NOTIC: [8] Undefined index: id E:\wamp\www\zky\zky\Application\Home\Controller\MessageController.class.php 第 8 行.
SQL: SELECT `say` FROM `tp_user` WHERE ( id =   ) LIMIT 1   [ RunTime:0.000262s ]
ERR: 1064:You have an error in your SQL syntax; check the manual that corresponds to your MySQL server version for the right syntax to use near ') LIMIT 1' at line 1
 [ SQL语句 ] : SELECT `say` FROM `tp_user` WHERE ( id =   ) LIMIT 1  
SQL: SHOW COLUMNS FROM `tp_message` [ RunTime:0.001474s ]
SQL: SELECT COUNT(*) AS tp_count FROM `tp_message` LIMIT 1   [ RunTime:0.000383s ]
SQL: SELECT * FROM `tp_message` ORDER BY id desc LIMIT 0,13   [ RunTime:0.000827s ]
INFO: [ view_parse ] --START--
INFO: [ template_filter ] --START--
INFO: Run Behavior\ContentReplace [ RunTime:0.000224s ]
INFO: [ template_filter ] --END-- [ RunTime:0.000582s ]
NOTIC: [8] Undefined index: username E:\wamp\www\zky\zky\Application\Runtime\Cache\Home\afb02c676964e0f94d9da57105704626.php 第 174 行.
INFO: Run Behavior\ParseTemplate [ RunTime:0.069043s ]
INFO: [ view_parse ] --END-- [ RunTime:0.069374s ]
INFO: [ view_filter ] --START--
INFO: Run Behavior\WriteHtmlCache [ RunTime:0.000815s ]
INFO: [ view_filter ] --END-- [ RunTime:0.001116s ]
INFO: [ app_end ] --START--
INFO: Run Behavior\ShowPageTrace [ RunTime:0.001276s ]
INFO: [ app_end ] --END-- [ RunTime:0.001677s ]

[ 2017-05-08T15:54:11+08:00 ] ::1 /zky/zky/index.php/Home/Public/code
INFO: [ app_begin ] --START--
INFO: Run Behavior\ReadHtmlCache [ RunTime:0.001208s ]
INFO: [ app_begin ] --END-- [ RunTime:0.002192s ]
INFO: [ app_end ] --START--
INFO: Run Behavior\ShowPageTrace [ RunTime:0.001353s ]
INFO: [ app_end ] --END-- [ RunTime:0.001727s ]

[ 2017-05-08T15:54:13+08:00 ] ::1 /zky/zky/index.php/Home/Message/do_see/id/44
INFO: [ app_begin ] --START--
INFO: Run Behavior\ReadHtmlCache [ RunTime:0.001392s ]
INFO: [ app_begin ] --END-- [ RunTime:0.002512s ]
NOTIC: [8192] mysql_connect(): The mysql extension is deprecated and will be removed in the future: use mysqli or PDO instead E:\wamp\www\zky\zky\ThinkPHP\Library\Think\Db\Driver\Mysql.class.php 第 52 行.
SQL: SHOW COLUMNS FROM `tp_user` [ RunTime:0.001203s ]
NOTIC: [8] Undefined index: id E:\wamp\www\zky\zky\Application\Home\Controller\MessageController.class.php 第 8 行.
SQL: SELECT `say` FROM `tp_user` WHERE ( id =   ) LIMIT 1   [ RunTime:0.000348s ]
ERR: 1064:You have an error in your SQL syntax; check the manual that corresponds to your MySQL server version for the right syntax to use near ') LIMIT 1' at line 1
 [ SQL语句 ] : SELECT `say` FROM `tp_user` WHERE ( id =   ) LIMIT 1  
SQL: SHOW COLUMNS FROM `tp_answer` [ RunTime:0.002492s ]
SQL: SELECT COUNT(*) AS tp_count FROM `tp_answer` WHERE ( messageid = 44 ) LIMIT 1   [ RunTime:0.000517s ]
SQL: SHOW COLUMNS FROM `tp_message` [ RunTime:0.001284s ]
SQL: SELECT * FROM `tp_message` WHERE ( id = 44 ) LIMIT 1   [ RunTime:0.000538s ]
SQL: SHOW COLUMNS FROM `tp_user` [ RunTime:0.001110s ]
SQL: SELECT * FROM `tp_user` WHERE ( 1=1 AND id='11' ) LIMIT 1   [ RunTime:0.000593s ]
SQL: SELECT * FROM `tp_answer` WHERE ( messageid = 44 ) LIMIT 0,5   [ RunTime:0.000520s ]
SQL: SELECT * FROM `tp_message` WHERE ( 1=1 AND id='44' ) LIMIT 1   [ RunTime:0.000343s ]
SQL: SELECT * FROM `tp_user` WHERE ( 1=1 AND id='6' ) LIMIT 1   [ RunTime:0.000305s ]
SQL: SELECT * FROM `tp_message` WHERE ( 1=1 AND id='44' ) LIMIT 1   [ RunTime:0.000292s ]
SQL: SELECT * FROM `tp_user` WHERE ( 1=1 AND id='6' ) LIMIT 1   [ RunTime:0.000301s ]
SQL: SELECT * FROM `tp_message` WHERE ( 1=1 AND id='44' ) LIMIT 1   [ RunTime:0.000290s ]
SQL: SELECT * FROM `tp_user` WHERE ( 1=1 AND id='6' ) LIMIT 1   [ RunTime:0.000295s ]
SQL: SELECT * FROM `tp_message` WHERE ( 1=1 AND id='44' ) LIMIT 1   [ RunTime:0.000290s ]
SQL: SELECT * FROM `tp_user` WHERE ( 1=1 AND id='6' ) LIMIT 1   [ RunTime:0.000292s ]
SQL: SELECT * FROM `tp_message` WHERE ( 1=1 AND id='44' ) LIMIT 1   [ RunTime:0.000294s ]
SQL: SELECT * FROM `tp_user` WHERE ( 1=1 AND id='6' ) LIMIT 1   [ RunTime:0.000445s ]
INFO: [ view_parse ] --START--
INFO: [ template_filter ] --START--
INFO: Run Behavior\ContentReplace [ RunTime:0.000239s ]
INFO: [ template_filter ] --END-- [ RunTime:0.000589s ]
NOTIC: [8] Undefined index: username E:\wamp\www\zky\zky\Application\Runtime\Cache\Home\8561571c38b6553797a356bf1bd0b4b4.php 第 115 行.
INFO: Run Behavior\ParseTemplate [ RunTime:0.023946s ]
INFO: [ view_parse ] --END-- [ RunTime:0.024311s ]
INFO: [ view_filter ] --START--
INFO: Run Behavior\WriteHtmlCache [ RunTime:0.000851s ]
INFO: [ view_filter ] --END-- [ RunTime:0.001162s ]
INFO: [ app_end ] --START--
INFO: Run Behavior\ShowPageTrace [ RunTime:0.001096s ]
INFO: [ app_end ] --END-- [ RunTime:0.001414s ]

[ 2017-05-08T15:54:24+08:00 ] ::1 /zky/zky/index.php/Home/Message/conmunication
INFO: [ app_begin ] --START--
INFO: Run Behavior\ReadHtmlCache [ RunTime:0.001113s ]
INFO: [ app_begin ] --END-- [ RunTime:0.002104s ]
NOTIC: [8192] mysql_connect(): The mysql extension is deprecated and will be removed in the future: use mysqli or PDO instead E:\wamp\www\zky\zky\ThinkPHP\Library\Think\Db\Driver\Mysql.class.php 第 52 行.
SQL: SHOW COLUMNS FROM `tp_user` [ RunTime:0.001393s ]
NOTIC: [8] Undefined index: id E:\wamp\www\zky\zky\Application\Home\Controller\MessageController.class.php 第 8 行.
SQL: SELECT `say` FROM `tp_user` WHERE ( id =   ) LIMIT 1   [ RunTime:0.000274s ]
ERR: 1064:You have an error in your SQL syntax; check the manual that corresponds to your MySQL server version for the right syntax to use near ') LIMIT 1' at line 1
 [ SQL语句 ] : SELECT `say` FROM `tp_user` WHERE ( id =   ) LIMIT 1  
SQL: SHOW COLUMNS FROM `tp_message` [ RunTime:0.001471s ]
SQL: SELECT COUNT(*) AS tp_count FROM `tp_message` LIMIT 1   [ RunTime:0.000507s ]
SQL: SELECT * FROM `tp_message` ORDER BY id desc LIMIT 0,13   [ RunTime:0.000636s ]
INFO: [ view_parse ] --START--
INFO: [ template_filter ] --START--
INFO: Run Behavior\ContentReplace [ RunTime:0.000221s ]
INFO: [ template_filter ] --END-- [ RunTime:0.000553s ]
NOTIC: [8] Undefined index: username E:\wamp\www\zky\zky\Application\Runtime\Cache\Home\afb02c676964e0f94d9da57105704626.php 第 174 行.
INFO: Run Behavior\ParseTemplate [ RunTime:0.065651s ]
INFO: [ view_parse ] --END-- [ RunTime:0.065982s ]
INFO: [ view_filter ] --START--
INFO: Run Behavior\WriteHtmlCache [ RunTime:0.000810s ]
INFO: [ view_filter ] --END-- [ RunTime:0.001113s ]
INFO: [ app_end ] --START--
INFO: Run Behavior\ShowPageTrace [ RunTime:0.001299s ]
INFO: [ app_end ] --END-- [ RunTime:0.001699s ]

[ 2017-05-08T15:54:24+08:00 ] ::1 /zky/zky/index.php/Home/Public/code
INFO: [ app_begin ] --START--
INFO: Run Behavior\ReadHtmlCache [ RunTime:0.001159s ]
INFO: [ app_begin ] --END-- [ RunTime:0.002284s ]
INFO: [ app_end ] --START--
INFO: Run Behavior\ShowPageTrace [ RunTime:0.001535s ]
INFO: [ app_end ] --END-- [ RunTime:0.001893s ]

[ 2017-05-08T15:54:32+08:00 ] ::1 /zky/zky/index.php/Home/File/document
INFO: [ app_begin ] --START--
INFO: Run Behavior\ReadHtmlCache [ RunTime:0.001189s ]
INFO: [ app_begin ] --END-- [ RunTime:0.002086s ]
NOTIC: [8192] mysql_connect(): The mysql extension is deprecated and will be removed in the future: use mysqli or PDO instead E:\wamp\www\zky\zky\ThinkPHP\Library\Think\Db\Driver\Mysql.class.php 第 52 行.
SQL: SHOW COLUMNS FROM `tp_file` [ RunTime:0.001306s ]
SQL: SELECT COUNT(*) AS tp_count FROM `tp_file` LIMIT 1   [ RunTime:0.000336s ]
SQL: SELECT * FROM `tp_file` ORDER BY id desc LIMIT 0,10   [ RunTime:0.000631s ]
INFO: [ view_parse ] --START--
INFO: [ template_filter ] --START--
INFO: Run Behavior\ContentReplace [ RunTime:0.000182s ]
INFO: [ template_filter ] --END-- [ RunTime:0.000507s ]
NOTIC: [8] Undefined index: username E:\wamp\www\zky\zky\Application\Runtime\Cache\Home\e4387c5e386cd9dbd17b22b1d22fe707.php 第 112 行.
INFO: Run Behavior\ParseTemplate [ RunTime:0.022194s ]
INFO: [ view_parse ] --END-- [ RunTime:0.022524s ]
INFO: [ view_filter ] --START--
INFO: Run Behavior\WriteHtmlCache [ RunTime:0.000808s ]
INFO: [ view_filter ] --END-- [ RunTime:0.001111s ]
INFO: [ app_end ] --START--
INFO: Run Behavior\ShowPageTrace [ RunTime:0.001124s ]
INFO: [ app_end ] --END-- [ RunTime:0.001438s ]

[ 2017-05-08T15:54:34+08:00 ] ::1 /zky/zky/index.php/Home/Regulation/regulation
INFO: [ app_begin ] --START--
INFO: Run Behavior\ReadHtmlCache [ RunTime:0.001122s ]
INFO: [ app_begin ] --END-- [ RunTime:0.001996s ]
NOTIC: [8192] mysql_connect(): The mysql extension is deprecated and will be removed in the future: use mysqli or PDO instead E:\wamp\www\zky\zky\ThinkPHP\Library\Think\Db\Driver\Mysql.class.php 第 52 行.
SQL: SHOW COLUMNS FROM `tp_regulation` [ RunTime:0.001277s ]
SQL: SELECT COUNT(*) AS tp_count FROM `tp_regulation` LIMIT 1   [ RunTime:0.000291s ]
SQL: SELECT * FROM `tp_regulation` ORDER BY id desc LIMIT 0,20   [ RunTime:0.000511s ]
INFO: [ view_parse ] --START--
INFO: [ template_filter ] --START--
INFO: Run Behavior\ContentReplace [ RunTime:0.001012s ]
INFO: [ template_filter ] --END-- [ RunTime:0.001847s ]
NOTIC: [8] Undefined index: username E:\wamp\www\zky\zky\Application\Runtime\Cache\Home\11b09d2d6d83e696111763d4cdee86c9.php 第 118 行.
INFO: Run Behavior\ParseTemplate [ RunTime:0.020977s ]
INFO: [ view_parse ] --END-- [ RunTime:0.021334s ]
INFO: [ view_filter ] --START--
INFO: Run Behavior\WriteHtmlCache [ RunTime:0.000811s ]
INFO: [ view_filter ] --END-- [ RunTime:0.001127s ]
INFO: [ app_end ] --START--
INFO: Run Behavior\ShowPageTrace [ RunTime:0.001117s ]
INFO: [ app_end ] --END-- [ RunTime:0.001429s ]

[ 2017-05-08T15:54:35+08:00 ] ::1 /zky/zky/index.php/Home/Equipment/equipment
INFO: [ app_begin ] --START--
INFO: Run Behavior\ReadHtmlCache [ RunTime:0.001133s ]
INFO: [ app_begin ] --END-- [ RunTime:0.002073s ]
NOTIC: [8192] mysql_connect(): The mysql extension is deprecated and will be removed in the future: use mysqli or PDO instead E:\wamp\www\zky\zky\ThinkPHP\Library\Think\Db\Driver\Mysql.class.php 第 52 行.
SQL: SHOW COLUMNS FROM `tp_equipment` [ RunTime:0.022506s ]
SQL: SELECT COUNT(*) AS tp_count FROM `tp_equipment` LIMIT 1   [ RunTime:0.000374s ]
SQL: SELECT * FROM `tp_equipment` LIMIT 0,9   [ RunTime:0.000629s ]
INFO: [ view_parse ] --START--
INFO: [ template_filter ] --START--
INFO: Run Behavior\ContentReplace [ RunTime:0.000224s ]
INFO: [ template_filter ] --END-- [ RunTime:0.000564s ]
NOTIC: [8] Undefined index: username E:\wamp\www\zky\zky\Application\Runtime\Cache\Home\356e1af77c9db117a44a52331a30d673.php 第 109 行.
INFO: Run Behavior\ParseTemplate [ RunTime:0.105913s ]
INFO: [ view_parse ] --END-- [ RunTime:0.106299s ]
INFO: [ view_filter ] --START--
INFO: Run Behavior\WriteHtmlCache [ RunTime:0.000843s ]
INFO: [ view_filter ] --END-- [ RunTime:0.001158s ]
INFO: [ app_end ] --START--
INFO: Run Behavior\ShowPageTrace [ RunTime:0.001393s ]
INFO: [ app_end ] --END-- [ RunTime:0.001777s ]

[ 2017-05-08T15:54:36+08:00 ] ::1 /zky/zky/index.php/Home/Inform/news
INFO: [ app_begin ] --START--
INFO: Run Behavior\ReadHtmlCache [ RunTime:0.001096s ]
INFO: [ app_begin ] --END-- [ RunTime:0.001938s ]
NOTIC: [8192] mysql_connect(): The mysql extension is deprecated and will be removed in the future: use mysqli or PDO instead E:\wamp\www\zky\zky\ThinkPHP\Library\Think\Db\Driver\Mysql.class.php 第 52 行.
SQL: SHOW COLUMNS FROM `tp_information` [ RunTime:0.001394s ]
SQL: SELECT * FROM `tp_information` ORDER BY id desc  [ RunTime:0.000744s ]
INFO: [ view_parse ] --START--
INFO: [ template_filter ] --START--
INFO: Run Behavior\ContentReplace [ RunTime:0.000195s ]
INFO: [ template_filter ] --END-- [ RunTime:0.000549s ]
NOTIC: [8] Undefined index: username E:\wamp\www\zky\zky\Application\Runtime\Cache\Home\a054483b59c6dad8cd579f620efb59e4.php 第 116 行.
INFO: Run Behavior\ParseTemplate [ RunTime:0.021700s ]
INFO: [ view_parse ] --END-- [ RunTime:0.022035s ]
INFO: [ view_filter ] --START--
INFO: Run Behavior\WriteHtmlCache [ RunTime:0.000804s ]
INFO: [ view_filter ] --END-- [ RunTime:0.001109s ]
INFO: [ app_end ] --START--
INFO: Run Behavior\ShowPageTrace [ RunTime:0.003205s ]
INFO: [ app_end ] --END-- [ RunTime:0.003668s ]

[ 2017-05-08T15:54:37+08:00 ] ::1 /zky/zky/index.php/Home/Equipment/equipment
INFO: [ app_begin ] --START--
INFO: Run Behavior\ReadHtmlCache [ RunTime:0.001108s ]
INFO: [ app_begin ] --END-- [ RunTime:0.001958s ]
NOTIC: [8192] mysql_connect(): The mysql extension is deprecated and will be removed in the future: use mysqli or PDO instead E:\wamp\www\zky\zky\ThinkPHP\Library\Think\Db\Driver\Mysql.class.php 第 52 行.
SQL: SHOW COLUMNS FROM `tp_equipment` [ RunTime:0.001462s ]
SQL: SELECT COUNT(*) AS tp_count FROM `tp_equipment` LIMIT 1   [ RunTime:0.000899s ]
SQL: SELECT * FROM `tp_equipment` LIMIT 0,9   [ RunTime:0.000797s ]
INFO: [ view_parse ] --START--
INFO: [ template_filter ] --START--
INFO: Run Behavior\ContentReplace [ RunTime:0.000396s ]
INFO: [ template_filter ] --END-- [ RunTime:0.000739s ]
NOTIC: [8] Undefined index: username E:\wamp\www\zky\zky\Application\Runtime\Cache\Home\356e1af77c9db117a44a52331a30d673.php 第 109 行.
INFO: Run Behavior\ParseTemplate [ RunTime:0.023753s ]
INFO: [ view_parse ] --END-- [ RunTime:0.024095s ]
INFO: [ view_filter ] --START--
INFO: Run Behavior\WriteHtmlCache [ RunTime:0.000821s ]
INFO: [ view_filter ] --END-- [ RunTime:0.001131s ]
INFO: [ app_end ] --START--
INFO: Run Behavior\ShowPageTrace [ RunTime:0.001390s ]
INFO: [ app_end ] --END-- [ RunTime:0.002026s ]

[ 2017-05-08T15:54:40+08:00 ] ::1 /zky/zky/index.php/Home/Regulation/regulation
INFO: [ app_begin ] --START--
INFO: Run Behavior\ReadHtmlCache [ RunTime:0.001137s ]
INFO: [ app_begin ] --END-- [ RunTime:0.002128s ]
NOTIC: [8192] mysql_connect(): The mysql extension is deprecated and will be removed in the future: use mysqli or PDO instead E:\wamp\www\zky\zky\ThinkPHP\Library\Think\Db\Driver\Mysql.class.php 第 52 行.
SQL: SHOW COLUMNS FROM `tp_regulation` [ RunTime:0.001194s ]
SQL: SELECT COUNT(*) AS tp_count FROM `tp_regulation` LIMIT 1   [ RunTime:0.000334s ]
SQL: SELECT * FROM `tp_regulation` ORDER BY id desc LIMIT 0,20   [ RunTime:0.000701s ]
INFO: [ view_parse ] --START--
INFO: [ template_filter ] --START--
INFO: Run Behavior\ContentReplace [ RunTime:0.000198s ]
INFO: [ template_filter ] --END-- [ RunTime:0.000535s ]
NOTIC: [8] Undefined index: username E:\wamp\www\zky\zky\Application\Runtime\Cache\Home\11b09d2d6d83e696111763d4cdee86c9.php 第 118 行.
INFO: Run Behavior\ParseTemplate [ RunTime:0.020946s ]
INFO: [ view_parse ] --END-- [ RunTime:0.021274s ]
INFO: [ view_filter ] --START--
INFO: Run Behavior\WriteHtmlCache [ RunTime:0.000803s ]
INFO: [ view_filter ] --END-- [ RunTime:0.001115s ]
INFO: [ app_end ] --START--
INFO: Run Behavior\ShowPageTrace [ RunTime:0.001531s ]
INFO: [ app_end ] --END-- [ RunTime:0.001843s ]

[ 2017-05-08T15:54:40+08:00 ] ::1 /zky/zky/index.php/Home/File/document
INFO: [ app_begin ] --START--
INFO: Run Behavior\ReadHtmlCache [ RunTime:0.002297s ]
INFO: [ app_begin ] --END-- [ RunTime:0.003255s ]
NOTIC: [8192] mysql_connect(): The mysql extension is deprecated and will be removed in the future: use mysqli or PDO instead E:\wamp\www\zky\zky\ThinkPHP\Library\Think\Db\Driver\Mysql.class.php 第 52 行.
SQL: SHOW COLUMNS FROM `tp_file` [ RunTime:0.001839s ]
SQL: SELECT COUNT(*) AS tp_count FROM `tp_file` LIMIT 1   [ RunTime:0.000432s ]
SQL: SELECT * FROM `tp_file` ORDER BY id desc LIMIT 0,10   [ RunTime:0.000585s ]
INFO: [ view_parse ] --START--
INFO: [ template_filter ] --START--
INFO: Run Behavior\ContentReplace [ RunTime:0.000188s ]
INFO: [ template_filter ] --END-- [ RunTime:0.000519s ]
NOTIC: [8] Undefined index: username E:\wamp\www\zky\zky\Application\Runtime\Cache\Home\e4387c5e386cd9dbd17b22b1d22fe707.php 第 112 行.
INFO: Run Behavior\ParseTemplate [ RunTime:0.020829s ]
INFO: [ view_parse ] --END-- [ RunTime:0.021154s ]
INFO: [ view_filter ] --START--
INFO: Run Behavior\WriteHtmlCache [ RunTime:0.000810s ]
INFO: [ view_filter ] --END-- [ RunTime:0.001115s ]
INFO: [ app_end ] --START--
INFO: Run Behavior\ShowPageTrace [ RunTime:0.001108s ]
INFO: [ app_end ] --END-- [ RunTime:0.001423s ]

[ 2017-05-08T15:54:41+08:00 ] ::1 /zky/zky/index.php/Home/Message/conmunication
INFO: [ app_begin ] --START--
INFO: Run Behavior\ReadHtmlCache [ RunTime:0.001164s ]
INFO: [ app_begin ] --END-- [ RunTime:0.002163s ]
NOTIC: [8192] mysql_connect(): The mysql extension is deprecated and will be removed in the future: use mysqli or PDO instead E:\wamp\www\zky\zky\ThinkPHP\Library\Think\Db\Driver\Mysql.class.php 第 52 行.
SQL: SHOW COLUMNS FROM `tp_user` [ RunTime:0.000961s ]
NOTIC: [8] Undefined index: id E:\wamp\www\zky\zky\Application\Home\Controller\MessageController.class.php 第 8 行.
SQL: SELECT `say` FROM `tp_user` WHERE ( id =   ) LIMIT 1   [ RunTime:0.000206s ]
ERR: 1064:You have an error in your SQL syntax; check the manual that corresponds to your MySQL server version for the right syntax to use near ') LIMIT 1' at line 1
 [ SQL语句 ] : SELECT `say` FROM `tp_user` WHERE ( id =   ) LIMIT 1  
SQL: SHOW COLUMNS FROM `tp_message` [ RunTime:0.000729s ]
SQL: SELECT COUNT(*) AS tp_count FROM `tp_message` LIMIT 1   [ RunTime:0.000273s ]
SQL: SELECT * FROM `tp_message` ORDER BY id desc LIMIT 0,13   [ RunTime:0.000775s ]
INFO: [ view_parse ] --START--
INFO: [ template_filter ] --START--
INFO: Run Behavior\ContentReplace [ RunTime:0.000223s ]
INFO: [ template_filter ] --END-- [ RunTime:0.000558s ]
NOTIC: [8] Undefined index: username E:\wamp\www\zky\zky\Application\Runtime\Cache\Home\afb02c676964e0f94d9da57105704626.php 第 174 行.
INFO: Run Behavior\ParseTemplate [ RunTime:0.066770s ]
INFO: [ view_parse ] --END-- [ RunTime:0.067103s ]
INFO: [ view_filter ] --START--
INFO: Run Behavior\WriteHtmlCache [ RunTime:0.000847s ]
INFO: [ view_filter ] --END-- [ RunTime:0.001157s ]
INFO: [ app_end ] --START--
INFO: Run Behavior\ShowPageTrace [ RunTime:0.001254s ]
INFO: [ app_end ] --END-- [ RunTime:0.001637s ]

[ 2017-05-08T15:54:42+08:00 ] ::1 /zky/zky/index.php/Home/Public/code
INFO: [ app_begin ] --START--
INFO: Run Behavior\ReadHtmlCache [ RunTime:0.001150s ]
INFO: [ app_begin ] --END-- [ RunTime:0.002061s ]
INFO: [ app_end ] --START--
INFO: Run Behavior\ShowPageTrace [ RunTime:0.001357s ]
INFO: [ app_end ] --END-- [ RunTime:0.001774s ]

[ 2017-05-08T15:54:47+08:00 ] ::1 /zky/zky/index.php/Home/Message/do_see/id/16
INFO: [ app_begin ] --START--
INFO: Run Behavior\ReadHtmlCache [ RunTime:0.001106s ]
INFO: [ app_begin ] --END-- [ RunTime:0.001959s ]
NOTIC: [8192] mysql_connect(): The mysql extension is deprecated and will be removed in the future: use mysqli or PDO instead E:\wamp\www\zky\zky\ThinkPHP\Library\Think\Db\Driver\Mysql.class.php 第 52 行.
SQL: SHOW COLUMNS FROM `tp_user` [ RunTime:0.001119s ]
NOTIC: [8] Undefined index: id E:\wamp\www\zky\zky\Application\Home\Controller\MessageController.class.php 第 8 行.
SQL: SELECT `say` FROM `tp_user` WHERE ( id =   ) LIMIT 1   [ RunTime:0.000664s ]
ERR: 1064:You have an error in your SQL syntax; check the manual that corresponds to your MySQL server version for the right syntax to use near ') LIMIT 1' at line 1
 [ SQL语句 ] : SELECT `say` FROM `tp_user` WHERE ( id =   ) LIMIT 1  
SQL: SHOW COLUMNS FROM `tp_answer` [ RunTime:0.001011s ]
SQL: SELECT COUNT(*) AS tp_count FROM `tp_answer` WHERE ( messageid = 16 ) LIMIT 1   [ RunTime:0.000426s ]
SQL: SHOW COLUMNS FROM `tp_message` [ RunTime:0.002890s ]
SQL: SELECT * FROM `tp_message` WHERE ( id = 16 ) LIMIT 1   [ RunTime:0.000588s ]
SQL: SHOW COLUMNS FROM `tp_user` [ RunTime:0.000970s ]
SQL: SELECT * FROM `tp_user` WHERE ( 1=1 AND id='11' ) LIMIT 1   [ RunTime:0.000534s ]
SQL: SELECT * FROM `tp_answer` WHERE ( messageid = 16 ) LIMIT 0,5   [ RunTime:0.000498s ]
INFO: [ view_parse ] --START--
INFO: [ template_filter ] --START--
INFO: Run Behavior\ContentReplace [ RunTime:0.000199s ]
INFO: [ template_filter ] --END-- [ RunTime:0.000543s ]
NOTIC: [8] Undefined index: username E:\wamp\www\zky\zky\Application\Runtime\Cache\Home\8561571c38b6553797a356bf1bd0b4b4.php 第 115 行.
INFO: Run Behavior\ParseTemplate [ RunTime:0.025064s ]
INFO: [ view_parse ] --END-- [ RunTime:0.025395s ]
INFO: [ view_filter ] --START--
INFO: Run Behavior\WriteHtmlCache [ RunTime:0.000796s ]
INFO: [ view_filter ] --END-- [ RunTime:0.001099s ]
INFO: [ app_end ] --START--
INFO: Run Behavior\ShowPageTrace [ RunTime:0.001087s ]
INFO: [ app_end ] --END-- [ RunTime:0.001403s ]

[ 2017-05-08T15:54:49+08:00 ] ::1 /zky/zky/index.php/Home/Message/conmunication
INFO: [ app_begin ] --START--
INFO: Run Behavior\ReadHtmlCache [ RunTime:0.001110s ]
INFO: [ app_begin ] --END-- [ RunTime:0.001991s ]
NOTIC: [8192] mysql_connect(): The mysql extension is deprecated and will be removed in the future: use mysqli or PDO instead E:\wamp\www\zky\zky\ThinkPHP\Library\Think\Db\Driver\Mysql.class.php 第 52 行.
SQL: SHOW COLUMNS FROM `tp_user` [ RunTime:0.001104s ]
NOTIC: [8] Undefined index: id E:\wamp\www\zky\zky\Application\Home\Controller\MessageController.class.php 第 8 行.
SQL: SELECT `say` FROM `tp_user` WHERE ( id =   ) LIMIT 1   [ RunTime:0.000275s ]
ERR: 1064:You have an error in your SQL syntax; check the manual that corresponds to your MySQL server version for the right syntax to use near ') LIMIT 1' at line 1
 [ SQL语句 ] : SELECT `say` FROM `tp_user` WHERE ( id =   ) LIMIT 1  
SQL: SHOW COLUMNS FROM `tp_message` [ RunTime:0.001019s ]
SQL: SELECT COUNT(*) AS tp_count FROM `tp_message` LIMIT 1   [ RunTime:0.002120s ]
SQL: SELECT * FROM `tp_message` ORDER BY id desc LIMIT 0,13   [ RunTime:0.000793s ]
INFO: [ view_parse ] --START--
INFO: [ template_filter ] --START--
INFO: Run Behavior\ContentReplace [ RunTime:0.000221s ]
INFO: [ template_filter ] --END-- [ RunTime:0.000554s ]
NOTIC: [8] Undefined index: username E:\wamp\www\zky\zky\Application\Runtime\Cache\Home\afb02c676964e0f94d9da57105704626.php 第 174 行.
INFO: Run Behavior\ParseTemplate [ RunTime:0.064399s ]
INFO: [ view_parse ] --END-- [ RunTime:0.064746s ]
INFO: [ view_filter ] --START--
INFO: Run Behavior\WriteHtmlCache [ RunTime:0.001431s ]
INFO: [ view_filter ] --END-- [ RunTime:0.001777s ]
INFO: [ app_end ] --START--
INFO: Run Behavior\ShowPageTrace [ RunTime:0.001503s ]
INFO: [ app_end ] --END-- [ RunTime:0.001880s ]

[ 2017-05-08T15:54:49+08:00 ] ::1 /zky/zky/index.php/Home/Public/code
INFO: [ app_begin ] --START--
INFO: Run Behavior\ReadHtmlCache [ RunTime:0.001129s ]
INFO: [ app_begin ] --END-- [ RunTime:0.002026s ]
INFO: [ app_end ] --START--
INFO: Run Behavior\ShowPageTrace [ RunTime:0.001291s ]
INFO: [ app_end ] --END-- [ RunTime:0.001642s ]

