[ 2017-03-20T15:32:32+08:00 ] 220.249.99.139 /zky/index.php/Home/Index/main.html
INFO: [ app_begin ] --START--
INFO: Run Behavior\ReadHtmlCache [ RunTime:0.036591s ]
INFO: [ app_begin ] --END-- [ RunTime:0.046538s ]
SQL: SHOW COLUMNS FROM `tp_maincontent` [ RunTime:0.060548s ]
SQL: SELECT `content` FROM `tp_maincontent` WHERE ( id=1 ) LIMIT 1   [ RunTime:0.018467s ]
SQL: SHOW COLUMNS FROM `tp_link` [ RunTime:0.170840s ]
SQL: SELECT * FROM `tp_link` WHERE ( class = 0 )  [ RunTime:0.000496s ]
SQL: SELECT * FROM `tp_link` WHERE ( class = 1 )  [ RunTime:0.000293s ]
SQL: SELECT * FROM `tp_link` WHERE ( class = 2 )  [ RunTime:0.000299s ]
SQL: SELECT * FROM `tp_link` WHERE ( class = 3 )  [ RunTime:0.000306s ]
SQL: SHOW COLUMNS FROM `tp_information` [ RunTime:0.052593s ]
SQL: SELECT * FROM `tp_information` ORDER BY id desc  [ RunTime:0.038711s ]
SQL: SHOW COLUMNS FROM `tp_file` [ RunTime:0.058357s ]
SQL: SELECT * FROM `tp_file` ORDER BY id desc  [ RunTime:0.007927s ]
INFO: [ view_parse ] --START--
INFO: [ template_filter ] --START--
INFO: Run Behavior\ContentReplace [ RunTime:0.000283s ]
INFO: [ template_filter ] --END-- [ RunTime:0.000668s ]
NOTIC: [8] Undefined index: username C:\wamp\www\zky\Application\Runtime\Cache\Home\4462707c48390994935bf3e366c221aa.php 第 188 行.
INFO: Run Behavior\ParseTemplate [ RunTime:0.101428s ]
INFO: [ view_parse ] --END-- [ RunTime:0.101834s ]
INFO: [ view_filter ] --START--
INFO: Run Behavior\WriteHtmlCache [ RunTime:0.040550s ]
INFO: [ view_filter ] --END-- [ RunTime:0.040947s ]
INFO: [ app_end ] --START--
INFO: Run Behavior\ShowPageTrace [ RunTime:0.033757s ]
INFO: [ app_end ] --END-- [ RunTime:0.034161s ]

[ 2017-03-20T15:32:33+08:00 ] 220.249.99.139 /zky/index.php/Home/Public/code
INFO: [ app_begin ] --START--
INFO: Run Behavior\ReadHtmlCache [ RunTime:0.001100s ]
INFO: [ app_begin ] --END-- [ RunTime:0.002009s ]
INFO: [ app_end ] --START--
INFO: Run Behavior\ShowPageTrace [ RunTime:0.001383s ]
INFO: [ app_end ] --END-- [ RunTime:0.001807s ]

[ 2017-03-20T15:32:39+08:00 ] 220.249.99.139 /zky/index.php/Home/Equipment/equipment
INFO: [ app_begin ] --START--
INFO: Run Behavior\ReadHtmlCache [ RunTime:0.001147s ]
INFO: [ app_begin ] --END-- [ RunTime:0.002249s ]
SQL: SHOW COLUMNS FROM `tp_equipment` [ RunTime:0.026098s ]
SQL: SELECT COUNT(*) AS tp_count FROM `tp_equipment` LIMIT 1   [ RunTime:0.014461s ]
SQL: SELECT * FROM `tp_equipment` LIMIT 0,9   [ RunTime:0.060334s ]
INFO: [ view_parse ] --START--
INFO: [ template_filter ] --START--
INFO: Run Behavior\ContentReplace [ RunTime:0.000269s ]
INFO: [ template_filter ] --END-- [ RunTime:0.000701s ]
NOTIC: [8] Undefined index: username C:\wamp\www\zky\Application\Runtime\Cache\Home\356e1af77c9db117a44a52331a30d673.php 第 109 行.
INFO: Run Behavior\ParseTemplate [ RunTime:0.061169s ]
INFO: [ view_parse ] --END-- [ RunTime:0.061540s ]
INFO: [ view_filter ] --START--
INFO: Run Behavior\WriteHtmlCache [ RunTime:0.000852s ]
INFO: [ view_filter ] --END-- [ RunTime:0.001194s ]
INFO: [ app_end ] --START--
INFO: Run Behavior\ShowPageTrace [ RunTime:0.001060s ]
INFO: [ app_end ] --END-- [ RunTime:0.001411s ]

[ 2017-03-20T15:32:41+08:00 ] 101.226.66.180 /zky/index.php/Home/Index/main.html
INFO: [ app_begin ] --START--
INFO: Run Behavior\ReadHtmlCache [ RunTime:0.001183s ]
INFO: [ app_begin ] --END-- [ RunTime:0.002049s ]
SQL: SHOW COLUMNS FROM `tp_maincontent` [ RunTime:0.002848s ]
SQL: SELECT `content` FROM `tp_maincontent` WHERE ( id=1 ) LIMIT 1   [ RunTime:0.000338s ]
SQL: SHOW COLUMNS FROM `tp_link` [ RunTime:0.001960s ]
SQL: SELECT * FROM `tp_link` WHERE ( class = 0 )  [ RunTime:0.000303s ]
SQL: SELECT * FROM `tp_link` WHERE ( class = 1 )  [ RunTime:0.000288s ]
SQL: SELECT * FROM `tp_link` WHERE ( class = 2 )  [ RunTime:0.000292s ]
SQL: SELECT * FROM `tp_link` WHERE ( class = 3 )  [ RunTime:0.000290s ]
SQL: SHOW COLUMNS FROM `tp_information` [ RunTime:0.002578s ]
SQL: SELECT * FROM `tp_information` ORDER BY id desc  [ RunTime:0.000381s ]
SQL: SHOW COLUMNS FROM `tp_file` [ RunTime:0.002030s ]
SQL: SELECT * FROM `tp_file` ORDER BY id desc  [ RunTime:0.000337s ]
INFO: [ view_parse ] --START--
INFO: [ template_filter ] --START--
INFO: Run Behavior\ContentReplace [ RunTime:0.000280s ]
INFO: [ template_filter ] --END-- [ RunTime:0.000678s ]
NOTIC: [8] Undefined index: username C:\wamp\www\zky\Application\Runtime\Cache\Home\4462707c48390994935bf3e366c221aa.php 第 188 行.
INFO: Run Behavior\ParseTemplate [ RunTime:0.038881s ]
INFO: [ view_parse ] --END-- [ RunTime:0.039321s ]
INFO: [ view_filter ] --START--
INFO: Run Behavior\WriteHtmlCache [ RunTime:0.000761s ]
INFO: [ view_filter ] --END-- [ RunTime:0.001197s ]
INFO: [ app_end ] --START--
INFO: Run Behavior\ShowPageTrace [ RunTime:0.001000s ]
INFO: [ app_end ] --END-- [ RunTime:0.001347s ]

[ 2017-03-20T15:33:46+08:00 ] 220.181.132.218 /zky/index.php/Home/Index/main.html
INFO: [ app_begin ] --START--
INFO: Run Behavior\ReadHtmlCache [ RunTime:0.000893s ]
INFO: [ app_begin ] --END-- [ RunTime:0.001978s ]
SQL: SHOW COLUMNS FROM `tp_maincontent` [ RunTime:0.002862s ]
SQL: SELECT `content` FROM `tp_maincontent` WHERE ( id=1 ) LIMIT 1   [ RunTime:0.000344s ]
SQL: SHOW COLUMNS FROM `tp_link` [ RunTime:0.002382s ]
SQL: SELECT * FROM `tp_link` WHERE ( class = 0 )  [ RunTime:0.000386s ]
SQL: SELECT * FROM `tp_link` WHERE ( class = 1 )  [ RunTime:0.000303s ]
SQL: SELECT * FROM `tp_link` WHERE ( class = 2 )  [ RunTime:0.000341s ]
SQL: SELECT * FROM `tp_link` WHERE ( class = 3 )  [ RunTime:0.000299s ]
SQL: SHOW COLUMNS FROM `tp_information` [ RunTime:0.002621s ]
SQL: SELECT * FROM `tp_information` ORDER BY id desc  [ RunTime:0.000376s ]
SQL: SHOW COLUMNS FROM `tp_file` [ RunTime:0.002067s ]
SQL: SELECT * FROM `tp_file` ORDER BY id desc  [ RunTime:0.000294s ]
INFO: [ view_parse ] --START--
INFO: [ template_filter ] --START--
INFO: Run Behavior\ContentReplace [ RunTime:0.000302s ]
INFO: [ template_filter ] --END-- [ RunTime:0.000689s ]
NOTIC: [8] Undefined index: username C:\wamp\www\zky\Application\Runtime\Cache\Home\4462707c48390994935bf3e366c221aa.php 第 188 行.
INFO: Run Behavior\ParseTemplate [ RunTime:0.035407s ]
INFO: [ view_parse ] --END-- [ RunTime:0.035764s ]
INFO: [ view_filter ] --START--
INFO: Run Behavior\WriteHtmlCache [ RunTime:0.000523s ]
INFO: [ view_filter ] --END-- [ RunTime:0.000864s ]
INFO: [ app_end ] --START--
INFO: Run Behavior\ShowPageTrace [ RunTime:0.000827s ]
INFO: [ app_end ] --END-- [ RunTime:0.001233s ]

[ 2017-03-20T15:33:55+08:00 ] 101.199.108.54 /zky/index.php/Home/Index/main.html
INFO: [ app_begin ] --START--
INFO: Run Behavior\ReadHtmlCache [ RunTime:0.000878s ]
INFO: [ app_begin ] --END-- [ RunTime:0.001626s ]
SQL: SHOW COLUMNS FROM `tp_maincontent` [ RunTime:0.003104s ]
SQL: SELECT `content` FROM `tp_maincontent` WHERE ( id=1 ) LIMIT 1   [ RunTime:0.000384s ]
SQL: SHOW COLUMNS FROM `tp_link` [ RunTime:0.001981s ]
SQL: SELECT * FROM `tp_link` WHERE ( class = 0 )  [ RunTime:0.000316s ]
SQL: SELECT * FROM `tp_link` WHERE ( class = 1 )  [ RunTime:0.000285s ]
SQL: SELECT * FROM `tp_link` WHERE ( class = 2 )  [ RunTime:0.000297s ]
SQL: SELECT * FROM `tp_link` WHERE ( class = 3 )  [ RunTime:0.000288s ]
SQL: SHOW COLUMNS FROM `tp_information` [ RunTime:0.002046s ]
SQL: SELECT * FROM `tp_information` ORDER BY id desc  [ RunTime:0.000359s ]
SQL: SHOW COLUMNS FROM `tp_file` [ RunTime:0.001938s ]
SQL: SELECT * FROM `tp_file` ORDER BY id desc  [ RunTime:0.000296s ]
INFO: [ view_parse ] --START--
INFO: [ template_filter ] --START--
INFO: Run Behavior\ContentReplace [ RunTime:0.000295s ]
INFO: [ template_filter ] --END-- [ RunTime:0.000702s ]
NOTIC: [8] Undefined index: username C:\wamp\www\zky\Application\Runtime\Cache\Home\4462707c48390994935bf3e366c221aa.php 第 188 行.
INFO: Run Behavior\ParseTemplate [ RunTime:0.036292s ]
INFO: [ view_parse ] --END-- [ RunTime:0.036708s ]
INFO: [ view_filter ] --START--
INFO: Run Behavior\WriteHtmlCache [ RunTime:0.000586s ]
INFO: [ view_filter ] --END-- [ RunTime:0.000925s ]
INFO: [ app_end ] --START--
INFO: Run Behavior\ShowPageTrace [ RunTime:0.000754s ]
INFO: [ app_end ] --END-- [ RunTime:0.001105s ]

[ 2017-03-20T15:34:06+08:00 ] 220.181.132.218 /zky/index.php/Home/Equipment/equipment
INFO: [ app_begin ] --START--
INFO: Run Behavior\ReadHtmlCache [ RunTime:0.000935s ]
INFO: [ app_begin ] --END-- [ RunTime:0.001767s ]
SQL: SHOW COLUMNS FROM `tp_equipment` [ RunTime:0.004897s ]
SQL: SELECT COUNT(*) AS tp_count FROM `tp_equipment` LIMIT 1   [ RunTime:0.000282s ]
SQL: SELECT * FROM `tp_equipment` LIMIT 0,9   [ RunTime:0.000418s ]
INFO: [ view_parse ] --START--
INFO: [ template_filter ] --START--
INFO: Run Behavior\ContentReplace [ RunTime:0.000240s ]
INFO: [ template_filter ] --END-- [ RunTime:0.000626s ]
NOTIC: [8] Undefined index: username C:\wamp\www\zky\Application\Runtime\Cache\Home\356e1af77c9db117a44a52331a30d673.php 第 109 行.
INFO: Run Behavior\ParseTemplate [ RunTime:0.019998s ]
INFO: [ view_parse ] --END-- [ RunTime:0.020362s ]
INFO: [ view_filter ] --START--
INFO: Run Behavior\WriteHtmlCache [ RunTime:0.000523s ]
INFO: [ view_filter ] --END-- [ RunTime:0.000868s ]
INFO: [ app_end ] --START--
INFO: Run Behavior\ShowPageTrace [ RunTime:0.000902s ]
INFO: [ app_end ] --END-- [ RunTime:0.001327s ]

[ 2017-03-20T15:34:57+08:00 ] 171.13.14.131 /zky/index.php/Home/Equipment/equipment
INFO: [ app_begin ] --START--
INFO: Run Behavior\ReadHtmlCache [ RunTime:0.001447s ]
INFO: [ app_begin ] --END-- [ RunTime:0.002492s ]
SQL: SHOW COLUMNS FROM `tp_equipment` [ RunTime:0.003163s ]
SQL: SELECT COUNT(*) AS tp_count FROM `tp_equipment` LIMIT 1   [ RunTime:0.000271s ]
SQL: SELECT * FROM `tp_equipment` LIMIT 0,9   [ RunTime:0.000424s ]
INFO: [ view_parse ] --START--
INFO: [ template_filter ] --START--
INFO: Run Behavior\ContentReplace [ RunTime:0.000237s ]
INFO: [ template_filter ] --END-- [ RunTime:0.000618s ]
NOTIC: [8] Undefined index: username C:\wamp\www\zky\Application\Runtime\Cache\Home\356e1af77c9db117a44a52331a30d673.php 第 109 行.
INFO: Run Behavior\ParseTemplate [ RunTime:0.022834s ]
INFO: [ view_parse ] --END-- [ RunTime:0.023435s ]
INFO: [ view_filter ] --START--
INFO: Run Behavior\WriteHtmlCache [ RunTime:0.000894s ]
INFO: [ view_filter ] --END-- [ RunTime:0.001249s ]
INFO: [ app_end ] --START--
INFO: Run Behavior\ShowPageTrace [ RunTime:0.001268s ]
INFO: [ app_end ] --END-- [ RunTime:0.001753s ]

[ 2017-03-20T15:35:10+08:00 ] 220.249.99.139 /zky/index.php/Home/Equipment/showitems/id/1
INFO: [ app_begin ] --START--
INFO: Run Behavior\ReadHtmlCache [ RunTime:0.000806s ]
INFO: [ app_begin ] --END-- [ RunTime:0.001721s ]
SQL: SHOW COLUMNS FROM `tp_equipment` [ RunTime:0.002472s ]
SQL: SELECT * FROM `tp_equipment` WHERE ( id = 1 ) LIMIT 1   [ RunTime:0.000423s ]
SQL: SHOW COLUMNS FROM `tp_equipmentmanage` [ RunTime:0.017501s ]
SQL: SELECT * FROM `tp_equipmentmanage` WHERE ( 1=1 AND equipmentid='1' )  [ RunTime:0.011166s ]
INFO: [ view_parse ] --START--
INFO: [ template_filter ] --START--
INFO: Run Behavior\ContentReplace [ RunTime:0.000253s ]
INFO: [ template_filter ] --END-- [ RunTime:0.000633s ]
NOTIC: [8] Undefined index: username C:\wamp\www\zky\Application\Runtime\Cache\Home\7713a7762d994f49641d5c49c5911e5d.php 第 113 行.
INFO: Run Behavior\ParseTemplate [ RunTime:0.053616s ]
INFO: [ view_parse ] --END-- [ RunTime:0.053990s ]
INFO: [ view_filter ] --START--
INFO: Run Behavior\WriteHtmlCache [ RunTime:0.000519s ]
INFO: [ view_filter ] --END-- [ RunTime:0.000854s ]
INFO: [ app_end ] --START--
INFO: Run Behavior\ShowPageTrace [ RunTime:0.000772s ]
INFO: [ app_end ] --END-- [ RunTime:0.001114s ]

[ 2017-03-20T15:37:14+08:00 ] 220.181.132.218 /zky/index.php/Home/Equipment/showitems/id/1
INFO: [ app_begin ] --START--
INFO: Run Behavior\ReadHtmlCache [ RunTime:0.000925s ]
INFO: [ app_begin ] --END-- [ RunTime:0.001796s ]
SQL: SHOW COLUMNS FROM `tp_equipment` [ RunTime:0.019527s ]
SQL: SELECT * FROM `tp_equipment` WHERE ( id = 1 ) LIMIT 1   [ RunTime:0.000627s ]
SQL: SHOW COLUMNS FROM `tp_equipmentmanage` [ RunTime:0.001906s ]
SQL: SELECT * FROM `tp_equipmentmanage` WHERE ( 1=1 AND equipmentid='1' )  [ RunTime:0.000350s ]
INFO: [ view_parse ] --START--
INFO: [ template_filter ] --START--
INFO: Run Behavior\ContentReplace [ RunTime:0.000251s ]
INFO: [ template_filter ] --END-- [ RunTime:0.000654s ]
NOTIC: [8] Undefined index: username C:\wamp\www\zky\Application\Runtime\Cache\Home\7713a7762d994f49641d5c49c5911e5d.php 第 113 行.
INFO: Run Behavior\ParseTemplate [ RunTime:0.022423s ]
INFO: [ view_parse ] --END-- [ RunTime:0.022813s ]
INFO: [ view_filter ] --START--
INFO: Run Behavior\WriteHtmlCache [ RunTime:0.000531s ]
INFO: [ view_filter ] --END-- [ RunTime:0.000903s ]
INFO: [ app_end ] --START--
INFO: Run Behavior\ShowPageTrace [ RunTime:0.000972s ]
INFO: [ app_end ] --END-- [ RunTime:0.001347s ]

[ 2017-03-20T15:37:33+08:00 ] 220.181.132.198 /zky/index.php/Home/Equipment/showitems/id/1
INFO: [ app_begin ] --START--
INFO: Run Behavior\ReadHtmlCache [ RunTime:0.000770s ]
INFO: [ app_begin ] --END-- [ RunTime:0.001496s ]
SQL: SHOW COLUMNS FROM `tp_equipment` [ RunTime:0.003306s ]
SQL: SELECT * FROM `tp_equipment` WHERE ( id = 1 ) LIMIT 1   [ RunTime:0.000494s ]
SQL: SHOW COLUMNS FROM `tp_equipmentmanage` [ RunTime:0.002120s ]
SQL: SELECT * FROM `tp_equipmentmanage` WHERE ( 1=1 AND equipmentid='1' )  [ RunTime:0.000444s ]
INFO: [ view_parse ] --START--
INFO: [ template_filter ] --START--
INFO: Run Behavior\ContentReplace [ RunTime:0.000257s ]
INFO: [ template_filter ] --END-- [ RunTime:0.000643s ]
NOTIC: [8] Undefined index: username C:\wamp\www\zky\Application\Runtime\Cache\Home\7713a7762d994f49641d5c49c5911e5d.php 第 113 行.
INFO: Run Behavior\ParseTemplate [ RunTime:0.022094s ]
INFO: [ view_parse ] --END-- [ RunTime:0.022448s ]
INFO: [ view_filter ] --START--
INFO: Run Behavior\WriteHtmlCache [ RunTime:0.000432s ]
INFO: [ view_filter ] --END-- [ RunTime:0.000773s ]
INFO: [ app_end ] --START--
INFO: Run Behavior\ShowPageTrace [ RunTime:0.000831s ]
INFO: [ app_end ] --END-- [ RunTime:0.001179s ]

[ 2017-03-20T15:49:31+08:00 ] 220.249.99.139 /zky/index.php/Home/Login/do_login
INFO: [ app_begin ] --START--
INFO: Run Behavior\ReadHtmlCache [ RunTime:0.001036s ]
INFO: [ app_begin ] --END-- [ RunTime:0.001855s ]
SQL: SHOW COLUMNS FROM `tp_user` [ RunTime:0.086173s ]
SQL: SELECT * FROM `tp_user` WHERE ( username=17764071983 ) LIMIT 1   [ RunTime:0.019836s ]
SQL: SELECT `password` FROM `tp_user` WHERE ( username = 17764071983 ) LIMIT 1   [ RunTime:0.000450s ]
SQL: SELECT `name` FROM `tp_user` WHERE ( username = 17764071983 ) LIMIT 1   [ RunTime:0.000303s ]
SQL: SELECT `id` FROM `tp_user` WHERE ( username = 17764071983 ) LIMIT 1   [ RunTime:0.000306s ]
SQL: SELECT `say` FROM `tp_user` WHERE ( username = 17764071983 ) LIMIT 1   [ RunTime:0.000289s ]

[ 2017-03-20T15:49:33+08:00 ] 220.249.99.139 /zky/index.php/Home/Index/main
INFO: [ app_begin ] --START--
INFO: Run Behavior\ReadHtmlCache [ RunTime:0.001125s ]
INFO: [ app_begin ] --END-- [ RunTime:0.002043s ]
SQL: SHOW COLUMNS FROM `tp_maincontent` [ RunTime:0.002931s ]
SQL: SELECT `content` FROM `tp_maincontent` WHERE ( id=1 ) LIMIT 1   [ RunTime:0.000357s ]
SQL: SHOW COLUMNS FROM `tp_link` [ RunTime:0.002031s ]
SQL: SELECT * FROM `tp_link` WHERE ( class = 0 )  [ RunTime:0.000320s ]
SQL: SELECT * FROM `tp_link` WHERE ( class = 1 )  [ RunTime:0.000288s ]
SQL: SELECT * FROM `tp_link` WHERE ( class = 2 )  [ RunTime:0.000300s ]
SQL: SELECT * FROM `tp_link` WHERE ( class = 3 )  [ RunTime:0.000369s ]
SQL: SHOW COLUMNS FROM `tp_information` [ RunTime:0.002248s ]
SQL: SELECT * FROM `tp_information` ORDER BY id desc  [ RunTime:0.000385s ]
SQL: SHOW COLUMNS FROM `tp_file` [ RunTime:0.002133s ]
SQL: SELECT * FROM `tp_file` ORDER BY id desc  [ RunTime:0.000307s ]
INFO: [ view_parse ] --START--
INFO: [ template_filter ] --START--
INFO: Run Behavior\ContentReplace [ RunTime:0.000290s ]
INFO: [ template_filter ] --END-- [ RunTime:0.000677s ]
INFO: Run Behavior\ParseTemplate [ RunTime:0.037675s ]
INFO: [ view_parse ] --END-- [ RunTime:0.038068s ]
INFO: [ view_filter ] --START--
INFO: Run Behavior\WriteHtmlCache [ RunTime:0.000732s ]
INFO: [ view_filter ] --END-- [ RunTime:0.001100s ]
INFO: [ app_end ] --START--
INFO: Run Behavior\ShowPageTrace [ RunTime:0.001135s ]
INFO: [ app_end ] --END-- [ RunTime:0.001490s ]

[ 2017-03-20T15:49:33+08:00 ] 220.249.99.139 /zky/index.php/Home/Public/code
INFO: [ app_begin ] --START--
INFO: Run Behavior\ReadHtmlCache [ RunTime:0.001065s ]
INFO: [ app_begin ] --END-- [ RunTime:0.001984s ]
INFO: [ app_end ] --START--
INFO: Run Behavior\ShowPageTrace [ RunTime:0.001695s ]
INFO: [ app_end ] --END-- [ RunTime:0.002170s ]

[ 2017-03-20T15:49:43+08:00 ] 220.249.99.139 /zky/index.php/Home/Inform/showitems/id/72
INFO: [ app_begin ] --START--
INFO: Run Behavior\ReadHtmlCache [ RunTime:0.000995s ]
INFO: [ app_begin ] --END-- [ RunTime:0.001809s ]
SQL: SHOW COLUMNS FROM `tp_information` [ RunTime:0.002903s ]
SQL: SELECT * FROM `tp_information` WHERE ( id = 72 ) ORDER BY id desc LIMIT 1   [ RunTime:0.000383s ]
INFO: [ view_parse ] --START--
INFO: [ template_filter ] --START--
INFO: Run Behavior\ContentReplace [ RunTime:0.000278s ]
INFO: [ template_filter ] --END-- [ RunTime:0.000667s ]
INFO: Run Behavior\ParseTemplate [ RunTime:0.097734s ]
INFO: [ view_parse ] --END-- [ RunTime:0.098144s ]
INFO: [ view_filter ] --START--
INFO: Run Behavior\WriteHtmlCache [ RunTime:0.000570s ]
INFO: [ view_filter ] --END-- [ RunTime:0.000915s ]
INFO: [ app_end ] --START--
INFO: Run Behavior\ShowPageTrace [ RunTime:0.000985s ]
INFO: [ app_end ] --END-- [ RunTime:0.001360s ]

[ 2017-03-20T15:50:05+08:00 ] 220.249.99.139 /zky/index.php/Admin/Login/do_login
INFO: [ app_begin ] --START--
INFO: Run Behavior\ReadHtmlCache [ RunTime:0.001042s ]
INFO: [ app_begin ] --END-- [ RunTime:0.001974s ]
SQL: SHOW COLUMNS FROM `tp_user` [ RunTime:0.003193s ]
SQL: SELECT COUNT(*) AS tp_count FROM `tp_user` WHERE ( username = 17764071983 ) LIMIT 1   [ RunTime:0.000381s ]
SQL: SELECT `isTeacher` FROM `tp_user` WHERE ( username = 17764071983 ) LIMIT 1   [ RunTime:0.000303s ]
SQL: SELECT `password` FROM `tp_user` WHERE ( username = 17764071983 ) LIMIT 1   [ RunTime:0.000287s ]
SQL: SELECT `name` FROM `tp_user` WHERE ( username = 17764071983 ) LIMIT 1   [ RunTime:0.000286s ]
SQL: SELECT `id` FROM `tp_user` WHERE ( username = 17764071983 ) LIMIT 1   [ RunTime:0.000285s ]
SQL: SELECT `username` FROM `tp_user` WHERE ( username = 17764071983 ) LIMIT 1   [ RunTime:0.000284s ]

[ 2017-03-20T15:50:05+08:00 ] 220.249.99.139 /zky/index.php/Admin/Index/admin
INFO: [ app_begin ] --START--
INFO: Run Behavior\ReadHtmlCache [ RunTime:0.001034s ]
INFO: [ app_begin ] --END-- [ RunTime:0.001836s ]
INFO: [ view_parse ] --START--
INFO: [ template_filter ] --START--
INFO: Run Behavior\ContentReplace [ RunTime:0.000239s ]
INFO: [ template_filter ] --END-- [ RunTime:0.000709s ]
INFO: Run Behavior\ParseTemplate [ RunTime:0.065351s ]
INFO: [ view_parse ] --END-- [ RunTime:0.065812s ]
INFO: [ view_filter ] --START--
INFO: Run Behavior\WriteHtmlCache [ RunTime:0.000788s ]
INFO: [ view_filter ] --END-- [ RunTime:0.001128s ]
INFO: [ app_end ] --START--
INFO: Run Behavior\ShowPageTrace [ RunTime:0.001167s ]
INFO: [ app_end ] --END-- [ RunTime:0.001557s ]

[ 2017-03-20T15:51:04+08:00 ] 220.181.132.218 /zky/index.php/Home/Inform/showitems/id/72
INFO: [ app_begin ] --START--
INFO: Run Behavior\ReadHtmlCache [ RunTime:0.001196s ]
INFO: [ app_begin ] --END-- [ RunTime:0.002259s ]
SQL: SHOW COLUMNS FROM `tp_information` [ RunTime:0.003372s ]
SQL: SELECT * FROM `tp_information` WHERE ( id = 72 ) ORDER BY id desc LIMIT 1   [ RunTime:0.000398s ]
INFO: [ view_parse ] --START--
INFO: [ template_filter ] --START--
INFO: Run Behavior\ContentReplace [ RunTime:0.000205s ]
INFO: [ template_filter ] --END-- [ RunTime:0.000598s ]
NOTIC: [8] Undefined index: username C:\wamp\www\zky\Application\Runtime\Cache\Home\5151452449fe54a7e1143da4c8cdc00c.php 第 116 行.
INFO: Run Behavior\ParseTemplate [ RunTime:0.014818s ]
INFO: [ view_parse ] --END-- [ RunTime:0.015218s ]
INFO: [ view_filter ] --START--
INFO: Run Behavior\WriteHtmlCache [ RunTime:0.000726s ]
INFO: [ view_filter ] --END-- [ RunTime:0.001063s ]
INFO: [ app_end ] --START--
INFO: Run Behavior\ShowPageTrace [ RunTime:0.001051s ]
INFO: [ app_end ] --END-- [ RunTime:0.001406s ]

[ 2017-03-20T15:51:13+08:00 ] 220.181.132.218 /zky/index.php/Home/Index/main
INFO: [ app_begin ] --START--
INFO: Run Behavior\ReadHtmlCache [ RunTime:0.001080s ]
INFO: [ app_begin ] --END-- [ RunTime:0.001952s ]
SQL: SHOW COLUMNS FROM `tp_maincontent` [ RunTime:0.003808s ]
SQL: SELECT `content` FROM `tp_maincontent` WHERE ( id=1 ) LIMIT 1   [ RunTime:0.000391s ]
SQL: SHOW COLUMNS FROM `tp_link` [ RunTime:0.001963s ]
SQL: SELECT * FROM `tp_link` WHERE ( class = 0 )  [ RunTime:0.000309s ]
SQL: SELECT * FROM `tp_link` WHERE ( class = 1 )  [ RunTime:0.000290s ]
SQL: SELECT * FROM `tp_link` WHERE ( class = 2 )  [ RunTime:0.000298s ]
SQL: SELECT * FROM `tp_link` WHERE ( class = 3 )  [ RunTime:0.000371s ]
SQL: SHOW COLUMNS FROM `tp_information` [ RunTime:0.002183s ]
SQL: SELECT * FROM `tp_information` ORDER BY id desc  [ RunTime:0.000389s ]
SQL: SHOW COLUMNS FROM `tp_file` [ RunTime:0.002025s ]
SQL: SELECT * FROM `tp_file` ORDER BY id desc  [ RunTime:0.000296s ]
INFO: [ view_parse ] --START--
INFO: [ template_filter ] --START--
INFO: Run Behavior\ContentReplace [ RunTime:0.000286s ]
INFO: [ template_filter ] --END-- [ RunTime:0.000677s ]
NOTIC: [8] Undefined index: username C:\wamp\www\zky\Application\Runtime\Cache\Home\4462707c48390994935bf3e366c221aa.php 第 188 行.
INFO: Run Behavior\ParseTemplate [ RunTime:0.035325s ]
INFO: [ view_parse ] --END-- [ RunTime:0.035690s ]
INFO: [ view_filter ] --START--
INFO: Run Behavior\WriteHtmlCache [ RunTime:0.000750s ]
INFO: [ view_filter ] --END-- [ RunTime:0.001094s ]
INFO: [ app_end ] --START--
INFO: Run Behavior\ShowPageTrace [ RunTime:0.001053s ]
INFO: [ app_end ] --END-- [ RunTime:0.001394s ]

[ 2017-03-20T15:51:20+08:00 ] 101.199.112.54 /zky/index.php/Home/Inform/showitems/id/72
INFO: [ app_begin ] --START--
INFO: Run Behavior\ReadHtmlCache [ RunTime:0.001086s ]
INFO: [ app_begin ] --END-- [ RunTime:0.001902s ]
SQL: SHOW COLUMNS FROM `tp_information` [ RunTime:0.004368s ]
SQL: SELECT * FROM `tp_information` WHERE ( id = 72 ) ORDER BY id desc LIMIT 1   [ RunTime:0.000386s ]
INFO: [ view_parse ] --START--
INFO: [ template_filter ] --START--
INFO: Run Behavior\ContentReplace [ RunTime:0.000211s ]
INFO: [ template_filter ] --END-- [ RunTime:0.000611s ]
NOTIC: [8] Undefined index: username C:\wamp\www\zky\Application\Runtime\Cache\Home\5151452449fe54a7e1143da4c8cdc00c.php 第 116 行.
INFO: Run Behavior\ParseTemplate [ RunTime:0.014496s ]
INFO: [ view_parse ] --END-- [ RunTime:0.014865s ]
INFO: [ view_filter ] --START--
INFO: Run Behavior\WriteHtmlCache [ RunTime:0.000727s ]
INFO: [ view_filter ] --END-- [ RunTime:0.001092s ]
INFO: [ app_end ] --START--
INFO: Run Behavior\ShowPageTrace [ RunTime:0.001048s ]
INFO: [ app_end ] --END-- [ RunTime:0.001390s ]

[ 2017-03-20T15:51:33+08:00 ] 101.199.112.53 /zky/index.php/Home/Index/main
INFO: [ app_begin ] --START--
INFO: Run Behavior\ReadHtmlCache [ RunTime:0.001157s ]
INFO: [ app_begin ] --END-- [ RunTime:0.001984s ]
SQL: SHOW COLUMNS FROM `tp_maincontent` [ RunTime:0.003048s ]
SQL: SELECT `content` FROM `tp_maincontent` WHERE ( id=1 ) LIMIT 1   [ RunTime:0.000407s ]
SQL: SHOW COLUMNS FROM `tp_link` [ RunTime:0.002011s ]
SQL: SELECT * FROM `tp_link` WHERE ( class = 0 )  [ RunTime:0.000315s ]
SQL: SELECT * FROM `tp_link` WHERE ( class = 1 )  [ RunTime:0.000310s ]
SQL: SELECT * FROM `tp_link` WHERE ( class = 2 )  [ RunTime:0.000291s ]
SQL: SELECT * FROM `tp_link` WHERE ( class = 3 )  [ RunTime:0.000291s ]
SQL: SHOW COLUMNS FROM `tp_information` [ RunTime:0.002559s ]
SQL: SELECT * FROM `tp_information` ORDER BY id desc  [ RunTime:0.000377s ]
SQL: SHOW COLUMNS FROM `tp_file` [ RunTime:0.001916s ]
SQL: SELECT * FROM `tp_file` ORDER BY id desc  [ RunTime:0.000304s ]
INFO: [ view_parse ] --START--
INFO: [ template_filter ] --START--
INFO: Run Behavior\ContentReplace [ RunTime:0.000281s ]
INFO: [ template_filter ] --END-- [ RunTime:0.000680s ]
NOTIC: [8] Undefined index: username C:\wamp\www\zky\Application\Runtime\Cache\Home\4462707c48390994935bf3e366c221aa.php 第 188 行.
INFO: Run Behavior\ParseTemplate [ RunTime:0.036635s ]
INFO: [ view_parse ] --END-- [ RunTime:0.037073s ]
INFO: [ view_filter ] --START--
INFO: Run Behavior\WriteHtmlCache [ RunTime:0.000737s ]
INFO: [ view_filter ] --END-- [ RunTime:0.001078s ]
INFO: [ app_end ] --START--
INFO: Run Behavior\ShowPageTrace [ RunTime:0.001052s ]
INFO: [ app_end ] --END-- [ RunTime:0.001404s ]

[ 2017-03-20T15:52:39+08:00 ] 220.249.99.139 /zky/index.php/Admin/Inform/news
INFO: [ app_begin ] --START--
INFO: Run Behavior\ReadHtmlCache [ RunTime:0.001038s ]
INFO: [ app_begin ] --END-- [ RunTime:0.001876s ]
SQL: SHOW COLUMNS FROM `tp_information` [ RunTime:0.003350s ]
SQL: SELECT * FROM `tp_information`  [ RunTime:0.000393s ]
NOTIC: [8] Undefined index: content C:\wamp\www\zky\Application\Admin\Controller\InformController.class.php 第 18 行.
INFO: [ view_parse ] --START--
INFO: [ template_filter ] --START--
INFO: Run Behavior\ContentReplace [ RunTime:0.000203s ]
INFO: [ template_filter ] --END-- [ RunTime:0.000567s ]
NOTIC: [8] Uninitialized string offset: 0 C:\wamp\www\zky\Application\Runtime\Cache\Admin\0d66ff2d60d55982abf0b575840307f1.php 第 28 行.
NOTIC: [8] Uninitialized string offset: 0 C:\wamp\www\zky\Application\Runtime\Cache\Admin\0d66ff2d60d55982abf0b575840307f1.php 第 28 行.
NOTIC: [8] Uninitialized string offset: 0 C:\wamp\www\zky\Application\Runtime\Cache\Admin\0d66ff2d60d55982abf0b575840307f1.php 第 28 行.
NOTIC: [8] Uninitialized string offset: 0 C:\wamp\www\zky\Application\Runtime\Cache\Admin\0d66ff2d60d55982abf0b575840307f1.php 第 31 行.
NOTIC: [8] Uninitialized string offset: 0 C:\wamp\www\zky\Application\Runtime\Cache\Admin\0d66ff2d60d55982abf0b575840307f1.php 第 32 行.
INFO: Run Behavior\ParseTemplate [ RunTime:0.049926s ]
INFO: [ view_parse ] --END-- [ RunTime:0.050345s ]
INFO: [ view_filter ] --START--
INFO: Run Behavior\WriteHtmlCache [ RunTime:0.000714s ]
INFO: [ view_filter ] --END-- [ RunTime:0.001059s ]
INFO: [ app_end ] --START--
INFO: Run Behavior\ShowPageTrace [ RunTime:0.001185s ]
INFO: [ app_end ] --END-- [ RunTime:0.001537s ]

[ 2017-03-20T15:57:40+08:00 ] 220.249.99.139 /zky/index.php/Admin/Equipment/equipment
INFO: [ app_begin ] --START--
INFO: Run Behavior\ReadHtmlCache [ RunTime:0.001156s ]
INFO: [ app_begin ] --END-- [ RunTime:0.002010s ]
SQL: SHOW COLUMNS FROM `tp_equipment` [ RunTime:0.003253s ]
SQL: SELECT COUNT(*) AS tp_count FROM `tp_equipment` LIMIT 1   [ RunTime:0.000285s ]
NOTIC: [8] Undefined variable: data C:\wamp\www\zky\Application\Admin\Controller\EquipmentController.class.php 第 18 行.
SQL: SELECT * FROM `tp_equipment` ORDER BY id LIMIT 0,1   [ RunTime:0.000381s ]
SQL: SHOW COLUMNS FROM `tp_equipmentmanage` [ RunTime:0.001981s ]
SQL: SELECT * FROM `tp_equipmentmanage` WHERE ( 1=1 AND equipmentid='1' )  [ RunTime:0.000336s ]
INFO: [ view_parse ] --START--
INFO: [ template_filter ] --START--
INFO: Run Behavior\ContentReplace [ RunTime:0.000268s ]
INFO: [ template_filter ] --END-- [ RunTime:0.000797s ]
INFO: Run Behavior\ParseTemplate [ RunTime:0.052742s ]
INFO: [ view_parse ] --END-- [ RunTime:0.053178s ]
INFO: [ view_filter ] --START--
INFO: Run Behavior\WriteHtmlCache [ RunTime:0.000762s ]
INFO: [ view_filter ] --END-- [ RunTime:0.001112s ]
INFO: [ app_end ] --START--
INFO: Run Behavior\ShowPageTrace [ RunTime:0.001069s ]
INFO: [ app_end ] --END-- [ RunTime:0.001417s ]

[ 2017-03-20T15:57:42+08:00 ] 220.249.99.139 /zky/index.php/Admin/Inform/news
INFO: [ app_begin ] --START--
INFO: Run Behavior\ReadHtmlCache [ RunTime:0.001067s ]
INFO: [ app_begin ] --END-- [ RunTime:0.001919s ]
SQL: SHOW COLUMNS FROM `tp_information` [ RunTime:0.003143s ]
SQL: SELECT * FROM `tp_information`  [ RunTime:0.000367s ]
NOTIC: [8] Undefined index: content C:\wamp\www\zky\Application\Admin\Controller\InformController.class.php 第 18 行.
INFO: [ view_parse ] --START--
INFO: [ template_filter ] --START--
INFO: Run Behavior\ContentReplace [ RunTime:0.000202s ]
INFO: [ template_filter ] --END-- [ RunTime:0.000579s ]
NOTIC: [8] Uninitialized string offset: 0 C:\wamp\www\zky\Application\Runtime\Cache\Admin\0d66ff2d60d55982abf0b575840307f1.php 第 28 行.
NOTIC: [8] Uninitialized string offset: 0 C:\wamp\www\zky\Application\Runtime\Cache\Admin\0d66ff2d60d55982abf0b575840307f1.php 第 28 行.
NOTIC: [8] Uninitialized string offset: 0 C:\wamp\www\zky\Application\Runtime\Cache\Admin\0d66ff2d60d55982abf0b575840307f1.php 第 28 行.
NOTIC: [8] Uninitialized string offset: 0 C:\wamp\www\zky\Application\Runtime\Cache\Admin\0d66ff2d60d55982abf0b575840307f1.php 第 31 行.
NOTIC: [8] Uninitialized string offset: 0 C:\wamp\www\zky\Application\Runtime\Cache\Admin\0d66ff2d60d55982abf0b575840307f1.php 第 32 行.
INFO: Run Behavior\ParseTemplate [ RunTime:0.017410s ]
INFO: [ view_parse ] --END-- [ RunTime:0.017767s ]
INFO: [ view_filter ] --START--
INFO: Run Behavior\WriteHtmlCache [ RunTime:0.000748s ]
INFO: [ view_filter ] --END-- [ RunTime:0.001085s ]
INFO: [ app_end ] --START--
INFO: Run Behavior\ShowPageTrace [ RunTime:0.001084s ]
INFO: [ app_end ] --END-- [ RunTime:0.001425s ]

[ 2017-03-20T15:57:49+08:00 ] 101.226.99.195 /zky/index.php/Admin/Equipment/equipment
INFO: [ app_begin ] --START--
INFO: Run Behavior\ReadHtmlCache [ RunTime:0.001023s ]
INFO: [ app_begin ] --END-- [ RunTime:0.001824s ]

[ 2017-03-20T15:57:50+08:00 ] 101.226.99.195 /zky/index.php/Home/Index/main.html
INFO: [ app_begin ] --START--
INFO: Run Behavior\ReadHtmlCache [ RunTime:0.001063s ]
INFO: [ app_begin ] --END-- [ RunTime:0.001863s ]
SQL: SHOW COLUMNS FROM `tp_maincontent` [ RunTime:0.003018s ]
SQL: SELECT `content` FROM `tp_maincontent` WHERE ( id=1 ) LIMIT 1   [ RunTime:0.000345s ]
SQL: SHOW COLUMNS FROM `tp_link` [ RunTime:0.001973s ]
SQL: SELECT * FROM `tp_link` WHERE ( class = 0 )  [ RunTime:0.000304s ]
SQL: SELECT * FROM `tp_link` WHERE ( class = 1 )  [ RunTime:0.000289s ]
SQL: SELECT * FROM `tp_link` WHERE ( class = 2 )  [ RunTime:0.000288s ]
SQL: SELECT * FROM `tp_link` WHERE ( class = 3 )  [ RunTime:0.000287s ]
SQL: SHOW COLUMNS FROM `tp_information` [ RunTime:0.001922s ]
SQL: SELECT * FROM `tp_information` ORDER BY id desc  [ RunTime:0.000354s ]
SQL: SHOW COLUMNS FROM `tp_file` [ RunTime:0.002085s ]
SQL: SELECT * FROM `tp_file` ORDER BY id desc  [ RunTime:0.000289s ]
INFO: [ view_parse ] --START--
INFO: [ template_filter ] --START--
INFO: Run Behavior\ContentReplace [ RunTime:0.000279s ]
INFO: [ template_filter ] --END-- [ RunTime:0.000732s ]
NOTIC: [8] Undefined index: username C:\wamp\www\zky\Application\Runtime\Cache\Home\4462707c48390994935bf3e366c221aa.php 第 188 行.
INFO: Run Behavior\ParseTemplate [ RunTime:0.037021s ]
INFO: [ view_parse ] --END-- [ RunTime:0.037375s ]
INFO: [ view_filter ] --START--
INFO: Run Behavior\WriteHtmlCache [ RunTime:0.000710s ]
INFO: [ view_filter ] --END-- [ RunTime:0.001043s ]
INFO: [ app_end ] --START--
INFO: Run Behavior\ShowPageTrace [ RunTime:0.000992s ]
INFO: [ app_end ] --END-- [ RunTime:0.001358s ]

[ 2017-03-20T15:59:50+08:00 ] 220.249.99.139 /zky/index.php/Admin/Inform/news
INFO: [ app_begin ] --START--
INFO: Run Behavior\ReadHtmlCache [ RunTime:0.001126s ]
INFO: [ app_begin ] --END-- [ RunTime:0.001932s ]
SQL: SHOW COLUMNS FROM `tp_information` [ RunTime:0.003470s ]
SQL: SELECT * FROM `tp_information`  [ RunTime:0.000410s ]
NOTIC: [8] Undefined index: content C:\wamp\www\zky\Application\Admin\Controller\InformController.class.php 第 18 行.
INFO: [ view_parse ] --START--
INFO: [ template_filter ] --START--
INFO: Run Behavior\ContentReplace [ RunTime:0.000206s ]
INFO: [ template_filter ] --END-- [ RunTime:0.000596s ]
NOTIC: [8] Uninitialized string offset: 0 C:\wamp\www\zky\Application\Runtime\Cache\Admin\0d66ff2d60d55982abf0b575840307f1.php 第 28 行.
NOTIC: [8] Uninitialized string offset: 0 C:\wamp\www\zky\Application\Runtime\Cache\Admin\0d66ff2d60d55982abf0b575840307f1.php 第 28 行.
NOTIC: [8] Uninitialized string offset: 0 C:\wamp\www\zky\Application\Runtime\Cache\Admin\0d66ff2d60d55982abf0b575840307f1.php 第 28 行.
NOTIC: [8] Uninitialized string offset: 0 C:\wamp\www\zky\Application\Runtime\Cache\Admin\0d66ff2d60d55982abf0b575840307f1.php 第 31 行.
NOTIC: [8] Uninitialized string offset: 0 C:\wamp\www\zky\Application\Runtime\Cache\Admin\0d66ff2d60d55982abf0b575840307f1.php 第 32 行.
INFO: Run Behavior\ParseTemplate [ RunTime:0.016783s ]
INFO: [ view_parse ] --END-- [ RunTime:0.017143s ]
INFO: [ view_filter ] --START--
INFO: Run Behavior\WriteHtmlCache [ RunTime:0.000843s ]
INFO: [ view_filter ] --END-- [ RunTime:0.001203s ]
INFO: [ app_end ] --START--
INFO: Run Behavior\ShowPageTrace [ RunTime:0.001212s ]
INFO: [ app_end ] --END-- [ RunTime:0.001592s ]

[ 2017-03-20T16:00:24+08:00 ] 220.249.99.139 /zky/index.php/Admin/Inform/news
INFO: [ app_begin ] --START--
INFO: Run Behavior\ReadHtmlCache [ RunTime:0.001085s ]
INFO: [ app_begin ] --END-- [ RunTime:0.002002s ]
SQL: SHOW COLUMNS FROM `tp_information` [ RunTime:0.002988s ]
SQL: SELECT * FROM `tp_information`  [ RunTime:0.000352s ]
NOTIC: [8] Undefined index: content C:\wamp\www\zky\Application\Admin\Controller\InformController.class.php 第 18 行.
INFO: [ view_parse ] --START--
INFO: [ template_filter ] --START--
INFO: Run Behavior\ContentReplace [ RunTime:0.000198s ]
INFO: [ template_filter ] --END-- [ RunTime:0.000562s ]
NOTIC: [8] Uninitialized string offset: 0 C:\wamp\www\zky\Application\Runtime\Cache\Admin\0d66ff2d60d55982abf0b575840307f1.php 第 28 行.
NOTIC: [8] Uninitialized string offset: 0 C:\wamp\www\zky\Application\Runtime\Cache\Admin\0d66ff2d60d55982abf0b575840307f1.php 第 28 行.
NOTIC: [8] Uninitialized string offset: 0 C:\wamp\www\zky\Application\Runtime\Cache\Admin\0d66ff2d60d55982abf0b575840307f1.php 第 28 行.
NOTIC: [8] Uninitialized string offset: 0 C:\wamp\www\zky\Application\Runtime\Cache\Admin\0d66ff2d60d55982abf0b575840307f1.php 第 31 行.
NOTIC: [8] Uninitialized string offset: 0 C:\wamp\www\zky\Application\Runtime\Cache\Admin\0d66ff2d60d55982abf0b575840307f1.php 第 32 行.
INFO: Run Behavior\ParseTemplate [ RunTime:0.015789s ]
INFO: [ view_parse ] --END-- [ RunTime:0.016144s ]
INFO: [ view_filter ] --START--
INFO: Run Behavior\WriteHtmlCache [ RunTime:0.000720s ]
INFO: [ view_filter ] --END-- [ RunTime:0.001061s ]
INFO: [ app_end ] --START--
INFO: Run Behavior\ShowPageTrace [ RunTime:0.001074s ]
INFO: [ app_end ] --END-- [ RunTime:0.001417s ]

[ 2017-03-20T16:00:30+08:00 ] 220.249.99.139 /zky/index.php/Admin/Inform/news
INFO: [ app_begin ] --START--
INFO: Run Behavior\ReadHtmlCache [ RunTime:0.001066s ]
INFO: [ app_begin ] --END-- [ RunTime:0.001925s ]
SQL: SHOW COLUMNS FROM `tp_information` [ RunTime:0.003112s ]
SQL: SELECT * FROM `tp_information`  [ RunTime:0.000373s ]
NOTIC: [8] Undefined index: content C:\wamp\www\zky\Application\Admin\Controller\InformController.class.php 第 18 行.
INFO: [ view_parse ] --START--
INFO: [ template_filter ] --START--
INFO: Run Behavior\ContentReplace [ RunTime:0.000211s ]
INFO: [ template_filter ] --END-- [ RunTime:0.000599s ]
NOTIC: [8] Uninitialized string offset: 0 C:\wamp\www\zky\Application\Runtime\Cache\Admin\0d66ff2d60d55982abf0b575840307f1.php 第 28 行.
NOTIC: [8] Uninitialized string offset: 0 C:\wamp\www\zky\Application\Runtime\Cache\Admin\0d66ff2d60d55982abf0b575840307f1.php 第 28 行.
NOTIC: [8] Uninitialized string offset: 0 C:\wamp\www\zky\Application\Runtime\Cache\Admin\0d66ff2d60d55982abf0b575840307f1.php 第 28 行.
NOTIC: [8] Uninitialized string offset: 0 C:\wamp\www\zky\Application\Runtime\Cache\Admin\0d66ff2d60d55982abf0b575840307f1.php 第 31 行.
NOTIC: [8] Uninitialized string offset: 0 C:\wamp\www\zky\Application\Runtime\Cache\Admin\0d66ff2d60d55982abf0b575840307f1.php 第 32 行.
INFO: Run Behavior\ParseTemplate [ RunTime:0.016326s ]
INFO: [ view_parse ] --END-- [ RunTime:0.016677s ]
INFO: [ view_filter ] --START--
INFO: Run Behavior\WriteHtmlCache [ RunTime:0.000725s ]
INFO: [ view_filter ] --END-- [ RunTime:0.001066s ]
INFO: [ app_end ] --START--
INFO: Run Behavior\ShowPageTrace [ RunTime:0.001068s ]
INFO: [ app_end ] --END-- [ RunTime:0.001422s ]

[ 2017-03-20T16:00:34+08:00 ] 220.249.99.139 /zky/index.php/Admin/Regulation/regulation
INFO: [ app_begin ] --START--
INFO: Run Behavior\ReadHtmlCache [ RunTime:0.001021s ]
INFO: [ app_begin ] --END-- [ RunTime:0.001817s ]
SQL: SHOW COLUMNS FROM `tp_regulation` [ RunTime:0.063399s ]
SQL: SELECT COUNT(*) AS tp_count FROM `tp_regulation` LIMIT 1   [ RunTime:0.000325s ]
SQL: SELECT * FROM `tp_regulation` ORDER BY id desc LIMIT 0,20   [ RunTime:0.030400s ]
INFO: [ view_parse ] --START--
INFO: [ template_filter ] --START--
INFO: Run Behavior\ContentReplace [ RunTime:0.000205s ]
INFO: [ template_filter ] --END-- [ RunTime:0.000661s ]
INFO: Run Behavior\ParseTemplate [ RunTime:0.049164s ]
INFO: [ view_parse ] --END-- [ RunTime:0.049578s ]
INFO: [ view_filter ] --START--
INFO: Run Behavior\WriteHtmlCache [ RunTime:0.000777s ]
INFO: [ view_filter ] --END-- [ RunTime:0.001127s ]
INFO: [ app_end ] --START--
INFO: Run Behavior\ShowPageTrace [ RunTime:0.001796s ]
INFO: [ app_end ] --END-- [ RunTime:0.002209s ]

[ 2017-03-20T16:00:35+08:00 ] 220.249.99.139 /zky/index.php/Admin/Regulation/regulation
INFO: [ app_begin ] --START--
INFO: Run Behavior\ReadHtmlCache [ RunTime:0.001154s ]
INFO: [ app_begin ] --END-- [ RunTime:0.002191s ]
SQL: SHOW COLUMNS FROM `tp_regulation` [ RunTime:0.003016s ]
SQL: SELECT COUNT(*) AS tp_count FROM `tp_regulation` LIMIT 1   [ RunTime:0.000292s ]
SQL: SELECT * FROM `tp_regulation` ORDER BY id desc LIMIT 0,20   [ RunTime:0.000395s ]
INFO: [ view_parse ] --START--
INFO: [ template_filter ] --START--
INFO: Run Behavior\ContentReplace [ RunTime:0.000199s ]
INFO: [ template_filter ] --END-- [ RunTime:0.000585s ]
INFO: Run Behavior\ParseTemplate [ RunTime:0.016843s ]
INFO: [ view_parse ] --END-- [ RunTime:0.017211s ]
INFO: [ view_filter ] --START--
INFO: Run Behavior\WriteHtmlCache [ RunTime:0.000763s ]
INFO: [ view_filter ] --END-- [ RunTime:0.001106s ]
INFO: [ app_end ] --START--
INFO: Run Behavior\ShowPageTrace [ RunTime:0.001213s ]
INFO: [ app_end ] --END-- [ RunTime:0.001577s ]

[ 2017-03-20T16:00:45+08:00 ] 220.249.99.139 /zky/index.php/Admin/Regulation/regulation
INFO: [ app_begin ] --START--
INFO: Run Behavior\ReadHtmlCache [ RunTime:0.001057s ]
INFO: [ app_begin ] --END-- [ RunTime:0.001972s ]
SQL: SHOW COLUMNS FROM `tp_regulation` [ RunTime:0.003046s ]
SQL: SELECT COUNT(*) AS tp_count FROM `tp_regulation` LIMIT 1   [ RunTime:0.000279s ]
SQL: SELECT * FROM `tp_regulation` ORDER BY id desc LIMIT 0,20   [ RunTime:0.000432s ]
INFO: [ view_parse ] --START--
INFO: [ template_filter ] --START--
INFO: Run Behavior\ContentReplace [ RunTime:0.000198s ]
INFO: [ template_filter ] --END-- [ RunTime:0.000597s ]
INFO: Run Behavior\ParseTemplate [ RunTime:0.017394s ]
INFO: [ view_parse ] --END-- [ RunTime:0.017820s ]
INFO: [ view_filter ] --START--
INFO: Run Behavior\WriteHtmlCache [ RunTime:0.001090s ]
INFO: [ view_filter ] --END-- [ RunTime:0.001439s ]
INFO: [ app_end ] --START--
INFO: Run Behavior\ShowPageTrace [ RunTime:0.001749s ]
INFO: [ app_end ] --END-- [ RunTime:0.002221s ]

[ 2017-03-20T16:06:11+08:00 ] 220.249.99.149 /zky/
INFO: [ app_begin ] --START--
INFO: Run Behavior\ReadHtmlCache [ RunTime:0.001040s ]
INFO: [ app_begin ] --END-- [ RunTime:0.001869s ]
SQL: SHOW COLUMNS FROM `tp_maincontent` [ RunTime:0.003753s ]
SQL: SELECT `content` FROM `tp_maincontent` WHERE ( id=1 ) LIMIT 1   [ RunTime:0.000443s ]
SQL: SHOW COLUMNS FROM `tp_link` [ RunTime:0.002984s ]
SQL: SELECT * FROM `tp_link` WHERE ( class = 0 )  [ RunTime:0.000401s ]
SQL: SELECT * FROM `tp_link` WHERE ( class = 1 )  [ RunTime:0.000398s ]
SQL: SELECT * FROM `tp_link` WHERE ( class = 2 )  [ RunTime:0.000298s ]
SQL: SELECT * FROM `tp_link` WHERE ( class = 3 )  [ RunTime:0.000310s ]
SQL: SHOW COLUMNS FROM `tp_information` [ RunTime:0.002213s ]
SQL: SELECT * FROM `tp_information` ORDER BY id desc  [ RunTime:0.000375s ]
SQL: SHOW COLUMNS FROM `tp_file` [ RunTime:0.003171s ]
SQL: SELECT * FROM `tp_file` ORDER BY id desc  [ RunTime:0.000365s ]
INFO: [ view_parse ] --START--
INFO: [ template_filter ] --START--
INFO: Run Behavior\ContentReplace [ RunTime:0.000527s ]
INFO: [ template_filter ] --END-- [ RunTime:0.000921s ]
NOTIC: [8] Undefined index: username C:\wamp\www\zky\Application\Runtime\Cache\Home\2a94b8bda04ff446dcedd42276fc99ee.php 第 188 行.
INFO: Run Behavior\ParseTemplate [ RunTime:0.107433s ]
INFO: [ view_parse ] --END-- [ RunTime:0.107814s ]
INFO: [ view_filter ] --START--
INFO: Run Behavior\WriteHtmlCache [ RunTime:0.000725s ]
INFO: [ view_filter ] --END-- [ RunTime:0.001065s ]
INFO: [ app_end ] --START--
INFO: Run Behavior\ShowPageTrace [ RunTime:0.000992s ]
INFO: [ app_end ] --END-- [ RunTime:0.001336s ]

[ 2017-03-20T16:06:12+08:00 ] 220.249.99.149 /zky/index.php/Home/Public/code
INFO: [ app_begin ] --START--
INFO: Run Behavior\ReadHtmlCache [ RunTime:0.001261s ]
INFO: [ app_begin ] --END-- [ RunTime:0.002153s ]
INFO: [ app_end ] --START--
INFO: Run Behavior\ShowPageTrace [ RunTime:0.001354s ]
INFO: [ app_end ] --END-- [ RunTime:0.001760s ]

[ 2017-03-20T16:06:33+08:00 ] 220.249.99.149 /zky/
INFO: [ app_begin ] --START--
INFO: Run Behavior\ReadHtmlCache [ RunTime:0.001275s ]
INFO: [ app_begin ] --END-- [ RunTime:0.002287s ]
SQL: SHOW COLUMNS FROM `tp_maincontent` [ RunTime:0.002890s ]
SQL: SELECT `content` FROM `tp_maincontent` WHERE ( id=1 ) LIMIT 1   [ RunTime:0.000346s ]
SQL: SHOW COLUMNS FROM `tp_link` [ RunTime:0.001835s ]
SQL: SELECT * FROM `tp_link` WHERE ( class = 0 )  [ RunTime:0.000306s ]
SQL: SELECT * FROM `tp_link` WHERE ( class = 1 )  [ RunTime:0.000599s ]
SQL: SELECT * FROM `tp_link` WHERE ( class = 2 )  [ RunTime:0.000291s ]
SQL: SELECT * FROM `tp_link` WHERE ( class = 3 )  [ RunTime:0.000294s ]
SQL: SHOW COLUMNS FROM `tp_information` [ RunTime:0.002017s ]
SQL: SELECT * FROM `tp_information` ORDER BY id desc  [ RunTime:0.000357s ]
SQL: SHOW COLUMNS FROM `tp_file` [ RunTime:0.001885s ]
SQL: SELECT * FROM `tp_file` ORDER BY id desc  [ RunTime:0.000301s ]
INFO: [ view_parse ] --START--
INFO: [ template_filter ] --START--
INFO: Run Behavior\ContentReplace [ RunTime:0.000296s ]
INFO: [ template_filter ] --END-- [ RunTime:0.000669s ]
NOTIC: [8] Undefined index: username C:\wamp\www\zky\Application\Runtime\Cache\Home\2a94b8bda04ff446dcedd42276fc99ee.php 第 188 行.
INFO: Run Behavior\ParseTemplate [ RunTime:0.035549s ]
INFO: [ view_parse ] --END-- [ RunTime:0.035915s ]
INFO: [ view_filter ] --START--
INFO: Run Behavior\WriteHtmlCache [ RunTime:0.000729s ]
INFO: [ view_filter ] --END-- [ RunTime:0.001062s ]
INFO: [ app_end ] --START--
INFO: Run Behavior\ShowPageTrace [ RunTime:0.001042s ]
INFO: [ app_end ] --END-- [ RunTime:0.001385s ]

[ 2017-03-20T16:06:33+08:00 ] 220.249.99.149 /zky/index.php/Home/Public/code
INFO: [ app_begin ] --START--
INFO: Run Behavior\ReadHtmlCache [ RunTime:0.001716s ]
INFO: [ app_begin ] --END-- [ RunTime:0.002548s ]
INFO: [ app_end ] --START--
INFO: Run Behavior\ShowPageTrace [ RunTime:0.001314s ]
INFO: [ app_end ] --END-- [ RunTime:0.001760s ]

[ 2017-03-20T16:06:44+08:00 ] 220.249.99.149 /zky/index.php/Home/Public/code
INFO: [ app_begin ] --START--
INFO: Run Behavior\ReadHtmlCache [ RunTime:0.001190s ]
INFO: [ app_begin ] --END-- [ RunTime:0.001955s ]
INFO: [ app_end ] --START--
INFO: Run Behavior\ShowPageTrace [ RunTime:0.001208s ]
INFO: [ app_end ] --END-- [ RunTime:0.001605s ]

[ 2017-03-20T16:07:16+08:00 ] 220.249.99.149 /zky/
INFO: [ app_begin ] --START--
INFO: Run Behavior\ReadHtmlCache [ RunTime:0.001039s ]
INFO: [ app_begin ] --END-- [ RunTime:0.001877s ]
SQL: SHOW COLUMNS FROM `tp_maincontent` [ RunTime:0.003264s ]
SQL: SELECT `content` FROM `tp_maincontent` WHERE ( id=1 ) LIMIT 1   [ RunTime:0.000419s ]
SQL: SHOW COLUMNS FROM `tp_link` [ RunTime:0.002266s ]
SQL: SELECT * FROM `tp_link` WHERE ( class = 0 )  [ RunTime:0.000302s ]
SQL: SELECT * FROM `tp_link` WHERE ( class = 1 )  [ RunTime:0.000378s ]
SQL: SELECT * FROM `tp_link` WHERE ( class = 2 )  [ RunTime:0.000431s ]
SQL: SELECT * FROM `tp_link` WHERE ( class = 3 )  [ RunTime:0.000313s ]
SQL: SHOW COLUMNS FROM `tp_information` [ RunTime:0.002218s ]
SQL: SELECT * FROM `tp_information` ORDER BY id desc  [ RunTime:0.000425s ]
SQL: SHOW COLUMNS FROM `tp_file` [ RunTime:0.002077s ]
SQL: SELECT * FROM `tp_file` ORDER BY id desc  [ RunTime:0.000304s ]
INFO: [ view_parse ] --START--
INFO: [ template_filter ] --START--
INFO: Run Behavior\ContentReplace [ RunTime:0.000294s ]
INFO: [ template_filter ] --END-- [ RunTime:0.000656s ]
NOTIC: [8] Undefined index: username C:\wamp\www\zky\Application\Runtime\Cache\Home\2a94b8bda04ff446dcedd42276fc99ee.php 第 188 行.
INFO: Run Behavior\ParseTemplate [ RunTime:0.036090s ]
INFO: [ view_parse ] --END-- [ RunTime:0.036527s ]
INFO: [ view_filter ] --START--
INFO: Run Behavior\WriteHtmlCache [ RunTime:0.000722s ]
INFO: [ view_filter ] --END-- [ RunTime:0.001058s ]
INFO: [ app_end ] --START--
INFO: Run Behavior\ShowPageTrace [ RunTime:0.001090s ]
INFO: [ app_end ] --END-- [ RunTime:0.001445s ]

[ 2017-03-20T16:07:18+08:00 ] 220.249.99.149 /zky/
INFO: [ app_begin ] --START--
INFO: Run Behavior\ReadHtmlCache [ RunTime:0.001600s ]
INFO: [ app_begin ] --END-- [ RunTime:0.002694s ]
SQL: SHOW COLUMNS FROM `tp_maincontent` [ RunTime:0.002877s ]
SQL: SELECT `content` FROM `tp_maincontent` WHERE ( id=1 ) LIMIT 1   [ RunTime:0.000336s ]
SQL: SHOW COLUMNS FROM `tp_link` [ RunTime:0.001865s ]
SQL: SELECT * FROM `tp_link` WHERE ( class = 0 )  [ RunTime:0.000326s ]
SQL: SELECT * FROM `tp_link` WHERE ( class = 1 )  [ RunTime:0.000554s ]
SQL: SELECT * FROM `tp_link` WHERE ( class = 2 )  [ RunTime:0.000342s ]
SQL: SELECT * FROM `tp_link` WHERE ( class = 3 )  [ RunTime:0.000312s ]
SQL: SHOW COLUMNS FROM `tp_information` [ RunTime:0.002688s ]
SQL: SELECT * FROM `tp_information` ORDER BY id desc  [ RunTime:0.000401s ]
SQL: SHOW COLUMNS FROM `tp_file` [ RunTime:0.002081s ]
SQL: SELECT * FROM `tp_file` ORDER BY id desc  [ RunTime:0.000294s ]
INFO: [ view_parse ] --START--
INFO: [ template_filter ] --START--
INFO: Run Behavior\ContentReplace [ RunTime:0.000297s ]
INFO: [ template_filter ] --END-- [ RunTime:0.000674s ]
NOTIC: [8] Undefined index: username C:\wamp\www\zky\Application\Runtime\Cache\Home\2a94b8bda04ff446dcedd42276fc99ee.php 第 188 行.
INFO: Run Behavior\ParseTemplate [ RunTime:0.036373s ]
INFO: [ view_parse ] --END-- [ RunTime:0.036845s ]
INFO: [ view_filter ] --START--
INFO: Run Behavior\WriteHtmlCache [ RunTime:0.000731s ]
INFO: [ view_filter ] --END-- [ RunTime:0.001065s ]
INFO: [ app_end ] --START--
INFO: Run Behavior\ShowPageTrace [ RunTime:0.001124s ]
INFO: [ app_end ] --END-- [ RunTime:0.001466s ]

[ 2017-03-20T16:07:19+08:00 ] 220.249.99.149 /zky/
INFO: [ app_begin ] --START--
INFO: Run Behavior\ReadHtmlCache [ RunTime:0.001192s ]
INFO: [ app_begin ] --END-- [ RunTime:0.002133s ]
SQL: SHOW COLUMNS FROM `tp_maincontent` [ RunTime:0.002965s ]
SQL: SELECT `content` FROM `tp_maincontent` WHERE ( id=1 ) LIMIT 1   [ RunTime:0.000379s ]
SQL: SHOW COLUMNS FROM `tp_link` [ RunTime:0.002137s ]
SQL: SELECT * FROM `tp_link` WHERE ( class = 0 )  [ RunTime:0.000331s ]
SQL: SELECT * FROM `tp_link` WHERE ( class = 1 )  [ RunTime:0.000306s ]
SQL: SELECT * FROM `tp_link` WHERE ( class = 2 )  [ RunTime:0.000311s ]
SQL: SELECT * FROM `tp_link` WHERE ( class = 3 )  [ RunTime:0.000298s ]
SQL: SHOW COLUMNS FROM `tp_information` [ RunTime:0.002124s ]
SQL: SELECT * FROM `tp_information` ORDER BY id desc  [ RunTime:0.000384s ]
SQL: SHOW COLUMNS FROM `tp_file` [ RunTime:0.001967s ]
SQL: SELECT * FROM `tp_file` ORDER BY id desc  [ RunTime:0.000339s ]
INFO: [ view_parse ] --START--
INFO: [ template_filter ] --START--
INFO: Run Behavior\ContentReplace [ RunTime:0.000301s ]
INFO: [ template_filter ] --END-- [ RunTime:0.000689s ]
NOTIC: [8] Undefined index: username C:\wamp\www\zky\Application\Runtime\Cache\Home\2a94b8bda04ff446dcedd42276fc99ee.php 第 188 行.
INFO: Run Behavior\ParseTemplate [ RunTime:0.037190s ]
INFO: [ view_parse ] --END-- [ RunTime:0.037551s ]
INFO: [ view_filter ] --START--
INFO: Run Behavior\WriteHtmlCache [ RunTime:0.001018s ]
INFO: [ view_filter ] --END-- [ RunTime:0.001358s ]
INFO: [ app_end ] --START--
INFO: Run Behavior\ShowPageTrace [ RunTime:0.001177s ]
INFO: [ app_end ] --END-- [ RunTime:0.001526s ]

[ 2017-03-20T16:07:20+08:00 ] 220.249.99.149 /zky/
INFO: [ app_begin ] --START--
INFO: Run Behavior\ReadHtmlCache [ RunTime:0.001086s ]
INFO: [ app_begin ] --END-- [ RunTime:0.002081s ]
SQL: SHOW COLUMNS FROM `tp_maincontent` [ RunTime:0.003189s ]
SQL: SELECT `content` FROM `tp_maincontent` WHERE ( id=1 ) LIMIT 1   [ RunTime:0.000347s ]
SQL: SHOW COLUMNS FROM `tp_link` [ RunTime:0.001825s ]
SQL: SELECT * FROM `tp_link` WHERE ( class = 0 )  [ RunTime:0.000302s ]
SQL: SELECT * FROM `tp_link` WHERE ( class = 1 )  [ RunTime:0.000286s ]
SQL: SELECT * FROM `tp_link` WHERE ( class = 2 )  [ RunTime:0.000288s ]
SQL: SELECT * FROM `tp_link` WHERE ( class = 3 )  [ RunTime:0.000292s ]
SQL: SHOW COLUMNS FROM `tp_information` [ RunTime:0.001999s ]
SQL: SELECT * FROM `tp_information` ORDER BY id desc  [ RunTime:0.000627s ]
SQL: SHOW COLUMNS FROM `tp_file` [ RunTime:0.002095s ]
SQL: SELECT * FROM `tp_file` ORDER BY id desc  [ RunTime:0.000368s ]
INFO: [ view_parse ] --START--
INFO: [ template_filter ] --START--
INFO: Run Behavior\ContentReplace [ RunTime:0.000313s ]
INFO: [ template_filter ] --END-- [ RunTime:0.000719s ]
NOTIC: [8] Undefined index: username C:\wamp\www\zky\Application\Runtime\Cache\Home\2a94b8bda04ff446dcedd42276fc99ee.php 第 188 行.
INFO: Run Behavior\ParseTemplate [ RunTime:0.038098s ]
INFO: [ view_parse ] --END-- [ RunTime:0.038568s ]
INFO: [ view_filter ] --START--
INFO: Run Behavior\WriteHtmlCache [ RunTime:0.000727s ]
INFO: [ view_filter ] --END-- [ RunTime:0.001065s ]
INFO: [ app_end ] --START--
INFO: Run Behavior\ShowPageTrace [ RunTime:0.001266s ]
INFO: [ app_end ] --END-- [ RunTime:0.001772s ]

[ 2017-03-20T16:07:21+08:00 ] 220.249.99.149 /zky/
INFO: [ app_begin ] --START--
INFO: Run Behavior\ReadHtmlCache [ RunTime:0.001001s ]
INFO: [ app_begin ] --END-- [ RunTime:0.001929s ]
SQL: SHOW COLUMNS FROM `tp_maincontent` [ RunTime:0.002845s ]
SQL: SELECT `content` FROM `tp_maincontent` WHERE ( id=1 ) LIMIT 1   [ RunTime:0.000352s ]
SQL: SHOW COLUMNS FROM `tp_link` [ RunTime:0.001899s ]
SQL: SELECT * FROM `tp_link` WHERE ( class = 0 )  [ RunTime:0.000307s ]
SQL: SELECT * FROM `tp_link` WHERE ( class = 1 )  [ RunTime:0.000301s ]
SQL: SELECT * FROM `tp_link` WHERE ( class = 2 )  [ RunTime:0.000295s ]
SQL: SELECT * FROM `tp_link` WHERE ( class = 3 )  [ RunTime:0.000295s ]
SQL: SHOW COLUMNS FROM `tp_information` [ RunTime:0.002492s ]
SQL: SELECT * FROM `tp_information` ORDER BY id desc  [ RunTime:0.000397s ]
SQL: SHOW COLUMNS FROM `tp_file` [ RunTime:0.002458s ]
SQL: SELECT * FROM `tp_file` ORDER BY id desc  [ RunTime:0.000297s ]
INFO: [ view_parse ] --START--
INFO: [ template_filter ] --START--
INFO: Run Behavior\ContentReplace [ RunTime:0.000300s ]
INFO: [ template_filter ] --END-- [ RunTime:0.000696s ]
NOTIC: [8] Undefined index: username C:\wamp\www\zky\Application\Runtime\Cache\Home\2a94b8bda04ff446dcedd42276fc99ee.php 第 188 行.
INFO: Run Behavior\ParseTemplate [ RunTime:0.036494s ]
INFO: [ view_parse ] --END-- [ RunTime:0.036865s ]
INFO: [ view_filter ] --START--
INFO: Run Behavior\WriteHtmlCache [ RunTime:0.000530s ]
INFO: [ view_filter ] --END-- [ RunTime:0.000871s ]
INFO: [ app_end ] --START--
INFO: Run Behavior\ShowPageTrace [ RunTime:0.000886s ]
INFO: [ app_end ] --END-- [ RunTime:0.001227s ]

[ 2017-03-20T16:07:22+08:00 ] 220.249.99.149 /zky/
INFO: [ app_begin ] --START--
INFO: Run Behavior\ReadHtmlCache [ RunTime:0.001006s ]
INFO: [ app_begin ] --END-- [ RunTime:0.001827s ]
SQL: SHOW COLUMNS FROM `tp_maincontent` [ RunTime:0.002842s ]
SQL: SELECT `content` FROM `tp_maincontent` WHERE ( id=1 ) LIMIT 1   [ RunTime:0.000342s ]
SQL: SHOW COLUMNS FROM `tp_link` [ RunTime:0.001863s ]
SQL: SELECT * FROM `tp_link` WHERE ( class = 0 )  [ RunTime:0.000299s ]
SQL: SELECT * FROM `tp_link` WHERE ( class = 1 )  [ RunTime:0.000284s ]
SQL: SELECT * FROM `tp_link` WHERE ( class = 2 )  [ RunTime:0.000285s ]
SQL: SELECT * FROM `tp_link` WHERE ( class = 3 )  [ RunTime:0.000286s ]
SQL: SHOW COLUMNS FROM `tp_information` [ RunTime:0.001844s ]
SQL: SELECT * FROM `tp_information` ORDER BY id desc  [ RunTime:0.000349s ]
SQL: SHOW COLUMNS FROM `tp_file` [ RunTime:0.001965s ]
SQL: SELECT * FROM `tp_file` ORDER BY id desc  [ RunTime:0.000300s ]
INFO: [ view_parse ] --START--
INFO: [ template_filter ] --START--
INFO: Run Behavior\ContentReplace [ RunTime:0.000299s ]
INFO: [ template_filter ] --END-- [ RunTime:0.000678s ]
NOTIC: [8] Undefined index: username C:\wamp\www\zky\Application\Runtime\Cache\Home\2a94b8bda04ff446dcedd42276fc99ee.php 第 188 行.
INFO: Run Behavior\ParseTemplate [ RunTime:0.035517s ]
INFO: [ view_parse ] --END-- [ RunTime:0.035872s ]
INFO: [ view_filter ] --START--
INFO: Run Behavior\WriteHtmlCache [ RunTime:0.000678s ]
INFO: [ view_filter ] --END-- [ RunTime:0.001017s ]
INFO: [ app_end ] --START--
INFO: Run Behavior\ShowPageTrace [ RunTime:0.000933s ]
INFO: [ app_end ] --END-- [ RunTime:0.001276s ]

[ 2017-03-20T16:07:23+08:00 ] 220.249.99.149 /zky/
INFO: [ app_begin ] --START--
INFO: Run Behavior\ReadHtmlCache [ RunTime:0.001204s ]
INFO: [ app_begin ] --END-- [ RunTime:0.002136s ]
SQL: SHOW COLUMNS FROM `tp_maincontent` [ RunTime:0.003013s ]
SQL: SELECT `content` FROM `tp_maincontent` WHERE ( id=1 ) LIMIT 1   [ RunTime:0.000358s ]
SQL: SHOW COLUMNS FROM `tp_link` [ RunTime:0.001911s ]
SQL: SELECT * FROM `tp_link` WHERE ( class = 0 )  [ RunTime:0.000308s ]
SQL: SELECT * FROM `tp_link` WHERE ( class = 1 )  [ RunTime:0.000298s ]
SQL: SELECT * FROM `tp_link` WHERE ( class = 2 )  [ RunTime:0.000290s ]
SQL: SELECT * FROM `tp_link` WHERE ( class = 3 )  [ RunTime:0.000291s ]
SQL: SHOW COLUMNS FROM `tp_information` [ RunTime:0.002383s ]
SQL: SELECT * FROM `tp_information` ORDER BY id desc  [ RunTime:0.000373s ]
SQL: SHOW COLUMNS FROM `tp_file` [ RunTime:0.001910s ]
SQL: SELECT * FROM `tp_file` ORDER BY id desc  [ RunTime:0.000292s ]
INFO: [ view_parse ] --START--
INFO: [ template_filter ] --START--
INFO: Run Behavior\ContentReplace [ RunTime:0.000310s ]
INFO: [ template_filter ] --END-- [ RunTime:0.000708s ]
NOTIC: [8] Undefined index: username C:\wamp\www\zky\Application\Runtime\Cache\Home\2a94b8bda04ff446dcedd42276fc99ee.php 第 188 行.
INFO: Run Behavior\ParseTemplate [ RunTime:0.037889s ]
INFO: [ view_parse ] --END-- [ RunTime:0.038272s ]
INFO: [ view_filter ] --START--
INFO: Run Behavior\WriteHtmlCache [ RunTime:0.000907s ]
INFO: [ view_filter ] --END-- [ RunTime:0.001460s ]
INFO: [ app_end ] --START--
INFO: Run Behavior\ShowPageTrace [ RunTime:0.001232s ]
INFO: [ app_end ] --END-- [ RunTime:0.001622s ]

[ 2017-03-20T16:07:24+08:00 ] 220.249.99.149 /zky/index.php/Home/Public/code
INFO: [ app_begin ] --START--
INFO: Run Behavior\ReadHtmlCache [ RunTime:0.000819s ]
INFO: [ app_begin ] --END-- [ RunTime:0.001547s ]
INFO: [ app_end ] --START--
INFO: Run Behavior\ShowPageTrace [ RunTime:0.000936s ]
INFO: [ app_end ] --END-- [ RunTime:0.001341s ]

[ 2017-03-20T16:07:27+08:00 ] 220.249.99.149 /zky/
INFO: [ app_begin ] --START--
INFO: Run Behavior\ReadHtmlCache [ RunTime:0.001062s ]
INFO: [ app_begin ] --END-- [ RunTime:0.001935s ]
SQL: SHOW COLUMNS FROM `tp_maincontent` [ RunTime:0.002856s ]
SQL: SELECT `content` FROM `tp_maincontent` WHERE ( id=1 ) LIMIT 1   [ RunTime:0.000351s ]
SQL: SHOW COLUMNS FROM `tp_link` [ RunTime:0.003174s ]
SQL: SELECT * FROM `tp_link` WHERE ( class = 0 )  [ RunTime:0.000355s ]
SQL: SELECT * FROM `tp_link` WHERE ( class = 1 )  [ RunTime:0.000310s ]
SQL: SELECT * FROM `tp_link` WHERE ( class = 2 )  [ RunTime:0.000305s ]
SQL: SELECT * FROM `tp_link` WHERE ( class = 3 )  [ RunTime:0.000290s ]
SQL: SHOW COLUMNS FROM `tp_information` [ RunTime:0.002233s ]
SQL: SELECT * FROM `tp_information` ORDER BY id desc  [ RunTime:0.000411s ]
SQL: SHOW COLUMNS FROM `tp_file` [ RunTime:0.002072s ]
SQL: SELECT * FROM `tp_file` ORDER BY id desc  [ RunTime:0.000354s ]
INFO: [ view_parse ] --START--
INFO: [ template_filter ] --START--
INFO: Run Behavior\ContentReplace [ RunTime:0.000303s ]
INFO: [ template_filter ] --END-- [ RunTime:0.000694s ]
NOTIC: [8] Undefined index: username C:\wamp\www\zky\Application\Runtime\Cache\Home\2a94b8bda04ff446dcedd42276fc99ee.php 第 188 行.
INFO: Run Behavior\ParseTemplate [ RunTime:0.038183s ]
INFO: [ view_parse ] --END-- [ RunTime:0.038577s ]
INFO: [ view_filter ] --START--
INFO: Run Behavior\WriteHtmlCache [ RunTime:0.000801s ]
INFO: [ view_filter ] --END-- [ RunTime:0.001148s ]
INFO: [ app_end ] --START--
INFO: Run Behavior\ShowPageTrace [ RunTime:0.001197s ]
INFO: [ app_end ] --END-- [ RunTime:0.001557s ]

[ 2017-03-20T16:07:27+08:00 ] 220.249.99.149 /zky/index.php/Home/Public/code
INFO: [ app_begin ] --START--
INFO: Run Behavior\ReadHtmlCache [ RunTime:0.001051s ]
INFO: [ app_begin ] --END-- [ RunTime:0.001865s ]
INFO: [ app_end ] --START--
INFO: Run Behavior\ShowPageTrace [ RunTime:0.001084s ]
INFO: [ app_end ] --END-- [ RunTime:0.001458s ]

[ 2017-03-20T16:07:51+08:00 ] 220.249.99.149 /zky/index.php/Home/Message/conmunication
INFO: [ app_begin ] --START--
INFO: Run Behavior\ReadHtmlCache [ RunTime:0.000745s ]
INFO: [ app_begin ] --END-- [ RunTime:0.001551s ]
SQL: SHOW COLUMNS FROM `tp_user` [ RunTime:0.003509s ]
NOTIC: [8] Undefined index: id C:\wamp\www\zky\Application\Home\Controller\MessageController.class.php 第 8 行.
SQL: SELECT `say` FROM `tp_user` WHERE ( id =   ) LIMIT 1   [ RunTime:0.000283s ]
ERR: 1064:You have an error in your SQL syntax; check the manual that corresponds to your MySQL server version for the right syntax to use near ') LIMIT 1' at line 1
 [ SQL语句 ] : SELECT `say` FROM `tp_user` WHERE ( id =   ) LIMIT 1  
SQL: SHOW COLUMNS FROM `tp_message` [ RunTime:0.022131s ]
SQL: SELECT COUNT(*) AS tp_count FROM `tp_message` LIMIT 1   [ RunTime:0.000317s ]
SQL: SELECT * FROM `tp_message` ORDER BY id desc LIMIT 0,13   [ RunTime:0.009078s ]
INFO: [ view_parse ] --START--
INFO: [ template_filter ] --START--
INFO: Run Behavior\ContentReplace [ RunTime:0.000250s ]
INFO: [ template_filter ] --END-- [ RunTime:0.000639s ]
NOTIC: [8] Undefined index: username C:\wamp\www\zky\Application\Runtime\Cache\Home\afb02c676964e0f94d9da57105704626.php 第 174 行.
INFO: Run Behavior\ParseTemplate [ RunTime:0.034733s ]
INFO: [ view_parse ] --END-- [ RunTime:0.035131s ]
INFO: [ view_filter ] --START--
INFO: Run Behavior\WriteHtmlCache [ RunTime:0.000419s ]
INFO: [ view_filter ] --END-- [ RunTime:0.000764s ]
INFO: [ app_end ] --START--
INFO: Run Behavior\ShowPageTrace [ RunTime:0.000755s ]
INFO: [ app_end ] --END-- [ RunTime:0.001108s ]

[ 2017-03-20T16:07:51+08:00 ] 220.249.99.149 /zky/index.php/Home/Public/code
INFO: [ app_begin ] --START--
INFO: Run Behavior\ReadHtmlCache [ RunTime:0.001037s ]
INFO: [ app_begin ] --END-- [ RunTime:0.001850s ]
INFO: [ app_end ] --START--
INFO: Run Behavior\ShowPageTrace [ RunTime:0.001176s ]
INFO: [ app_end ] --END-- [ RunTime:0.001589s ]

[ 2017-03-20T16:08:26+08:00 ] 220.181.132.218 /zky/
INFO: [ app_begin ] --START--
INFO: Run Behavior\ReadHtmlCache [ RunTime:0.001038s ]
INFO: [ app_begin ] --END-- [ RunTime:0.001861s ]
SQL: SHOW COLUMNS FROM `tp_maincontent` [ RunTime:0.011628s ]
SQL: SELECT `content` FROM `tp_maincontent` WHERE ( id=1 ) LIMIT 1   [ RunTime:0.000381s ]
SQL: SHOW COLUMNS FROM `tp_link` [ RunTime:0.002049s ]
SQL: SELECT * FROM `tp_link` WHERE ( class = 0 )  [ RunTime:0.000355s ]
SQL: SELECT * FROM `tp_link` WHERE ( class = 1 )  [ RunTime:0.000287s ]
SQL: SELECT * FROM `tp_link` WHERE ( class = 2 )  [ RunTime:0.000286s ]
SQL: SELECT * FROM `tp_link` WHERE ( class = 3 )  [ RunTime:0.000293s ]
SQL: SHOW COLUMNS FROM `tp_information` [ RunTime:0.002929s ]
SQL: SELECT * FROM `tp_information` ORDER BY id desc  [ RunTime:0.000403s ]
SQL: SHOW COLUMNS FROM `tp_file` [ RunTime:0.001932s ]
SQL: SELECT * FROM `tp_file` ORDER BY id desc  [ RunTime:0.000361s ]
INFO: [ view_parse ] --START--
INFO: [ template_filter ] --START--
INFO: Run Behavior\ContentReplace [ RunTime:0.000298s ]
INFO: [ template_filter ] --END-- [ RunTime:0.000717s ]
NOTIC: [8] Undefined index: username C:\wamp\www\zky\Application\Runtime\Cache\Home\2a94b8bda04ff446dcedd42276fc99ee.php 第 188 行.
INFO: Run Behavior\ParseTemplate [ RunTime:0.037797s ]
INFO: [ view_parse ] --END-- [ RunTime:0.038218s ]
INFO: [ view_filter ] --START--
INFO: Run Behavior\WriteHtmlCache [ RunTime:0.000788s ]
INFO: [ view_filter ] --END-- [ RunTime:0.001180s ]
INFO: [ app_end ] --START--
INFO: Run Behavior\ShowPageTrace [ RunTime:0.001091s ]
INFO: [ app_end ] --END-- [ RunTime:0.001435s ]

[ 2017-03-20T16:08:38+08:00 ] 220.181.132.194 /zky/
INFO: [ app_begin ] --START--
INFO: Run Behavior\ReadHtmlCache [ RunTime:0.001306s ]
INFO: [ app_begin ] --END-- [ RunTime:0.002253s ]
SQL: SHOW COLUMNS FROM `tp_maincontent` [ RunTime:0.003216s ]
SQL: SELECT `content` FROM `tp_maincontent` WHERE ( id=1 ) LIMIT 1   [ RunTime:0.000399s ]
SQL: SHOW COLUMNS FROM `tp_link` [ RunTime:0.001942s ]
SQL: SELECT * FROM `tp_link` WHERE ( class = 0 )  [ RunTime:0.000308s ]
SQL: SELECT * FROM `tp_link` WHERE ( class = 1 )  [ RunTime:0.000286s ]
SQL: SELECT * FROM `tp_link` WHERE ( class = 2 )  [ RunTime:0.000293s ]
SQL: SELECT * FROM `tp_link` WHERE ( class = 3 )  [ RunTime:0.000528s ]
SQL: SHOW COLUMNS FROM `tp_information` [ RunTime:0.002278s ]
SQL: SELECT * FROM `tp_information` ORDER BY id desc  [ RunTime:0.000452s ]
SQL: SHOW COLUMNS FROM `tp_file` [ RunTime:0.002093s ]
SQL: SELECT * FROM `tp_file` ORDER BY id desc  [ RunTime:0.000299s ]
INFO: [ view_parse ] --START--
INFO: [ template_filter ] --START--
INFO: Run Behavior\ContentReplace [ RunTime:0.000303s ]
INFO: [ template_filter ] --END-- [ RunTime:0.000679s ]
NOTIC: [8] Undefined index: username C:\wamp\www\zky\Application\Runtime\Cache\Home\2a94b8bda04ff446dcedd42276fc99ee.php 第 188 行.
INFO: Run Behavior\ParseTemplate [ RunTime:0.036167s ]
INFO: [ view_parse ] --END-- [ RunTime:0.036539s ]
INFO: [ view_filter ] --START--
INFO: Run Behavior\WriteHtmlCache [ RunTime:0.000797s ]
INFO: [ view_filter ] --END-- [ RunTime:0.001138s ]
INFO: [ app_end ] --START--
INFO: Run Behavior\ShowPageTrace [ RunTime:0.001245s ]
INFO: [ app_end ] --END-- [ RunTime:0.001586s ]

[ 2017-03-20T16:08:56+08:00 ] 220.249.99.149 /zky/index.php/Home/Index/main
INFO: [ app_begin ] --START--
INFO: Run Behavior\ReadHtmlCache [ RunTime:0.001066s ]
INFO: [ app_begin ] --END-- [ RunTime:0.001918s ]
SQL: SHOW COLUMNS FROM `tp_maincontent` [ RunTime:0.002862s ]
SQL: SELECT `content` FROM `tp_maincontent` WHERE ( id=1 ) LIMIT 1   [ RunTime:0.000339s ]
SQL: SHOW COLUMNS FROM `tp_link` [ RunTime:0.001859s ]
SQL: SELECT * FROM `tp_link` WHERE ( class = 0 )  [ RunTime:0.000317s ]
SQL: SELECT * FROM `tp_link` WHERE ( class = 1 )  [ RunTime:0.000288s ]
SQL: SELECT * FROM `tp_link` WHERE ( class = 2 )  [ RunTime:0.000287s ]
SQL: SELECT * FROM `tp_link` WHERE ( class = 3 )  [ RunTime:0.000292s ]
SQL: SHOW COLUMNS FROM `tp_information` [ RunTime:0.001954s ]
SQL: SELECT * FROM `tp_information` ORDER BY id desc  [ RunTime:0.000356s ]
SQL: SHOW COLUMNS FROM `tp_file` [ RunTime:0.001901s ]
SQL: SELECT * FROM `tp_file` ORDER BY id desc  [ RunTime:0.000286s ]
INFO: [ view_parse ] --START--
INFO: [ template_filter ] --START--
INFO: Run Behavior\ContentReplace [ RunTime:0.000288s ]
INFO: [ template_filter ] --END-- [ RunTime:0.000673s ]
NOTIC: [8] Undefined index: username C:\wamp\www\zky\Application\Runtime\Cache\Home\4462707c48390994935bf3e366c221aa.php 第 188 行.
INFO: Run Behavior\ParseTemplate [ RunTime:0.034886s ]
INFO: [ view_parse ] --END-- [ RunTime:0.035243s ]
INFO: [ view_filter ] --START--
INFO: Run Behavior\WriteHtmlCache [ RunTime:0.000678s ]
INFO: [ view_filter ] --END-- [ RunTime:0.001019s ]
INFO: [ app_end ] --START--
INFO: Run Behavior\ShowPageTrace [ RunTime:0.000970s ]
INFO: [ app_end ] --END-- [ RunTime:0.001313s ]

[ 2017-03-20T16:08:56+08:00 ] 220.249.99.149 /zky/index.php/Home/Public/code
INFO: [ app_begin ] --START--
INFO: Run Behavior\ReadHtmlCache [ RunTime:0.001036s ]
INFO: [ app_begin ] --END-- [ RunTime:0.001956s ]
INFO: [ app_end ] --START--
INFO: Run Behavior\ShowPageTrace [ RunTime:0.001083s ]
INFO: [ app_end ] --END-- [ RunTime:0.001459s ]

[ 2017-03-20T16:09:11+08:00 ] 220.181.132.218 /zky/index.php/Home/Message/conmunication
INFO: [ app_begin ] --START--
INFO: Run Behavior\ReadHtmlCache [ RunTime:0.001206s ]
INFO: [ app_begin ] --END-- [ RunTime:0.002090s ]
SQL: SHOW COLUMNS FROM `tp_user` [ RunTime:0.003031s ]
NOTIC: [8] Undefined index: id C:\wamp\www\zky\Application\Home\Controller\MessageController.class.php 第 8 行.
SQL: SELECT `say` FROM `tp_user` WHERE ( id =   ) LIMIT 1   [ RunTime:0.000224s ]
ERR: 1064:You have an error in your SQL syntax; check the manual that corresponds to your MySQL server version for the right syntax to use near ') LIMIT 1' at line 1
 [ SQL语句 ] : SELECT `say` FROM `tp_user` WHERE ( id =   ) LIMIT 1  
SQL: SHOW COLUMNS FROM `tp_message` [ RunTime:0.001850s ]
SQL: SELECT COUNT(*) AS tp_count FROM `tp_message` LIMIT 1   [ RunTime:0.000260s ]
SQL: SELECT * FROM `tp_message` ORDER BY id desc LIMIT 0,13   [ RunTime:0.000358s ]
INFO: [ view_parse ] --START--
INFO: [ template_filter ] --START--
INFO: Run Behavior\ContentReplace [ RunTime:0.000238s ]
INFO: [ template_filter ] --END-- [ RunTime:0.000590s ]
NOTIC: [8] Undefined index: username C:\wamp\www\zky\Application\Runtime\Cache\Home\afb02c676964e0f94d9da57105704626.php 第 174 行.
INFO: Run Behavior\ParseTemplate [ RunTime:0.019175s ]
INFO: [ view_parse ] --END-- [ RunTime:0.019536s ]
INFO: [ view_filter ] --START--
INFO: Run Behavior\WriteHtmlCache [ RunTime:0.000681s ]
INFO: [ view_filter ] --END-- [ RunTime:0.001016s ]
INFO: [ app_end ] --START--
INFO: Run Behavior\ShowPageTrace [ RunTime:0.001002s ]
INFO: [ app_end ] --END-- [ RunTime:0.001361s ]

[ 2017-03-20T16:09:11+08:00 ] 220.249.99.149 /zky/index.php/Home/Inform/news
INFO: [ app_begin ] --START--
INFO: Run Behavior\ReadHtmlCache [ RunTime:0.001019s ]
INFO: [ app_begin ] --END-- [ RunTime:0.001800s ]
SQL: SHOW COLUMNS FROM `tp_information` [ RunTime:0.002258s ]
SQL: SELECT * FROM `tp_information` ORDER BY id desc  [ RunTime:0.000400s ]
INFO: [ view_parse ] --START--
INFO: [ template_filter ] --START--
INFO: Run Behavior\ContentReplace [ RunTime:0.000247s ]
INFO: [ template_filter ] --END-- [ RunTime:0.000619s ]
NOTIC: [8] Undefined index: username C:\wamp\www\zky\Application\Runtime\Cache\Home\a054483b59c6dad8cd579f620efb59e4.php 第 116 行.
INFO: Run Behavior\ParseTemplate [ RunTime:0.038072s ]
INFO: [ view_parse ] --END-- [ RunTime:0.038434s ]
INFO: [ view_filter ] --START--
INFO: Run Behavior\WriteHtmlCache [ RunTime:0.000711s ]
INFO: [ view_filter ] --END-- [ RunTime:0.001056s ]
INFO: [ app_end ] --START--
INFO: Run Behavior\ShowPageTrace [ RunTime:0.001054s ]
INFO: [ app_end ] --END-- [ RunTime:0.001417s ]

[ 2017-03-20T16:09:15+08:00 ] 220.249.99.149 /zky/index.php/Home/Index/about_us
INFO: [ app_begin ] --START--
INFO: Run Behavior\ReadHtmlCache [ RunTime:0.001063s ]
INFO: [ app_begin ] --END-- [ RunTime:0.001909s ]
SQL: SHOW COLUMNS FROM `tp_person` [ RunTime:0.041677s ]
SQL: SHOW COLUMNS FROM `tp_others` [ RunTime:0.032915s ]
SQL: SELECT * FROM `tp_person` ORDER BY id asc  [ RunTime:0.000504s ]
SQL: SELECT * FROM `tp_others` ORDER BY id asc  [ RunTime:0.000354s ]
INFO: [ view_parse ] --START--
INFO: [ template_filter ] --START--
INFO: Run Behavior\ContentReplace [ RunTime:0.000219s ]
INFO: [ template_filter ] --END-- [ RunTime:0.000595s ]
NOTIC: [8] Undefined index: username C:\wamp\www\zky\Application\Runtime\Cache\Home\40888aa7df382378d83fe78c28728374.php 第 112 行.
INFO: Run Behavior\ParseTemplate [ RunTime:0.066674s ]
INFO: [ view_parse ] --END-- [ RunTime:0.067046s ]
INFO: [ view_filter ] --START--
INFO: Run Behavior\WriteHtmlCache [ RunTime:0.000737s ]
INFO: [ view_filter ] --END-- [ RunTime:0.001082s ]
INFO: [ app_end ] --START--
INFO: Run Behavior\ShowPageTrace [ RunTime:0.001026s ]
INFO: [ app_end ] --END-- [ RunTime:0.001637s ]

[ 2017-03-20T16:09:22+08:00 ] 220.249.99.149 /zky/index.php/Home/Index/main
INFO: [ app_begin ] --START--
INFO: Run Behavior\ReadHtmlCache [ RunTime:0.001078s ]
INFO: [ app_begin ] --END-- [ RunTime:0.001890s ]
SQL: SHOW COLUMNS FROM `tp_maincontent` [ RunTime:0.002580s ]
SQL: SELECT `content` FROM `tp_maincontent` WHERE ( id=1 ) LIMIT 1   [ RunTime:0.000359s ]
SQL: SHOW COLUMNS FROM `tp_link` [ RunTime:0.001940s ]
SQL: SELECT * FROM `tp_link` WHERE ( class = 0 )  [ RunTime:0.000358s ]
SQL: SELECT * FROM `tp_link` WHERE ( class = 1 )  [ RunTime:0.000406s ]
SQL: SELECT * FROM `tp_link` WHERE ( class = 2 )  [ RunTime:0.000312s ]
SQL: SELECT * FROM `tp_link` WHERE ( class = 3 )  [ RunTime:0.000313s ]
SQL: SHOW COLUMNS FROM `tp_information` [ RunTime:0.002005s ]
SQL: SELECT * FROM `tp_information` ORDER BY id desc  [ RunTime:0.000372s ]
SQL: SHOW COLUMNS FROM `tp_file` [ RunTime:0.001976s ]
SQL: SELECT * FROM `tp_file` ORDER BY id desc  [ RunTime:0.000305s ]
INFO: [ view_parse ] --START--
INFO: [ template_filter ] --START--
INFO: Run Behavior\ContentReplace [ RunTime:0.000282s ]
INFO: [ template_filter ] --END-- [ RunTime:0.000660s ]
NOTIC: [8] Undefined index: username C:\wamp\www\zky\Application\Runtime\Cache\Home\4462707c48390994935bf3e366c221aa.php 第 188 行.
INFO: Run Behavior\ParseTemplate [ RunTime:0.036310s ]
INFO: [ view_parse ] --END-- [ RunTime:0.036667s ]
INFO: [ view_filter ] --START--
INFO: Run Behavior\WriteHtmlCache [ RunTime:0.000724s ]
INFO: [ view_filter ] --END-- [ RunTime:0.001070s ]
INFO: [ app_end ] --START--
INFO: Run Behavior\ShowPageTrace [ RunTime:0.001059s ]
INFO: [ app_end ] --END-- [ RunTime:0.001462s ]

[ 2017-03-20T16:09:22+08:00 ] 220.249.99.149 /zky/index.php/Home/Public/code
INFO: [ app_begin ] --START--
INFO: Run Behavior\ReadHtmlCache [ RunTime:0.001074s ]
INFO: [ app_begin ] --END-- [ RunTime:0.001905s ]
INFO: [ app_end ] --START--
INFO: Run Behavior\ShowPageTrace [ RunTime:0.001207s ]
INFO: [ app_end ] --END-- [ RunTime:0.001613s ]

[ 2017-03-20T16:09:44+08:00 ] 171.13.14.145 /zky/index.php/Home/Message/conmunication
INFO: [ app_begin ] --START--
INFO: Run Behavior\ReadHtmlCache [ RunTime:0.000888s ]
INFO: [ app_begin ] --END-- [ RunTime:0.001738s ]
SQL: SHOW COLUMNS FROM `tp_user` [ RunTime:0.008346s ]
NOTIC: [8] Undefined index: id C:\wamp\www\zky\Application\Home\Controller\MessageController.class.php 第 8 行.
SQL: SELECT `say` FROM `tp_user` WHERE ( id =   ) LIMIT 1   [ RunTime:0.000319s ]
ERR: 1064:You have an error in your SQL syntax; check the manual that corresponds to your MySQL server version for the right syntax to use near ') LIMIT 1' at line 1
 [ SQL语句 ] : SELECT `say` FROM `tp_user` WHERE ( id =   ) LIMIT 1  
SQL: SHOW COLUMNS FROM `tp_message` [ RunTime:0.002291s ]
SQL: SELECT COUNT(*) AS tp_count FROM `tp_message` LIMIT 1   [ RunTime:0.000265s ]
SQL: SELECT * FROM `tp_message` ORDER BY id desc LIMIT 0,13   [ RunTime:0.000371s ]
INFO: [ view_parse ] --START--
INFO: [ template_filter ] --START--
INFO: Run Behavior\ContentReplace [ RunTime:0.000251s ]
INFO: [ template_filter ] --END-- [ RunTime:0.000641s ]
NOTIC: [8] Undefined index: username C:\wamp\www\zky\Application\Runtime\Cache\Home\afb02c676964e0f94d9da57105704626.php 第 174 行.
INFO: Run Behavior\ParseTemplate [ RunTime:0.019739s ]
INFO: [ view_parse ] --END-- [ RunTime:0.020104s ]
INFO: [ view_filter ] --START--
INFO: Run Behavior\WriteHtmlCache [ RunTime:0.000525s ]
INFO: [ view_filter ] --END-- [ RunTime:0.000871s ]
INFO: [ app_end ] --START--
INFO: Run Behavior\ShowPageTrace [ RunTime:0.000852s ]
INFO: [ app_end ] --END-- [ RunTime:0.001201s ]

[ 2017-03-20T16:11:10+08:00 ] 220.181.132.218 /zky/index.php/Home/Index/about_us
INFO: [ app_begin ] --START--
INFO: Run Behavior\ReadHtmlCache [ RunTime:0.001188s ]
INFO: [ app_begin ] --END-- [ RunTime:0.002092s ]
SQL: SHOW COLUMNS FROM `tp_person` [ RunTime:0.003036s ]
SQL: SHOW COLUMNS FROM `tp_others` [ RunTime:0.001944s ]
SQL: SELECT * FROM `tp_person` ORDER BY id asc  [ RunTime:0.000364s ]
SQL: SELECT * FROM `tp_others` ORDER BY id asc  [ RunTime:0.000288s ]
INFO: [ view_parse ] --START--
INFO: [ template_filter ] --START--
INFO: Run Behavior\ContentReplace [ RunTime:0.000218s ]
INFO: [ template_filter ] --END-- [ RunTime:0.000591s ]
NOTIC: [8] Undefined index: username C:\wamp\www\zky\Application\Runtime\Cache\Home\40888aa7df382378d83fe78c28728374.php 第 112 行.
INFO: Run Behavior\ParseTemplate [ RunTime:0.023597s ]
INFO: [ view_parse ] --END-- [ RunTime:0.024133s ]
INFO: [ view_filter ] --START--
INFO: Run Behavior\WriteHtmlCache [ RunTime:0.000845s ]
INFO: [ view_filter ] --END-- [ RunTime:0.001201s ]
INFO: [ app_end ] --START--
INFO: Run Behavior\ShowPageTrace [ RunTime:0.001043s ]
INFO: [ app_end ] --END-- [ RunTime:0.001411s ]

[ 2017-03-20T16:11:26+08:00 ] 101.199.108.118 /zky/index.php/Home/Index/about_us
INFO: [ app_begin ] --START--
INFO: Run Behavior\ReadHtmlCache [ RunTime:0.001110s ]
INFO: [ app_begin ] --END-- [ RunTime:0.001967s ]
SQL: SHOW COLUMNS FROM `tp_person` [ RunTime:0.002957s ]
SQL: SHOW COLUMNS FROM `tp_others` [ RunTime:0.001930s ]
SQL: SELECT * FROM `tp_person` ORDER BY id asc  [ RunTime:0.000489s ]
SQL: SELECT * FROM `tp_others` ORDER BY id asc  [ RunTime:0.000295s ]
INFO: [ view_parse ] --START--
INFO: [ template_filter ] --START--
INFO: Run Behavior\ContentReplace [ RunTime:0.000220s ]
INFO: [ template_filter ] --END-- [ RunTime:0.000682s ]
NOTIC: [8] Undefined index: username C:\wamp\www\zky\Application\Runtime\Cache\Home\40888aa7df382378d83fe78c28728374.php 第 112 行.
INFO: Run Behavior\ParseTemplate [ RunTime:0.024214s ]
INFO: [ view_parse ] --END-- [ RunTime:0.024583s ]
INFO: [ view_filter ] --START--
INFO: Run Behavior\WriteHtmlCache [ RunTime:0.000724s ]
INFO: [ view_filter ] --END-- [ RunTime:0.001070s ]
INFO: [ app_end ] --START--
INFO: Run Behavior\ShowPageTrace [ RunTime:0.001028s ]
INFO: [ app_end ] --END-- [ RunTime:0.001522s ]

[ 2017-03-20T16:11:54+08:00 ] 220.249.99.139 /zky/index.php/Home/Index/main.html
INFO: [ app_begin ] --START--
INFO: Run Behavior\ReadHtmlCache [ RunTime:0.001181s ]
INFO: [ app_begin ] --END-- [ RunTime:0.002052s ]
SQL: SHOW COLUMNS FROM `tp_maincontent` [ RunTime:0.002894s ]
SQL: SELECT `content` FROM `tp_maincontent` WHERE ( id=1 ) LIMIT 1   [ RunTime:0.000350s ]
SQL: SHOW COLUMNS FROM `tp_link` [ RunTime:0.001834s ]
SQL: SELECT * FROM `tp_link` WHERE ( class = 0 )  [ RunTime:0.000517s ]
SQL: SELECT * FROM `tp_link` WHERE ( class = 1 )  [ RunTime:0.000292s ]
SQL: SELECT * FROM `tp_link` WHERE ( class = 2 )  [ RunTime:0.000290s ]
SQL: SELECT * FROM `tp_link` WHERE ( class = 3 )  [ RunTime:0.000302s ]
SQL: SHOW COLUMNS FROM `tp_information` [ RunTime:0.002385s ]
SQL: SELECT * FROM `tp_information` ORDER BY id desc  [ RunTime:0.000376s ]
SQL: SHOW COLUMNS FROM `tp_file` [ RunTime:0.002334s ]
SQL: SELECT * FROM `tp_file` ORDER BY id desc  [ RunTime:0.000294s ]
INFO: [ view_parse ] --START--
INFO: [ template_filter ] --START--
INFO: Run Behavior\ContentReplace [ RunTime:0.000283s ]
INFO: [ template_filter ] --END-- [ RunTime:0.000679s ]
INFO: Run Behavior\ParseTemplate [ RunTime:0.037143s ]
INFO: [ view_parse ] --END-- [ RunTime:0.037510s ]
INFO: [ view_filter ] --START--
INFO: Run Behavior\WriteHtmlCache [ RunTime:0.000766s ]
INFO: [ view_filter ] --END-- [ RunTime:0.001111s ]
INFO: [ app_end ] --START--
INFO: Run Behavior\ShowPageTrace [ RunTime:0.001049s ]
INFO: [ app_end ] --END-- [ RunTime:0.001412s ]

[ 2017-03-20T16:11:54+08:00 ] 220.249.99.139 /zky/index.php/Home/Public/code
INFO: [ app_begin ] --START--
INFO: Run Behavior\ReadHtmlCache [ RunTime:0.001050s ]
INFO: [ app_begin ] --END-- [ RunTime:0.001923s ]
INFO: [ app_end ] --START--
INFO: Run Behavior\ShowPageTrace [ RunTime:0.001309s ]
INFO: [ app_end ] --END-- [ RunTime:0.001778s ]

[ 2017-03-20T16:18:13+08:00 ] 220.249.99.139 /zky/index.php/Home/Index/main.html
INFO: [ app_begin ] --START--
INFO: Run Behavior\ReadHtmlCache [ RunTime:0.001042s ]
INFO: [ app_begin ] --END-- [ RunTime:0.001891s ]
SQL: SHOW COLUMNS FROM `tp_maincontent` [ RunTime:0.002172s ]
SQL: SELECT `content` FROM `tp_maincontent` WHERE ( id=1 ) LIMIT 1   [ RunTime:0.000369s ]
SQL: SHOW COLUMNS FROM `tp_link` [ RunTime:0.002010s ]
SQL: SELECT * FROM `tp_link` WHERE ( class = 0 )  [ RunTime:0.000303s ]
SQL: SELECT * FROM `tp_link` WHERE ( class = 1 )  [ RunTime:0.000285s ]
SQL: SELECT * FROM `tp_link` WHERE ( class = 2 )  [ RunTime:0.000287s ]
SQL: SELECT * FROM `tp_link` WHERE ( class = 3 )  [ RunTime:0.000306s ]
SQL: SHOW COLUMNS FROM `tp_information` [ RunTime:0.002681s ]
SQL: SELECT * FROM `tp_information` ORDER BY id desc  [ RunTime:0.000422s ]
SQL: SHOW COLUMNS FROM `tp_file` [ RunTime:0.002065s ]
SQL: SELECT * FROM `tp_file` ORDER BY id desc  [ RunTime:0.000305s ]
INFO: [ view_parse ] --START--
INFO: [ template_filter ] --START--
INFO: Run Behavior\ContentReplace [ RunTime:0.000285s ]
INFO: [ template_filter ] --END-- [ RunTime:0.000673s ]
INFO: Run Behavior\ParseTemplate [ RunTime:0.036772s ]
INFO: [ view_parse ] --END-- [ RunTime:0.037164s ]
INFO: [ view_filter ] --START--
INFO: Run Behavior\WriteHtmlCache [ RunTime:0.000831s ]
INFO: [ view_filter ] --END-- [ RunTime:0.001252s ]
INFO: [ app_end ] --START--
INFO: Run Behavior\ShowPageTrace [ RunTime:0.001328s ]
INFO: [ app_end ] --END-- [ RunTime:0.001688s ]

[ 2017-03-20T16:18:13+08:00 ] 220.249.99.139 /zky/index.php/Home/Public/code
INFO: [ app_begin ] --START--
INFO: Run Behavior\ReadHtmlCache [ RunTime:0.001053s ]
INFO: [ app_begin ] --END-- [ RunTime:0.001863s ]
INFO: [ app_end ] --START--
INFO: Run Behavior\ShowPageTrace [ RunTime:0.001375s ]
INFO: [ app_end ] --END-- [ RunTime:0.001778s ]

[ 2017-03-20T16:19:20+08:00 ] 220.249.99.139 /zky/index.php/Home/Index/@@@@@@
INFO: [ app_begin ] --START--
INFO: Run Behavior\ReadHtmlCache [ RunTime:0.000885s ]
INFO: [ app_begin ] --END-- [ RunTime:0.001675s ]
ERR: 非法操作:@@@@@@

[ 2017-03-20T16:19:32+08:00 ] 220.249.99.139 /zky/
INFO: [ app_begin ] --START--
INFO: Run Behavior\ReadHtmlCache [ RunTime:0.001165s ]
INFO: [ app_begin ] --END-- [ RunTime:0.002064s ]
SQL: SHOW COLUMNS FROM `tp_maincontent` [ RunTime:0.002886s ]
SQL: SELECT `content` FROM `tp_maincontent` WHERE ( id=1 ) LIMIT 1   [ RunTime:0.000369s ]
SQL: SHOW COLUMNS FROM `tp_link` [ RunTime:0.001880s ]
SQL: SELECT * FROM `tp_link` WHERE ( class = 0 )  [ RunTime:0.000308s ]
SQL: SELECT * FROM `tp_link` WHERE ( class = 1 )  [ RunTime:0.000288s ]
SQL: SELECT * FROM `tp_link` WHERE ( class = 2 )  [ RunTime:0.000286s ]
SQL: SELECT * FROM `tp_link` WHERE ( class = 3 )  [ RunTime:0.000286s ]
SQL: SHOW COLUMNS FROM `tp_information` [ RunTime:0.002181s ]
SQL: SELECT * FROM `tp_information` ORDER BY id desc  [ RunTime:0.000383s ]
SQL: SHOW COLUMNS FROM `tp_file` [ RunTime:0.001959s ]
SQL: SELECT * FROM `tp_file` ORDER BY id desc  [ RunTime:0.000289s ]
INFO: [ view_parse ] --START--
INFO: [ template_filter ] --START--
INFO: Run Behavior\ContentReplace [ RunTime:0.000299s ]
INFO: [ template_filter ] --END-- [ RunTime:0.000675s ]
INFO: Run Behavior\ParseTemplate [ RunTime:0.036112s ]
INFO: [ view_parse ] --END-- [ RunTime:0.036497s ]
INFO: [ view_filter ] --START--
INFO: Run Behavior\WriteHtmlCache [ RunTime:0.000727s ]
INFO: [ view_filter ] --END-- [ RunTime:0.001066s ]
INFO: [ app_end ] --START--
INFO: Run Behavior\ShowPageTrace [ RunTime:0.001001s ]
INFO: [ app_end ] --END-- [ RunTime:0.001343s ]

[ 2017-03-20T16:19:32+08:00 ] 220.249.99.139 /zky/index.php/Home/Public/code
INFO: [ app_begin ] --START--
INFO: Run Behavior\ReadHtmlCache [ RunTime:0.001073s ]
INFO: [ app_begin ] --END-- [ RunTime:0.001898s ]
INFO: [ app_end ] --START--
INFO: Run Behavior\ShowPageTrace [ RunTime:0.001533s ]
INFO: [ app_end ] --END-- [ RunTime:0.002037s ]

[ 2017-03-20T16:21:41+08:00 ] 220.249.99.139 /zky/index.php/Home/Inform/news
INFO: [ app_begin ] --START--
INFO: Run Behavior\ReadHtmlCache [ RunTime:0.001125s ]
INFO: [ app_begin ] --END-- [ RunTime:0.002070s ]
SQL: SHOW COLUMNS FROM `tp_information` [ RunTime:0.003263s ]
SQL: SELECT * FROM `tp_information` ORDER BY id desc  [ RunTime:0.000398s ]
INFO: [ view_parse ] --START--
INFO: [ template_filter ] --START--
INFO: Run Behavior\ContentReplace [ RunTime:0.000220s ]
INFO: [ template_filter ] --END-- [ RunTime:0.000594s ]
INFO: Run Behavior\ParseTemplate [ RunTime:0.017593s ]
INFO: [ view_parse ] --END-- [ RunTime:0.017955s ]
INFO: [ view_filter ] --START--
INFO: Run Behavior\WriteHtmlCache [ RunTime:0.000736s ]
INFO: [ view_filter ] --END-- [ RunTime:0.001081s ]
INFO: [ app_end ] --START--
INFO: Run Behavior\ShowPageTrace [ RunTime:0.001096s ]
INFO: [ app_end ] --END-- [ RunTime:0.001438s ]

[ 2017-03-20T16:29:43+08:00 ] 220.249.99.139 /zky/index.php/Home/Inform/news
INFO: [ app_begin ] --START--
INFO: Run Behavior\ReadHtmlCache [ RunTime:0.001081s ]
INFO: [ app_begin ] --END-- [ RunTime:0.001915s ]
SQL: SHOW COLUMNS FROM `tp_information` [ RunTime:0.003495s ]
SQL: SELECT * FROM `tp_information` ORDER BY id desc  [ RunTime:0.000427s ]
INFO: [ view_parse ] --START--
INFO: [ template_filter ] --START--
INFO: Run Behavior\ContentReplace [ RunTime:0.000220s ]
INFO: [ template_filter ] --END-- [ RunTime:0.000602s ]
INFO: Run Behavior\ParseTemplate [ RunTime:0.018826s ]
INFO: [ view_parse ] --END-- [ RunTime:0.019314s ]
INFO: [ view_filter ] --START--
INFO: Run Behavior\WriteHtmlCache [ RunTime:0.000746s ]
INFO: [ view_filter ] --END-- [ RunTime:0.001094s ]
INFO: [ app_end ] --START--
INFO: Run Behavior\ShowPageTrace [ RunTime:0.001128s ]
INFO: [ app_end ] --END-- [ RunTime:0.001544s ]

[ 2017-03-20T16:29:46+08:00 ] 220.249.99.139 /zky/index.php/Home/Equipment/equipment
INFO: [ app_begin ] --START--
INFO: Run Behavior\ReadHtmlCache [ RunTime:0.001084s ]
INFO: [ app_begin ] --END-- [ RunTime:0.001911s ]
SQL: SHOW COLUMNS FROM `tp_equipment` [ RunTime:0.003522s ]
SQL: SELECT COUNT(*) AS tp_count FROM `tp_equipment` LIMIT 1   [ RunTime:0.000271s ]
SQL: SELECT * FROM `tp_equipment` LIMIT 0,9   [ RunTime:0.000476s ]
INFO: [ view_parse ] --START--
INFO: [ template_filter ] --START--
INFO: Run Behavior\ContentReplace [ RunTime:0.000240s ]
INFO: [ template_filter ] --END-- [ RunTime:0.000607s ]
INFO: Run Behavior\ParseTemplate [ RunTime:0.020764s ]
INFO: [ view_parse ] --END-- [ RunTime:0.021134s ]
INFO: [ view_filter ] --START--
INFO: Run Behavior\WriteHtmlCache [ RunTime:0.000731s ]
INFO: [ view_filter ] --END-- [ RunTime:0.001080s ]
INFO: [ app_end ] --START--
INFO: Run Behavior\ShowPageTrace [ RunTime:0.001047s ]
INFO: [ app_end ] --END-- [ RunTime:0.001393s ]

[ 2017-03-20T16:29:50+08:00 ] 220.249.99.139 /zky/index.php/Home/Regulation/regulation
INFO: [ app_begin ] --START--
INFO: Run Behavior\ReadHtmlCache [ RunTime:0.000965s ]
INFO: [ app_begin ] --END-- [ RunTime:0.001841s ]
SQL: SHOW COLUMNS FROM `tp_regulation` [ RunTime:0.003508s ]
SQL: SELECT COUNT(*) AS tp_count FROM `tp_regulation` LIMIT 1   [ RunTime:0.000333s ]
SQL: SELECT * FROM `tp_regulation` ORDER BY id LIMIT 0,20   [ RunTime:0.000482s ]
INFO: [ view_parse ] --START--
INFO: [ template_filter ] --START--
INFO: Run Behavior\ContentReplace [ RunTime:0.000207s ]
INFO: [ template_filter ] --END-- [ RunTime:0.000598s ]
INFO: Run Behavior\ParseTemplate [ RunTime:0.053886s ]
INFO: [ view_parse ] --END-- [ RunTime:0.054355s ]
INFO: [ view_filter ] --START--
INFO: Run Behavior\WriteHtmlCache [ RunTime:0.000692s ]
INFO: [ view_filter ] --END-- [ RunTime:0.001054s ]
INFO: [ app_end ] --START--
INFO: Run Behavior\ShowPageTrace [ RunTime:0.001229s ]
INFO: [ app_end ] --END-- [ RunTime:0.001601s ]

[ 2017-03-20T16:45:55+08:00 ] 220.249.99.139 /zky/index.php/Home/Index/main.html
INFO: [ app_begin ] --START--
INFO: Run Behavior\ReadHtmlCache [ RunTime:0.001022s ]
INFO: [ app_begin ] --END-- [ RunTime:0.001812s ]
SQL: SHOW COLUMNS FROM `tp_maincontent` [ RunTime:0.003293s ]
SQL: SELECT `content` FROM `tp_maincontent` WHERE ( id=1 ) LIMIT 1   [ RunTime:0.000363s ]
SQL: SHOW COLUMNS FROM `tp_link` [ RunTime:0.002368s ]
SQL: SELECT * FROM `tp_link` WHERE ( class = 0 )  [ RunTime:0.000315s ]
SQL: SELECT * FROM `tp_link` WHERE ( class = 1 )  [ RunTime:0.000300s ]
SQL: SELECT * FROM `tp_link` WHERE ( class = 2 )  [ RunTime:0.000343s ]
SQL: SELECT * FROM `tp_link` WHERE ( class = 3 )  [ RunTime:0.000417s ]
SQL: SHOW COLUMNS FROM `tp_information` [ RunTime:0.002422s ]
SQL: SELECT * FROM `tp_information` ORDER BY id desc  [ RunTime:0.000450s ]
SQL: SHOW COLUMNS FROM `tp_file` [ RunTime:0.002464s ]
SQL: SELECT * FROM `tp_file` ORDER BY id desc  [ RunTime:0.000313s ]
INFO: [ view_parse ] --START--
INFO: [ template_filter ] --START--
INFO: Run Behavior\ContentReplace [ RunTime:0.000282s ]
INFO: [ template_filter ] --END-- [ RunTime:0.000669s ]
NOTIC: [8] Undefined index: username C:\wamp\www\zky\Application\Runtime\Cache\Home\4462707c48390994935bf3e366c221aa.php 第 188 行.
INFO: Run Behavior\ParseTemplate [ RunTime:0.036446s ]
INFO: [ view_parse ] --END-- [ RunTime:0.036864s ]
INFO: [ view_filter ] --START--
INFO: Run Behavior\WriteHtmlCache [ RunTime:0.000746s ]
INFO: [ view_filter ] --END-- [ RunTime:0.001086s ]
INFO: [ app_end ] --START--
INFO: Run Behavior\ShowPageTrace [ RunTime:0.001029s ]
INFO: [ app_end ] --END-- [ RunTime:0.001373s ]

[ 2017-03-20T16:45:55+08:00 ] 220.249.99.139 /zky/index.php/Home/Public/code
INFO: [ app_begin ] --START--
INFO: Run Behavior\ReadHtmlCache [ RunTime:0.001027s ]
INFO: [ app_begin ] --END-- [ RunTime:0.001843s ]
INFO: [ app_end ] --START--
INFO: Run Behavior\ShowPageTrace [ RunTime:0.001167s ]
INFO: [ app_end ] --END-- [ RunTime:0.001551s ]

[ 2017-03-20T16:51:04+08:00 ] 220.249.99.139 /zky/index.php/Home/Inform/news
INFO: [ app_begin ] --START--
INFO: Run Behavior\ReadHtmlCache [ RunTime:0.001057s ]
INFO: [ app_begin ] --END-- [ RunTime:0.001875s ]
SQL: SHOW COLUMNS FROM `tp_information` [ RunTime:0.003008s ]
SQL: SELECT * FROM `tp_information` ORDER BY id desc  [ RunTime:0.000573s ]
INFO: [ view_parse ] --START--
INFO: [ template_filter ] --START--
INFO: Run Behavior\ContentReplace [ RunTime:0.000226s ]
INFO: [ template_filter ] --END-- [ RunTime:0.000620s ]
NOTIC: [8] Undefined index: username C:\wamp\www\zky\Application\Runtime\Cache\Home\a054483b59c6dad8cd579f620efb59e4.php 第 116 行.
INFO: Run Behavior\ParseTemplate [ RunTime:0.017905s ]
INFO: [ view_parse ] --END-- [ RunTime:0.018311s ]
INFO: [ view_filter ] --START--
INFO: Run Behavior\WriteHtmlCache [ RunTime:0.000746s ]
INFO: [ view_filter ] --END-- [ RunTime:0.001138s ]
INFO: [ app_end ] --START--
INFO: Run Behavior\ShowPageTrace [ RunTime:0.001100s ]
INFO: [ app_end ] --END-- [ RunTime:0.001481s ]

[ 2017-03-20T16:54:33+08:00 ] 220.249.99.139 /zky/index.php/Home/Inform/showitems/id/72
INFO: [ app_begin ] --START--
INFO: Run Behavior\ReadHtmlCache [ RunTime:0.001324s ]
INFO: [ app_begin ] --END-- [ RunTime:0.002158s ]
SQL: SHOW COLUMNS FROM `tp_information` [ RunTime:0.003023s ]
SQL: SELECT * FROM `tp_information` WHERE ( id = 72 ) ORDER BY id desc LIMIT 1   [ RunTime:0.000397s ]
INFO: [ view_parse ] --START--
INFO: [ template_filter ] --START--
INFO: Run Behavior\ContentReplace [ RunTime:0.000199s ]
INFO: [ template_filter ] --END-- [ RunTime:0.000562s ]
NOTIC: [8] Undefined index: username C:\wamp\www\zky\Application\Runtime\Cache\Home\5151452449fe54a7e1143da4c8cdc00c.php 第 116 行.
INFO: Run Behavior\ParseTemplate [ RunTime:0.014788s ]
INFO: [ view_parse ] --END-- [ RunTime:0.015170s ]
INFO: [ view_filter ] --START--
INFO: Run Behavior\WriteHtmlCache [ RunTime:0.000753s ]
INFO: [ view_filter ] --END-- [ RunTime:0.001121s ]
INFO: [ app_end ] --START--
INFO: Run Behavior\ShowPageTrace [ RunTime:0.001064s ]
INFO: [ app_end ] --END-- [ RunTime:0.001454s ]

[ 2017-03-20T17:08:16+08:00 ] 220.249.99.139 /zky/index.php/Home/Index/main
INFO: [ app_begin ] --START--
INFO: Run Behavior\ReadHtmlCache [ RunTime:0.001053s ]
INFO: [ app_begin ] --END-- [ RunTime:0.001929s ]
SQL: SHOW COLUMNS FROM `tp_maincontent` [ RunTime:0.003209s ]
SQL: SELECT `content` FROM `tp_maincontent` WHERE ( id=1 ) LIMIT 1   [ RunTime:0.000390s ]
SQL: SHOW COLUMNS FROM `tp_link` [ RunTime:0.002188s ]
SQL: SELECT * FROM `tp_link` WHERE ( class = 0 )  [ RunTime:0.000318s ]
SQL: SELECT * FROM `tp_link` WHERE ( class = 1 )  [ RunTime:0.000304s ]
SQL: SELECT * FROM `tp_link` WHERE ( class = 2 )  [ RunTime:0.000293s ]
SQL: SELECT * FROM `tp_link` WHERE ( class = 3 )  [ RunTime:0.000313s ]
SQL: SHOW COLUMNS FROM `tp_information` [ RunTime:0.002994s ]
SQL: SELECT * FROM `tp_information` ORDER BY id desc  [ RunTime:0.000572s ]
SQL: SHOW COLUMNS FROM `tp_file` [ RunTime:0.002465s ]
SQL: SELECT * FROM `tp_file` ORDER BY id desc  [ RunTime:0.000312s ]
INFO: [ view_parse ] --START--
INFO: [ template_filter ] --START--
INFO: Run Behavior\ContentReplace [ RunTime:0.000285s ]
INFO: [ template_filter ] --END-- [ RunTime:0.000675s ]
NOTIC: [8] Undefined index: username C:\wamp\www\zky\Application\Runtime\Cache\Home\4462707c48390994935bf3e366c221aa.php 第 188 行.
INFO: Run Behavior\ParseTemplate [ RunTime:0.037527s ]
INFO: [ view_parse ] --END-- [ RunTime:0.038058s ]
INFO: [ view_filter ] --START--
INFO: Run Behavior\WriteHtmlCache [ RunTime:0.001225s ]
INFO: [ view_filter ] --END-- [ RunTime:0.001713s ]
INFO: [ app_end ] --START--
INFO: Run Behavior\ShowPageTrace [ RunTime:0.001065s ]
INFO: [ app_end ] --END-- [ RunTime:0.001412s ]

[ 2017-03-20T17:08:16+08:00 ] 220.249.99.139 /zky/index.php/Home/Public/code
INFO: [ app_begin ] --START--
INFO: Run Behavior\ReadHtmlCache [ RunTime:0.001306s ]
INFO: [ app_begin ] --END-- [ RunTime:0.002200s ]
INFO: [ app_end ] --START--
INFO: Run Behavior\ShowPageTrace [ RunTime:0.001273s ]
INFO: [ app_end ] --END-- [ RunTime:0.001661s ]

